[2022-05-16 23:44:33,585] {taskinstance.py:1035} INFO - Dependencies all met for <TaskInstance: model_level_dbt_dag.dbt_run.model.jaffle_shop.fct_customer_orders scheduled__2022-05-15T16:00:47.250021+00:00 [queued]>
[2022-05-16 23:44:33,598] {taskinstance.py:1035} INFO - Dependencies all met for <TaskInstance: model_level_dbt_dag.dbt_run.model.jaffle_shop.fct_customer_orders scheduled__2022-05-15T16:00:47.250021+00:00 [queued]>
[2022-05-16 23:44:33,599] {taskinstance.py:1241} INFO - 
--------------------------------------------------------------------------------
[2022-05-16 23:44:33,600] {taskinstance.py:1242} INFO - Starting attempt 1 of 1
[2022-05-16 23:44:33,601] {taskinstance.py:1243} INFO - 
--------------------------------------------------------------------------------
[2022-05-16 23:44:33,616] {taskinstance.py:1262} INFO - Executing <Task(BashOperator): dbt_run.model.jaffle_shop.fct_customer_orders> on 2022-05-15 16:00:47.250021+00:00
[2022-05-16 23:44:33,621] {standard_task_runner.py:52} INFO - Started process 259 to run task
[2022-05-16 23:44:33,626] {standard_task_runner.py:76} INFO - Running: ['***', 'tasks', 'run', 'model_level_dbt_dag', 'dbt_run.model.jaffle_shop.fct_customer_orders', 'scheduled__2022-05-15T16:00:47.250021+00:00', '--job-id', '460', '--raw', '--subdir', 'DAGS_FOLDER/model_level_dbt_dag.py', '--cfg-path', '/tmp/tmpdjrsqhkw', '--error-file', '/tmp/tmpqsh3ru2g']
[2022-05-16 23:44:33,627] {standard_task_runner.py:77} INFO - Job 460: Subtask dbt_run.model.jaffle_shop.fct_customer_orders
[2022-05-16 23:44:33,682] {logging_mixin.py:109} INFO - Running <TaskInstance: model_level_dbt_dag.dbt_run.model.jaffle_shop.fct_customer_orders scheduled__2022-05-15T16:00:47.250021+00:00 [running]> on host a97e89df0c52
[2022-05-16 23:44:33,740] {taskinstance.py:1429} INFO - Exporting the following env vars:
AIRFLOW_CTX_DAG_OWNER=***
AIRFLOW_CTX_DAG_ID=model_level_dbt_dag
AIRFLOW_CTX_TASK_ID=dbt_run.model.jaffle_shop.fct_customer_orders
AIRFLOW_CTX_EXECUTION_DATE=2022-05-15T16:00:47.250021+00:00
AIRFLOW_CTX_DAG_RUN_ID=scheduled__2022-05-15T16:00:47.250021+00:00
[2022-05-16 23:44:33,742] {subprocess.py:62} INFO - Tmp dir root location: 
 /tmp
[2022-05-16 23:44:33,743] {subprocess.py:74} INFO - Running command: ['bash', '-c', 'dbt --no-write-json run --target dev --models fct_customer_orders --profiles-dir /opt/dbt/jaffle_shop --project-dir /opt/dbt/jaffle_shop']
[2022-05-16 23:44:33,760] {subprocess.py:85} INFO - Output:
[2022-05-16 23:44:37,163] {subprocess.py:89} INFO - 23:44:37  Running with dbt=1.1.0
[2022-05-16 23:44:37,259] {subprocess.py:89} INFO - 23:44:37  Found 5 models, 13 tests, 0 snapshots, 0 analyses, 170 macros, 0 operations, 0 seed files, 3 sources, 0 exposures, 0 metrics
[2022-05-16 23:44:37,267] {subprocess.py:89} INFO - 23:44:37
[2022-05-16 23:44:37,402] {subprocess.py:89} INFO - 23:44:37  Concurrency: 1 threads (target='dev')
[2022-05-16 23:44:37,405] {subprocess.py:89} INFO - 23:44:37
[2022-05-16 23:44:37,415] {subprocess.py:89} INFO - 23:44:37  1 of 1 START table model dev.fct_customer_orders ............................... [RUN]
[2022-05-16 23:44:37,555] {subprocess.py:89} INFO - 23:44:37  1 of 1 OK created table model dev.fct_customer_orders .......................... [[32mSELECT 99[0m in 0.14s]
[2022-05-16 23:44:37,648] {subprocess.py:89} INFO - 23:44:37
[2022-05-16 23:44:37,650] {subprocess.py:89} INFO - 23:44:37  Finished running 1 table model in 0.37s.
[2022-05-16 23:44:37,656] {subprocess.py:89} INFO - 23:44:37
[2022-05-16 23:44:37,659] {subprocess.py:89} INFO - 23:44:37  [32mCompleted successfully[0m
[2022-05-16 23:44:37,662] {subprocess.py:89} INFO - 23:44:37
[2022-05-16 23:44:37,664] {subprocess.py:89} INFO - 23:44:37  Done. PASS=1 WARN=0 ERROR=0 SKIP=0 TOTAL=1
[2022-05-16 23:44:38,771] {subprocess.py:93} INFO - Command exited with return code 0
[2022-05-16 23:44:38,803] {taskinstance.py:1280} INFO - Marking task as SUCCESS. dag_id=model_level_dbt_dag, task_id=dbt_run.model.jaffle_shop.fct_customer_orders, execution_date=20220515T160047, start_date=20220516T234433, end_date=20220516T234438
[2022-05-16 23:44:38,836] {local_task_job.py:154} INFO - Task exited with return code 0
[2022-05-16 23:44:38,895] {local_task_job.py:264} INFO - 1 downstream tasks scheduled from follow-on schedule check
