[2022-05-17 00:43:12,388] {taskinstance.py:1035} INFO - Dependencies all met for <TaskInstance: model_level_dbt_dag.dbt_run.model.jaffle_shop.fct_customer_orders scheduled__2022-05-15T16:00:47.250021+00:00 [queued]>
[2022-05-17 00:43:12,400] {taskinstance.py:1035} INFO - Dependencies all met for <TaskInstance: model_level_dbt_dag.dbt_run.model.jaffle_shop.fct_customer_orders scheduled__2022-05-15T16:00:47.250021+00:00 [queued]>
[2022-05-17 00:43:12,401] {taskinstance.py:1241} INFO - 
--------------------------------------------------------------------------------
[2022-05-17 00:43:12,402] {taskinstance.py:1242} INFO - Starting attempt 2 of 5
[2022-05-17 00:43:12,402] {taskinstance.py:1243} INFO - 
--------------------------------------------------------------------------------
[2022-05-17 00:43:12,420] {taskinstance.py:1262} INFO - Executing <Task(BashOperator): dbt_run.model.jaffle_shop.fct_customer_orders> on 2022-05-15 16:00:47.250021+00:00
[2022-05-17 00:43:12,425] {standard_task_runner.py:52} INFO - Started process 195 to run task
[2022-05-17 00:43:12,429] {standard_task_runner.py:76} INFO - Running: ['***', 'tasks', 'run', 'model_level_dbt_dag', 'dbt_run.model.jaffle_shop.fct_customer_orders', 'scheduled__2022-05-15T16:00:47.250021+00:00', '--job-id', '494', '--raw', '--subdir', 'DAGS_FOLDER/model_level_dbt_dag.py', '--cfg-path', '/tmp/tmphyoc1v1o', '--error-file', '/tmp/tmptc82y6w9']
[2022-05-17 00:43:12,431] {standard_task_runner.py:77} INFO - Job 494: Subtask dbt_run.model.jaffle_shop.fct_customer_orders
[2022-05-17 00:43:12,478] {logging_mixin.py:109} INFO - Running <TaskInstance: model_level_dbt_dag.dbt_run.model.jaffle_shop.fct_customer_orders scheduled__2022-05-15T16:00:47.250021+00:00 [running]> on host 5b92c0eb864a
[2022-05-17 00:43:12,534] {taskinstance.py:1429} INFO - Exporting the following env vars:
AIRFLOW_CTX_DAG_OWNER=luciano.naveiro
AIRFLOW_CTX_DAG_ID=model_level_dbt_dag
AIRFLOW_CTX_TASK_ID=dbt_run.model.jaffle_shop.fct_customer_orders
AIRFLOW_CTX_EXECUTION_DATE=2022-05-15T16:00:47.250021+00:00
AIRFLOW_CTX_DAG_RUN_ID=scheduled__2022-05-15T16:00:47.250021+00:00
[2022-05-17 00:43:12,542] {subprocess.py:62} INFO - Tmp dir root location: 
 /tmp
[2022-05-17 00:43:12,544] {subprocess.py:74} INFO - Running command: ['bash', '-c', 'dbt --no-write-json run --target dev --models fct_customer_orders --profiles-dir /opt/dbt/jaffle_shop --project-dir /opt/dbt/jaffle_shop']
[2022-05-17 00:43:12,560] {subprocess.py:85} INFO - Output:
[2022-05-17 00:43:15,579] {subprocess.py:89} INFO - 00:43:15  Running with dbt=1.1.0
[2022-05-17 00:43:15,668] {subprocess.py:89} INFO - 00:43:15  Found 5 models, 13 tests, 0 snapshots, 0 analyses, 170 macros, 0 operations, 0 seed files, 3 sources, 0 exposures, 0 metrics
[2022-05-17 00:43:15,673] {subprocess.py:89} INFO - 00:43:15
[2022-05-17 00:43:15,781] {subprocess.py:89} INFO - 00:43:15  Concurrency: 1 threads (target='dev')
[2022-05-17 00:43:15,783] {subprocess.py:89} INFO - 00:43:15
[2022-05-17 00:43:15,799] {subprocess.py:89} INFO - 00:43:15  1 of 1 START table model dev.fct_customer_orders ............................... [RUN]
[2022-05-17 00:43:15,953] {subprocess.py:89} INFO - 00:43:15  1 of 1 OK created table model dev.fct_customer_orders .......................... [[32mSELECT 99[0m in 0.15s]
[2022-05-17 00:43:16,027] {subprocess.py:89} INFO - 00:43:16
[2022-05-17 00:43:16,029] {subprocess.py:89} INFO - 00:43:16  Finished running 1 table model in 0.35s.
[2022-05-17 00:43:16,035] {subprocess.py:89} INFO - 00:43:16
[2022-05-17 00:43:16,038] {subprocess.py:89} INFO - 00:43:16  [32mCompleted successfully[0m
[2022-05-17 00:43:16,040] {subprocess.py:89} INFO - 00:43:16
[2022-05-17 00:43:16,043] {subprocess.py:89} INFO - 00:43:16  Done. PASS=1 WARN=0 ERROR=0 SKIP=0 TOTAL=1
[2022-05-17 00:43:17,138] {subprocess.py:93} INFO - Command exited with return code 0
[2022-05-17 00:43:17,168] {taskinstance.py:1280} INFO - Marking task as SUCCESS. dag_id=model_level_dbt_dag, task_id=dbt_run.model.jaffle_shop.fct_customer_orders, execution_date=20220515T160047, start_date=20220517T004312, end_date=20220517T004317
[2022-05-17 00:43:17,207] {local_task_job.py:154} INFO - Task exited with return code 0
[2022-05-17 00:43:17,257] {local_task_job.py:264} INFO - 1 downstream tasks scheduled from follow-on schedule check
