[2022-05-17 00:46:19,623] {taskinstance.py:1035} INFO - Dependencies all met for <TaskInstance: model_level_dbt_dag.dbt_run.model.jaffle_shop.fct_customer_orders scheduled__2022-05-15T16:00:47.250021+00:00 [queued]>
[2022-05-17 00:46:19,639] {taskinstance.py:1035} INFO - Dependencies all met for <TaskInstance: model_level_dbt_dag.dbt_run.model.jaffle_shop.fct_customer_orders scheduled__2022-05-15T16:00:47.250021+00:00 [queued]>
[2022-05-17 00:46:19,641] {taskinstance.py:1241} INFO - 
--------------------------------------------------------------------------------
[2022-05-17 00:46:19,642] {taskinstance.py:1242} INFO - Starting attempt 3 of 6
[2022-05-17 00:46:19,642] {taskinstance.py:1243} INFO - 
--------------------------------------------------------------------------------
[2022-05-17 00:46:19,658] {taskinstance.py:1262} INFO - Executing <Task(BashOperator): dbt_run.model.jaffle_shop.fct_customer_orders> on 2022-05-15 16:00:47.250021+00:00
[2022-05-17 00:46:19,664] {standard_task_runner.py:52} INFO - Started process 500 to run task
[2022-05-17 00:46:19,668] {standard_task_runner.py:76} INFO - Running: ['***', 'tasks', 'run', 'model_level_dbt_dag', 'dbt_run.model.jaffle_shop.fct_customer_orders', 'scheduled__2022-05-15T16:00:47.250021+00:00', '--job-id', '509', '--raw', '--subdir', 'DAGS_FOLDER/model_level_dbt_dag.py', '--cfg-path', '/tmp/tmpb4s3i_cp', '--error-file', '/tmp/tmpovll3vj1']
[2022-05-17 00:46:19,670] {standard_task_runner.py:77} INFO - Job 509: Subtask dbt_run.model.jaffle_shop.fct_customer_orders
[2022-05-17 00:46:19,730] {logging_mixin.py:109} INFO - Running <TaskInstance: model_level_dbt_dag.dbt_run.model.jaffle_shop.fct_customer_orders scheduled__2022-05-15T16:00:47.250021+00:00 [running]> on host 5b92c0eb864a
[2022-05-17 00:46:19,798] {taskinstance.py:1429} INFO - Exporting the following env vars:
AIRFLOW_CTX_DAG_OWNER=luciano.naveiro
AIRFLOW_CTX_DAG_ID=model_level_dbt_dag
AIRFLOW_CTX_TASK_ID=dbt_run.model.jaffle_shop.fct_customer_orders
AIRFLOW_CTX_EXECUTION_DATE=2022-05-15T16:00:47.250021+00:00
AIRFLOW_CTX_DAG_RUN_ID=scheduled__2022-05-15T16:00:47.250021+00:00
[2022-05-17 00:46:19,800] {subprocess.py:62} INFO - Tmp dir root location: 
 /tmp
[2022-05-17 00:46:19,802] {subprocess.py:74} INFO - Running command: ['bash', '-c', 'dbt --no-write-json run --target dev --models fct_customer_orders --profiles-dir /opt/dbt/jaffle_shop --project-dir /opt/dbt/jaffle_shop']
[2022-05-17 00:46:19,815] {subprocess.py:85} INFO - Output:
[2022-05-17 00:46:22,871] {subprocess.py:89} INFO - 00:46:22  Running with dbt=1.1.0
[2022-05-17 00:46:22,919] {subprocess.py:89} INFO - 00:46:22  Unable to do partial parsing because config vars, config profile, or config target have changed
[2022-05-17 00:46:23,928] {subprocess.py:89} INFO - 00:46:23  Found 5 models, 13 tests, 0 snapshots, 0 analyses, 170 macros, 0 operations, 0 seed files, 3 sources, 0 exposures, 0 metrics
[2022-05-17 00:46:23,935] {subprocess.py:89} INFO - 00:46:23
[2022-05-17 00:46:24,098] {subprocess.py:89} INFO - 00:46:24  Concurrency: 1 threads (target='dev')
[2022-05-17 00:46:24,101] {subprocess.py:89} INFO - 00:46:24
[2022-05-17 00:46:24,112] {subprocess.py:89} INFO - 00:46:24  1 of 1 START table model dev.fct_customer_orders ............................... [RUN]
[2022-05-17 00:46:24,274] {subprocess.py:89} INFO - 00:46:24  1 of 1 OK created table model dev.fct_customer_orders .......................... [[32mSELECT 99[0m in 0.16s]
[2022-05-17 00:46:24,339] {subprocess.py:89} INFO - 00:46:24
[2022-05-17 00:46:24,342] {subprocess.py:89} INFO - 00:46:24  Finished running 1 table model in 0.40s.
[2022-05-17 00:46:24,348] {subprocess.py:89} INFO - 00:46:24
[2022-05-17 00:46:24,350] {subprocess.py:89} INFO - 00:46:24  [32mCompleted successfully[0m
[2022-05-17 00:46:24,352] {subprocess.py:89} INFO - 00:46:24
[2022-05-17 00:46:24,355] {subprocess.py:89} INFO - 00:46:24  Done. PASS=1 WARN=0 ERROR=0 SKIP=0 TOTAL=1
[2022-05-17 00:46:25,801] {subprocess.py:93} INFO - Command exited with return code 0
[2022-05-17 00:46:25,831] {taskinstance.py:1280} INFO - Marking task as SUCCESS. dag_id=model_level_dbt_dag, task_id=dbt_run.model.jaffle_shop.fct_customer_orders, execution_date=20220515T160047, start_date=20220517T004619, end_date=20220517T004625
[2022-05-17 00:46:25,861] {local_task_job.py:154} INFO - Task exited with return code 0
[2022-05-17 00:46:25,915] {local_task_job.py:264} INFO - 1 downstream tasks scheduled from follow-on schedule check
