[2022-05-17 00:59:12,059] {taskinstance.py:1035} INFO - Dependencies all met for <TaskInstance: model_level_dbt_dag.dbt_run.model.jaffle_shop.fct_customer_orders scheduled__2022-05-15T16:00:47.250021+00:00 [queued]>
[2022-05-17 00:59:12,078] {taskinstance.py:1035} INFO - Dependencies all met for <TaskInstance: model_level_dbt_dag.dbt_run.model.jaffle_shop.fct_customer_orders scheduled__2022-05-15T16:00:47.250021+00:00 [queued]>
[2022-05-17 00:59:12,081] {taskinstance.py:1241} INFO - 
--------------------------------------------------------------------------------
[2022-05-17 00:59:12,081] {taskinstance.py:1242} INFO - Starting attempt 4 of 7
[2022-05-17 00:59:12,083] {taskinstance.py:1243} INFO - 
--------------------------------------------------------------------------------
[2022-05-17 00:59:12,099] {taskinstance.py:1262} INFO - Executing <Task(BashOperator): dbt_run.model.jaffle_shop.fct_customer_orders> on 2022-05-15 16:00:47.250021+00:00
[2022-05-17 00:59:12,107] {standard_task_runner.py:52} INFO - Started process 1266 to run task
[2022-05-17 00:59:12,112] {standard_task_runner.py:76} INFO - Running: ['***', 'tasks', 'run', 'model_level_dbt_dag', 'dbt_run.model.jaffle_shop.fct_customer_orders', 'scheduled__2022-05-15T16:00:47.250021+00:00', '--job-id', '524', '--raw', '--subdir', 'DAGS_FOLDER/model_level_dbt_dag.py', '--cfg-path', '/tmp/tmp028w9z2n', '--error-file', '/tmp/tmp3kh0v0c6']
[2022-05-17 00:59:12,113] {standard_task_runner.py:77} INFO - Job 524: Subtask dbt_run.model.jaffle_shop.fct_customer_orders
[2022-05-17 00:59:12,169] {logging_mixin.py:109} INFO - Running <TaskInstance: model_level_dbt_dag.dbt_run.model.jaffle_shop.fct_customer_orders scheduled__2022-05-15T16:00:47.250021+00:00 [running]> on host 5b92c0eb864a
[2022-05-17 00:59:12,233] {taskinstance.py:1429} INFO - Exporting the following env vars:
AIRFLOW_CTX_DAG_OWNER=luciano.naveiro
AIRFLOW_CTX_DAG_ID=model_level_dbt_dag
AIRFLOW_CTX_TASK_ID=dbt_run.model.jaffle_shop.fct_customer_orders
AIRFLOW_CTX_EXECUTION_DATE=2022-05-15T16:00:47.250021+00:00
AIRFLOW_CTX_DAG_RUN_ID=scheduled__2022-05-15T16:00:47.250021+00:00
[2022-05-17 00:59:12,237] {subprocess.py:62} INFO - Tmp dir root location: 
 /tmp
[2022-05-17 00:59:12,238] {subprocess.py:74} INFO - Running command: ['bash', '-c', 'dbt --no-write-json run --target dev --models fct_customer_orders --profiles-dir /opt/dbt/jaffle_shop --project-dir /opt/dbt/jaffle_shop']
[2022-05-17 00:59:12,250] {subprocess.py:85} INFO - Output:
[2022-05-17 00:59:15,518] {subprocess.py:89} INFO - 00:59:15  Running with dbt=1.1.0
[2022-05-17 00:59:15,582] {subprocess.py:89} INFO - 00:59:15  Unable to do partial parsing because config vars, config profile, or config target have changed
[2022-05-17 00:59:16,598] {subprocess.py:89} INFO - 00:59:16  Found 5 models, 13 tests, 0 snapshots, 0 analyses, 170 macros, 0 operations, 0 seed files, 3 sources, 0 exposures, 0 metrics
[2022-05-17 00:59:16,602] {subprocess.py:89} INFO - 00:59:16
[2022-05-17 00:59:16,752] {subprocess.py:89} INFO - 00:59:16  Concurrency: 1 threads (target='dev')
[2022-05-17 00:59:16,753] {subprocess.py:89} INFO - 00:59:16
[2022-05-17 00:59:16,765] {subprocess.py:89} INFO - 00:59:16  1 of 1 START table model dev.fct_customer_orders ............................... [RUN]
[2022-05-17 00:59:16,980] {subprocess.py:89} INFO - 00:59:16  1 of 1 OK created table model dev.fct_customer_orders .......................... [[32mSELECT 99[0m in 0.21s]
[2022-05-17 00:59:17,086] {subprocess.py:89} INFO - 00:59:17
[2022-05-17 00:59:17,087] {subprocess.py:89} INFO - 00:59:17  Finished running 1 table model in 0.48s.
[2022-05-17 00:59:17,094] {subprocess.py:89} INFO - 00:59:17
[2022-05-17 00:59:17,096] {subprocess.py:89} INFO - 00:59:17  [32mCompleted successfully[0m
[2022-05-17 00:59:17,098] {subprocess.py:89} INFO - 00:59:17
[2022-05-17 00:59:17,100] {subprocess.py:89} INFO - 00:59:17  Done. PASS=1 WARN=0 ERROR=0 SKIP=0 TOTAL=1
[2022-05-17 00:59:18,543] {subprocess.py:93} INFO - Command exited with return code 0
[2022-05-17 00:59:18,575] {taskinstance.py:1280} INFO - Marking task as SUCCESS. dag_id=model_level_dbt_dag, task_id=dbt_run.model.jaffle_shop.fct_customer_orders, execution_date=20220515T160047, start_date=20220517T005912, end_date=20220517T005918
[2022-05-17 00:59:18,652] {local_task_job.py:154} INFO - Task exited with return code 0
[2022-05-17 00:59:18,706] {local_task_job.py:264} INFO - 0 downstream tasks scheduled from follow-on schedule check
