[2022-05-17 01:32:27,246] {taskinstance.py:1035} INFO - Dependencies all met for <TaskInstance: model_level_dbt_dag.dbt_run.model.jaffle_shop.fct_customer_orders scheduled__2022-05-15T16:00:47.250021+00:00 [queued]>
[2022-05-17 01:32:27,263] {taskinstance.py:1035} INFO - Dependencies all met for <TaskInstance: model_level_dbt_dag.dbt_run.model.jaffle_shop.fct_customer_orders scheduled__2022-05-15T16:00:47.250021+00:00 [queued]>
[2022-05-17 01:32:27,264] {taskinstance.py:1241} INFO - 
--------------------------------------------------------------------------------
[2022-05-17 01:32:27,265] {taskinstance.py:1242} INFO - Starting attempt 6 of 9
[2022-05-17 01:32:27,265] {taskinstance.py:1243} INFO - 
--------------------------------------------------------------------------------
[2022-05-17 01:32:27,283] {taskinstance.py:1262} INFO - Executing <Task(BashOperator): dbt_run.model.jaffle_shop.fct_customer_orders> on 2022-05-15 16:00:47.250021+00:00
[2022-05-17 01:32:27,291] {standard_task_runner.py:52} INFO - Started process 281 to run task
[2022-05-17 01:32:27,295] {standard_task_runner.py:76} INFO - Running: ['***', 'tasks', 'run', 'model_level_dbt_dag', 'dbt_run.model.jaffle_shop.fct_customer_orders', 'scheduled__2022-05-15T16:00:47.250021+00:00', '--job-id', '542', '--raw', '--subdir', 'DAGS_FOLDER/model_level_dbt_dag.py', '--cfg-path', '/tmp/tmpm247kqb5', '--error-file', '/tmp/tmp5tl1rvf8']
[2022-05-17 01:32:27,297] {standard_task_runner.py:77} INFO - Job 542: Subtask dbt_run.model.jaffle_shop.fct_customer_orders
[2022-05-17 01:32:27,347] {logging_mixin.py:109} INFO - Running <TaskInstance: model_level_dbt_dag.dbt_run.model.jaffle_shop.fct_customer_orders scheduled__2022-05-15T16:00:47.250021+00:00 [running]> on host 9d5de636d688
[2022-05-17 01:32:27,405] {taskinstance.py:1429} INFO - Exporting the following env vars:
AIRFLOW_CTX_DAG_OWNER=luciano.naveiro
AIRFLOW_CTX_DAG_ID=model_level_dbt_dag
AIRFLOW_CTX_TASK_ID=dbt_run.model.jaffle_shop.fct_customer_orders
AIRFLOW_CTX_EXECUTION_DATE=2022-05-15T16:00:47.250021+00:00
AIRFLOW_CTX_DAG_RUN_ID=scheduled__2022-05-15T16:00:47.250021+00:00
[2022-05-17 01:32:27,409] {subprocess.py:62} INFO - Tmp dir root location: 
 /tmp
[2022-05-17 01:32:27,411] {subprocess.py:74} INFO - Running command: ['bash', '-c', 'dbt --no-write-json run --target dev --models fct_customer_orders --profiles-dir /opt/dbt/jaffle_shop --project-dir /opt/dbt/jaffle_shop']
[2022-05-17 01:32:27,429] {subprocess.py:85} INFO - Output:
[2022-05-17 01:32:30,400] {subprocess.py:89} INFO - 01:32:30  Running with dbt=1.1.0
[2022-05-17 01:32:30,492] {subprocess.py:89} INFO - 01:32:30  Found 5 models, 13 tests, 0 snapshots, 0 analyses, 170 macros, 0 operations, 0 seed files, 3 sources, 0 exposures, 0 metrics
[2022-05-17 01:32:30,496] {subprocess.py:89} INFO - 01:32:30
[2022-05-17 01:32:30,600] {subprocess.py:89} INFO - 01:32:30  Concurrency: 1 threads (target='dev')
[2022-05-17 01:32:30,602] {subprocess.py:89} INFO - 01:32:30
[2022-05-17 01:32:30,610] {subprocess.py:89} INFO - 01:32:30  1 of 1 START table model dev.fct_customer_orders ............................... [RUN]
[2022-05-17 01:32:30,738] {subprocess.py:89} INFO - 01:32:30  1 of 1 OK created table model dev.fct_customer_orders .......................... [[32mSELECT 99[0m in 0.12s]
[2022-05-17 01:32:30,842] {subprocess.py:89} INFO - 01:32:30
[2022-05-17 01:32:30,845] {subprocess.py:89} INFO - 01:32:30  Finished running 1 table model in 0.34s.
[2022-05-17 01:32:30,850] {subprocess.py:89} INFO - 01:32:30
[2022-05-17 01:32:30,853] {subprocess.py:89} INFO - 01:32:30  [32mCompleted successfully[0m
[2022-05-17 01:32:30,855] {subprocess.py:89} INFO - 01:32:30
[2022-05-17 01:32:30,857] {subprocess.py:89} INFO - 01:32:30  Done. PASS=1 WARN=0 ERROR=0 SKIP=0 TOTAL=1
[2022-05-17 01:32:31,889] {subprocess.py:93} INFO - Command exited with return code 0
[2022-05-17 01:32:31,917] {taskinstance.py:1280} INFO - Marking task as SUCCESS. dag_id=model_level_dbt_dag, task_id=dbt_run.model.jaffle_shop.fct_customer_orders, execution_date=20220515T160047, start_date=20220517T013227, end_date=20220517T013231
[2022-05-17 01:32:31,970] {local_task_job.py:154} INFO - Task exited with return code 0
[2022-05-17 01:32:32,023] {local_task_job.py:264} INFO - 1 downstream tasks scheduled from follow-on schedule check
