[2022-05-19 15:54:03,153] {taskinstance.py:1035} INFO - Dependencies all met for <TaskInstance: model_level_dbt_dag.dbt_run.model.jaffle_shop.int_orders scheduled__2022-05-18T15:43:01.271269+00:00 [queued]>
[2022-05-19 15:54:03,183] {taskinstance.py:1035} INFO - Dependencies all met for <TaskInstance: model_level_dbt_dag.dbt_run.model.jaffle_shop.int_orders scheduled__2022-05-18T15:43:01.271269+00:00 [queued]>
[2022-05-19 15:54:03,185] {taskinstance.py:1241} INFO - 
--------------------------------------------------------------------------------
[2022-05-19 15:54:03,186] {taskinstance.py:1242} INFO - Starting attempt 1 of 4
[2022-05-19 15:54:03,187] {taskinstance.py:1243} INFO - 
--------------------------------------------------------------------------------
[2022-05-19 15:54:03,208] {taskinstance.py:1262} INFO - Executing <Task(BashOperator): dbt_run.model.jaffle_shop.int_orders> on 2022-05-18 15:43:01.271269+00:00
[2022-05-19 15:54:03,217] {standard_task_runner.py:52} INFO - Started process 229 to run task
[2022-05-19 15:54:03,222] {standard_task_runner.py:76} INFO - Running: ['***', 'tasks', 'run', 'model_level_dbt_dag', 'dbt_run.model.jaffle_shop.int_orders', 'scheduled__2022-05-18T15:43:01.271269+00:00', '--job-id', '111', '--raw', '--subdir', 'DAGS_FOLDER/model_level_dbt_dag.py', '--cfg-path', '/tmp/tmp3a6lavbv', '--error-file', '/tmp/tmpg772iz5e']
[2022-05-19 15:54:03,224] {standard_task_runner.py:77} INFO - Job 111: Subtask dbt_run.model.jaffle_shop.int_orders
[2022-05-19 15:54:03,309] {logging_mixin.py:109} INFO - Running <TaskInstance: model_level_dbt_dag.dbt_run.model.jaffle_shop.int_orders scheduled__2022-05-18T15:43:01.271269+00:00 [running]> on host 34ae02bc0b96
[2022-05-19 15:54:03,390] {taskinstance.py:1429} INFO - Exporting the following env vars:
AIRFLOW_CTX_DAG_OWNER=luciano.naveiro
AIRFLOW_CTX_DAG_ID=model_level_dbt_dag
AIRFLOW_CTX_TASK_ID=dbt_run.model.jaffle_shop.int_orders
AIRFLOW_CTX_EXECUTION_DATE=2022-05-18T15:43:01.271269+00:00
AIRFLOW_CTX_DAG_RUN_ID=scheduled__2022-05-18T15:43:01.271269+00:00
[2022-05-19 15:54:03,394] {subprocess.py:62} INFO - Tmp dir root location: 
 /tmp
[2022-05-19 15:54:03,399] {subprocess.py:74} INFO - Running command: ['bash', '-c', 'dbt --no-write-json run --target dev --models int_orders --profiles-dir /opt/dbt/jaffle_shop --project-dir /opt/dbt/jaffle_shop']
[2022-05-19 15:54:03,419] {subprocess.py:85} INFO - Output:
[2022-05-19 15:54:09,485] {subprocess.py:89} INFO - 15:54:09  Running with dbt=1.1.0
[2022-05-19 15:54:09,610] {subprocess.py:89} INFO - 15:54:09  Found 5 models, 13 tests, 0 snapshots, 0 analyses, 170 macros, 0 operations, 0 seed files, 3 sources, 0 exposures, 0 metrics
[2022-05-19 15:54:09,618] {subprocess.py:89} INFO - 15:54:09
[2022-05-19 15:54:09,907] {subprocess.py:89} INFO - 15:54:09  Concurrency: 1 threads (target='dev')
[2022-05-19 15:54:09,909] {subprocess.py:89} INFO - 15:54:09
[2022-05-19 15:54:09,923] {subprocess.py:89} INFO - 15:54:09  1 of 1 START view model dev.int_orders ......................................... [RUN]
[2022-05-19 15:54:10,149] {subprocess.py:89} INFO - 15:54:10  1 of 1 OK created view model dev.int_orders .................................... [[32mCREATE VIEW[0m in 0.22s]
[2022-05-19 15:54:10,242] {subprocess.py:89} INFO - 15:54:10
[2022-05-19 15:54:10,244] {subprocess.py:89} INFO - 15:54:10  Finished running 1 view model in 0.62s.
[2022-05-19 15:54:10,256] {subprocess.py:89} INFO - 15:54:10
[2022-05-19 15:54:10,257] {subprocess.py:89} INFO - 15:54:10  [32mCompleted successfully[0m
[2022-05-19 15:54:10,260] {subprocess.py:89} INFO - 15:54:10
[2022-05-19 15:54:10,262] {subprocess.py:89} INFO - 15:54:10  Done. PASS=1 WARN=0 ERROR=0 SKIP=0 TOTAL=1
[2022-05-19 15:54:11,376] {subprocess.py:93} INFO - Command exited with return code 0
[2022-05-19 15:54:11,429] {taskinstance.py:1280} INFO - Marking task as SUCCESS. dag_id=model_level_dbt_dag, task_id=dbt_run.model.jaffle_shop.int_orders, execution_date=20220518T154301, start_date=20220519T155403, end_date=20220519T155411
[2022-05-19 15:54:11,482] {local_task_job.py:154} INFO - Task exited with return code 0
[2022-05-19 15:54:11,603] {local_task_job.py:264} INFO - 1 downstream tasks scheduled from follow-on schedule check
