[2022-05-18 22:32:31,979] {taskinstance.py:1035} INFO - Dependencies all met for <TaskInstance: model_level_dbt_great_expectations_dag.ge_sources.sources.jaffle_shop__orders scheduled__2022-05-17T22:12:00.138285+00:00 [queued]>
[2022-05-18 22:32:32,002] {taskinstance.py:1035} INFO - Dependencies all met for <TaskInstance: model_level_dbt_great_expectations_dag.ge_sources.sources.jaffle_shop__orders scheduled__2022-05-17T22:12:00.138285+00:00 [queued]>
[2022-05-18 22:32:32,004] {taskinstance.py:1241} INFO - 
--------------------------------------------------------------------------------
[2022-05-18 22:32:32,010] {taskinstance.py:1242} INFO - Starting attempt 10 of 11
[2022-05-18 22:32:32,017] {taskinstance.py:1243} INFO - 
--------------------------------------------------------------------------------
[2022-05-18 22:32:32,062] {taskinstance.py:1262} INFO - Executing <Task(GreatExpectationsOperator): ge_sources.sources.jaffle_shop__orders> on 2022-05-17 22:12:00.138285+00:00
[2022-05-18 22:32:32,081] {standard_task_runner.py:52} INFO - Started process 90 to run task
[2022-05-18 22:32:32,091] {standard_task_runner.py:76} INFO - Running: ['***', 'tasks', 'run', 'model_level_dbt_great_expectations_dag', 'ge_sources.sources.jaffle_shop__orders', 'scheduled__2022-05-17T22:12:00.138285+00:00', '--job-id', '97', '--raw', '--subdir', 'DAGS_FOLDER/model_level_dbt_great_expectations_dag.py', '--cfg-path', '/tmp/tmpewzr18xb', '--error-file', '/tmp/tmpft6dqyzv']
[2022-05-18 22:32:32,107] {standard_task_runner.py:77} INFO - Job 97: Subtask ge_sources.sources.jaffle_shop__orders
[2022-05-18 22:32:32,221] {logging_mixin.py:109} INFO - Running <TaskInstance: model_level_dbt_great_expectations_dag.ge_sources.sources.jaffle_shop__orders scheduled__2022-05-17T22:12:00.138285+00:00 [running]> on host 3db539bd1596
[2022-05-18 22:32:32,335] {taskinstance.py:1429} INFO - Exporting the following env vars:
AIRFLOW_CTX_DAG_OWNER=luciano.naveiro
AIRFLOW_CTX_DAG_ID=model_level_dbt_great_expectations_dag
AIRFLOW_CTX_TASK_ID=ge_sources.sources.jaffle_shop__orders
AIRFLOW_CTX_EXECUTION_DATE=2022-05-17T22:12:00.138285+00:00
AIRFLOW_CTX_DAG_RUN_ID=scheduled__2022-05-17T22:12:00.138285+00:00
[2022-05-18 22:32:32,340] {great_expectations.py:122} INFO - Running validation with Great Expectations...
[2022-05-18 22:32:32,343] {great_expectations.py:125} INFO - Ensuring data context is valid...
[2022-05-18 22:32:33,785] {sqlalchemy_execution_engine.py:404} WARNING - schema_name specified creating a URL with schema is not supported. Set a default schema on the user connecting to your database.
[2022-05-18 22:32:33,798] {logging_mixin.py:109} WARNING - /home/***/.local/lib/python3.7/site-packages/great_expectations/datasource/data_connector/runtime_data_connector.py:135 DeprecationWarning: Specifying batch_identifiers as part of the RuntimeDataConnector config is deprecated as of v0.15.1 and will be removed by v0.18. Please configure batch_identifiers as part of Assets instead.
[2022-05-18 22:32:34,987] {validator.py:1669} INFO - 	15 expectation(s) included in expectation_suite.
[2022-05-18 22:32:35,489] {logging_mixin.py:109} WARNING - Calculating Metrics:   0%|          | 0/33 [00:00<?, ?it/s]
[2022-05-18 22:32:35,491] {logging_mixin.py:109} WARNING - Calculating Metrics:   0%|          | 0/33 [00:00<?, ?it/s]
[2022-05-18 22:32:35,507] {logging_mixin.py:109} WARNING - Calculating Metrics:   6%|6         | 2/33 [00:00<00:00, 123.97it/s]
[2022-05-18 22:32:35,557] {logging_mixin.py:109} WARNING - Calculating Metrics:  12%|#2        | 4/33 [00:00<00:00, 60.17it/s] 
[2022-05-18 22:32:35,650] {logging_mixin.py:109} WARNING - Calculating Metrics:  36%|###6      | 12/33 [00:00<00:00, 75.37it/s]
[2022-05-18 22:32:35,651] {logging_mixin.py:109} WARNING - Calculating Metrics:  36%|###6      | 12/33 [00:00<00:00, 75.37it/s]
[2022-05-18 22:32:35,767] {logging_mixin.py:109} WARNING - Calculating Metrics:  82%|########1 | 27/33 [00:00<00:00, 102.53it/s]
[2022-05-18 22:32:35,768] {logging_mixin.py:109} WARNING - Calculating Metrics:  82%|########1 | 27/33 [00:00<00:00, 102.53it/s]
[2022-05-18 22:32:35,844] {logging_mixin.py:109} WARNING - Calculating Metrics: 100%|##########| 33/33 [00:00<00:00, 102.53it/s]
[2022-05-18 22:32:35,885] {logging_mixin.py:109} WARNING - Calculating Metrics: 100%|##########| 33/33 [00:00<00:00, 102.53it/s]
[2022-05-18 22:32:35,888] {logging_mixin.py:109} WARNING - Calculating Metrics: 100%|##########| 33/33 [00:00<00:00, 82.96it/s] 
[2022-05-18 22:32:35,890] {logging_mixin.py:109} WARNING - 
[2022-05-18 22:32:41,408] {great_expectations.py:197} INFO - Validation with Great Expectations successful.
[2022-05-18 22:32:41,626] {taskinstance.py:1280} INFO - Marking task as SUCCESS. dag_id=model_level_dbt_great_expectations_dag, task_id=ge_sources.sources.jaffle_shop__orders, execution_date=20220517T221200, start_date=20220518T223231, end_date=20220518T223241
[2022-05-18 22:32:41,818] {local_task_job.py:154} INFO - Task exited with return code 0
[2022-05-18 22:32:42,049] {local_task_job.py:264} INFO - 0 downstream tasks scheduled from follow-on schedule check
