[2022-05-18 23:53:31,759] {taskinstance.py:1035} INFO - Dependencies all met for <TaskInstance: model_level_dbt_great_expectations_dag.dbt_run.model.jaffle_shop.stg_stripe__payments scheduled__2022-05-17T23:51:54.527642+00:00 [queued]>
[2022-05-18 23:53:31,825] {taskinstance.py:1035} INFO - Dependencies all met for <TaskInstance: model_level_dbt_great_expectations_dag.dbt_run.model.jaffle_shop.stg_stripe__payments scheduled__2022-05-17T23:51:54.527642+00:00 [queued]>
[2022-05-18 23:53:31,827] {taskinstance.py:1241} INFO - 
--------------------------------------------------------------------------------
[2022-05-18 23:53:31,829] {taskinstance.py:1242} INFO - Starting attempt 1 of 4
[2022-05-18 23:53:31,833] {taskinstance.py:1243} INFO - 
--------------------------------------------------------------------------------
[2022-05-18 23:53:31,909] {taskinstance.py:1262} INFO - Executing <Task(BashOperator): dbt_run.model.jaffle_shop.stg_stripe__payments> on 2022-05-17 23:51:54.527642+00:00
[2022-05-18 23:53:31,970] {standard_task_runner.py:52} INFO - Started process 353 to run task
[2022-05-18 23:53:31,997] {standard_task_runner.py:76} INFO - Running: ['***', 'tasks', 'run', 'model_level_dbt_great_expectations_dag', 'dbt_run.model.jaffle_shop.stg_stripe__payments', 'scheduled__2022-05-17T23:51:54.527642+00:00', '--job-id', '252', '--raw', '--subdir', 'DAGS_FOLDER/model_level_dbt_great_expectations_dag.py', '--cfg-path', '/tmp/tmpg1lb8ze5', '--error-file', '/tmp/tmpy5riqpi7']
[2022-05-18 23:53:32,006] {standard_task_runner.py:77} INFO - Job 252: Subtask dbt_run.model.jaffle_shop.stg_stripe__payments
[2022-05-18 23:53:32,284] {logging_mixin.py:109} INFO - Running <TaskInstance: model_level_dbt_great_expectations_dag.dbt_run.model.jaffle_shop.stg_stripe__payments scheduled__2022-05-17T23:51:54.527642+00:00 [running]> on host 41cba24e2fbb
[2022-05-18 23:53:32,572] {taskinstance.py:1429} INFO - Exporting the following env vars:
AIRFLOW_CTX_DAG_OWNER=luciano.naveiro
AIRFLOW_CTX_DAG_ID=model_level_dbt_great_expectations_dag
AIRFLOW_CTX_TASK_ID=dbt_run.model.jaffle_shop.stg_stripe__payments
AIRFLOW_CTX_EXECUTION_DATE=2022-05-17T23:51:54.527642+00:00
AIRFLOW_CTX_DAG_RUN_ID=scheduled__2022-05-17T23:51:54.527642+00:00
[2022-05-18 23:53:32,583] {subprocess.py:62} INFO - Tmp dir root location: 
 /tmp
[2022-05-18 23:53:32,592] {subprocess.py:74} INFO - Running command: ['bash', '-c', 'dbt --no-write-json run --target dev --models stg_stripe__payments --profiles-dir /opt/dbt/jaffle_shop --project-dir /opt/dbt/jaffle_shop']
[2022-05-18 23:53:32,685] {subprocess.py:85} INFO - Output:
[2022-05-18 23:53:40,161] {subprocess.py:89} INFO - 23:53:40  Running with dbt=1.1.0
[2022-05-18 23:53:40,337] {subprocess.py:89} INFO - 23:53:40  Unable to do partial parsing because config vars, config profile, or config target have changed
[2022-05-18 23:53:42,380] {subprocess.py:89} INFO - 23:53:42  Found 5 models, 13 tests, 0 snapshots, 0 analyses, 170 macros, 0 operations, 0 seed files, 3 sources, 0 exposures, 0 metrics
[2022-05-18 23:53:42,404] {subprocess.py:89} INFO - 23:53:42
[2022-05-18 23:53:42,810] {subprocess.py:89} INFO - 23:53:42  Concurrency: 1 threads (target='dev')
[2022-05-18 23:53:42,817] {subprocess.py:89} INFO - 23:53:42
[2022-05-18 23:53:42,838] {subprocess.py:89} INFO - 23:53:42  1 of 1 START view model dev.stg_stripe__payments ............................... [RUN]
[2022-05-18 23:53:43,149] {subprocess.py:89} INFO - 23:53:43  1 of 1 OK created view model dev.stg_stripe__payments .......................... [[32mCREATE VIEW[0m in 0.31s]
[2022-05-18 23:53:43,304] {subprocess.py:89} INFO - 23:53:43
[2022-05-18 23:53:43,308] {subprocess.py:89} INFO - 23:53:43  Finished running 1 view model in 0.90s.
[2022-05-18 23:53:43,318] {subprocess.py:89} INFO - 23:53:43
[2022-05-18 23:53:43,321] {subprocess.py:89} INFO - 23:53:43  [32mCompleted successfully[0m
[2022-05-18 23:53:43,324] {subprocess.py:89} INFO - 23:53:43
[2022-05-18 23:53:43,327] {subprocess.py:89} INFO - 23:53:43  Done. PASS=1 WARN=0 ERROR=0 SKIP=0 TOTAL=1
[2022-05-18 23:53:44,478] {subprocess.py:93} INFO - Command exited with return code 0
[2022-05-18 23:53:44,519] {taskinstance.py:1280} INFO - Marking task as SUCCESS. dag_id=model_level_dbt_great_expectations_dag, task_id=dbt_run.model.jaffle_shop.stg_stripe__payments, execution_date=20220517T235154, start_date=20220518T235331, end_date=20220518T235344
[2022-05-18 23:53:44,576] {local_task_job.py:154} INFO - Task exited with return code 0
[2022-05-18 23:53:44,776] {local_task_job.py:264} INFO - 0 downstream tasks scheduled from follow-on schedule check
