[2022-05-15 23:20:48,201] {taskinstance.py:1035} INFO - Dependencies all met for <TaskInstance: model_level_dbt_dag.dbt_run.model.jaffle_shop.int_orders scheduled__2022-05-14T16:00:47.250021+00:00 [queued]>
[2022-05-15 23:20:48,215] {taskinstance.py:1035} INFO - Dependencies all met for <TaskInstance: model_level_dbt_dag.dbt_run.model.jaffle_shop.int_orders scheduled__2022-05-14T16:00:47.250021+00:00 [queued]>
[2022-05-15 23:20:48,216] {taskinstance.py:1241} INFO - 
--------------------------------------------------------------------------------
[2022-05-15 23:20:48,217] {taskinstance.py:1242} INFO - Starting attempt 10 of 10
[2022-05-15 23:20:48,218] {taskinstance.py:1243} INFO - 
--------------------------------------------------------------------------------
[2022-05-15 23:20:48,237] {taskinstance.py:1262} INFO - Executing <Task(BashOperator): dbt_run.model.jaffle_shop.int_orders> on 2022-05-14 16:00:47.250021+00:00
[2022-05-15 23:20:48,243] {standard_task_runner.py:52} INFO - Started process 180 to run task
[2022-05-15 23:20:48,253] {standard_task_runner.py:76} INFO - Running: ['***', 'tasks', 'run', 'model_level_dbt_dag', 'dbt_run.model.jaffle_shop.int_orders', 'scheduled__2022-05-14T16:00:47.250021+00:00', '--job-id', '425', '--raw', '--subdir', 'DAGS_FOLDER/model_level_dbt_dag.py', '--cfg-path', '/tmp/tmpixh6tj_n', '--error-file', '/tmp/tmpmvyapr4n']
[2022-05-15 23:20:48,255] {standard_task_runner.py:77} INFO - Job 425: Subtask dbt_run.model.jaffle_shop.int_orders
[2022-05-15 23:20:48,317] {logging_mixin.py:109} INFO - Running <TaskInstance: model_level_dbt_dag.dbt_run.model.jaffle_shop.int_orders scheduled__2022-05-14T16:00:47.250021+00:00 [running]> on host 6dd93b49102f
[2022-05-15 23:20:48,406] {taskinstance.py:1429} INFO - Exporting the following env vars:
AIRFLOW_CTX_DAG_OWNER=***
AIRFLOW_CTX_DAG_ID=model_level_dbt_dag
AIRFLOW_CTX_TASK_ID=dbt_run.model.jaffle_shop.int_orders
AIRFLOW_CTX_EXECUTION_DATE=2022-05-14T16:00:47.250021+00:00
AIRFLOW_CTX_DAG_RUN_ID=scheduled__2022-05-14T16:00:47.250021+00:00
[2022-05-15 23:20:48,408] {subprocess.py:62} INFO - Tmp dir root location: 
 /tmp
[2022-05-15 23:20:48,411] {subprocess.py:74} INFO - Running command: ['bash', '-c', 'dbt --no-write-json run --target dev --models int_orders --profiles-dir /opt/dbt/jaffle_shop --project-dir /opt/dbt/jaffle_shop']
[2022-05-15 23:20:48,424] {subprocess.py:85} INFO - Output:
[2022-05-15 23:20:51,352] {subprocess.py:89} INFO - 23:20:51  Running with dbt=1.1.0
[2022-05-15 23:20:51,441] {subprocess.py:89} INFO - 23:20:51  Found 5 models, 13 tests, 0 snapshots, 0 analyses, 170 macros, 0 operations, 0 seed files, 3 sources, 0 exposures, 0 metrics
[2022-05-15 23:20:51,446] {subprocess.py:89} INFO - 23:20:51
[2022-05-15 23:20:51,566] {subprocess.py:89} INFO - 23:20:51  Concurrency: 1 threads (target='dev')
[2022-05-15 23:20:51,567] {subprocess.py:89} INFO - 23:20:51
[2022-05-15 23:20:51,579] {subprocess.py:89} INFO - 23:20:51  1 of 1 START view model dev.int_orders ......................................... [RUN]
[2022-05-15 23:20:51,693] {subprocess.py:89} INFO - 23:20:51  1 of 1 OK created view model dev.int_orders .................................... [[32mCREATE VIEW[0m in 0.11s]
[2022-05-15 23:20:51,810] {subprocess.py:89} INFO - 23:20:51
[2022-05-15 23:20:51,812] {subprocess.py:89} INFO - 23:20:51  Finished running 1 view model in 0.36s.
[2022-05-15 23:20:51,820] {subprocess.py:89} INFO - 23:20:51
[2022-05-15 23:20:51,823] {subprocess.py:89} INFO - 23:20:51  [32mCompleted successfully[0m
[2022-05-15 23:20:51,826] {subprocess.py:89} INFO - 23:20:51
[2022-05-15 23:20:51,828] {subprocess.py:89} INFO - 23:20:51  Done. PASS=1 WARN=0 ERROR=0 SKIP=0 TOTAL=1
[2022-05-15 23:20:52,880] {subprocess.py:93} INFO - Command exited with return code 0
[2022-05-15 23:20:52,911] {taskinstance.py:1280} INFO - Marking task as SUCCESS. dag_id=model_level_dbt_dag, task_id=dbt_run.model.jaffle_shop.int_orders, execution_date=20220514T160047, start_date=20220515T232048, end_date=20220515T232052
[2022-05-15 23:20:52,964] {local_task_job.py:154} INFO - Task exited with return code 0
[2022-05-15 23:20:53,021] {local_task_job.py:264} INFO - 1 downstream tasks scheduled from follow-on schedule check
