[2022-05-15 21:56:40,573] {taskinstance.py:1035} INFO - Dependencies all met for <TaskInstance: model_level_dbt_dag.dbt_run.model.jaffle_shop.int_orders scheduled__2022-05-14T16:00:47.250021+00:00 [queued]>
[2022-05-15 21:56:40,588] {taskinstance.py:1035} INFO - Dependencies all met for <TaskInstance: model_level_dbt_dag.dbt_run.model.jaffle_shop.int_orders scheduled__2022-05-14T16:00:47.250021+00:00 [queued]>
[2022-05-15 21:56:40,589] {taskinstance.py:1241} INFO - 
--------------------------------------------------------------------------------
[2022-05-15 21:56:40,590] {taskinstance.py:1242} INFO - Starting attempt 3 of 3
[2022-05-15 21:56:40,590] {taskinstance.py:1243} INFO - 
--------------------------------------------------------------------------------
[2022-05-15 21:56:40,606] {taskinstance.py:1262} INFO - Executing <Task(BashOperator): dbt_run.model.jaffle_shop.int_orders> on 2022-05-14 16:00:47.250021+00:00
[2022-05-15 21:56:40,610] {standard_task_runner.py:52} INFO - Started process 281 to run task
[2022-05-15 21:56:40,617] {standard_task_runner.py:76} INFO - Running: ['***', 'tasks', 'run', 'model_level_dbt_dag', 'dbt_run.model.jaffle_shop.int_orders', 'scheduled__2022-05-14T16:00:47.250021+00:00', '--job-id', '264', '--raw', '--subdir', 'DAGS_FOLDER/model_level_dbt_dag.py', '--cfg-path', '/tmp/tmpmv856oi7', '--error-file', '/tmp/tmpd6ey_7i8']
[2022-05-15 21:56:40,618] {standard_task_runner.py:77} INFO - Job 264: Subtask dbt_run.model.jaffle_shop.int_orders
[2022-05-15 21:56:40,676] {logging_mixin.py:109} INFO - Running <TaskInstance: model_level_dbt_dag.dbt_run.model.jaffle_shop.int_orders scheduled__2022-05-14T16:00:47.250021+00:00 [running]> on host 9922a9d65d01
[2022-05-15 21:56:40,737] {taskinstance.py:1429} INFO - Exporting the following env vars:
AIRFLOW_CTX_DAG_OWNER=***
AIRFLOW_CTX_DAG_ID=model_level_dbt_dag
AIRFLOW_CTX_TASK_ID=dbt_run.model.jaffle_shop.int_orders
AIRFLOW_CTX_EXECUTION_DATE=2022-05-14T16:00:47.250021+00:00
AIRFLOW_CTX_DAG_RUN_ID=scheduled__2022-05-14T16:00:47.250021+00:00
[2022-05-15 21:56:40,739] {subprocess.py:62} INFO - Tmp dir root location: 
 /tmp
[2022-05-15 21:56:40,741] {subprocess.py:74} INFO - Running command: ['bash', '-c', 'dbt --no-write-json run --target dev --models int_orders --profiles-dir /opt/***/dags/jaffle_shop --project-dir /opt/***/dags/jaffle_shop']
[2022-05-15 21:56:40,756] {subprocess.py:85} INFO - Output:
[2022-05-15 21:56:43,651] {subprocess.py:89} INFO - 21:56:43  Running with dbt=1.1.0
[2022-05-15 21:56:43,744] {subprocess.py:89} INFO - 21:56:43  Found 5 models, 13 tests, 0 snapshots, 0 analyses, 170 macros, 0 operations, 0 seed files, 3 sources, 0 exposures, 0 metrics
[2022-05-15 21:56:43,748] {subprocess.py:89} INFO - 21:56:43
[2022-05-15 21:56:43,851] {subprocess.py:89} INFO - 21:56:43  Concurrency: 1 threads (target='dev')
[2022-05-15 21:56:43,853] {subprocess.py:89} INFO - 21:56:43
[2022-05-15 21:56:43,862] {subprocess.py:89} INFO - 21:56:43  1 of 1 START view model dev.int_orders ......................................... [RUN]
[2022-05-15 21:56:43,966] {subprocess.py:89} INFO - 21:56:43  1 of 1 OK created view model dev.int_orders .................................... [[32mCREATE VIEW[0m in 0.10s]
[2022-05-15 21:56:44,081] {subprocess.py:89} INFO - 21:56:44
[2022-05-15 21:56:44,083] {subprocess.py:89} INFO - 21:56:44  Finished running 1 view model in 0.33s.
[2022-05-15 21:56:44,087] {subprocess.py:89} INFO - 21:56:44
[2022-05-15 21:56:44,089] {subprocess.py:89} INFO - 21:56:44  [32mCompleted successfully[0m
[2022-05-15 21:56:44,090] {subprocess.py:89} INFO - 21:56:44
[2022-05-15 21:56:44,092] {subprocess.py:89} INFO - 21:56:44  Done. PASS=1 WARN=0 ERROR=0 SKIP=0 TOTAL=1
[2022-05-15 21:56:45,123] {subprocess.py:93} INFO - Command exited with return code 0
[2022-05-15 21:56:45,150] {taskinstance.py:1280} INFO - Marking task as SUCCESS. dag_id=model_level_dbt_dag, task_id=dbt_run.model.jaffle_shop.int_orders, execution_date=20220514T160047, start_date=20220515T215640, end_date=20220515T215645
[2022-05-15 21:56:45,195] {local_task_job.py:154} INFO - Task exited with return code 0
[2022-05-15 21:56:45,248] {local_task_job.py:264} INFO - 1 downstream tasks scheduled from follow-on schedule check
