[2022-05-15 21:59:03,814] {taskinstance.py:1035} INFO - Dependencies all met for <TaskInstance: model_level_dbt_dag.dbt_run.model.jaffle_shop.int_orders scheduled__2022-05-14T16:00:47.250021+00:00 [queued]>
[2022-05-15 21:59:03,825] {taskinstance.py:1035} INFO - Dependencies all met for <TaskInstance: model_level_dbt_dag.dbt_run.model.jaffle_shop.int_orders scheduled__2022-05-14T16:00:47.250021+00:00 [queued]>
[2022-05-15 21:59:03,826] {taskinstance.py:1241} INFO - 
--------------------------------------------------------------------------------
[2022-05-15 21:59:03,827] {taskinstance.py:1242} INFO - Starting attempt 4 of 4
[2022-05-15 21:59:03,827] {taskinstance.py:1243} INFO - 
--------------------------------------------------------------------------------
[2022-05-15 21:59:03,839] {taskinstance.py:1262} INFO - Executing <Task(BashOperator): dbt_run.model.jaffle_shop.int_orders> on 2022-05-14 16:00:47.250021+00:00
[2022-05-15 21:59:03,843] {standard_task_runner.py:52} INFO - Started process 635 to run task
[2022-05-15 21:59:03,848] {standard_task_runner.py:76} INFO - Running: ['***', 'tasks', 'run', 'model_level_dbt_dag', 'dbt_run.model.jaffle_shop.int_orders', 'scheduled__2022-05-14T16:00:47.250021+00:00', '--job-id', '285', '--raw', '--subdir', 'DAGS_FOLDER/model_level_dbt_dag.py', '--cfg-path', '/tmp/tmpfy6raqta', '--error-file', '/tmp/tmp_alm47hc']
[2022-05-15 21:59:03,849] {standard_task_runner.py:77} INFO - Job 285: Subtask dbt_run.model.jaffle_shop.int_orders
[2022-05-15 21:59:03,894] {logging_mixin.py:109} INFO - Running <TaskInstance: model_level_dbt_dag.dbt_run.model.jaffle_shop.int_orders scheduled__2022-05-14T16:00:47.250021+00:00 [running]> on host 9922a9d65d01
[2022-05-15 21:59:03,943] {taskinstance.py:1429} INFO - Exporting the following env vars:
AIRFLOW_CTX_DAG_OWNER=***
AIRFLOW_CTX_DAG_ID=model_level_dbt_dag
AIRFLOW_CTX_TASK_ID=dbt_run.model.jaffle_shop.int_orders
AIRFLOW_CTX_EXECUTION_DATE=2022-05-14T16:00:47.250021+00:00
AIRFLOW_CTX_DAG_RUN_ID=scheduled__2022-05-14T16:00:47.250021+00:00
[2022-05-15 21:59:03,944] {subprocess.py:62} INFO - Tmp dir root location: 
 /tmp
[2022-05-15 21:59:03,946] {subprocess.py:74} INFO - Running command: ['bash', '-c', 'dbt --no-write-json run --target dev --models int_orders --profiles-dir /opt/***/dags/jaffle_shop --project-dir /opt/***/dags/jaffle_shop']
[2022-05-15 21:59:03,959] {subprocess.py:85} INFO - Output:
[2022-05-15 21:59:06,783] {subprocess.py:89} INFO - 21:59:06  Running with dbt=1.1.0
[2022-05-15 21:59:06,893] {subprocess.py:89} INFO - 21:59:06  Found 6 models, 13 tests, 0 snapshots, 0 analyses, 170 macros, 0 operations, 0 seed files, 3 sources, 0 exposures, 0 metrics
[2022-05-15 21:59:06,898] {subprocess.py:89} INFO - 21:59:06
[2022-05-15 21:59:07,052] {subprocess.py:89} INFO - 21:59:07  Concurrency: 1 threads (target='dev')
[2022-05-15 21:59:07,054] {subprocess.py:89} INFO - 21:59:07
[2022-05-15 21:59:07,068] {subprocess.py:89} INFO - 21:59:07  1 of 1 START view model dev.int_orders ......................................... [RUN]
[2022-05-15 21:59:07,173] {subprocess.py:89} INFO - 21:59:07  1 of 1 OK created view model dev.int_orders .................................... [[32mCREATE VIEW[0m in 0.10s]
[2022-05-15 21:59:07,281] {subprocess.py:89} INFO - 21:59:07
[2022-05-15 21:59:07,282] {subprocess.py:89} INFO - 21:59:07  Finished running 1 view model in 0.38s.
[2022-05-15 21:59:07,286] {subprocess.py:89} INFO - 21:59:07
[2022-05-15 21:59:07,288] {subprocess.py:89} INFO - 21:59:07  [32mCompleted successfully[0m
[2022-05-15 21:59:07,289] {subprocess.py:89} INFO - 21:59:07
[2022-05-15 21:59:07,291] {subprocess.py:89} INFO - 21:59:07  Done. PASS=1 WARN=0 ERROR=0 SKIP=0 TOTAL=1
[2022-05-15 21:59:08,354] {subprocess.py:93} INFO - Command exited with return code 0
[2022-05-15 21:59:08,379] {taskinstance.py:1280} INFO - Marking task as SUCCESS. dag_id=model_level_dbt_dag, task_id=dbt_run.model.jaffle_shop.int_orders, execution_date=20220514T160047, start_date=20220515T215903, end_date=20220515T215908
[2022-05-15 21:59:08,421] {local_task_job.py:154} INFO - Task exited with return code 0
[2022-05-15 21:59:08,477] {local_task_job.py:264} INFO - 1 downstream tasks scheduled from follow-on schedule check
