[2022-05-15 22:20:32,633] {taskinstance.py:1035} INFO - Dependencies all met for <TaskInstance: model_level_dbt_dag.dbt_run.model.jaffle_shop.int_orders scheduled__2022-05-14T16:00:47.250021+00:00 [queued]>
[2022-05-15 22:20:32,652] {taskinstance.py:1035} INFO - Dependencies all met for <TaskInstance: model_level_dbt_dag.dbt_run.model.jaffle_shop.int_orders scheduled__2022-05-14T16:00:47.250021+00:00 [queued]>
[2022-05-15 22:20:32,653] {taskinstance.py:1241} INFO - 
--------------------------------------------------------------------------------
[2022-05-15 22:20:32,654] {taskinstance.py:1242} INFO - Starting attempt 6 of 6
[2022-05-15 22:20:32,656] {taskinstance.py:1243} INFO - 
--------------------------------------------------------------------------------
[2022-05-15 22:20:32,677] {taskinstance.py:1262} INFO - Executing <Task(BashOperator): dbt_run.model.jaffle_shop.int_orders> on 2022-05-14 16:00:47.250021+00:00
[2022-05-15 22:20:32,685] {standard_task_runner.py:52} INFO - Started process 2110 to run task
[2022-05-15 22:20:32,698] {standard_task_runner.py:76} INFO - Running: ['***', 'tasks', 'run', 'model_level_dbt_dag', 'dbt_run.model.jaffle_shop.int_orders', 'scheduled__2022-05-14T16:00:47.250021+00:00', '--job-id', '326', '--raw', '--subdir', 'DAGS_FOLDER/model_level_dbt_dag.py', '--cfg-path', '/tmp/tmpqko_9y9m', '--error-file', '/tmp/tmp0mqt8ng9']
[2022-05-15 22:20:32,700] {standard_task_runner.py:77} INFO - Job 326: Subtask dbt_run.model.jaffle_shop.int_orders
[2022-05-15 22:20:32,757] {logging_mixin.py:109} INFO - Running <TaskInstance: model_level_dbt_dag.dbt_run.model.jaffle_shop.int_orders scheduled__2022-05-14T16:00:47.250021+00:00 [running]> on host 9922a9d65d01
[2022-05-15 22:20:32,822] {taskinstance.py:1429} INFO - Exporting the following env vars:
AIRFLOW_CTX_DAG_OWNER=***
AIRFLOW_CTX_DAG_ID=model_level_dbt_dag
AIRFLOW_CTX_TASK_ID=dbt_run.model.jaffle_shop.int_orders
AIRFLOW_CTX_EXECUTION_DATE=2022-05-14T16:00:47.250021+00:00
AIRFLOW_CTX_DAG_RUN_ID=scheduled__2022-05-14T16:00:47.250021+00:00
[2022-05-15 22:20:32,824] {subprocess.py:62} INFO - Tmp dir root location: 
 /tmp
[2022-05-15 22:20:32,825] {subprocess.py:74} INFO - Running command: ['bash', '-c', 'dbt --no-write-json run --target dev --models int_orders --profiles-dir /opt/***/dags/jaffle_shop --project-dir /opt/***/dags/jaffle_shop']
[2022-05-15 22:20:32,838] {subprocess.py:85} INFO - Output:
[2022-05-15 22:20:36,123] {subprocess.py:89} INFO - 22:20:36  Running with dbt=1.1.0
[2022-05-15 22:20:36,251] {subprocess.py:89} INFO - 22:20:36  Found 6 models, 13 tests, 0 snapshots, 0 analyses, 170 macros, 0 operations, 0 seed files, 3 sources, 0 exposures, 0 metrics
[2022-05-15 22:20:36,256] {subprocess.py:89} INFO - 22:20:36
[2022-05-15 22:20:36,395] {subprocess.py:89} INFO - 22:20:36  Concurrency: 1 threads (target='dev')
[2022-05-15 22:20:36,399] {subprocess.py:89} INFO - 22:20:36
[2022-05-15 22:20:36,411] {subprocess.py:89} INFO - 22:20:36  1 of 1 START view model dev.int_orders ......................................... [RUN]
[2022-05-15 22:20:36,532] {subprocess.py:89} INFO - 22:20:36  1 of 1 OK created view model dev.int_orders .................................... [[32mCREATE VIEW[0m in 0.12s]
[2022-05-15 22:20:36,630] {subprocess.py:89} INFO - 22:20:36
[2022-05-15 22:20:36,632] {subprocess.py:89} INFO - 22:20:36  Finished running 1 view model in 0.37s.
[2022-05-15 22:20:36,637] {subprocess.py:89} INFO - 22:20:36
[2022-05-15 22:20:36,639] {subprocess.py:89} INFO - 22:20:36  [32mCompleted successfully[0m
[2022-05-15 22:20:36,641] {subprocess.py:89} INFO - 22:20:36
[2022-05-15 22:20:36,643] {subprocess.py:89} INFO - 22:20:36  Done. PASS=1 WARN=0 ERROR=0 SKIP=0 TOTAL=1
[2022-05-15 22:20:37,750] {subprocess.py:93} INFO - Command exited with return code 0
[2022-05-15 22:20:37,781] {taskinstance.py:1280} INFO - Marking task as SUCCESS. dag_id=model_level_dbt_dag, task_id=dbt_run.model.jaffle_shop.int_orders, execution_date=20220514T160047, start_date=20220515T222032, end_date=20220515T222037
[2022-05-15 22:20:37,836] {local_task_job.py:154} INFO - Task exited with return code 0
[2022-05-15 22:20:37,893] {local_task_job.py:264} INFO - 1 downstream tasks scheduled from follow-on schedule check
