[2022-05-15 22:23:55,886] {taskinstance.py:1035} INFO - Dependencies all met for <TaskInstance: model_level_dbt_dag.dbt_run.model.jaffle_shop.int_orders scheduled__2022-05-14T16:00:47.250021+00:00 [queued]>
[2022-05-15 22:23:55,898] {taskinstance.py:1035} INFO - Dependencies all met for <TaskInstance: model_level_dbt_dag.dbt_run.model.jaffle_shop.int_orders scheduled__2022-05-14T16:00:47.250021+00:00 [queued]>
[2022-05-15 22:23:55,899] {taskinstance.py:1241} INFO - 
--------------------------------------------------------------------------------
[2022-05-15 22:23:55,900] {taskinstance.py:1242} INFO - Starting attempt 8 of 8
[2022-05-15 22:23:55,900] {taskinstance.py:1243} INFO - 
--------------------------------------------------------------------------------
[2022-05-15 22:23:55,914] {taskinstance.py:1262} INFO - Executing <Task(BashOperator): dbt_run.model.jaffle_shop.int_orders> on 2022-05-14 16:00:47.250021+00:00
[2022-05-15 22:23:55,918] {standard_task_runner.py:52} INFO - Started process 2761 to run task
[2022-05-15 22:23:55,922] {standard_task_runner.py:76} INFO - Running: ['***', 'tasks', 'run', 'model_level_dbt_dag', 'dbt_run.model.jaffle_shop.int_orders', 'scheduled__2022-05-14T16:00:47.250021+00:00', '--job-id', '369', '--raw', '--subdir', 'DAGS_FOLDER/model_level_dbt_dag.py', '--cfg-path', '/tmp/tmpqbkdo32_', '--error-file', '/tmp/tmpnbhb9c12']
[2022-05-15 22:23:55,923] {standard_task_runner.py:77} INFO - Job 369: Subtask dbt_run.model.jaffle_shop.int_orders
[2022-05-15 22:23:55,981] {logging_mixin.py:109} INFO - Running <TaskInstance: model_level_dbt_dag.dbt_run.model.jaffle_shop.int_orders scheduled__2022-05-14T16:00:47.250021+00:00 [running]> on host 9922a9d65d01
[2022-05-15 22:23:56,044] {taskinstance.py:1429} INFO - Exporting the following env vars:
AIRFLOW_CTX_DAG_OWNER=***
AIRFLOW_CTX_DAG_ID=model_level_dbt_dag
AIRFLOW_CTX_TASK_ID=dbt_run.model.jaffle_shop.int_orders
AIRFLOW_CTX_EXECUTION_DATE=2022-05-14T16:00:47.250021+00:00
AIRFLOW_CTX_DAG_RUN_ID=scheduled__2022-05-14T16:00:47.250021+00:00
[2022-05-15 22:23:56,045] {subprocess.py:62} INFO - Tmp dir root location: 
 /tmp
[2022-05-15 22:23:56,047] {subprocess.py:74} INFO - Running command: ['bash', '-c', 'dbt --no-write-json run --target dev --models int_orders --profiles-dir /opt/***/dags/jaffle_shop --project-dir /opt/***/dags/jaffle_shop']
[2022-05-15 22:23:56,059] {subprocess.py:85} INFO - Output:
[2022-05-15 22:23:59,379] {subprocess.py:89} INFO - 22:23:59  Running with dbt=1.1.0
[2022-05-15 22:23:59,470] {subprocess.py:89} INFO - 22:23:59  Found 5 models, 13 tests, 0 snapshots, 0 analyses, 170 macros, 0 operations, 0 seed files, 3 sources, 0 exposures, 0 metrics
[2022-05-15 22:23:59,475] {subprocess.py:89} INFO - 22:23:59
[2022-05-15 22:23:59,604] {subprocess.py:89} INFO - 22:23:59  Concurrency: 1 threads (target='dev')
[2022-05-15 22:23:59,606] {subprocess.py:89} INFO - 22:23:59
[2022-05-15 22:23:59,616] {subprocess.py:89} INFO - 22:23:59  1 of 1 START view model dev.int_orders ......................................... [RUN]
[2022-05-15 22:23:59,751] {subprocess.py:89} INFO - 22:23:59  1 of 1 OK created view model dev.int_orders .................................... [[32mCREATE VIEW[0m in 0.13s]
[2022-05-15 22:23:59,838] {subprocess.py:89} INFO - 22:23:59
[2022-05-15 22:23:59,840] {subprocess.py:89} INFO - 22:23:59  Finished running 1 view model in 0.36s.
[2022-05-15 22:23:59,844] {subprocess.py:89} INFO - 22:23:59
[2022-05-15 22:23:59,846] {subprocess.py:89} INFO - 22:23:59  [32mCompleted successfully[0m
[2022-05-15 22:23:59,847] {subprocess.py:89} INFO - 22:23:59
[2022-05-15 22:23:59,849] {subprocess.py:89} INFO - 22:23:59  Done. PASS=1 WARN=0 ERROR=0 SKIP=0 TOTAL=1
[2022-05-15 22:24:00,892] {subprocess.py:93} INFO - Command exited with return code 0
[2022-05-15 22:24:00,919] {taskinstance.py:1280} INFO - Marking task as SUCCESS. dag_id=model_level_dbt_dag, task_id=dbt_run.model.jaffle_shop.int_orders, execution_date=20220514T160047, start_date=20220515T222355, end_date=20220515T222400
[2022-05-15 22:24:00,965] {local_task_job.py:154} INFO - Task exited with return code 0
[2022-05-15 22:24:01,018] {local_task_job.py:264} INFO - 1 downstream tasks scheduled from follow-on schedule check
