[2022-05-15 03:37:24,531] {taskinstance.py:1035} INFO - Dependencies all met for <TaskInstance: dbt_advanced_dag_utility.dbt_run.model.jaffle_shop.stg_jaffle_shop__customers scheduled__2022-05-14T03:30:38.730607+00:00 [queued]>
[2022-05-15 03:37:24,552] {taskinstance.py:1035} INFO - Dependencies all met for <TaskInstance: dbt_advanced_dag_utility.dbt_run.model.jaffle_shop.stg_jaffle_shop__customers scheduled__2022-05-14T03:30:38.730607+00:00 [queued]>
[2022-05-15 03:37:24,554] {taskinstance.py:1241} INFO - 
--------------------------------------------------------------------------------
[2022-05-15 03:37:24,555] {taskinstance.py:1242} INFO - Starting attempt 2 of 2
[2022-05-15 03:37:24,556] {taskinstance.py:1243} INFO - 
--------------------------------------------------------------------------------
[2022-05-15 03:37:24,581] {taskinstance.py:1262} INFO - Executing <Task(BashOperator): dbt_run.model.jaffle_shop.stg_jaffle_shop__customers> on 2022-05-14 03:30:38.730607+00:00
[2022-05-15 03:37:24,589] {standard_task_runner.py:52} INFO - Started process 5611 to run task
[2022-05-15 03:37:24,595] {standard_task_runner.py:76} INFO - Running: ['***', 'tasks', 'run', 'dbt_advanced_dag_utility', 'dbt_run.model.jaffle_shop.stg_jaffle_shop__customers', 'scheduled__2022-05-14T03:30:38.730607+00:00', '--job-id', '100', '--raw', '--subdir', 'DAGS_FOLDER/dbt_dag.py', '--cfg-path', '/tmp/tmpti460utz', '--error-file', '/tmp/tmp96ob9grz']
[2022-05-15 03:37:24,598] {standard_task_runner.py:77} INFO - Job 100: Subtask dbt_run.model.jaffle_shop.stg_jaffle_shop__customers
[2022-05-15 03:37:24,680] {logging_mixin.py:109} INFO - Running <TaskInstance: dbt_advanced_dag_utility.dbt_run.model.jaffle_shop.stg_jaffle_shop__customers scheduled__2022-05-14T03:30:38.730607+00:00 [running]> on host b0833397c3cf
[2022-05-15 03:37:24,846] {taskinstance.py:1429} INFO - Exporting the following env vars:
AIRFLOW_CTX_DAG_OWNER=***
AIRFLOW_CTX_DAG_ID=dbt_advanced_dag_utility
AIRFLOW_CTX_TASK_ID=dbt_run.model.jaffle_shop.stg_jaffle_shop__customers
AIRFLOW_CTX_EXECUTION_DATE=2022-05-14T03:30:38.730607+00:00
AIRFLOW_CTX_DAG_RUN_ID=scheduled__2022-05-14T03:30:38.730607+00:00
[2022-05-15 03:37:24,851] {subprocess.py:62} INFO - Tmp dir root location: 
 /tmp
[2022-05-15 03:37:24,853] {subprocess.py:74} INFO - Running command: ['bash', '-c', 'dbt --no-write-json run --target dev --models stg_jaffle_shop__customers --profiles-dir /opt/***/dags/jaffle_shop --project-dir /opt/***/dags/jaffle_shop']
[2022-05-15 03:37:24,929] {subprocess.py:85} INFO - Output:
[2022-05-15 03:37:30,739] {subprocess.py:89} INFO - 03:37:30  Running with dbt=1.1.0
[2022-05-15 03:37:30,925] {subprocess.py:89} INFO - 03:37:30  Found 5 models, 4 tests, 0 snapshots, 0 analyses, 170 macros, 0 operations, 0 seed files, 3 sources, 0 exposures, 0 metrics
[2022-05-15 03:37:30,933] {subprocess.py:89} INFO - 03:37:30
[2022-05-15 03:37:31,128] {subprocess.py:89} INFO - 03:37:31  Concurrency: 1 threads (target='dev')
[2022-05-15 03:37:31,132] {subprocess.py:89} INFO - 03:37:31
[2022-05-15 03:37:31,150] {subprocess.py:89} INFO - 03:37:31  1 of 1 START view model dev.stg_jaffle_shop__customers ......................... [RUN]
[2022-05-15 03:37:31,377] {subprocess.py:89} INFO - 03:37:31  1 of 1 OK created view model dev.stg_jaffle_shop__customers .................... [[32mCREATE VIEW[0m in 0.22s]
[2022-05-15 03:37:31,507] {subprocess.py:89} INFO - 03:37:31
[2022-05-15 03:37:31,510] {subprocess.py:89} INFO - 03:37:31  Finished running 1 view model in 0.57s.
[2022-05-15 03:37:31,526] {subprocess.py:89} INFO - 03:37:31
[2022-05-15 03:37:31,533] {subprocess.py:89} INFO - 03:37:31  [32mCompleted successfully[0m
[2022-05-15 03:37:31,541] {subprocess.py:89} INFO - 03:37:31
[2022-05-15 03:37:31,546] {subprocess.py:89} INFO - 03:37:31  Done. PASS=1 WARN=0 ERROR=0 SKIP=0 TOTAL=1
[2022-05-15 03:37:34,084] {subprocess.py:93} INFO - Command exited with return code 0
[2022-05-15 03:37:34,118] {taskinstance.py:1280} INFO - Marking task as SUCCESS. dag_id=dbt_advanced_dag_utility, task_id=dbt_run.model.jaffle_shop.stg_jaffle_shop__customers, execution_date=20220514T033038, start_date=20220515T033724, end_date=20220515T033734
[2022-05-15 03:37:34,162] {local_task_job.py:154} INFO - Task exited with return code 0
[2022-05-15 03:37:34,219] {local_task_job.py:264} INFO - 0 downstream tasks scheduled from follow-on schedule check
