[2022-05-15 04:29:41,021] {taskinstance.py:1035} INFO - Dependencies all met for <TaskInstance: dbt_advanced_dag_utility.dbt_run.model.jaffle_shop.stg_jaffle_shop__customers scheduled__2022-05-14T03:30:38.730607+00:00 [queued]>
[2022-05-15 04:29:41,035] {taskinstance.py:1035} INFO - Dependencies all met for <TaskInstance: dbt_advanced_dag_utility.dbt_run.model.jaffle_shop.stg_jaffle_shop__customers scheduled__2022-05-14T03:30:38.730607+00:00 [queued]>
[2022-05-15 04:29:41,036] {taskinstance.py:1241} INFO - 
--------------------------------------------------------------------------------
[2022-05-15 04:29:41,037] {taskinstance.py:1242} INFO - Starting attempt 3 of 3
[2022-05-15 04:29:41,037] {taskinstance.py:1243} INFO - 
--------------------------------------------------------------------------------
[2022-05-15 04:29:41,056] {taskinstance.py:1262} INFO - Executing <Task(BashOperator): dbt_run.model.jaffle_shop.stg_jaffle_shop__customers> on 2022-05-14 03:30:38.730607+00:00
[2022-05-15 04:29:41,062] {standard_task_runner.py:52} INFO - Started process 6729 to run task
[2022-05-15 04:29:41,067] {standard_task_runner.py:76} INFO - Running: ['***', 'tasks', 'run', 'dbt_advanced_dag_utility', 'dbt_run.model.jaffle_shop.stg_jaffle_shop__customers', 'scheduled__2022-05-14T03:30:38.730607+00:00', '--job-id', '115', '--raw', '--subdir', 'DAGS_FOLDER/dbt_dag.py', '--cfg-path', '/tmp/tmpl3ero2hl', '--error-file', '/tmp/tmp2d60d1vf']
[2022-05-15 04:29:41,069] {standard_task_runner.py:77} INFO - Job 115: Subtask dbt_run.model.jaffle_shop.stg_jaffle_shop__customers
[2022-05-15 04:29:41,124] {logging_mixin.py:109} INFO - Running <TaskInstance: dbt_advanced_dag_utility.dbt_run.model.jaffle_shop.stg_jaffle_shop__customers scheduled__2022-05-14T03:30:38.730607+00:00 [running]> on host b0833397c3cf
[2022-05-15 04:29:41,188] {taskinstance.py:1429} INFO - Exporting the following env vars:
AIRFLOW_CTX_DAG_OWNER=***
AIRFLOW_CTX_DAG_ID=dbt_advanced_dag_utility
AIRFLOW_CTX_TASK_ID=dbt_run.model.jaffle_shop.stg_jaffle_shop__customers
AIRFLOW_CTX_EXECUTION_DATE=2022-05-14T03:30:38.730607+00:00
AIRFLOW_CTX_DAG_RUN_ID=scheduled__2022-05-14T03:30:38.730607+00:00
[2022-05-15 04:29:41,190] {subprocess.py:62} INFO - Tmp dir root location: 
 /tmp
[2022-05-15 04:29:41,191] {subprocess.py:74} INFO - Running command: ['bash', '-c', 'dbt --no-write-json run --target dev --models stg_jaffle_shop__customers --profiles-dir /opt/***/dags/jaffle_shop --project-dir /opt/***/dags/jaffle_shop']
[2022-05-15 04:29:41,214] {subprocess.py:85} INFO - Output:
[2022-05-15 04:29:46,018] {subprocess.py:89} INFO - 04:29:46  Running with dbt=1.1.0
[2022-05-15 04:29:46,164] {subprocess.py:89} INFO - 04:29:46  Unable to do partial parsing because config vars, config profile, or config target have changed
[2022-05-15 04:29:48,428] {subprocess.py:89} INFO - 04:29:48  [[33mWARNING[0m]: Test 'test.jaffle_shop.assert_positive_total_for_payments' (tests/assert_positive_total_for_payments.sql) depends on a node named 'stg_payments' which was not found
[2022-05-15 04:29:48,430] {subprocess.py:89} INFO - 04:29:48  [[33mWARNING[0m]: Test 'test.jaffle_shop.relationships_stg_jaffle_shop__orders_customer_id__customer_id__ref_stg_customers_.a37476cdbb' (models/staging/jaffle_shop/stg_jaffle_shop.yml) depends on a node named 'stg_customers' which was not found
[2022-05-15 04:29:48,522] {subprocess.py:89} INFO - 04:29:48  Found 5 models, 11 tests, 0 snapshots, 0 analyses, 170 macros, 0 operations, 0 seed files, 3 sources, 0 exposures, 0 metrics
[2022-05-15 04:29:48,536] {subprocess.py:89} INFO - 04:29:48
[2022-05-15 04:29:48,850] {subprocess.py:89} INFO - 04:29:48  Concurrency: 1 threads (target='dev')
[2022-05-15 04:29:48,853] {subprocess.py:89} INFO - 04:29:48
[2022-05-15 04:29:48,910] {subprocess.py:89} INFO - 04:29:48  1 of 1 START view model dev.stg_jaffle_shop__customers ......................... [RUN]
[2022-05-15 04:29:49,255] {subprocess.py:89} INFO - 04:29:49  1 of 1 OK created view model dev.stg_jaffle_shop__customers .................... [[32mCREATE VIEW[0m in 0.34s]
[2022-05-15 04:29:49,330] {subprocess.py:89} INFO - 04:29:49
[2022-05-15 04:29:49,333] {subprocess.py:89} INFO - 04:29:49  Finished running 1 view model in 0.79s.
[2022-05-15 04:29:49,343] {subprocess.py:89} INFO - 04:29:49
[2022-05-15 04:29:49,346] {subprocess.py:89} INFO - 04:29:49  [32mCompleted successfully[0m
[2022-05-15 04:29:49,347] {subprocess.py:89} INFO - 04:29:49
[2022-05-15 04:29:49,349] {subprocess.py:89} INFO - 04:29:49  Done. PASS=1 WARN=0 ERROR=0 SKIP=0 TOTAL=1
[2022-05-15 04:29:50,855] {subprocess.py:93} INFO - Command exited with return code 0
[2022-05-15 04:29:50,942] {taskinstance.py:1280} INFO - Marking task as SUCCESS. dag_id=dbt_advanced_dag_utility, task_id=dbt_run.model.jaffle_shop.stg_jaffle_shop__customers, execution_date=20220514T033038, start_date=20220515T042941, end_date=20220515T042950
[2022-05-15 04:29:51,031] {local_task_job.py:154} INFO - Task exited with return code 0
[2022-05-15 04:29:51,118] {local_task_job.py:264} INFO - 0 downstream tasks scheduled from follow-on schedule check
