[2022-05-18 23:52:19,028] {taskinstance.py:1035} INFO - Dependencies all met for <TaskInstance: model_level_dbt_great_expectations_dag.great_expectations_sources.sources.stripe__payment scheduled__2022-05-17T23:51:54.527642+00:00 [queued]>
[2022-05-18 23:52:19,052] {taskinstance.py:1035} INFO - Dependencies all met for <TaskInstance: model_level_dbt_great_expectations_dag.great_expectations_sources.sources.stripe__payment scheduled__2022-05-17T23:51:54.527642+00:00 [queued]>
[2022-05-18 23:52:19,054] {taskinstance.py:1241} INFO - 
--------------------------------------------------------------------------------
[2022-05-18 23:52:19,055] {taskinstance.py:1242} INFO - Starting attempt 1 of 4
[2022-05-18 23:52:19,056] {taskinstance.py:1243} INFO - 
--------------------------------------------------------------------------------
[2022-05-18 23:52:19,073] {taskinstance.py:1262} INFO - Executing <Task(GreatExpectationsOperator): great_expectations_sources.sources.stripe__payment> on 2022-05-17 23:51:54.527642+00:00
[2022-05-18 23:52:19,086] {standard_task_runner.py:52} INFO - Started process 259 to run task
[2022-05-18 23:52:19,093] {standard_task_runner.py:76} INFO - Running: ['***', 'tasks', 'run', 'model_level_dbt_great_expectations_dag', 'great_expectations_sources.sources.stripe__payment', 'scheduled__2022-05-17T23:51:54.527642+00:00', '--job-id', '248', '--raw', '--subdir', 'DAGS_FOLDER/model_level_dbt_great_expectations_dag.py', '--cfg-path', '/tmp/tmpc6l_bzzg', '--error-file', '/tmp/tmpbpcxi83m']
[2022-05-18 23:52:19,095] {standard_task_runner.py:77} INFO - Job 248: Subtask great_expectations_sources.sources.stripe__payment
[2022-05-18 23:52:19,202] {logging_mixin.py:109} INFO - Running <TaskInstance: model_level_dbt_great_expectations_dag.great_expectations_sources.sources.stripe__payment scheduled__2022-05-17T23:51:54.527642+00:00 [running]> on host 41cba24e2fbb
[2022-05-18 23:52:19,312] {taskinstance.py:1429} INFO - Exporting the following env vars:
AIRFLOW_CTX_DAG_OWNER=luciano.naveiro
AIRFLOW_CTX_DAG_ID=model_level_dbt_great_expectations_dag
AIRFLOW_CTX_TASK_ID=great_expectations_sources.sources.stripe__payment
AIRFLOW_CTX_EXECUTION_DATE=2022-05-17T23:51:54.527642+00:00
AIRFLOW_CTX_DAG_RUN_ID=scheduled__2022-05-17T23:51:54.527642+00:00
[2022-05-18 23:52:19,316] {great_expectations.py:122} INFO - Running validation with Great Expectations...
[2022-05-18 23:52:19,319] {great_expectations.py:125} INFO - Ensuring data context is valid...
[2022-05-18 23:52:21,638] {sqlalchemy_execution_engine.py:404} WARNING - schema_name specified creating a URL with schema is not supported. Set a default schema on the user connecting to your database.
[2022-05-18 23:52:21,649] {logging_mixin.py:109} WARNING - /home/***/.local/lib/python3.7/site-packages/great_expectations/datasource/data_connector/runtime_data_connector.py:135 DeprecationWarning: Specifying batch_identifiers as part of the RuntimeDataConnector config is deprecated as of v0.15.1 and will be removed by v0.18. Please configure batch_identifiers as part of Assets instead.
[2022-05-18 23:52:23,852] {validator.py:1669} INFO - 	24 expectation(s) included in expectation_suite.
[2022-05-18 23:52:24,479] {logging_mixin.py:109} WARNING - Calculating Metrics:   0%|          | 0/55 [00:00<?, ?it/s]
[2022-05-18 23:52:24,481] {logging_mixin.py:109} WARNING - Calculating Metrics:   0%|          | 0/55 [00:00<?, ?it/s]
[2022-05-18 23:52:24,534] {logging_mixin.py:109} WARNING - Calculating Metrics:   4%|3         | 2/55 [00:00<00:01, 37.49it/s]
[2022-05-18 23:52:24,704] {logging_mixin.py:109} WARNING - Calculating Metrics:   7%|7         | 4/55 [00:00<00:02, 17.92it/s]
[2022-05-18 23:52:24,707] {logging_mixin.py:109} WARNING - Calculating Metrics:   7%|7         | 4/55 [00:00<00:02, 17.92it/s]
[2022-05-18 23:52:24,825] {logging_mixin.py:109} WARNING - Calculating Metrics:  35%|###4      | 19/55 [00:00<00:00, 64.13it/s]
[2022-05-18 23:52:24,828] {logging_mixin.py:109} WARNING - Calculating Metrics:  35%|###4      | 19/55 [00:00<00:00, 64.13it/s]
[2022-05-18 23:52:24,987] {util.py:247} WARNING - Using lossy conversion for decimal 1469.1666666666666667 to float object to support serialization.
[2022-05-18 23:52:24,990] {logging_mixin.py:109} WARNING - Calculating Metrics:  78%|#######8  | 43/55 [00:00<00:00, 101.82it/s]
[2022-05-18 23:52:24,991] {logging_mixin.py:109} WARNING - Calculating Metrics:  78%|#######8  | 43/55 [00:00<00:00, 101.82it/s]
[2022-05-18 23:52:25,149] {logging_mixin.py:109} WARNING - Calculating Metrics:  96%|#########6| 53/55 [00:00<00:00, 101.82it/s]
[2022-05-18 23:52:25,323] {logging_mixin.py:109} WARNING - Calculating Metrics:  98%|#########8| 54/55 [00:00<00:00, 101.82it/s]
[2022-05-18 23:52:25,448] {logging_mixin.py:109} WARNING - Calculating Metrics: 100%|##########| 55/55 [00:00<00:00, 52.90it/s] 
[2022-05-18 23:52:25,451] {logging_mixin.py:109} WARNING - Calculating Metrics: 100%|##########| 55/55 [00:00<00:00, 52.90it/s]
[2022-05-18 23:52:25,540] {logging_mixin.py:109} WARNING - Calculating Metrics: 100%|##########| 55/55 [00:01<00:00, 52.90it/s]
[2022-05-18 23:52:25,542] {logging_mixin.py:109} WARNING - Calculating Metrics: 100%|##########| 55/55 [00:01<00:00, 51.82it/s]
[2022-05-18 23:52:25,544] {logging_mixin.py:109} WARNING - 
[2022-05-18 23:52:31,531] {great_expectations.py:197} INFO - Validation with Great Expectations successful.
[2022-05-18 23:52:31,661] {taskinstance.py:1280} INFO - Marking task as SUCCESS. dag_id=model_level_dbt_great_expectations_dag, task_id=great_expectations_sources.sources.stripe__payment, execution_date=20220517T235154, start_date=20220518T235219, end_date=20220518T235231
[2022-05-18 23:52:31,840] {local_task_job.py:154} INFO - Task exited with return code 0
[2022-05-18 23:52:32,025] {local_task_job.py:264} INFO - 1 downstream tasks scheduled from follow-on schedule check
