[2022-05-19 01:11:08,664] {taskinstance.py:1035} INFO - Dependencies all met for <TaskInstance: model_level_dbt_great_expectations_dag.great_expectations_sources.sources.stripe__payment scheduled__2022-05-17T23:51:54.527642+00:00 [queued]>
[2022-05-19 01:11:08,900] {taskinstance.py:1035} INFO - Dependencies all met for <TaskInstance: model_level_dbt_great_expectations_dag.great_expectations_sources.sources.stripe__payment scheduled__2022-05-17T23:51:54.527642+00:00 [queued]>
[2022-05-19 01:11:08,903] {taskinstance.py:1241} INFO - 
--------------------------------------------------------------------------------
[2022-05-19 01:11:08,911] {taskinstance.py:1242} INFO - Starting attempt 2 of 5
[2022-05-19 01:11:08,913] {taskinstance.py:1243} INFO - 
--------------------------------------------------------------------------------
[2022-05-19 01:11:09,001] {taskinstance.py:1262} INFO - Executing <Task(GreatExpectationsOperator): great_expectations_sources.sources.stripe__payment> on 2022-05-17 23:51:54.527642+00:00
[2022-05-19 01:11:09,074] {standard_task_runner.py:52} INFO - Started process 233 to run task
[2022-05-19 01:11:09,203] {standard_task_runner.py:76} INFO - Running: ['***', 'tasks', 'run', 'model_level_dbt_great_expectations_dag', 'great_expectations_sources.sources.stripe__payment', 'scheduled__2022-05-17T23:51:54.527642+00:00', '--job-id', '278', '--raw', '--subdir', 'DAGS_FOLDER/model_level_dbt_great_expectations_dag.py', '--cfg-path', '/tmp/tmph1ep6dnd', '--error-file', '/tmp/tmpzzj8j873']
[2022-05-19 01:11:09,208] {standard_task_runner.py:77} INFO - Job 278: Subtask great_expectations_sources.sources.stripe__payment
[2022-05-19 01:11:11,576] {logging_mixin.py:109} INFO - Running <TaskInstance: model_level_dbt_great_expectations_dag.great_expectations_sources.sources.stripe__payment scheduled__2022-05-17T23:51:54.527642+00:00 [running]> on host 41cba24e2fbb
[2022-05-19 01:11:12,026] {taskinstance.py:1429} INFO - Exporting the following env vars:
AIRFLOW_CTX_DAG_OWNER=luciano.naveiro
AIRFLOW_CTX_DAG_ID=model_level_dbt_great_expectations_dag
AIRFLOW_CTX_TASK_ID=great_expectations_sources.sources.stripe__payment
AIRFLOW_CTX_EXECUTION_DATE=2022-05-17T23:51:54.527642+00:00
AIRFLOW_CTX_DAG_RUN_ID=scheduled__2022-05-17T23:51:54.527642+00:00
[2022-05-19 01:11:12,030] {great_expectations.py:122} INFO - Running validation with Great Expectations...
[2022-05-19 01:11:12,031] {great_expectations.py:125} INFO - Ensuring data context is valid...
[2022-05-19 01:11:18,773] {sqlalchemy_execution_engine.py:404} WARNING - schema_name specified creating a URL with schema is not supported. Set a default schema on the user connecting to your database.
[2022-05-19 01:11:18,841] {logging_mixin.py:109} WARNING - /home/***/.local/lib/python3.7/site-packages/great_expectations/datasource/data_connector/runtime_data_connector.py:135 DeprecationWarning: Specifying batch_identifiers as part of the RuntimeDataConnector config is deprecated as of v0.15.1 and will be removed by v0.18. Please configure batch_identifiers as part of Assets instead.
[2022-05-19 01:11:28,981] {validator.py:1669} INFO - 	24 expectation(s) included in expectation_suite.
[2022-05-19 01:11:31,944] {logging_mixin.py:109} WARNING - Calculating Metrics:   0%|          | 0/55 [00:00<?, ?it/s]
[2022-05-19 01:11:31,965] {logging_mixin.py:109} WARNING - Calculating Metrics:   0%|          | 0/55 [00:00<?, ?it/s]
[2022-05-19 01:11:32,101] {logging_mixin.py:109} WARNING - Calculating Metrics:   4%|3         | 2/55 [00:00<00:03, 14.73it/s]
[2022-05-19 01:11:32,112] {logging_mixin.py:109} WARNING - Calculating Metrics:   4%|3         | 2/55 [00:00<00:03, 14.73it/s]
[2022-05-19 01:11:37,937] {logging_mixin.py:109} WARNING - Calculating Metrics:   7%|7         | 4/55 [00:05<01:28,  1.74s/it]
[2022-05-19 01:11:37,947] {logging_mixin.py:109} WARNING - Calculating Metrics:   7%|7         | 4/55 [00:05<01:28,  1.74s/it]
[2022-05-19 01:11:38,644] {logging_mixin.py:109} WARNING - Calculating Metrics:  35%|###4      | 19/55 [00:06<00:10,  3.58it/s]
[2022-05-19 01:11:38,649] {logging_mixin.py:109} WARNING - Calculating Metrics:  35%|###4      | 19/55 [00:06<00:10,  3.58it/s]
[2022-05-19 01:11:39,024] {util.py:247} WARNING - Using lossy conversion for decimal 1469.1666666666666667 to float object to support serialization.
[2022-05-19 01:11:39,027] {logging_mixin.py:109} WARNING - Calculating Metrics:  78%|#######8  | 43/55 [00:07<00:01,  9.56it/s]
[2022-05-19 01:11:39,031] {logging_mixin.py:109} WARNING - Calculating Metrics:  78%|#######8  | 43/55 [00:07<00:01,  9.56it/s]
[2022-05-19 01:11:39,787] {logging_mixin.py:109} WARNING - Calculating Metrics:  96%|#########6| 53/55 [00:07<00:00, 10.37it/s]
[2022-05-19 01:11:39,797] {logging_mixin.py:109} WARNING - Calculating Metrics:  96%|#########6| 53/55 [00:07<00:00, 10.37it/s]
[2022-05-19 01:11:40,372] {logging_mixin.py:109} WARNING - Calculating Metrics:  98%|#########8| 54/55 [00:08<00:00, 10.37it/s]
[2022-05-19 01:11:41,043] {logging_mixin.py:109} WARNING - Calculating Metrics: 100%|##########| 55/55 [00:09<00:00, 10.37it/s]
[2022-05-19 01:11:41,979] {logging_mixin.py:109} WARNING - Calculating Metrics: 100%|##########| 55/55 [00:10<00:00, 10.37it/s]
[2022-05-19 01:11:41,982] {logging_mixin.py:109} WARNING - Calculating Metrics: 100%|##########| 55/55 [00:10<00:00,  5.49it/s]
[2022-05-19 01:11:41,990] {logging_mixin.py:109} WARNING - 
[2022-05-19 01:11:57,586] {great_expectations.py:197} INFO - Validation with Great Expectations successful.
[2022-05-19 01:11:57,761] {taskinstance.py:1280} INFO - Marking task as SUCCESS. dag_id=model_level_dbt_great_expectations_dag, task_id=great_expectations_sources.sources.stripe__payment, execution_date=20220517T235154, start_date=20220519T011108, end_date=20220519T011157
[2022-05-19 01:11:57,916] {local_task_job.py:154} INFO - Task exited with return code 0
[2022-05-19 01:11:58,084] {local_task_job.py:264} INFO - 1 downstream tasks scheduled from follow-on schedule check
