[2022-05-15 15:16:31,511] {taskinstance.py:1035} INFO - Dependencies all met for <TaskInstance: models_dbt_dag.dbt_run.model.jaffle_shop.stg_jaffle_shop__customers scheduled__2022-05-14T15:15:58.068711+00:00 [queued]>
[2022-05-15 15:16:31,547] {taskinstance.py:1035} INFO - Dependencies all met for <TaskInstance: models_dbt_dag.dbt_run.model.jaffle_shop.stg_jaffle_shop__customers scheduled__2022-05-14T15:15:58.068711+00:00 [queued]>
[2022-05-15 15:16:31,549] {taskinstance.py:1241} INFO - 
--------------------------------------------------------------------------------
[2022-05-15 15:16:31,552] {taskinstance.py:1242} INFO - Starting attempt 1 of 1
[2022-05-15 15:16:31,553] {taskinstance.py:1243} INFO - 
--------------------------------------------------------------------------------
[2022-05-15 15:16:31,602] {taskinstance.py:1262} INFO - Executing <Task(BashOperator): dbt_run.model.jaffle_shop.stg_jaffle_shop__customers> on 2022-05-14 15:15:58.068711+00:00
[2022-05-15 15:16:31,618] {standard_task_runner.py:52} INFO - Started process 9228 to run task
[2022-05-15 15:16:31,631] {standard_task_runner.py:76} INFO - Running: ['***', 'tasks', 'run', 'models_dbt_dag', 'dbt_run.model.jaffle_shop.stg_jaffle_shop__customers', 'scheduled__2022-05-14T15:15:58.068711+00:00', '--job-id', '145', '--raw', '--subdir', 'DAGS_FOLDER/models_dbt_dag.py', '--cfg-path', '/tmp/tmpb3v3317y', '--error-file', '/tmp/tmp8qcirghy']
[2022-05-15 15:16:31,633] {standard_task_runner.py:77} INFO - Job 145: Subtask dbt_run.model.jaffle_shop.stg_jaffle_shop__customers
[2022-05-15 15:16:31,737] {logging_mixin.py:109} INFO - Running <TaskInstance: models_dbt_dag.dbt_run.model.jaffle_shop.stg_jaffle_shop__customers scheduled__2022-05-14T15:15:58.068711+00:00 [running]> on host b0833397c3cf
[2022-05-15 15:16:31,964] {taskinstance.py:1429} INFO - Exporting the following env vars:
AIRFLOW_CTX_DAG_OWNER=***
AIRFLOW_CTX_DAG_ID=models_dbt_dag
AIRFLOW_CTX_TASK_ID=dbt_run.model.jaffle_shop.stg_jaffle_shop__customers
AIRFLOW_CTX_EXECUTION_DATE=2022-05-14T15:15:58.068711+00:00
AIRFLOW_CTX_DAG_RUN_ID=scheduled__2022-05-14T15:15:58.068711+00:00
[2022-05-15 15:16:31,975] {subprocess.py:62} INFO - Tmp dir root location: 
 /tmp
[2022-05-15 15:16:31,979] {subprocess.py:74} INFO - Running command: ['bash', '-c', 'dbt --no-write-json run --target dev --models stg_jaffle_shop__customers --profiles-dir /opt/***/dags/jaffle_shop --project-dir /opt/***/dags/jaffle_shop']
[2022-05-15 15:16:32,016] {subprocess.py:85} INFO - Output:
[2022-05-15 15:16:37,399] {subprocess.py:89} INFO - 15:16:37  Running with dbt=1.1.0
[2022-05-15 15:16:37,630] {subprocess.py:89} INFO - 15:16:37  Found 5 models, 11 tests, 0 snapshots, 0 analyses, 170 macros, 0 operations, 0 seed files, 3 sources, 0 exposures, 0 metrics
[2022-05-15 15:16:37,637] {subprocess.py:89} INFO - 15:16:37
[2022-05-15 15:16:37,884] {subprocess.py:89} INFO - 15:16:37  Concurrency: 1 threads (target='dev')
[2022-05-15 15:16:37,887] {subprocess.py:89} INFO - 15:16:37
[2022-05-15 15:16:37,945] {subprocess.py:89} INFO - 15:16:37  1 of 1 START view model dev.stg_jaffle_shop__customers ......................... [RUN]
[2022-05-15 15:16:38,163] {subprocess.py:89} INFO - 15:16:38  1 of 1 OK created view model dev.stg_jaffle_shop__customers .................... [[32mCREATE VIEW[0m in 0.21s]
[2022-05-15 15:16:38,287] {subprocess.py:89} INFO - 15:16:38
[2022-05-15 15:16:38,293] {subprocess.py:89} INFO - 15:16:38  Finished running 1 view model in 0.64s.
[2022-05-15 15:16:38,302] {subprocess.py:89} INFO - 15:16:38
[2022-05-15 15:16:38,305] {subprocess.py:89} INFO - 15:16:38  [32mCompleted successfully[0m
[2022-05-15 15:16:38,311] {subprocess.py:89} INFO - 15:16:38
[2022-05-15 15:16:38,314] {subprocess.py:89} INFO - 15:16:38  Done. PASS=1 WARN=0 ERROR=0 SKIP=0 TOTAL=1
[2022-05-15 15:16:39,867] {subprocess.py:93} INFO - Command exited with return code 0
[2022-05-15 15:16:39,961] {taskinstance.py:1280} INFO - Marking task as SUCCESS. dag_id=models_dbt_dag, task_id=dbt_run.model.jaffle_shop.stg_jaffle_shop__customers, execution_date=20220514T151558, start_date=20220515T151631, end_date=20220515T151639
[2022-05-15 15:16:40,079] {local_task_job.py:154} INFO - Task exited with return code 0
[2022-05-15 15:16:40,174] {local_task_job.py:264} INFO - 0 downstream tasks scheduled from follow-on schedule check
