[2022-06-04 02:46:49,573] {taskinstance.py:1035} INFO - Dependencies all met for <TaskInstance: model_level_dbt_great_expectations_dag.great_expectations_sources.sources.stripe__payment scheduled__2022-06-03T02:45:22.930448+00:00 [queued]>
[2022-06-04 02:46:49,625] {taskinstance.py:1035} INFO - Dependencies all met for <TaskInstance: model_level_dbt_great_expectations_dag.great_expectations_sources.sources.stripe__payment scheduled__2022-06-03T02:45:22.930448+00:00 [queued]>
[2022-06-04 02:46:49,626] {taskinstance.py:1241} INFO - 
--------------------------------------------------------------------------------
[2022-06-04 02:46:49,634] {taskinstance.py:1242} INFO - Starting attempt 1 of 4
[2022-06-04 02:46:49,636] {taskinstance.py:1243} INFO - 
--------------------------------------------------------------------------------
[2022-06-04 02:46:49,669] {taskinstance.py:1262} INFO - Executing <Task(GreatExpectationsOperator): great_expectations_sources.sources.stripe__payment> on 2022-06-03 02:45:22.930448+00:00
[2022-06-04 02:46:49,690] {standard_task_runner.py:52} INFO - Started process 190 to run task
[2022-06-04 02:46:49,706] {standard_task_runner.py:76} INFO - Running: ['***', 'tasks', 'run', 'model_level_dbt_great_expectations_dag', 'great_expectations_sources.sources.stripe__payment', 'scheduled__2022-06-03T02:45:22.930448+00:00', '--job-id', '171', '--raw', '--subdir', 'DAGS_FOLDER/model_level_dbt_great_expectations_dag.py', '--cfg-path', '/tmp/tmpnw_m06ur', '--error-file', '/tmp/tmpve7c94bn']
[2022-06-04 02:46:49,712] {standard_task_runner.py:77} INFO - Job 171: Subtask great_expectations_sources.sources.stripe__payment
[2022-06-04 02:46:49,988] {logging_mixin.py:109} INFO - Running <TaskInstance: model_level_dbt_great_expectations_dag.great_expectations_sources.sources.stripe__payment scheduled__2022-06-03T02:45:22.930448+00:00 [running]> on host 3d17a0db806e
[2022-06-04 02:46:50,215] {taskinstance.py:1429} INFO - Exporting the following env vars:
AIRFLOW_CTX_DAG_OWNER=luciano.naveiro
AIRFLOW_CTX_DAG_ID=model_level_dbt_great_expectations_dag
AIRFLOW_CTX_TASK_ID=great_expectations_sources.sources.stripe__payment
AIRFLOW_CTX_EXECUTION_DATE=2022-06-03T02:45:22.930448+00:00
AIRFLOW_CTX_DAG_RUN_ID=scheduled__2022-06-03T02:45:22.930448+00:00
[2022-06-04 02:46:50,217] {great_expectations.py:122} INFO - Running validation with Great Expectations...
[2022-06-04 02:46:50,218] {great_expectations.py:125} INFO - Ensuring data context is valid...
[2022-06-04 02:46:51,703] {sqlalchemy_execution_engine.py:404} WARNING - schema_name specified creating a URL with schema is not supported. Set a default schema on the user connecting to your database.
[2022-06-04 02:46:51,720] {logging_mixin.py:109} WARNING - /home/***/.local/lib/python3.7/site-packages/great_expectations/datasource/data_connector/runtime_data_connector.py:135 DeprecationWarning: Specifying batch_identifiers as part of the RuntimeDataConnector config is deprecated as of v0.15.1 and will be removed by v0.18. Please configure batch_identifiers as part of Assets instead.
[2022-06-04 02:46:55,790] {validator.py:1669} INFO - 	24 expectation(s) included in expectation_suite.
[2022-06-04 02:46:56,815] {logging_mixin.py:109} WARNING - Calculating Metrics:   0%|          | 0/55 [00:00<?, ?it/s]
[2022-06-04 02:46:56,820] {logging_mixin.py:109} WARNING - Calculating Metrics:   0%|          | 0/55 [00:00<?, ?it/s]
[2022-06-04 02:46:56,848] {logging_mixin.py:109} WARNING - Calculating Metrics:   4%|3         | 2/55 [00:00<00:00, 70.92it/s]
[2022-06-04 02:46:56,967] {logging_mixin.py:109} WARNING - Calculating Metrics:   7%|7         | 4/55 [00:00<00:01, 27.14it/s]
[2022-06-04 02:46:56,969] {logging_mixin.py:109} WARNING - Calculating Metrics:   7%|7         | 4/55 [00:00<00:01, 27.14it/s]
[2022-06-04 02:46:57,128] {logging_mixin.py:109} WARNING - Calculating Metrics:  35%|###4      | 19/55 [00:00<00:00, 67.43it/s]
[2022-06-04 02:46:57,129] {logging_mixin.py:109} WARNING - Calculating Metrics:  35%|###4      | 19/55 [00:00<00:00, 67.43it/s]
[2022-06-04 02:46:57,314] {util.py:247} WARNING - Using lossy conversion for decimal 1469.1666666666666667 to float object to support serialization.
[2022-06-04 02:46:57,316] {logging_mixin.py:109} WARNING - Calculating Metrics:  78%|#######8  | 43/55 [00:00<00:00, 97.81it/s]
[2022-06-04 02:46:57,317] {logging_mixin.py:109} WARNING - Calculating Metrics:  78%|#######8  | 43/55 [00:00<00:00, 97.81it/s]
[2022-06-04 02:46:57,422] {logging_mixin.py:109} WARNING - Calculating Metrics:  96%|#########6| 53/55 [00:00<00:00, 96.71it/s]
[2022-06-04 02:46:57,423] {logging_mixin.py:109} WARNING - Calculating Metrics:  96%|#########6| 53/55 [00:00<00:00, 96.71it/s]
[2022-06-04 02:46:57,478] {logging_mixin.py:109} WARNING - Calculating Metrics:  98%|#########8| 54/55 [00:00<00:00, 96.71it/s]
[2022-06-04 02:46:57,534] {logging_mixin.py:109} WARNING - Calculating Metrics: 100%|##########| 55/55 [00:00<00:00, 96.71it/s]
[2022-06-04 02:46:57,586] {logging_mixin.py:109} WARNING - Calculating Metrics: 100%|##########| 55/55 [00:00<00:00, 96.71it/s]
[2022-06-04 02:46:57,588] {logging_mixin.py:109} WARNING - Calculating Metrics: 100%|##########| 55/55 [00:00<00:00, 71.60it/s]
[2022-06-04 02:46:57,589] {logging_mixin.py:109} WARNING - 
[2022-06-04 02:47:01,288] {great_expectations.py:197} INFO - Validation with Great Expectations successful.
[2022-06-04 02:47:01,351] {taskinstance.py:1280} INFO - Marking task as SUCCESS. dag_id=model_level_dbt_great_expectations_dag, task_id=great_expectations_sources.sources.stripe__payment, execution_date=20220603T024522, start_date=20220604T024649, end_date=20220604T024701
[2022-06-04 02:47:01,413] {local_task_job.py:154} INFO - Task exited with return code 0
[2022-06-04 02:47:01,520] {local_task_job.py:264} INFO - 1 downstream tasks scheduled from follow-on schedule check
