[2022-05-18 22:37:38,742] {taskinstance.py:1035} INFO - Dependencies all met for <TaskInstance: model_level_dbt_great_expectations_dag.great_expectations_sources.sources.stripe__payment scheduled__2022-05-17T22:12:00.138285+00:00 [queued]>
[2022-05-18 22:37:38,805] {taskinstance.py:1035} INFO - Dependencies all met for <TaskInstance: model_level_dbt_great_expectations_dag.great_expectations_sources.sources.stripe__payment scheduled__2022-05-17T22:12:00.138285+00:00 [queued]>
[2022-05-18 22:37:38,808] {taskinstance.py:1241} INFO - 
--------------------------------------------------------------------------------
[2022-05-18 22:37:38,811] {taskinstance.py:1242} INFO - Starting attempt 1 of 4
[2022-05-18 22:37:38,813] {taskinstance.py:1243} INFO - 
--------------------------------------------------------------------------------
[2022-05-18 22:37:38,891] {taskinstance.py:1262} INFO - Executing <Task(GreatExpectationsOperator): great_expectations_sources.sources.stripe__payment> on 2022-05-17 22:12:00.138285+00:00
[2022-05-18 22:37:38,921] {standard_task_runner.py:52} INFO - Started process 579 to run task
[2022-05-18 22:37:38,939] {standard_task_runner.py:76} INFO - Running: ['***', 'tasks', 'run', 'model_level_dbt_great_expectations_dag', 'great_expectations_sources.sources.stripe__payment', 'scheduled__2022-05-17T22:12:00.138285+00:00', '--job-id', '116', '--raw', '--subdir', 'DAGS_FOLDER/model_level_dbt_great_expectations_dag.py', '--cfg-path', '/tmp/tmpsyzpjs5j', '--error-file', '/tmp/tmpt5op5f__']
[2022-05-18 22:37:38,957] {standard_task_runner.py:77} INFO - Job 116: Subtask great_expectations_sources.sources.stripe__payment
[2022-05-18 22:37:39,137] {logging_mixin.py:109} INFO - Running <TaskInstance: model_level_dbt_great_expectations_dag.great_expectations_sources.sources.stripe__payment scheduled__2022-05-17T22:12:00.138285+00:00 [running]> on host 3db539bd1596
[2022-05-18 22:37:39,258] {taskinstance.py:1429} INFO - Exporting the following env vars:
AIRFLOW_CTX_DAG_OWNER=luciano.naveiro
AIRFLOW_CTX_DAG_ID=model_level_dbt_great_expectations_dag
AIRFLOW_CTX_TASK_ID=great_expectations_sources.sources.stripe__payment
AIRFLOW_CTX_EXECUTION_DATE=2022-05-17T22:12:00.138285+00:00
AIRFLOW_CTX_DAG_RUN_ID=scheduled__2022-05-17T22:12:00.138285+00:00
[2022-05-18 22:37:39,261] {great_expectations.py:122} INFO - Running validation with Great Expectations...
[2022-05-18 22:37:39,262] {great_expectations.py:125} INFO - Ensuring data context is valid...
[2022-05-18 22:37:41,715] {sqlalchemy_execution_engine.py:404} WARNING - schema_name specified creating a URL with schema is not supported. Set a default schema on the user connecting to your database.
[2022-05-18 22:37:41,746] {logging_mixin.py:109} WARNING - /home/***/.local/lib/python3.7/site-packages/great_expectations/datasource/data_connector/runtime_data_connector.py:135 DeprecationWarning: Specifying batch_identifiers as part of the RuntimeDataConnector config is deprecated as of v0.15.1 and will be removed by v0.18. Please configure batch_identifiers as part of Assets instead.
[2022-05-18 22:37:48,873] {validator.py:1669} INFO - 	24 expectation(s) included in expectation_suite.
[2022-05-18 22:37:49,722] {logging_mixin.py:109} WARNING - Calculating Metrics:   0%|          | 0/55 [00:00<?, ?it/s]
[2022-05-18 22:37:49,725] {logging_mixin.py:109} WARNING - Calculating Metrics:   0%|          | 0/55 [00:00<?, ?it/s]
[2022-05-18 22:37:49,742] {logging_mixin.py:109} WARNING - Calculating Metrics:   4%|3         | 2/55 [00:00<00:00, 120.46it/s]
[2022-05-18 22:37:49,947] {logging_mixin.py:109} WARNING - Calculating Metrics:   7%|7         | 4/55 [00:00<00:02, 18.02it/s] 
[2022-05-18 22:37:49,949] {logging_mixin.py:109} WARNING - Calculating Metrics:   7%|7         | 4/55 [00:00<00:02, 18.02it/s]
[2022-05-18 22:37:50,140] {logging_mixin.py:109} WARNING - Calculating Metrics:  35%|###4      | 19/55 [00:00<00:00, 51.15it/s]
[2022-05-18 22:37:50,143] {logging_mixin.py:109} WARNING - Calculating Metrics:  35%|###4      | 19/55 [00:00<00:00, 51.15it/s]
[2022-05-18 22:37:50,260] {util.py:247} WARNING - Using lossy conversion for decimal 1469.1666666666666667 to float object to support serialization.
[2022-05-18 22:37:50,261] {logging_mixin.py:109} WARNING - Calculating Metrics:  78%|#######8  | 43/55 [00:00<00:00, 99.94it/s]
[2022-05-18 22:37:50,262] {logging_mixin.py:109} WARNING - Calculating Metrics:  78%|#######8  | 43/55 [00:00<00:00, 99.94it/s]
[2022-05-18 22:37:50,423] {logging_mixin.py:109} WARNING - Calculating Metrics:  96%|#########6| 53/55 [00:00<00:00, 99.94it/s]
[2022-05-18 22:37:50,543] {logging_mixin.py:109} WARNING - Calculating Metrics:  98%|#########8| 54/55 [00:00<00:00, 99.94it/s]
[2022-05-18 22:37:50,668] {logging_mixin.py:109} WARNING - Calculating Metrics: 100%|##########| 55/55 [00:00<00:00, 56.73it/s]
[2022-05-18 22:37:50,672] {logging_mixin.py:109} WARNING - Calculating Metrics: 100%|##########| 55/55 [00:00<00:00, 56.73it/s]
[2022-05-18 22:37:51,029] {logging_mixin.py:109} WARNING - Calculating Metrics: 100%|##########| 55/55 [00:01<00:00, 56.73it/s]
[2022-05-18 22:37:51,060] {logging_mixin.py:109} WARNING - Calculating Metrics: 100%|##########| 55/55 [00:01<00:00, 41.21it/s]
[2022-05-18 22:37:51,065] {logging_mixin.py:109} WARNING - 
[2022-05-18 22:38:00,040] {great_expectations.py:197} INFO - Validation with Great Expectations successful.
[2022-05-18 22:38:00,234] {taskinstance.py:1280} INFO - Marking task as SUCCESS. dag_id=model_level_dbt_great_expectations_dag, task_id=great_expectations_sources.sources.stripe__payment, execution_date=20220517T221200, start_date=20220518T223738, end_date=20220518T223800
[2022-05-18 22:38:00,379] {local_task_job.py:154} INFO - Task exited with return code 0
[2022-05-18 22:38:00,672] {local_task_job.py:264} INFO - 0 downstream tasks scheduled from follow-on schedule check
