[2022-05-18 23:01:06,491] {taskinstance.py:1035} INFO - Dependencies all met for <TaskInstance: model_level_dbt_great_expectations_dag.great_expectations_sources.sources.stripe__payment scheduled__2022-05-17T22:12:00.138285+00:00 [queued]>
[2022-05-18 23:01:06,524] {taskinstance.py:1035} INFO - Dependencies all met for <TaskInstance: model_level_dbt_great_expectations_dag.great_expectations_sources.sources.stripe__payment scheduled__2022-05-17T22:12:00.138285+00:00 [queued]>
[2022-05-18 23:01:06,525] {taskinstance.py:1241} INFO - 
--------------------------------------------------------------------------------
[2022-05-18 23:01:06,526] {taskinstance.py:1242} INFO - Starting attempt 2 of 5
[2022-05-18 23:01:06,527] {taskinstance.py:1243} INFO - 
--------------------------------------------------------------------------------
[2022-05-18 23:01:06,548] {taskinstance.py:1262} INFO - Executing <Task(GreatExpectationsOperator): great_expectations_sources.sources.stripe__payment> on 2022-05-17 22:12:00.138285+00:00
[2022-05-18 23:01:06,563] {standard_task_runner.py:52} INFO - Started process 148 to run task
[2022-05-18 23:01:06,579] {standard_task_runner.py:76} INFO - Running: ['***', 'tasks', 'run', 'model_level_dbt_great_expectations_dag', 'great_expectations_sources.sources.stripe__payment', 'scheduled__2022-05-17T22:12:00.138285+00:00', '--job-id', '127', '--raw', '--subdir', 'DAGS_FOLDER/model_level_dbt_great_expectations_dag.py', '--cfg-path', '/tmp/tmpiq_2xyws', '--error-file', '/tmp/tmpv2vj3701']
[2022-05-18 23:01:06,583] {standard_task_runner.py:77} INFO - Job 127: Subtask great_expectations_sources.sources.stripe__payment
[2022-05-18 23:01:06,701] {logging_mixin.py:109} INFO - Running <TaskInstance: model_level_dbt_great_expectations_dag.great_expectations_sources.sources.stripe__payment scheduled__2022-05-17T22:12:00.138285+00:00 [running]> on host 3d7cb1bfa13d
[2022-05-18 23:01:06,797] {taskinstance.py:1429} INFO - Exporting the following env vars:
AIRFLOW_CTX_DAG_OWNER=luciano.naveiro
AIRFLOW_CTX_DAG_ID=model_level_dbt_great_expectations_dag
AIRFLOW_CTX_TASK_ID=great_expectations_sources.sources.stripe__payment
AIRFLOW_CTX_EXECUTION_DATE=2022-05-17T22:12:00.138285+00:00
AIRFLOW_CTX_DAG_RUN_ID=scheduled__2022-05-17T22:12:00.138285+00:00
[2022-05-18 23:01:06,799] {great_expectations.py:122} INFO - Running validation with Great Expectations...
[2022-05-18 23:01:06,800] {great_expectations.py:125} INFO - Ensuring data context is valid...
[2022-05-18 23:01:07,627] {sqlalchemy_execution_engine.py:404} WARNING - schema_name specified creating a URL with schema is not supported. Set a default schema on the user connecting to your database.
[2022-05-18 23:01:07,659] {logging_mixin.py:109} WARNING - /home/***/.local/lib/python3.7/site-packages/great_expectations/datasource/data_connector/runtime_data_connector.py:135 DeprecationWarning: Specifying batch_identifiers as part of the RuntimeDataConnector config is deprecated as of v0.15.1 and will be removed by v0.18. Please configure batch_identifiers as part of Assets instead.
[2022-05-18 23:01:09,055] {validator.py:1669} INFO - 	24 expectation(s) included in expectation_suite.
[2022-05-18 23:01:09,655] {logging_mixin.py:109} WARNING - Calculating Metrics:   0%|          | 0/55 [00:00<?, ?it/s]
[2022-05-18 23:01:09,658] {logging_mixin.py:109} WARNING - Calculating Metrics:   0%|          | 0/55 [00:00<?, ?it/s]
[2022-05-18 23:01:09,702] {logging_mixin.py:109} WARNING - Calculating Metrics:   4%|3         | 2/55 [00:00<00:01, 44.84it/s]
[2022-05-18 23:01:10,054] {logging_mixin.py:109} WARNING - Calculating Metrics:   7%|7         | 4/55 [00:00<00:05, 10.10it/s]
[2022-05-18 23:01:10,061] {logging_mixin.py:109} WARNING - Calculating Metrics:   7%|7         | 4/55 [00:00<00:05, 10.10it/s]
[2022-05-18 23:01:10,313] {logging_mixin.py:109} WARNING - Calculating Metrics:  35%|###4      | 19/55 [00:00<00:01, 33.20it/s]
[2022-05-18 23:01:10,314] {logging_mixin.py:109} WARNING - Calculating Metrics:  35%|###4      | 19/55 [00:00<00:01, 33.20it/s]
[2022-05-18 23:01:10,483] {util.py:247} WARNING - Using lossy conversion for decimal 1469.1666666666666667 to float object to support serialization.
[2022-05-18 23:01:10,485] {logging_mixin.py:109} WARNING - Calculating Metrics:  78%|#######8  | 43/55 [00:00<00:00, 66.62it/s]
[2022-05-18 23:01:10,486] {logging_mixin.py:109} WARNING - Calculating Metrics:  78%|#######8  | 43/55 [00:00<00:00, 66.62it/s]
[2022-05-18 23:01:10,571] {logging_mixin.py:109} WARNING - Calculating Metrics:  96%|#########6| 53/55 [00:00<00:00, 66.62it/s]
[2022-05-18 23:01:10,840] {logging_mixin.py:109} WARNING - Calculating Metrics:  98%|#########8| 54/55 [00:01<00:00, 49.50it/s]
[2022-05-18 23:01:10,843] {logging_mixin.py:109} WARNING - Calculating Metrics:  98%|#########8| 54/55 [00:01<00:00, 49.50it/s]
[2022-05-18 23:01:11,036] {logging_mixin.py:109} WARNING - Calculating Metrics: 100%|##########| 55/55 [00:01<00:00, 49.50it/s]
[2022-05-18 23:01:11,130] {logging_mixin.py:109} WARNING - Calculating Metrics: 100%|##########| 55/55 [00:01<00:00, 49.50it/s]
[2022-05-18 23:01:11,137] {logging_mixin.py:109} WARNING - Calculating Metrics: 100%|##########| 55/55 [00:01<00:00, 37.20it/s]
[2022-05-18 23:01:11,141] {logging_mixin.py:109} WARNING - 
[2022-05-18 23:01:17,933] {great_expectations.py:197} INFO - Validation with Great Expectations successful.
[2022-05-18 23:01:18,487] {taskinstance.py:1280} INFO - Marking task as SUCCESS. dag_id=model_level_dbt_great_expectations_dag, task_id=great_expectations_sources.sources.stripe__payment, execution_date=20220517T221200, start_date=20220518T230106, end_date=20220518T230118
[2022-05-18 23:01:18,630] {local_task_job.py:154} INFO - Task exited with return code 0
[2022-05-18 23:01:18,782] {local_task_job.py:264} INFO - 1 downstream tasks scheduled from follow-on schedule check
