[2022-05-16 23:44:26,100] {taskinstance.py:1035} INFO - Dependencies all met for <TaskInstance: model_level_dbt_dag.dbt_run.model.jaffle_shop.int_orders scheduled__2022-05-15T16:00:47.250021+00:00 [queued]>
[2022-05-16 23:44:26,129] {taskinstance.py:1035} INFO - Dependencies all met for <TaskInstance: model_level_dbt_dag.dbt_run.model.jaffle_shop.int_orders scheduled__2022-05-15T16:00:47.250021+00:00 [queued]>
[2022-05-16 23:44:26,131] {taskinstance.py:1241} INFO - 
--------------------------------------------------------------------------------
[2022-05-16 23:44:26,132] {taskinstance.py:1242} INFO - Starting attempt 1 of 1
[2022-05-16 23:44:26,133] {taskinstance.py:1243} INFO - 
--------------------------------------------------------------------------------
[2022-05-16 23:44:26,150] {taskinstance.py:1262} INFO - Executing <Task(BashOperator): dbt_run.model.jaffle_shop.int_orders> on 2022-05-15 16:00:47.250021+00:00
[2022-05-16 23:44:26,158] {standard_task_runner.py:52} INFO - Started process 247 to run task
[2022-05-16 23:44:26,164] {standard_task_runner.py:76} INFO - Running: ['***', 'tasks', 'run', 'model_level_dbt_dag', 'dbt_run.model.jaffle_shop.int_orders', 'scheduled__2022-05-15T16:00:47.250021+00:00', '--job-id', '459', '--raw', '--subdir', 'DAGS_FOLDER/model_level_dbt_dag.py', '--cfg-path', '/tmp/tmp2jem_ds7', '--error-file', '/tmp/tmp9x1dhc2n']
[2022-05-16 23:44:26,166] {standard_task_runner.py:77} INFO - Job 459: Subtask dbt_run.model.jaffle_shop.int_orders
[2022-05-16 23:44:26,255] {logging_mixin.py:109} INFO - Running <TaskInstance: model_level_dbt_dag.dbt_run.model.jaffle_shop.int_orders scheduled__2022-05-15T16:00:47.250021+00:00 [running]> on host a97e89df0c52
[2022-05-16 23:44:26,344] {taskinstance.py:1429} INFO - Exporting the following env vars:
AIRFLOW_CTX_DAG_OWNER=***
AIRFLOW_CTX_DAG_ID=model_level_dbt_dag
AIRFLOW_CTX_TASK_ID=dbt_run.model.jaffle_shop.int_orders
AIRFLOW_CTX_EXECUTION_DATE=2022-05-15T16:00:47.250021+00:00
AIRFLOW_CTX_DAG_RUN_ID=scheduled__2022-05-15T16:00:47.250021+00:00
[2022-05-16 23:44:26,348] {subprocess.py:62} INFO - Tmp dir root location: 
 /tmp
[2022-05-16 23:44:26,352] {subprocess.py:74} INFO - Running command: ['bash', '-c', 'dbt --no-write-json run --target dev --models int_orders --profiles-dir /opt/dbt/jaffle_shop --project-dir /opt/dbt/jaffle_shop']
[2022-05-16 23:44:26,376] {subprocess.py:85} INFO - Output:
[2022-05-16 23:44:30,939] {subprocess.py:89} INFO - 23:44:30  Running with dbt=1.1.0
[2022-05-16 23:44:31,071] {subprocess.py:89} INFO - 23:44:31  Found 5 models, 13 tests, 0 snapshots, 0 analyses, 170 macros, 0 operations, 0 seed files, 3 sources, 0 exposures, 0 metrics
[2022-05-16 23:44:31,077] {subprocess.py:89} INFO - 23:44:31
[2022-05-16 23:44:31,222] {subprocess.py:89} INFO - 23:44:31  Concurrency: 1 threads (target='dev')
[2022-05-16 23:44:31,225] {subprocess.py:89} INFO - 23:44:31
[2022-05-16 23:44:31,241] {subprocess.py:89} INFO - 23:44:31  1 of 1 START view model dev.int_orders ......................................... [RUN]
[2022-05-16 23:44:31,371] {subprocess.py:89} INFO - 23:44:31  1 of 1 OK created view model dev.int_orders .................................... [[32mCREATE VIEW[0m in 0.13s]
[2022-05-16 23:44:31,463] {subprocess.py:89} INFO - 23:44:31
[2022-05-16 23:44:31,465] {subprocess.py:89} INFO - 23:44:31  Finished running 1 view model in 0.38s.
[2022-05-16 23:44:31,472] {subprocess.py:89} INFO - 23:44:31
[2022-05-16 23:44:31,474] {subprocess.py:89} INFO - 23:44:31  [32mCompleted successfully[0m
[2022-05-16 23:44:31,476] {subprocess.py:89} INFO - 23:44:31
[2022-05-16 23:44:31,480] {subprocess.py:89} INFO - 23:44:31  Done. PASS=1 WARN=0 ERROR=0 SKIP=0 TOTAL=1
[2022-05-16 23:44:32,546] {subprocess.py:93} INFO - Command exited with return code 0
[2022-05-16 23:44:32,579] {taskinstance.py:1280} INFO - Marking task as SUCCESS. dag_id=model_level_dbt_dag, task_id=dbt_run.model.jaffle_shop.int_orders, execution_date=20220515T160047, start_date=20220516T234426, end_date=20220516T234432
[2022-05-16 23:44:32,606] {local_task_job.py:154} INFO - Task exited with return code 0
[2022-05-16 23:44:32,656] {local_task_job.py:264} INFO - 1 downstream tasks scheduled from follow-on schedule check
