[2022-05-17 00:43:06,224] {taskinstance.py:1035} INFO - Dependencies all met for <TaskInstance: model_level_dbt_dag.dbt_run.model.jaffle_shop.int_orders scheduled__2022-05-15T16:00:47.250021+00:00 [queued]>
[2022-05-17 00:43:06,239] {taskinstance.py:1035} INFO - Dependencies all met for <TaskInstance: model_level_dbt_dag.dbt_run.model.jaffle_shop.int_orders scheduled__2022-05-15T16:00:47.250021+00:00 [queued]>
[2022-05-17 00:43:06,240] {taskinstance.py:1241} INFO - 
--------------------------------------------------------------------------------
[2022-05-17 00:43:06,241] {taskinstance.py:1242} INFO - Starting attempt 3 of 6
[2022-05-17 00:43:06,242] {taskinstance.py:1243} INFO - 
--------------------------------------------------------------------------------
[2022-05-17 00:43:06,256] {taskinstance.py:1262} INFO - Executing <Task(BashOperator): dbt_run.model.jaffle_shop.int_orders> on 2022-05-15 16:00:47.250021+00:00
[2022-05-17 00:43:06,261] {standard_task_runner.py:52} INFO - Started process 173 to run task
[2022-05-17 00:43:06,266] {standard_task_runner.py:76} INFO - Running: ['***', 'tasks', 'run', 'model_level_dbt_dag', 'dbt_run.model.jaffle_shop.int_orders', 'scheduled__2022-05-15T16:00:47.250021+00:00', '--job-id', '493', '--raw', '--subdir', 'DAGS_FOLDER/model_level_dbt_dag.py', '--cfg-path', '/tmp/tmp663l4ilb', '--error-file', '/tmp/tmpi0h540th']
[2022-05-17 00:43:06,267] {standard_task_runner.py:77} INFO - Job 493: Subtask dbt_run.model.jaffle_shop.int_orders
[2022-05-17 00:43:06,317] {logging_mixin.py:109} INFO - Running <TaskInstance: model_level_dbt_dag.dbt_run.model.jaffle_shop.int_orders scheduled__2022-05-15T16:00:47.250021+00:00 [running]> on host 5b92c0eb864a
[2022-05-17 00:43:06,373] {taskinstance.py:1429} INFO - Exporting the following env vars:
AIRFLOW_CTX_DAG_OWNER=luciano.naveiro
AIRFLOW_CTX_DAG_ID=model_level_dbt_dag
AIRFLOW_CTX_TASK_ID=dbt_run.model.jaffle_shop.int_orders
AIRFLOW_CTX_EXECUTION_DATE=2022-05-15T16:00:47.250021+00:00
AIRFLOW_CTX_DAG_RUN_ID=scheduled__2022-05-15T16:00:47.250021+00:00
[2022-05-17 00:43:06,375] {subprocess.py:62} INFO - Tmp dir root location: 
 /tmp
[2022-05-17 00:43:06,377] {subprocess.py:74} INFO - Running command: ['bash', '-c', 'dbt --no-write-json run --target dev --models int_orders --profiles-dir /opt/dbt/jaffle_shop --project-dir /opt/dbt/jaffle_shop']
[2022-05-17 00:43:06,389] {subprocess.py:85} INFO - Output:
[2022-05-17 00:43:09,938] {subprocess.py:89} INFO - 00:43:09  Running with dbt=1.1.0
[2022-05-17 00:43:10,062] {subprocess.py:89} INFO - 00:43:10  Found 5 models, 13 tests, 0 snapshots, 0 analyses, 170 macros, 0 operations, 0 seed files, 3 sources, 0 exposures, 0 metrics
[2022-05-17 00:43:10,070] {subprocess.py:89} INFO - 00:43:10
[2022-05-17 00:43:10,210] {subprocess.py:89} INFO - 00:43:10  Concurrency: 1 threads (target='dev')
[2022-05-17 00:43:10,213] {subprocess.py:89} INFO - 00:43:10
[2022-05-17 00:43:10,228] {subprocess.py:89} INFO - 00:43:10  1 of 1 START view model dev.int_orders ......................................... [RUN]
[2022-05-17 00:43:10,350] {subprocess.py:89} INFO - 00:43:10  1 of 1 OK created view model dev.int_orders .................................... [[32mCREATE VIEW[0m in 0.12s]
[2022-05-17 00:43:10,447] {subprocess.py:89} INFO - 00:43:10
[2022-05-17 00:43:10,449] {subprocess.py:89} INFO - 00:43:10  Finished running 1 view model in 0.37s.
[2022-05-17 00:43:10,455] {subprocess.py:89} INFO - 00:43:10
[2022-05-17 00:43:10,457] {subprocess.py:89} INFO - 00:43:10  [32mCompleted successfully[0m
[2022-05-17 00:43:10,460] {subprocess.py:89} INFO - 00:43:10
[2022-05-17 00:43:10,462] {subprocess.py:89} INFO - 00:43:10  Done. PASS=1 WARN=0 ERROR=0 SKIP=0 TOTAL=1
[2022-05-17 00:43:11,539] {subprocess.py:93} INFO - Command exited with return code 0
[2022-05-17 00:43:11,575] {taskinstance.py:1280} INFO - Marking task as SUCCESS. dag_id=model_level_dbt_dag, task_id=dbt_run.model.jaffle_shop.int_orders, execution_date=20220515T160047, start_date=20220517T004306, end_date=20220517T004311
[2022-05-17 00:43:11,614] {local_task_job.py:154} INFO - Task exited with return code 0
[2022-05-17 00:43:11,696] {local_task_job.py:264} INFO - 1 downstream tasks scheduled from follow-on schedule check
