[2022-06-04 02:56:58,933] {taskinstance.py:1035} INFO - Dependencies all met for <TaskInstance: model_level_dbt_great_expectations_dag.great_expectations_sources.sources.stripe__payment scheduled__2022-06-03T02:56:49.432006+00:00 [queued]>
[2022-06-04 02:56:58,967] {taskinstance.py:1035} INFO - Dependencies all met for <TaskInstance: model_level_dbt_great_expectations_dag.great_expectations_sources.sources.stripe__payment scheduled__2022-06-03T02:56:49.432006+00:00 [queued]>
[2022-06-04 02:56:58,968] {taskinstance.py:1241} INFO - 
--------------------------------------------------------------------------------
[2022-06-04 02:56:58,972] {taskinstance.py:1242} INFO - Starting attempt 1 of 4
[2022-06-04 02:56:58,973] {taskinstance.py:1243} INFO - 
--------------------------------------------------------------------------------
[2022-06-04 02:56:58,997] {taskinstance.py:1262} INFO - Executing <Task(GreatExpectationsOperator): great_expectations_sources.sources.stripe__payment> on 2022-06-03 02:56:49.432006+00:00
[2022-06-04 02:56:59,030] {standard_task_runner.py:52} INFO - Started process 943 to run task
[2022-06-04 02:56:59,038] {standard_task_runner.py:76} INFO - Running: ['***', 'tasks', 'run', 'model_level_dbt_great_expectations_dag', 'great_expectations_sources.sources.stripe__payment', 'scheduled__2022-06-03T02:56:49.432006+00:00', '--job-id', '199', '--raw', '--subdir', 'DAGS_FOLDER/model_level_dbt_great_expectations_dag.py', '--cfg-path', '/tmp/tmp2t06of7s', '--error-file', '/tmp/tmpjlg3gjme']
[2022-06-04 02:56:59,041] {standard_task_runner.py:77} INFO - Job 199: Subtask great_expectations_sources.sources.stripe__payment
[2022-06-04 02:56:59,132] {logging_mixin.py:109} INFO - Running <TaskInstance: model_level_dbt_great_expectations_dag.great_expectations_sources.sources.stripe__payment scheduled__2022-06-03T02:56:49.432006+00:00 [running]> on host 3d17a0db806e
[2022-06-04 02:56:59,243] {taskinstance.py:1429} INFO - Exporting the following env vars:
AIRFLOW_CTX_DAG_OWNER=luciano.naveiro
AIRFLOW_CTX_DAG_ID=model_level_dbt_great_expectations_dag
AIRFLOW_CTX_TASK_ID=great_expectations_sources.sources.stripe__payment
AIRFLOW_CTX_EXECUTION_DATE=2022-06-03T02:56:49.432006+00:00
AIRFLOW_CTX_DAG_RUN_ID=scheduled__2022-06-03T02:56:49.432006+00:00
[2022-06-04 02:56:59,246] {great_expectations.py:122} INFO - Running validation with Great Expectations...
[2022-06-04 02:56:59,251] {great_expectations.py:125} INFO - Ensuring data context is valid...
[2022-06-04 02:57:00,924] {sqlalchemy_execution_engine.py:404} WARNING - schema_name specified creating a URL with schema is not supported. Set a default schema on the user connecting to your database.
[2022-06-04 02:57:00,927] {logging_mixin.py:109} WARNING - /home/***/.local/lib/python3.7/site-packages/great_expectations/datasource/data_connector/runtime_data_connector.py:135 DeprecationWarning: Specifying batch_identifiers as part of the RuntimeDataConnector config is deprecated as of v0.15.1 and will be removed by v0.18. Please configure batch_identifiers as part of Assets instead.
[2022-06-04 02:57:02,604] {validator.py:1669} INFO - 	24 expectation(s) included in expectation_suite.
[2022-06-04 02:57:03,435] {logging_mixin.py:109} WARNING - Calculating Metrics:   0%|          | 0/55 [00:00<?, ?it/s]
[2022-06-04 02:57:03,437] {logging_mixin.py:109} WARNING - Calculating Metrics:   0%|          | 0/55 [00:00<?, ?it/s]
[2022-06-04 02:57:03,477] {logging_mixin.py:109} WARNING - Calculating Metrics:   4%|3         | 2/55 [00:00<00:01, 50.89it/s]
[2022-06-04 02:57:03,603] {logging_mixin.py:109} WARNING - Calculating Metrics:   7%|7         | 4/55 [00:00<00:02, 24.23it/s]
[2022-06-04 02:57:03,604] {logging_mixin.py:109} WARNING - Calculating Metrics:   7%|7         | 4/55 [00:00<00:02, 24.23it/s]
[2022-06-04 02:57:03,766] {logging_mixin.py:109} WARNING - Calculating Metrics:  35%|###4      | 19/55 [00:00<00:00, 63.92it/s]
[2022-06-04 02:57:03,768] {logging_mixin.py:109} WARNING - Calculating Metrics:  35%|###4      | 19/55 [00:00<00:00, 63.92it/s]
[2022-06-04 02:57:03,984] {util.py:247} WARNING - Using lossy conversion for decimal 1469.1666666666666667 to float object to support serialization.
[2022-06-04 02:57:03,986] {logging_mixin.py:109} WARNING - Calculating Metrics:  78%|#######8  | 43/55 [00:00<00:00, 87.94it/s]
[2022-06-04 02:57:03,988] {logging_mixin.py:109} WARNING - Calculating Metrics:  78%|#######8  | 43/55 [00:00<00:00, 87.94it/s]
[2022-06-04 02:57:04,199] {logging_mixin.py:109} WARNING - Calculating Metrics:  96%|#########6| 53/55 [00:00<00:00, 70.44it/s]
[2022-06-04 02:57:04,203] {logging_mixin.py:109} WARNING - Calculating Metrics:  96%|#########6| 53/55 [00:00<00:00, 70.44it/s]
[2022-06-04 02:57:04,305] {logging_mixin.py:109} WARNING - Calculating Metrics:  98%|#########8| 54/55 [00:00<00:00, 70.44it/s]
[2022-06-04 02:57:04,500] {logging_mixin.py:109} WARNING - Calculating Metrics: 100%|##########| 55/55 [00:01<00:00, 70.44it/s]
[2022-06-04 02:57:04,636] {logging_mixin.py:109} WARNING - Calculating Metrics: 100%|##########| 55/55 [00:01<00:00, 70.44it/s]
[2022-06-04 02:57:04,637] {logging_mixin.py:109} WARNING - Calculating Metrics: 100%|##########| 55/55 [00:01<00:00, 45.84it/s]
[2022-06-04 02:57:04,639] {logging_mixin.py:109} WARNING - 
[2022-06-04 02:57:07,264] {great_expectations.py:197} INFO - Validation with Great Expectations successful.
[2022-06-04 02:57:07,392] {taskinstance.py:1280} INFO - Marking task as SUCCESS. dag_id=model_level_dbt_great_expectations_dag, task_id=great_expectations_sources.sources.stripe__payment, execution_date=20220603T025649, start_date=20220604T025658, end_date=20220604T025707
[2022-06-04 02:57:07,486] {local_task_job.py:154} INFO - Task exited with return code 0
[2022-06-04 02:57:07,591] {local_task_job.py:264} INFO - 1 downstream tasks scheduled from follow-on schedule check
