[2022-06-04 20:37:22,211] {taskinstance.py:1035} INFO - Dependencies all met for <TaskInstance: model_level_dbt_great_expectations_dag.great_expectations_sources.sources.stripe__payment scheduled__2022-06-03T02:56:49.432006+00:00 [queued]>
[2022-06-04 20:37:22,239] {taskinstance.py:1035} INFO - Dependencies all met for <TaskInstance: model_level_dbt_great_expectations_dag.great_expectations_sources.sources.stripe__payment scheduled__2022-06-03T02:56:49.432006+00:00 [queued]>
[2022-06-04 20:37:22,240] {taskinstance.py:1241} INFO - 
--------------------------------------------------------------------------------
[2022-06-04 20:37:22,243] {taskinstance.py:1242} INFO - Starting attempt 2 of 5
[2022-06-04 20:37:22,244] {taskinstance.py:1243} INFO - 
--------------------------------------------------------------------------------
[2022-06-04 20:37:22,261] {taskinstance.py:1262} INFO - Executing <Task(GreatExpectationsOperator): great_expectations_sources.sources.stripe__payment> on 2022-06-03 02:56:49.432006+00:00
[2022-06-04 20:37:22,272] {standard_task_runner.py:52} INFO - Started process 972 to run task
[2022-06-04 20:37:22,285] {standard_task_runner.py:76} INFO - Running: ['***', 'tasks', 'run', 'model_level_dbt_great_expectations_dag', 'great_expectations_sources.sources.stripe__payment', 'scheduled__2022-06-03T02:56:49.432006+00:00', '--job-id', '300', '--raw', '--subdir', 'DAGS_FOLDER/model_level_dbt_great_expectations_dag.py', '--cfg-path', '/tmp/tmp2al5je9a', '--error-file', '/tmp/tmpojnl32_8']
[2022-06-04 20:37:22,291] {standard_task_runner.py:77} INFO - Job 300: Subtask great_expectations_sources.sources.stripe__payment
[2022-06-04 20:37:22,388] {logging_mixin.py:109} INFO - Running <TaskInstance: model_level_dbt_great_expectations_dag.great_expectations_sources.sources.stripe__payment scheduled__2022-06-03T02:56:49.432006+00:00 [running]> on host 0c1ca7618279
[2022-06-04 20:37:22,636] {taskinstance.py:1429} INFO - Exporting the following env vars:
AIRFLOW_CTX_DAG_OWNER=luciano.naveiro
AIRFLOW_CTX_DAG_ID=model_level_dbt_great_expectations_dag
AIRFLOW_CTX_TASK_ID=great_expectations_sources.sources.stripe__payment
AIRFLOW_CTX_EXECUTION_DATE=2022-06-03T02:56:49.432006+00:00
AIRFLOW_CTX_DAG_RUN_ID=scheduled__2022-06-03T02:56:49.432006+00:00
[2022-06-04 20:37:22,638] {great_expectations.py:122} INFO - Running validation with Great Expectations...
[2022-06-04 20:37:22,639] {great_expectations.py:125} INFO - Ensuring data context is valid...
[2022-06-04 20:37:23,604] {sqlalchemy_execution_engine.py:404} WARNING - schema_name specified creating a URL with schema is not supported. Set a default schema on the user connecting to your database.
[2022-06-04 20:37:23,611] {logging_mixin.py:109} WARNING - /home/***/.local/lib/python3.7/site-packages/great_expectations/datasource/data_connector/runtime_data_connector.py:135 DeprecationWarning: Specifying batch_identifiers as part of the RuntimeDataConnector config is deprecated as of v0.15.1 and will be removed by v0.18. Please configure batch_identifiers as part of Assets instead.
[2022-06-04 20:37:25,324] {validator.py:1669} INFO - 	24 expectation(s) included in expectation_suite.
[2022-06-04 20:37:25,840] {logging_mixin.py:109} WARNING - Calculating Metrics:   0%|          | 0/55 [00:00<?, ?it/s]
[2022-06-04 20:37:25,842] {logging_mixin.py:109} WARNING - Calculating Metrics:   0%|          | 0/55 [00:00<?, ?it/s]
[2022-06-04 20:37:25,875] {logging_mixin.py:109} WARNING - Calculating Metrics:   4%|3         | 2/55 [00:00<00:00, 60.48it/s]
[2022-06-04 20:37:25,961] {logging_mixin.py:109} WARNING - Calculating Metrics:   7%|7         | 4/55 [00:00<00:01, 33.55it/s]
[2022-06-04 20:37:25,963] {logging_mixin.py:109} WARNING - Calculating Metrics:   7%|7         | 4/55 [00:00<00:01, 33.55it/s]
[2022-06-04 20:37:26,097] {logging_mixin.py:109} WARNING - Calculating Metrics:  35%|###4      | 19/55 [00:00<00:00, 81.34it/s]
[2022-06-04 20:37:26,098] {logging_mixin.py:109} WARNING - Calculating Metrics:  35%|###4      | 19/55 [00:00<00:00, 81.34it/s]
[2022-06-04 20:37:26,211] {util.py:247} WARNING - Using lossy conversion for decimal 1469.1666666666666667 to float object to support serialization.
[2022-06-04 20:37:26,212] {logging_mixin.py:109} WARNING - Calculating Metrics:  78%|#######8  | 43/55 [00:00<00:00, 135.58it/s]
[2022-06-04 20:37:26,214] {logging_mixin.py:109} WARNING - Calculating Metrics:  78%|#######8  | 43/55 [00:00<00:00, 135.58it/s]
[2022-06-04 20:37:26,281] {logging_mixin.py:109} WARNING - Calculating Metrics:  96%|#########6| 53/55 [00:00<00:00, 135.58it/s]
[2022-06-04 20:37:26,380] {logging_mixin.py:109} WARNING - Calculating Metrics:  98%|#########8| 54/55 [00:00<00:00, 135.58it/s]
[2022-06-04 20:37:26,479] {logging_mixin.py:109} WARNING - Calculating Metrics: 100%|##########| 55/55 [00:00<00:00, 135.58it/s]
[2022-06-04 20:37:26,568] {logging_mixin.py:109} WARNING - Calculating Metrics: 100%|##########| 55/55 [00:00<00:00, 135.58it/s]
[2022-06-04 20:37:26,570] {logging_mixin.py:109} WARNING - Calculating Metrics: 100%|##########| 55/55 [00:00<00:00, 75.52it/s] 
[2022-06-04 20:37:26,574] {logging_mixin.py:109} WARNING - 
[2022-06-04 20:37:30,213] {great_expectations.py:197} INFO - Validation with Great Expectations successful.
[2022-06-04 20:37:30,300] {taskinstance.py:1280} INFO - Marking task as SUCCESS. dag_id=model_level_dbt_great_expectations_dag, task_id=great_expectations_sources.sources.stripe__payment, execution_date=20220603T025649, start_date=20220604T203722, end_date=20220604T203730
[2022-06-04 20:37:30,385] {local_task_job.py:154} INFO - Task exited with return code 0
[2022-06-04 20:37:30,506] {local_task_job.py:264} INFO - 0 downstream tasks scheduled from follow-on schedule check
