[2022-06-04 20:28:37,858] {taskinstance.py:1035} INFO - Dependencies all met for <TaskInstance: model_level_dbt_dag.dbt_run.model.jaffle_shop.int_orders scheduled__2022-06-03T02:53:52.617168+00:00 [queued]>
[2022-06-04 20:28:37,872] {taskinstance.py:1035} INFO - Dependencies all met for <TaskInstance: model_level_dbt_dag.dbt_run.model.jaffle_shop.int_orders scheduled__2022-06-03T02:53:52.617168+00:00 [queued]>
[2022-06-04 20:28:37,873] {taskinstance.py:1241} INFO - 
--------------------------------------------------------------------------------
[2022-06-04 20:28:37,874] {taskinstance.py:1242} INFO - Starting attempt 2 of 5
[2022-06-04 20:28:37,875] {taskinstance.py:1243} INFO - 
--------------------------------------------------------------------------------
[2022-06-04 20:28:37,892] {taskinstance.py:1262} INFO - Executing <Task(BashOperator): dbt_run.model.jaffle_shop.int_orders> on 2022-06-03 02:53:52.617168+00:00
[2022-06-04 20:28:37,898] {standard_task_runner.py:52} INFO - Started process 360 to run task
[2022-06-04 20:28:37,905] {standard_task_runner.py:76} INFO - Running: ['***', 'tasks', 'run', 'model_level_dbt_dag', 'dbt_run.model.jaffle_shop.int_orders', 'scheduled__2022-06-03T02:53:52.617168+00:00', '--job-id', '280', '--raw', '--subdir', 'DAGS_FOLDER/model_level_dbt_dag.py', '--cfg-path', '/tmp/tmpt4iewvrn', '--error-file', '/tmp/tmpoqs_ex2g']
[2022-06-04 20:28:37,907] {standard_task_runner.py:77} INFO - Job 280: Subtask dbt_run.model.jaffle_shop.int_orders
[2022-06-04 20:28:37,962] {logging_mixin.py:109} INFO - Running <TaskInstance: model_level_dbt_dag.dbt_run.model.jaffle_shop.int_orders scheduled__2022-06-03T02:53:52.617168+00:00 [running]> on host 0c1ca7618279
[2022-06-04 20:28:38,031] {taskinstance.py:1429} INFO - Exporting the following env vars:
AIRFLOW_CTX_DAG_OWNER=luciano.naveiro
AIRFLOW_CTX_DAG_ID=model_level_dbt_dag
AIRFLOW_CTX_TASK_ID=dbt_run.model.jaffle_shop.int_orders
AIRFLOW_CTX_EXECUTION_DATE=2022-06-03T02:53:52.617168+00:00
AIRFLOW_CTX_DAG_RUN_ID=scheduled__2022-06-03T02:53:52.617168+00:00
[2022-06-04 20:28:38,034] {subprocess.py:62} INFO - Tmp dir root location: 
 /tmp
[2022-06-04 20:28:38,038] {subprocess.py:74} INFO - Running command: ['bash', '-c', 'dbt --no-write-json run --target dev --models int_orders --profiles-dir /opt/dbt/jaffle_shop --project-dir /opt/dbt/jaffle_shop --vars \'{"date": " 2022-06-03 " }\'']
[2022-06-04 20:28:38,058] {subprocess.py:85} INFO - Output:
[2022-06-04 20:28:41,964] {subprocess.py:89} INFO - 20:28:41  Running with dbt=1.1.0
[2022-06-04 20:28:42,191] {subprocess.py:89} INFO - 20:28:42  Found 5 models, 14 tests, 0 snapshots, 0 analyses, 170 macros, 0 operations, 0 seed files, 3 sources, 0 exposures, 0 metrics
[2022-06-04 20:28:42,200] {subprocess.py:89} INFO - 20:28:42
[2022-06-04 20:28:42,424] {subprocess.py:89} INFO - 20:28:42  Concurrency: 1 threads (target='dev')
[2022-06-04 20:28:42,439] {subprocess.py:89} INFO - 20:28:42
[2022-06-04 20:28:42,466] {subprocess.py:89} INFO - 20:28:42  1 of 1 START view model dev.int_orders ......................................... [RUN]
[2022-06-04 20:28:42,757] {subprocess.py:89} INFO - 20:28:42  1 of 1 OK created view model dev.int_orders .................................... [[32mCREATE VIEW[0m in 0.28s]
[2022-06-04 20:28:42,817] {subprocess.py:89} INFO - 20:28:42
[2022-06-04 20:28:42,820] {subprocess.py:89} INFO - 20:28:42  Finished running 1 view model in 0.61s.
[2022-06-04 20:28:42,826] {subprocess.py:89} INFO - 20:28:42
[2022-06-04 20:28:42,829] {subprocess.py:89} INFO - 20:28:42  [32mCompleted successfully[0m
[2022-06-04 20:28:42,831] {subprocess.py:89} INFO - 20:28:42
[2022-06-04 20:28:42,833] {subprocess.py:89} INFO - 20:28:42  Done. PASS=1 WARN=0 ERROR=0 SKIP=0 TOTAL=1
[2022-06-04 20:28:44,066] {subprocess.py:93} INFO - Command exited with return code 0
[2022-06-04 20:28:44,101] {taskinstance.py:1280} INFO - Marking task as SUCCESS. dag_id=model_level_dbt_dag, task_id=dbt_run.model.jaffle_shop.int_orders, execution_date=20220603T025352, start_date=20220604T202837, end_date=20220604T202844
[2022-06-04 20:28:44,166] {local_task_job.py:154} INFO - Task exited with return code 0
[2022-06-04 20:28:44,224] {local_task_job.py:264} INFO - 1 downstream tasks scheduled from follow-on schedule check
