[2022-06-04 02:46:19,859] {taskinstance.py:1035} INFO - Dependencies all met for <TaskInstance: model_level_dbt_great_expectations_dag.great_expectations_sources.sources.stripe__payment scheduled__2022-05-19T15:55:44.156802+00:00 [queued]>
[2022-06-04 02:46:19,980] {taskinstance.py:1035} INFO - Dependencies all met for <TaskInstance: model_level_dbt_great_expectations_dag.great_expectations_sources.sources.stripe__payment scheduled__2022-05-19T15:55:44.156802+00:00 [queued]>
[2022-06-04 02:46:19,991] {taskinstance.py:1241} INFO - 
--------------------------------------------------------------------------------
[2022-06-04 02:46:19,993] {taskinstance.py:1242} INFO - Starting attempt 1 of 4
[2022-06-04 02:46:20,000] {taskinstance.py:1243} INFO - 
--------------------------------------------------------------------------------
[2022-06-04 02:46:20,095] {taskinstance.py:1262} INFO - Executing <Task(GreatExpectationsOperator): great_expectations_sources.sources.stripe__payment> on 2022-05-19 15:55:44.156802+00:00
[2022-06-04 02:46:20,106] {standard_task_runner.py:52} INFO - Started process 108 to run task
[2022-06-04 02:46:20,137] {standard_task_runner.py:76} INFO - Running: ['***', 'tasks', 'run', 'model_level_dbt_great_expectations_dag', 'great_expectations_sources.sources.stripe__payment', 'scheduled__2022-05-19T15:55:44.156802+00:00', '--job-id', '166', '--raw', '--subdir', 'DAGS_FOLDER/model_level_dbt_great_expectations_dag.py', '--cfg-path', '/tmp/tmpa5ne5fyc', '--error-file', '/tmp/tmp1gok_pv4']
[2022-06-04 02:46:20,140] {standard_task_runner.py:77} INFO - Job 166: Subtask great_expectations_sources.sources.stripe__payment
[2022-06-04 02:46:20,232] {logging_mixin.py:109} INFO - Running <TaskInstance: model_level_dbt_great_expectations_dag.great_expectations_sources.sources.stripe__payment scheduled__2022-05-19T15:55:44.156802+00:00 [running]> on host 3d17a0db806e
[2022-06-04 02:46:20,313] {taskinstance.py:1429} INFO - Exporting the following env vars:
AIRFLOW_CTX_DAG_OWNER=luciano.naveiro
AIRFLOW_CTX_DAG_ID=model_level_dbt_great_expectations_dag
AIRFLOW_CTX_TASK_ID=great_expectations_sources.sources.stripe__payment
AIRFLOW_CTX_EXECUTION_DATE=2022-05-19T15:55:44.156802+00:00
AIRFLOW_CTX_DAG_RUN_ID=scheduled__2022-05-19T15:55:44.156802+00:00
[2022-06-04 02:46:20,315] {great_expectations.py:122} INFO - Running validation with Great Expectations...
[2022-06-04 02:46:20,316] {great_expectations.py:125} INFO - Ensuring data context is valid...
[2022-06-04 02:46:23,922] {sqlalchemy_execution_engine.py:404} WARNING - schema_name specified creating a URL with schema is not supported. Set a default schema on the user connecting to your database.
[2022-06-04 02:46:23,929] {logging_mixin.py:109} WARNING - /home/***/.local/lib/python3.7/site-packages/great_expectations/datasource/data_connector/runtime_data_connector.py:135 DeprecationWarning: Specifying batch_identifiers as part of the RuntimeDataConnector config is deprecated as of v0.15.1 and will be removed by v0.18. Please configure batch_identifiers as part of Assets instead.
[2022-06-04 02:46:30,017] {validator.py:1669} INFO - 	24 expectation(s) included in expectation_suite.
[2022-06-04 02:46:32,501] {logging_mixin.py:109} WARNING - Calculating Metrics:   0%|          | 0/55 [00:00<?, ?it/s]
[2022-06-04 02:46:32,510] {logging_mixin.py:109} WARNING - Calculating Metrics:   0%|          | 0/55 [00:00<?, ?it/s]
[2022-06-04 02:46:32,642] {logging_mixin.py:109} WARNING - Calculating Metrics:   4%|3         | 2/55 [00:00<00:03, 15.11it/s]
[2022-06-04 02:46:32,656] {logging_mixin.py:109} WARNING - Calculating Metrics:   4%|3         | 2/55 [00:00<00:03, 15.11it/s]
[2022-06-04 02:46:33,241] {logging_mixin.py:109} WARNING - Calculating Metrics:   7%|7         | 4/55 [00:00<00:10,  4.92it/s]
[2022-06-04 02:46:33,248] {logging_mixin.py:109} WARNING - Calculating Metrics:   7%|7         | 4/55 [00:00<00:10,  4.92it/s]
[2022-06-04 02:46:33,650] {logging_mixin.py:109} WARNING - Calculating Metrics:  35%|###4      | 19/55 [00:01<00:01, 19.46it/s]
[2022-06-04 02:46:33,652] {logging_mixin.py:109} WARNING - Calculating Metrics:  35%|###4      | 19/55 [00:01<00:01, 19.46it/s]
[2022-06-04 02:46:33,865] {util.py:247} WARNING - Using lossy conversion for decimal 1469.1666666666666667 to float object to support serialization.
[2022-06-04 02:46:33,867] {logging_mixin.py:109} WARNING - Calculating Metrics:  78%|#######8  | 43/55 [00:01<00:00, 42.98it/s]
[2022-06-04 02:46:33,868] {logging_mixin.py:109} WARNING - Calculating Metrics:  78%|#######8  | 43/55 [00:01<00:00, 42.98it/s]
[2022-06-04 02:46:33,979] {logging_mixin.py:109} WARNING - Calculating Metrics:  96%|#########6| 53/55 [00:01<00:00, 50.38it/s]
[2022-06-04 02:46:33,980] {logging_mixin.py:109} WARNING - Calculating Metrics:  96%|#########6| 53/55 [00:01<00:00, 50.38it/s]
[2022-06-04 02:46:34,105] {logging_mixin.py:109} WARNING - Calculating Metrics:  98%|#########8| 54/55 [00:01<00:00, 50.38it/s]
[2022-06-04 02:46:34,418] {logging_mixin.py:109} WARNING - Calculating Metrics: 100%|##########| 55/55 [00:01<00:00, 50.38it/s]
[2022-06-04 02:46:34,735] {logging_mixin.py:109} WARNING - Calculating Metrics: 100%|##########| 55/55 [00:02<00:00, 50.38it/s]
[2022-06-04 02:46:34,736] {logging_mixin.py:109} WARNING - Calculating Metrics: 100%|##########| 55/55 [00:02<00:00, 24.70it/s]
[2022-06-04 02:46:34,740] {logging_mixin.py:109} WARNING - 
[2022-06-04 02:46:41,567] {great_expectations.py:197} INFO - Validation with Great Expectations successful.
[2022-06-04 02:46:41,754] {taskinstance.py:1280} INFO - Marking task as SUCCESS. dag_id=model_level_dbt_great_expectations_dag, task_id=great_expectations_sources.sources.stripe__payment, execution_date=20220519T155544, start_date=20220604T024619, end_date=20220604T024641
[2022-06-04 02:46:42,090] {local_task_job.py:154} INFO - Task exited with return code 0
[2022-06-04 02:46:42,563] {local_task_job.py:264} INFO - 0 downstream tasks scheduled from follow-on schedule check
