[2022-05-19 15:54:12,046] {taskinstance.py:1035} INFO - Dependencies all met for <TaskInstance: model_level_dbt_dag.dbt_run.model.jaffle_shop.fct_customer_orders scheduled__2022-05-18T15:43:01.271269+00:00 [queued]>
[2022-05-19 15:54:12,059] {taskinstance.py:1035} INFO - Dependencies all met for <TaskInstance: model_level_dbt_dag.dbt_run.model.jaffle_shop.fct_customer_orders scheduled__2022-05-18T15:43:01.271269+00:00 [queued]>
[2022-05-19 15:54:12,060] {taskinstance.py:1241} INFO - 
--------------------------------------------------------------------------------
[2022-05-19 15:54:12,061] {taskinstance.py:1242} INFO - Starting attempt 1 of 4
[2022-05-19 15:54:12,061] {taskinstance.py:1243} INFO - 
--------------------------------------------------------------------------------
[2022-05-19 15:54:12,075] {taskinstance.py:1262} INFO - Executing <Task(BashOperator): dbt_run.model.jaffle_shop.fct_customer_orders> on 2022-05-18 15:43:01.271269+00:00
[2022-05-19 15:54:12,080] {standard_task_runner.py:52} INFO - Started process 251 to run task
[2022-05-19 15:54:12,085] {standard_task_runner.py:76} INFO - Running: ['***', 'tasks', 'run', 'model_level_dbt_dag', 'dbt_run.model.jaffle_shop.fct_customer_orders', 'scheduled__2022-05-18T15:43:01.271269+00:00', '--job-id', '112', '--raw', '--subdir', 'DAGS_FOLDER/model_level_dbt_dag.py', '--cfg-path', '/tmp/tmprq0ak7e0', '--error-file', '/tmp/tmpgnhm9r_8']
[2022-05-19 15:54:12,087] {standard_task_runner.py:77} INFO - Job 112: Subtask dbt_run.model.jaffle_shop.fct_customer_orders
[2022-05-19 15:54:12,138] {logging_mixin.py:109} INFO - Running <TaskInstance: model_level_dbt_dag.dbt_run.model.jaffle_shop.fct_customer_orders scheduled__2022-05-18T15:43:01.271269+00:00 [running]> on host 34ae02bc0b96
[2022-05-19 15:54:12,192] {taskinstance.py:1429} INFO - Exporting the following env vars:
AIRFLOW_CTX_DAG_OWNER=luciano.naveiro
AIRFLOW_CTX_DAG_ID=model_level_dbt_dag
AIRFLOW_CTX_TASK_ID=dbt_run.model.jaffle_shop.fct_customer_orders
AIRFLOW_CTX_EXECUTION_DATE=2022-05-18T15:43:01.271269+00:00
AIRFLOW_CTX_DAG_RUN_ID=scheduled__2022-05-18T15:43:01.271269+00:00
[2022-05-19 15:54:12,195] {subprocess.py:62} INFO - Tmp dir root location: 
 /tmp
[2022-05-19 15:54:12,196] {subprocess.py:74} INFO - Running command: ['bash', '-c', 'dbt --no-write-json run --target dev --models fct_customer_orders --profiles-dir /opt/dbt/jaffle_shop --project-dir /opt/dbt/jaffle_shop']
[2022-05-19 15:54:12,209] {subprocess.py:85} INFO - Output:
[2022-05-19 15:54:16,009] {subprocess.py:89} INFO - 15:54:16  Running with dbt=1.1.0
[2022-05-19 15:54:16,140] {subprocess.py:89} INFO - 15:54:16  Found 5 models, 13 tests, 0 snapshots, 0 analyses, 170 macros, 0 operations, 0 seed files, 3 sources, 0 exposures, 0 metrics
[2022-05-19 15:54:16,149] {subprocess.py:89} INFO - 15:54:16
[2022-05-19 15:54:16,460] {subprocess.py:89} INFO - 15:54:16  Concurrency: 1 threads (target='dev')
[2022-05-19 15:54:16,467] {subprocess.py:89} INFO - 15:54:16
[2022-05-19 15:54:16,586] {subprocess.py:89} INFO - 15:54:16  1 of 1 START table model dev.fct_customer_orders ............................... [RUN]
[2022-05-19 15:54:17,545] {subprocess.py:89} INFO - 15:54:17  1 of 1 OK created table model dev.fct_customer_orders .......................... [[32mSELECT 99[0m in 0.95s]
[2022-05-19 15:54:17,681] {subprocess.py:89} INFO - 15:54:17
[2022-05-19 15:54:17,686] {subprocess.py:89} INFO - 15:54:17  Finished running 1 table model in 1.53s.
[2022-05-19 15:54:17,701] {subprocess.py:89} INFO - 15:54:17
[2022-05-19 15:54:17,704] {subprocess.py:89} INFO - 15:54:17  [32mCompleted successfully[0m
[2022-05-19 15:54:17,708] {subprocess.py:89} INFO - 15:54:17
[2022-05-19 15:54:17,713] {subprocess.py:89} INFO - 15:54:17  Done. PASS=1 WARN=0 ERROR=0 SKIP=0 TOTAL=1
[2022-05-19 15:54:18,858] {subprocess.py:93} INFO - Command exited with return code 0
[2022-05-19 15:54:18,891] {taskinstance.py:1280} INFO - Marking task as SUCCESS. dag_id=model_level_dbt_dag, task_id=dbt_run.model.jaffle_shop.fct_customer_orders, execution_date=20220518T154301, start_date=20220519T155412, end_date=20220519T155418
[2022-05-19 15:54:18,930] {local_task_job.py:154} INFO - Task exited with return code 0
[2022-05-19 15:54:18,983] {local_task_job.py:264} INFO - 1 downstream tasks scheduled from follow-on schedule check
