[2022-05-15 03:30:57,419] {taskinstance.py:1035} INFO - Dependencies all met for <TaskInstance: dbt_advanced_dag_utility.dbt_run.model.jaffle_shop.fct_customer_orders scheduled__2022-05-14T03:30:38.730607+00:00 [queued]>
[2022-05-15 03:30:57,433] {taskinstance.py:1035} INFO - Dependencies all met for <TaskInstance: dbt_advanced_dag_utility.dbt_run.model.jaffle_shop.fct_customer_orders scheduled__2022-05-14T03:30:38.730607+00:00 [queued]>
[2022-05-15 03:30:57,434] {taskinstance.py:1241} INFO - 
--------------------------------------------------------------------------------
[2022-05-15 03:30:57,435] {taskinstance.py:1242} INFO - Starting attempt 1 of 1
[2022-05-15 03:30:57,435] {taskinstance.py:1243} INFO - 
--------------------------------------------------------------------------------
[2022-05-15 03:30:57,454] {taskinstance.py:1262} INFO - Executing <Task(BashOperator): dbt_run.model.jaffle_shop.fct_customer_orders> on 2022-05-14 03:30:38.730607+00:00
[2022-05-15 03:30:57,460] {standard_task_runner.py:52} INFO - Started process 5263 to run task
[2022-05-15 03:30:57,471] {standard_task_runner.py:76} INFO - Running: ['***', 'tasks', 'run', 'dbt_advanced_dag_utility', 'dbt_run.model.jaffle_shop.fct_customer_orders', 'scheduled__2022-05-14T03:30:38.730607+00:00', '--job-id', '94', '--raw', '--subdir', 'DAGS_FOLDER/dbt_dag.py', '--cfg-path', '/tmp/tmpbm55q6rv', '--error-file', '/tmp/tmpy05wqgqr']
[2022-05-15 03:30:57,472] {standard_task_runner.py:77} INFO - Job 94: Subtask dbt_run.model.jaffle_shop.fct_customer_orders
[2022-05-15 03:30:57,529] {logging_mixin.py:109} INFO - Running <TaskInstance: dbt_advanced_dag_utility.dbt_run.model.jaffle_shop.fct_customer_orders scheduled__2022-05-14T03:30:38.730607+00:00 [running]> on host b0833397c3cf
[2022-05-15 03:30:57,594] {taskinstance.py:1429} INFO - Exporting the following env vars:
AIRFLOW_CTX_DAG_OWNER=***
AIRFLOW_CTX_DAG_ID=dbt_advanced_dag_utility
AIRFLOW_CTX_TASK_ID=dbt_run.model.jaffle_shop.fct_customer_orders
AIRFLOW_CTX_EXECUTION_DATE=2022-05-14T03:30:38.730607+00:00
AIRFLOW_CTX_DAG_RUN_ID=scheduled__2022-05-14T03:30:38.730607+00:00
[2022-05-15 03:30:57,596] {subprocess.py:62} INFO - Tmp dir root location: 
 /tmp
[2022-05-15 03:30:57,597] {subprocess.py:74} INFO - Running command: ['bash', '-c', 'dbt --no-write-json run --target dev --models fct_customer_orders --profiles-dir /opt/***/dags/jaffle_shop --project-dir /opt/***/dags/jaffle_shop']
[2022-05-15 03:30:57,610] {subprocess.py:85} INFO - Output:
[2022-05-15 03:31:00,969] {subprocess.py:89} INFO - 03:31:00  Running with dbt=1.1.0
[2022-05-15 03:31:01,111] {subprocess.py:89} INFO - 03:31:01  Found 5 models, 4 tests, 0 snapshots, 0 analyses, 170 macros, 0 operations, 0 seed files, 3 sources, 0 exposures, 0 metrics
[2022-05-15 03:31:01,119] {subprocess.py:89} INFO - 03:31:01
[2022-05-15 03:31:01,290] {subprocess.py:89} INFO - 03:31:01  Concurrency: 1 threads (target='dev')
[2022-05-15 03:31:01,292] {subprocess.py:89} INFO - 03:31:01
[2022-05-15 03:31:01,302] {subprocess.py:89} INFO - 03:31:01  1 of 1 START table model dev.fct_customer_orders ............................... [RUN]
[2022-05-15 03:31:01,452] {subprocess.py:89} INFO - 03:31:01  1 of 1 OK created table model dev.fct_customer_orders .......................... [[32mSELECT 99[0m in 0.15s]
[2022-05-15 03:31:01,520] {subprocess.py:89} INFO - 03:31:01
[2022-05-15 03:31:01,522] {subprocess.py:89} INFO - 03:31:01  Finished running 1 table model in 0.40s.
[2022-05-15 03:31:01,527] {subprocess.py:89} INFO - 03:31:01
[2022-05-15 03:31:01,529] {subprocess.py:89} INFO - 03:31:01  [32mCompleted successfully[0m
[2022-05-15 03:31:01,531] {subprocess.py:89} INFO - 03:31:01
[2022-05-15 03:31:01,533] {subprocess.py:89} INFO - 03:31:01  Done. PASS=1 WARN=0 ERROR=0 SKIP=0 TOTAL=1
[2022-05-15 03:31:02,768] {subprocess.py:93} INFO - Command exited with return code 0
[2022-05-15 03:31:02,820] {taskinstance.py:1280} INFO - Marking task as SUCCESS. dag_id=dbt_advanced_dag_utility, task_id=dbt_run.model.jaffle_shop.fct_customer_orders, execution_date=20220514T033038, start_date=20220515T033057, end_date=20220515T033102
[2022-05-15 03:31:02,906] {local_task_job.py:154} INFO - Task exited with return code 0
[2022-05-15 03:31:02,984] {local_task_job.py:264} INFO - 5 downstream tasks scheduled from follow-on schedule check
