[2022-05-15 03:37:40,987] {taskinstance.py:1035} INFO - Dependencies all met for <TaskInstance: dbt_advanced_dag_utility.dbt_run.model.jaffle_shop.fct_customer_orders scheduled__2022-05-14T03:30:38.730607+00:00 [queued]>
[2022-05-15 03:37:41,011] {taskinstance.py:1035} INFO - Dependencies all met for <TaskInstance: dbt_advanced_dag_utility.dbt_run.model.jaffle_shop.fct_customer_orders scheduled__2022-05-14T03:30:38.730607+00:00 [queued]>
[2022-05-15 03:37:41,013] {taskinstance.py:1241} INFO - 
--------------------------------------------------------------------------------
[2022-05-15 03:37:41,014] {taskinstance.py:1242} INFO - Starting attempt 2 of 2
[2022-05-15 03:37:41,015] {taskinstance.py:1243} INFO - 
--------------------------------------------------------------------------------
[2022-05-15 03:37:41,034] {taskinstance.py:1262} INFO - Executing <Task(BashOperator): dbt_run.model.jaffle_shop.fct_customer_orders> on 2022-05-14 03:30:38.730607+00:00
[2022-05-15 03:37:41,040] {standard_task_runner.py:52} INFO - Started process 5667 to run task
[2022-05-15 03:37:41,045] {standard_task_runner.py:76} INFO - Running: ['***', 'tasks', 'run', 'dbt_advanced_dag_utility', 'dbt_run.model.jaffle_shop.fct_customer_orders', 'scheduled__2022-05-14T03:30:38.730607+00:00', '--job-id', '104', '--raw', '--subdir', 'DAGS_FOLDER/dbt_dag.py', '--cfg-path', '/tmp/tmp7lb3bdyi', '--error-file', '/tmp/tmpahsdirg3']
[2022-05-15 03:37:41,048] {standard_task_runner.py:77} INFO - Job 104: Subtask dbt_run.model.jaffle_shop.fct_customer_orders
[2022-05-15 03:37:41,111] {logging_mixin.py:109} INFO - Running <TaskInstance: dbt_advanced_dag_utility.dbt_run.model.jaffle_shop.fct_customer_orders scheduled__2022-05-14T03:30:38.730607+00:00 [running]> on host b0833397c3cf
[2022-05-15 03:37:41,189] {taskinstance.py:1429} INFO - Exporting the following env vars:
AIRFLOW_CTX_DAG_OWNER=***
AIRFLOW_CTX_DAG_ID=dbt_advanced_dag_utility
AIRFLOW_CTX_TASK_ID=dbt_run.model.jaffle_shop.fct_customer_orders
AIRFLOW_CTX_EXECUTION_DATE=2022-05-14T03:30:38.730607+00:00
AIRFLOW_CTX_DAG_RUN_ID=scheduled__2022-05-14T03:30:38.730607+00:00
[2022-05-15 03:37:41,192] {subprocess.py:62} INFO - Tmp dir root location: 
 /tmp
[2022-05-15 03:37:41,194] {subprocess.py:74} INFO - Running command: ['bash', '-c', 'dbt --no-write-json run --target dev --models fct_customer_orders --profiles-dir /opt/***/dags/jaffle_shop --project-dir /opt/***/dags/jaffle_shop']
[2022-05-15 03:37:41,208] {subprocess.py:85} INFO - Output:
[2022-05-15 03:37:44,725] {subprocess.py:89} INFO - 03:37:44  Running with dbt=1.1.0
[2022-05-15 03:37:44,875] {subprocess.py:89} INFO - 03:37:44  Found 5 models, 4 tests, 0 snapshots, 0 analyses, 170 macros, 0 operations, 0 seed files, 3 sources, 0 exposures, 0 metrics
[2022-05-15 03:37:44,887] {subprocess.py:89} INFO - 03:37:44
[2022-05-15 03:37:45,068] {subprocess.py:89} INFO - 03:37:45  Concurrency: 1 threads (target='dev')
[2022-05-15 03:37:45,071] {subprocess.py:89} INFO - 03:37:45
[2022-05-15 03:37:45,086] {subprocess.py:89} INFO - 03:37:45  1 of 1 START table model dev.fct_customer_orders ............................... [RUN]
[2022-05-15 03:37:45,284] {subprocess.py:89} INFO - 03:37:45  1 of 1 OK created table model dev.fct_customer_orders .......................... [[32mSELECT 99[0m in 0.19s]
[2022-05-15 03:37:45,409] {subprocess.py:89} INFO - 03:37:45
[2022-05-15 03:37:45,411] {subprocess.py:89} INFO - 03:37:45  Finished running 1 table model in 0.52s.
[2022-05-15 03:37:45,416] {subprocess.py:89} INFO - 03:37:45
[2022-05-15 03:37:45,418] {subprocess.py:89} INFO - 03:37:45  [32mCompleted successfully[0m
[2022-05-15 03:37:45,420] {subprocess.py:89} INFO - 03:37:45
[2022-05-15 03:37:45,422] {subprocess.py:89} INFO - 03:37:45  Done. PASS=1 WARN=0 ERROR=0 SKIP=0 TOTAL=1
[2022-05-15 03:37:46,498] {subprocess.py:93} INFO - Command exited with return code 0
[2022-05-15 03:37:46,532] {taskinstance.py:1280} INFO - Marking task as SUCCESS. dag_id=dbt_advanced_dag_utility, task_id=dbt_run.model.jaffle_shop.fct_customer_orders, execution_date=20220514T033038, start_date=20220515T033740, end_date=20220515T033746
[2022-05-15 03:37:46,561] {local_task_job.py:154} INFO - Task exited with return code 0
[2022-05-15 03:37:46,619] {local_task_job.py:264} INFO - 5 downstream tasks scheduled from follow-on schedule check
