[2022-05-15 04:29:58,339] {taskinstance.py:1035} INFO - Dependencies all met for <TaskInstance: dbt_advanced_dag_utility.dbt_run.model.jaffle_shop.fct_customer_orders scheduled__2022-05-14T03:30:38.730607+00:00 [queued]>
[2022-05-15 04:29:58,357] {taskinstance.py:1035} INFO - Dependencies all met for <TaskInstance: dbt_advanced_dag_utility.dbt_run.model.jaffle_shop.fct_customer_orders scheduled__2022-05-14T03:30:38.730607+00:00 [queued]>
[2022-05-15 04:29:58,358] {taskinstance.py:1241} INFO - 
--------------------------------------------------------------------------------
[2022-05-15 04:29:58,360] {taskinstance.py:1242} INFO - Starting attempt 3 of 3
[2022-05-15 04:29:58,361] {taskinstance.py:1243} INFO - 
--------------------------------------------------------------------------------
[2022-05-15 04:29:58,383] {taskinstance.py:1262} INFO - Executing <Task(BashOperator): dbt_run.model.jaffle_shop.fct_customer_orders> on 2022-05-14 03:30:38.730607+00:00
[2022-05-15 04:29:58,393] {standard_task_runner.py:52} INFO - Started process 6798 to run task
[2022-05-15 04:29:58,398] {standard_task_runner.py:76} INFO - Running: ['***', 'tasks', 'run', 'dbt_advanced_dag_utility', 'dbt_run.model.jaffle_shop.fct_customer_orders', 'scheduled__2022-05-14T03:30:38.730607+00:00', '--job-id', '119', '--raw', '--subdir', 'DAGS_FOLDER/dbt_dag.py', '--cfg-path', '/tmp/tmpf4_xnlx4', '--error-file', '/tmp/tmpo0hhuxoy']
[2022-05-15 04:29:58,399] {standard_task_runner.py:77} INFO - Job 119: Subtask dbt_run.model.jaffle_shop.fct_customer_orders
[2022-05-15 04:29:58,455] {logging_mixin.py:109} INFO - Running <TaskInstance: dbt_advanced_dag_utility.dbt_run.model.jaffle_shop.fct_customer_orders scheduled__2022-05-14T03:30:38.730607+00:00 [running]> on host b0833397c3cf
[2022-05-15 04:29:58,515] {taskinstance.py:1429} INFO - Exporting the following env vars:
AIRFLOW_CTX_DAG_OWNER=***
AIRFLOW_CTX_DAG_ID=dbt_advanced_dag_utility
AIRFLOW_CTX_TASK_ID=dbt_run.model.jaffle_shop.fct_customer_orders
AIRFLOW_CTX_EXECUTION_DATE=2022-05-14T03:30:38.730607+00:00
AIRFLOW_CTX_DAG_RUN_ID=scheduled__2022-05-14T03:30:38.730607+00:00
[2022-05-15 04:29:58,516] {subprocess.py:62} INFO - Tmp dir root location: 
 /tmp
[2022-05-15 04:29:58,519] {subprocess.py:74} INFO - Running command: ['bash', '-c', 'dbt --no-write-json run --target dev --models fct_customer_orders --profiles-dir /opt/***/dags/jaffle_shop --project-dir /opt/***/dags/jaffle_shop']
[2022-05-15 04:29:58,531] {subprocess.py:85} INFO - Output:
[2022-05-15 04:30:02,040] {subprocess.py:89} INFO - 04:30:02  Running with dbt=1.1.0
[2022-05-15 04:30:02,196] {subprocess.py:89} INFO - 04:30:02  Found 5 models, 11 tests, 0 snapshots, 0 analyses, 170 macros, 0 operations, 0 seed files, 3 sources, 0 exposures, 0 metrics
[2022-05-15 04:30:02,206] {subprocess.py:89} INFO - 04:30:02
[2022-05-15 04:30:02,375] {subprocess.py:89} INFO - 04:30:02  Concurrency: 1 threads (target='dev')
[2022-05-15 04:30:02,378] {subprocess.py:89} INFO - 04:30:02
[2022-05-15 04:30:02,397] {subprocess.py:89} INFO - 04:30:02  1 of 1 START table model dev.fct_customer_orders ............................... [RUN]
[2022-05-15 04:30:02,666] {subprocess.py:89} INFO - 04:30:02  1 of 1 OK created table model dev.fct_customer_orders .......................... [[32mSELECT 99[0m in 0.26s]
[2022-05-15 04:30:02,756] {subprocess.py:89} INFO - 04:30:02
[2022-05-15 04:30:02,767] {subprocess.py:89} INFO - 04:30:02  Finished running 1 table model in 0.55s.
[2022-05-15 04:30:02,784] {subprocess.py:89} INFO - 04:30:02
[2022-05-15 04:30:02,790] {subprocess.py:89} INFO - 04:30:02  [32mCompleted successfully[0m
[2022-05-15 04:30:02,793] {subprocess.py:89} INFO - 04:30:02
[2022-05-15 04:30:02,796] {subprocess.py:89} INFO - 04:30:02  Done. PASS=1 WARN=0 ERROR=0 SKIP=0 TOTAL=1
[2022-05-15 04:30:03,894] {subprocess.py:93} INFO - Command exited with return code 0
[2022-05-15 04:30:03,927] {taskinstance.py:1280} INFO - Marking task as SUCCESS. dag_id=dbt_advanced_dag_utility, task_id=dbt_run.model.jaffle_shop.fct_customer_orders, execution_date=20220514T033038, start_date=20220515T042958, end_date=20220515T043003
[2022-05-15 04:30:03,956] {local_task_job.py:154} INFO - Task exited with return code 0
[2022-05-15 04:30:04,021] {local_task_job.py:264} INFO - 0 downstream tasks scheduled from follow-on schedule check
