[2022-05-15 04:41:09,156] {taskinstance.py:1035} INFO - Dependencies all met for <TaskInstance: dbt_advanced_dag_utility.dbt_run.model.jaffle_shop.fct_customer_orders scheduled__2022-05-14T03:30:38.730607+00:00 [queued]>
[2022-05-15 04:41:09,170] {taskinstance.py:1035} INFO - Dependencies all met for <TaskInstance: dbt_advanced_dag_utility.dbt_run.model.jaffle_shop.fct_customer_orders scheduled__2022-05-14T03:30:38.730607+00:00 [queued]>
[2022-05-15 04:41:09,171] {taskinstance.py:1241} INFO - 
--------------------------------------------------------------------------------
[2022-05-15 04:41:09,172] {taskinstance.py:1242} INFO - Starting attempt 4 of 4
[2022-05-15 04:41:09,173] {taskinstance.py:1243} INFO - 
--------------------------------------------------------------------------------
[2022-05-15 04:41:09,187] {taskinstance.py:1262} INFO - Executing <Task(BashOperator): dbt_run.model.jaffle_shop.fct_customer_orders> on 2022-05-14 03:30:38.730607+00:00
[2022-05-15 04:41:09,193] {standard_task_runner.py:52} INFO - Started process 7404 to run task
[2022-05-15 04:41:09,197] {standard_task_runner.py:76} INFO - Running: ['***', 'tasks', 'run', 'dbt_advanced_dag_utility', 'dbt_run.model.jaffle_shop.fct_customer_orders', 'scheduled__2022-05-14T03:30:38.730607+00:00', '--job-id', '129', '--raw', '--subdir', 'DAGS_FOLDER/dbt_dag.py', '--cfg-path', '/tmp/tmpu3tg2iu2', '--error-file', '/tmp/tmplewp0wl0']
[2022-05-15 04:41:09,198] {standard_task_runner.py:77} INFO - Job 129: Subtask dbt_run.model.jaffle_shop.fct_customer_orders
[2022-05-15 04:41:09,246] {logging_mixin.py:109} INFO - Running <TaskInstance: dbt_advanced_dag_utility.dbt_run.model.jaffle_shop.fct_customer_orders scheduled__2022-05-14T03:30:38.730607+00:00 [running]> on host b0833397c3cf
[2022-05-15 04:41:09,297] {taskinstance.py:1429} INFO - Exporting the following env vars:
AIRFLOW_CTX_DAG_OWNER=***
AIRFLOW_CTX_DAG_ID=dbt_advanced_dag_utility
AIRFLOW_CTX_TASK_ID=dbt_run.model.jaffle_shop.fct_customer_orders
AIRFLOW_CTX_EXECUTION_DATE=2022-05-14T03:30:38.730607+00:00
AIRFLOW_CTX_DAG_RUN_ID=scheduled__2022-05-14T03:30:38.730607+00:00
[2022-05-15 04:41:09,299] {subprocess.py:62} INFO - Tmp dir root location: 
 /tmp
[2022-05-15 04:41:09,301] {subprocess.py:74} INFO - Running command: ['bash', '-c', 'dbt --no-write-json run --target dev --models fct_customer_orders --profiles-dir /opt/***/dags/jaffle_shop --project-dir /opt/***/dags/jaffle_shop']
[2022-05-15 04:41:09,313] {subprocess.py:85} INFO - Output:
[2022-05-15 04:41:12,358] {subprocess.py:89} INFO - 04:41:12  Running with dbt=1.1.0
[2022-05-15 04:41:12,446] {subprocess.py:89} INFO - 04:41:12  Found 5 models, 11 tests, 0 snapshots, 0 analyses, 170 macros, 0 operations, 0 seed files, 3 sources, 0 exposures, 0 metrics
[2022-05-15 04:41:12,451] {subprocess.py:89} INFO - 04:41:12
[2022-05-15 04:41:12,569] {subprocess.py:89} INFO - 04:41:12  Concurrency: 1 threads (target='dev')
[2022-05-15 04:41:12,571] {subprocess.py:89} INFO - 04:41:12
[2022-05-15 04:41:12,580] {subprocess.py:89} INFO - 04:41:12  1 of 1 START table model dev.fct_customer_orders ............................... [RUN]
[2022-05-15 04:41:12,721] {subprocess.py:89} INFO - 04:41:12  1 of 1 OK created table model dev.fct_customer_orders .......................... [[32mSELECT 99[0m in 0.14s]
[2022-05-15 04:41:12,814] {subprocess.py:89} INFO - 04:41:12
[2022-05-15 04:41:12,816] {subprocess.py:89} INFO - 04:41:12  Finished running 1 table model in 0.36s.
[2022-05-15 04:41:12,821] {subprocess.py:89} INFO - 04:41:12
[2022-05-15 04:41:12,824] {subprocess.py:89} INFO - 04:41:12  [32mCompleted successfully[0m
[2022-05-15 04:41:12,826] {subprocess.py:89} INFO - 04:41:12
[2022-05-15 04:41:12,828] {subprocess.py:89} INFO - 04:41:12  Done. PASS=1 WARN=0 ERROR=0 SKIP=0 TOTAL=1
[2022-05-15 04:41:13,899] {subprocess.py:93} INFO - Command exited with return code 0
[2022-05-15 04:41:13,935] {taskinstance.py:1280} INFO - Marking task as SUCCESS. dag_id=dbt_advanced_dag_utility, task_id=dbt_run.model.jaffle_shop.fct_customer_orders, execution_date=20220514T033038, start_date=20220515T044109, end_date=20220515T044113
[2022-05-15 04:41:13,981] {local_task_job.py:154} INFO - Task exited with return code 0
[2022-05-15 04:41:14,042] {local_task_job.py:264} INFO - 13 downstream tasks scheduled from follow-on schedule check
