[2022-05-18 23:32:07,460] {taskinstance.py:1035} INFO - Dependencies all met for <TaskInstance: model_level_dbt_great_expectations_dag.dbt_run.model.jaffle_shop.int_orders scheduled__2022-05-17T22:12:00.138285+00:00 [queued]>
[2022-05-18 23:32:07,478] {taskinstance.py:1035} INFO - Dependencies all met for <TaskInstance: model_level_dbt_great_expectations_dag.dbt_run.model.jaffle_shop.int_orders scheduled__2022-05-17T22:12:00.138285+00:00 [queued]>
[2022-05-18 23:32:07,480] {taskinstance.py:1241} INFO - 
--------------------------------------------------------------------------------
[2022-05-18 23:32:07,481] {taskinstance.py:1242} INFO - Starting attempt 3 of 6
[2022-05-18 23:32:07,481] {taskinstance.py:1243} INFO - 
--------------------------------------------------------------------------------
[2022-05-18 23:32:07,500] {taskinstance.py:1262} INFO - Executing <Task(BashOperator): dbt_run.model.jaffle_shop.int_orders> on 2022-05-17 22:12:00.138285+00:00
[2022-05-18 23:32:07,518] {standard_task_runner.py:52} INFO - Started process 298 to run task
[2022-05-18 23:32:07,528] {standard_task_runner.py:76} INFO - Running: ['***', 'tasks', 'run', 'model_level_dbt_great_expectations_dag', 'dbt_run.model.jaffle_shop.int_orders', 'scheduled__2022-05-17T22:12:00.138285+00:00', '--job-id', '165', '--raw', '--subdir', 'DAGS_FOLDER/model_level_dbt_great_expectations_dag.py', '--cfg-path', '/tmp/tmpj5waj4n9', '--error-file', '/tmp/tmpmg0cedfz']
[2022-05-18 23:32:07,530] {standard_task_runner.py:77} INFO - Job 165: Subtask dbt_run.model.jaffle_shop.int_orders
[2022-05-18 23:32:07,632] {logging_mixin.py:109} INFO - Running <TaskInstance: model_level_dbt_great_expectations_dag.dbt_run.model.jaffle_shop.int_orders scheduled__2022-05-17T22:12:00.138285+00:00 [running]> on host d4b673e28191
[2022-05-18 23:32:07,725] {taskinstance.py:1429} INFO - Exporting the following env vars:
AIRFLOW_CTX_DAG_OWNER=luciano.naveiro
AIRFLOW_CTX_DAG_ID=model_level_dbt_great_expectations_dag
AIRFLOW_CTX_TASK_ID=dbt_run.model.jaffle_shop.int_orders
AIRFLOW_CTX_EXECUTION_DATE=2022-05-17T22:12:00.138285+00:00
AIRFLOW_CTX_DAG_RUN_ID=scheduled__2022-05-17T22:12:00.138285+00:00
[2022-05-18 23:32:07,728] {subprocess.py:62} INFO - Tmp dir root location: 
 /tmp
[2022-05-18 23:32:07,730] {subprocess.py:74} INFO - Running command: ['bash', '-c', 'dbt --no-write-json run --target dev --models int_orders --profiles-dir /opt/dbt/jaffle_shop --project-dir /opt/dbt/jaffle_shop']
[2022-05-18 23:32:07,758] {subprocess.py:85} INFO - Output:
[2022-05-18 23:32:12,204] {subprocess.py:89} INFO - 23:32:12  Running with dbt=1.1.0
[2022-05-18 23:32:12,330] {subprocess.py:89} INFO - 23:32:12  Found 5 models, 13 tests, 0 snapshots, 0 analyses, 170 macros, 0 operations, 0 seed files, 3 sources, 0 exposures, 0 metrics
[2022-05-18 23:32:12,336] {subprocess.py:89} INFO - 23:32:12
[2022-05-18 23:32:12,516] {subprocess.py:89} INFO - 23:32:12  Concurrency: 1 threads (target='dev')
[2022-05-18 23:32:12,520] {subprocess.py:89} INFO - 23:32:12
[2022-05-18 23:32:12,533] {subprocess.py:89} INFO - 23:32:12  1 of 1 START view model dev.int_orders ......................................... [RUN]
[2022-05-18 23:32:12,776] {subprocess.py:89} INFO - 23:32:12  1 of 1 OK created view model dev.int_orders .................................... [[32mCREATE VIEW[0m in 0.24s]
[2022-05-18 23:32:12,888] {subprocess.py:89} INFO - 23:32:12
[2022-05-18 23:32:12,890] {subprocess.py:89} INFO - 23:32:12  Finished running 1 view model in 0.55s.
[2022-05-18 23:32:12,905] {subprocess.py:89} INFO - 23:32:12
[2022-05-18 23:32:12,910] {subprocess.py:89} INFO - 23:32:12  [32mCompleted successfully[0m
[2022-05-18 23:32:12,913] {subprocess.py:89} INFO - 23:32:12
[2022-05-18 23:32:12,917] {subprocess.py:89} INFO - 23:32:12  Done. PASS=1 WARN=0 ERROR=0 SKIP=0 TOTAL=1
[2022-05-18 23:32:13,995] {subprocess.py:93} INFO - Command exited with return code 0
[2022-05-18 23:32:14,035] {taskinstance.py:1280} INFO - Marking task as SUCCESS. dag_id=model_level_dbt_great_expectations_dag, task_id=dbt_run.model.jaffle_shop.int_orders, execution_date=20220517T221200, start_date=20220518T233207, end_date=20220518T233214
[2022-05-18 23:32:14,107] {local_task_job.py:154} INFO - Task exited with return code 0
[2022-05-18 23:32:14,206] {local_task_job.py:264} INFO - 1 downstream tasks scheduled from follow-on schedule check
