[2022-05-19 15:55:18,984] {taskinstance.py:1035} INFO - Dependencies all met for <TaskInstance: model_level_dbt_dag.dbt_docs scheduled__2022-05-18T15:43:01.271269+00:00 [queued]>
[2022-05-19 15:55:19,005] {taskinstance.py:1035} INFO - Dependencies all met for <TaskInstance: model_level_dbt_dag.dbt_docs scheduled__2022-05-18T15:43:01.271269+00:00 [queued]>
[2022-05-19 15:55:19,006] {taskinstance.py:1241} INFO - 
--------------------------------------------------------------------------------
[2022-05-19 15:55:19,007] {taskinstance.py:1242} INFO - Starting attempt 1 of 4
[2022-05-19 15:55:19,008] {taskinstance.py:1243} INFO - 
--------------------------------------------------------------------------------
[2022-05-19 15:55:19,025] {taskinstance.py:1262} INFO - Executing <Task(BashOperator): dbt_docs> on 2022-05-18 15:43:01.271269+00:00
[2022-05-19 15:55:19,038] {standard_task_runner.py:52} INFO - Started process 434 to run task
[2022-05-19 15:55:19,044] {standard_task_runner.py:76} INFO - Running: ['***', 'tasks', 'run', 'model_level_dbt_dag', 'dbt_docs', 'scheduled__2022-05-18T15:43:01.271269+00:00', '--job-id', '126', '--raw', '--subdir', 'DAGS_FOLDER/model_level_dbt_dag.py', '--cfg-path', '/tmp/tmppjfpu1co', '--error-file', '/tmp/tmpt56bh5wg']
[2022-05-19 15:55:19,045] {standard_task_runner.py:77} INFO - Job 126: Subtask dbt_docs
[2022-05-19 15:55:19,108] {logging_mixin.py:109} INFO - Running <TaskInstance: model_level_dbt_dag.dbt_docs scheduled__2022-05-18T15:43:01.271269+00:00 [running]> on host 34ae02bc0b96
[2022-05-19 15:55:19,175] {taskinstance.py:1429} INFO - Exporting the following env vars:
AIRFLOW_CTX_DAG_OWNER=luciano.naveiro
AIRFLOW_CTX_DAG_ID=model_level_dbt_dag
AIRFLOW_CTX_TASK_ID=dbt_docs
AIRFLOW_CTX_EXECUTION_DATE=2022-05-18T15:43:01.271269+00:00
AIRFLOW_CTX_DAG_RUN_ID=scheduled__2022-05-18T15:43:01.271269+00:00
[2022-05-19 15:55:19,177] {subprocess.py:62} INFO - Tmp dir root location: 
 /tmp
[2022-05-19 15:55:19,178] {subprocess.py:74} INFO - Running command: ['bash', '-c', '\n        dbt docs generate --profiles-dir /opt/dbt/jaffle_shop --project-dir /opt/dbt/jaffle_shop\n        ']
[2022-05-19 15:55:19,194] {subprocess.py:85} INFO - Output:
[2022-05-19 15:55:23,624] {subprocess.py:89} INFO - 15:55:23  Running with dbt=1.1.0
[2022-05-19 15:55:23,863] {subprocess.py:89} INFO - 15:55:23  Unable to do partial parsing because config vars, config profile, or config target have changed
[2022-05-19 15:55:27,739] {subprocess.py:89} INFO - 15:55:27  Found 5 models, 13 tests, 0 snapshots, 0 analyses, 170 macros, 0 operations, 0 seed files, 3 sources, 0 exposures, 0 metrics
[2022-05-19 15:55:27,754] {subprocess.py:89} INFO - 15:55:27
[2022-05-19 15:55:28,076] {subprocess.py:89} INFO - 15:55:28  Concurrency: 1 threads (target='dev')
[2022-05-19 15:55:28,083] {subprocess.py:89} INFO - 15:55:28
[2022-05-19 15:55:29,486] {subprocess.py:89} INFO - 15:55:29  Done.
[2022-05-19 15:55:29,629] {subprocess.py:89} INFO - 15:55:29  Building catalog
[2022-05-19 15:55:29,814] {subprocess.py:89} INFO - 15:55:29  Catalog written to /opt/dbt/jaffle_shop/target/catalog.json
[2022-05-19 15:55:31,259] {subprocess.py:93} INFO - Command exited with return code 0
[2022-05-19 15:55:31,330] {taskinstance.py:1280} INFO - Marking task as SUCCESS. dag_id=model_level_dbt_dag, task_id=dbt_docs, execution_date=20220518T154301, start_date=20220519T155518, end_date=20220519T155531
[2022-05-19 15:55:31,404] {local_task_job.py:154} INFO - Task exited with return code 0
[2022-05-19 15:55:31,453] {local_task_job.py:264} INFO - 1 downstream tasks scheduled from follow-on schedule check
