[2022-05-15 22:22:15,542] {taskinstance.py:1035} INFO - Dependencies all met for <TaskInstance: model_level_dbt_dag.dbt_run.model.jaffle_shop.fct_customer_orders_new2 scheduled__2022-05-14T16:00:47.250021+00:00 [queued]>
[2022-05-15 22:22:15,557] {taskinstance.py:1035} INFO - Dependencies all met for <TaskInstance: model_level_dbt_dag.dbt_run.model.jaffle_shop.fct_customer_orders_new2 scheduled__2022-05-14T16:00:47.250021+00:00 [queued]>
[2022-05-15 22:22:15,558] {taskinstance.py:1241} INFO - 
--------------------------------------------------------------------------------
[2022-05-15 22:22:15,560] {taskinstance.py:1242} INFO - Starting attempt 1 of 1
[2022-05-15 22:22:15,560] {taskinstance.py:1243} INFO - 
--------------------------------------------------------------------------------
[2022-05-15 22:22:15,577] {taskinstance.py:1262} INFO - Executing <Task(BashOperator): dbt_run.model.jaffle_shop.fct_customer_orders_new2> on 2022-05-14 16:00:47.250021+00:00
[2022-05-15 22:22:15,584] {standard_task_runner.py:52} INFO - Started process 2443 to run task
[2022-05-15 22:22:15,590] {standard_task_runner.py:76} INFO - Running: ['***', 'tasks', 'run', 'model_level_dbt_dag', 'dbt_run.model.jaffle_shop.fct_customer_orders_new2', 'scheduled__2022-05-14T16:00:47.250021+00:00', '--job-id', '348', '--raw', '--subdir', 'DAGS_FOLDER/model_level_dbt_dag.py', '--cfg-path', '/tmp/tmpey624jhp', '--error-file', '/tmp/tmpnlvgspq_']
[2022-05-15 22:22:15,591] {standard_task_runner.py:77} INFO - Job 348: Subtask dbt_run.model.jaffle_shop.fct_customer_orders_new2
[2022-05-15 22:22:15,647] {logging_mixin.py:109} INFO - Running <TaskInstance: model_level_dbt_dag.dbt_run.model.jaffle_shop.fct_customer_orders_new2 scheduled__2022-05-14T16:00:47.250021+00:00 [running]> on host 9922a9d65d01
[2022-05-15 22:22:15,709] {taskinstance.py:1429} INFO - Exporting the following env vars:
AIRFLOW_CTX_DAG_OWNER=***
AIRFLOW_CTX_DAG_ID=model_level_dbt_dag
AIRFLOW_CTX_TASK_ID=dbt_run.model.jaffle_shop.fct_customer_orders_new2
AIRFLOW_CTX_EXECUTION_DATE=2022-05-14T16:00:47.250021+00:00
AIRFLOW_CTX_DAG_RUN_ID=scheduled__2022-05-14T16:00:47.250021+00:00
[2022-05-15 22:22:15,711] {subprocess.py:62} INFO - Tmp dir root location: 
 /tmp
[2022-05-15 22:22:15,712] {subprocess.py:74} INFO - Running command: ['bash', '-c', 'dbt --no-write-json run --target dev --models fct_customer_orders_new2 --profiles-dir /opt/***/dags/jaffle_shop --project-dir /opt/***/dags/jaffle_shop']
[2022-05-15 22:22:15,724] {subprocess.py:85} INFO - Output:
[2022-05-15 22:22:19,608] {subprocess.py:89} INFO - 22:22:19  Running with dbt=1.1.0
[2022-05-15 22:22:19,850] {subprocess.py:89} INFO - 22:22:19  Found 6 models, 13 tests, 0 snapshots, 0 analyses, 170 macros, 0 operations, 0 seed files, 3 sources, 0 exposures, 0 metrics
[2022-05-15 22:22:19,855] {subprocess.py:89} INFO - 22:22:19
[2022-05-15 22:22:20,021] {subprocess.py:89} INFO - 22:22:20  Concurrency: 1 threads (target='dev')
[2022-05-15 22:22:20,024] {subprocess.py:89} INFO - 22:22:20
[2022-05-15 22:22:20,050] {subprocess.py:89} INFO - 22:22:20  1 of 1 START table model dev.fct_customer_orders_new2 .......................... [RUN]
[2022-05-15 22:22:20,236] {subprocess.py:89} INFO - 22:22:20  1 of 1 OK created table model dev.fct_customer_orders_new2 ..................... [[32mSELECT 99[0m in 0.18s]
[2022-05-15 22:22:20,265] {subprocess.py:89} INFO - 22:22:20
[2022-05-15 22:22:20,267] {subprocess.py:89} INFO - 22:22:20  Finished running 1 table model in 0.41s.
[2022-05-15 22:22:20,272] {subprocess.py:89} INFO - 22:22:20
[2022-05-15 22:22:20,275] {subprocess.py:89} INFO - 22:22:20  [32mCompleted successfully[0m
[2022-05-15 22:22:20,277] {subprocess.py:89} INFO - 22:22:20
[2022-05-15 22:22:20,279] {subprocess.py:89} INFO - 22:22:20  Done. PASS=1 WARN=0 ERROR=0 SKIP=0 TOTAL=1
[2022-05-15 22:22:21,300] {subprocess.py:93} INFO - Command exited with return code 0
[2022-05-15 22:22:21,336] {taskinstance.py:1280} INFO - Marking task as SUCCESS. dag_id=model_level_dbt_dag, task_id=dbt_run.model.jaffle_shop.fct_customer_orders_new2, execution_date=20220514T160047, start_date=20220515T222215, end_date=20220515T222221
[2022-05-15 22:22:21,366] {local_task_job.py:154} INFO - Task exited with return code 0
[2022-05-15 22:22:21,428] {local_task_job.py:264} INFO - 1 downstream tasks scheduled from follow-on schedule check
