[2022-05-15 15:16:41,728] {taskinstance.py:1035} INFO - Dependencies all met for <TaskInstance: models_dbt_dag.dbt_run.model.jaffle_shop.int_orders scheduled__2022-05-14T15:15:58.068711+00:00 [queued]>
[2022-05-15 15:16:41,743] {taskinstance.py:1035} INFO - Dependencies all met for <TaskInstance: models_dbt_dag.dbt_run.model.jaffle_shop.int_orders scheduled__2022-05-14T15:15:58.068711+00:00 [queued]>
[2022-05-15 15:16:41,745] {taskinstance.py:1241} INFO - 
--------------------------------------------------------------------------------
[2022-05-15 15:16:41,746] {taskinstance.py:1242} INFO - Starting attempt 1 of 1
[2022-05-15 15:16:41,746] {taskinstance.py:1243} INFO - 
--------------------------------------------------------------------------------
[2022-05-15 15:16:41,767] {taskinstance.py:1262} INFO - Executing <Task(BashOperator): dbt_run.model.jaffle_shop.int_orders> on 2022-05-14 15:15:58.068711+00:00
[2022-05-15 15:16:41,773] {standard_task_runner.py:52} INFO - Started process 9270 to run task
[2022-05-15 15:16:41,782] {standard_task_runner.py:76} INFO - Running: ['***', 'tasks', 'run', 'models_dbt_dag', 'dbt_run.model.jaffle_shop.int_orders', 'scheduled__2022-05-14T15:15:58.068711+00:00', '--job-id', '146', '--raw', '--subdir', 'DAGS_FOLDER/models_dbt_dag.py', '--cfg-path', '/tmp/tmp6s1wm1_n', '--error-file', '/tmp/tmp2qh892jy']
[2022-05-15 15:16:41,784] {standard_task_runner.py:77} INFO - Job 146: Subtask dbt_run.model.jaffle_shop.int_orders
[2022-05-15 15:16:41,850] {logging_mixin.py:109} INFO - Running <TaskInstance: models_dbt_dag.dbt_run.model.jaffle_shop.int_orders scheduled__2022-05-14T15:15:58.068711+00:00 [running]> on host b0833397c3cf
[2022-05-15 15:16:41,937] {taskinstance.py:1429} INFO - Exporting the following env vars:
AIRFLOW_CTX_DAG_OWNER=***
AIRFLOW_CTX_DAG_ID=models_dbt_dag
AIRFLOW_CTX_TASK_ID=dbt_run.model.jaffle_shop.int_orders
AIRFLOW_CTX_EXECUTION_DATE=2022-05-14T15:15:58.068711+00:00
AIRFLOW_CTX_DAG_RUN_ID=scheduled__2022-05-14T15:15:58.068711+00:00
[2022-05-15 15:16:41,941] {subprocess.py:62} INFO - Tmp dir root location: 
 /tmp
[2022-05-15 15:16:41,949] {subprocess.py:74} INFO - Running command: ['bash', '-c', 'dbt --no-write-json run --target dev --models int_orders --profiles-dir /opt/***/dags/jaffle_shop --project-dir /opt/***/dags/jaffle_shop']
[2022-05-15 15:16:41,981] {subprocess.py:85} INFO - Output:
[2022-05-15 15:16:45,501] {subprocess.py:89} INFO - 15:16:45  Running with dbt=1.1.0
[2022-05-15 15:16:45,623] {subprocess.py:89} INFO - 15:16:45  Found 5 models, 11 tests, 0 snapshots, 0 analyses, 170 macros, 0 operations, 0 seed files, 3 sources, 0 exposures, 0 metrics
[2022-05-15 15:16:45,631] {subprocess.py:89} INFO - 15:16:45
[2022-05-15 15:16:45,854] {subprocess.py:89} INFO - 15:16:45  Concurrency: 1 threads (target='dev')
[2022-05-15 15:16:45,857] {subprocess.py:89} INFO - 15:16:45
[2022-05-15 15:16:45,881] {subprocess.py:89} INFO - 15:16:45  1 of 1 START view model dev.int_orders ......................................... [RUN]
[2022-05-15 15:16:46,072] {subprocess.py:89} INFO - 15:16:46  1 of 1 OK created view model dev.int_orders .................................... [[32mCREATE VIEW[0m in 0.19s]
[2022-05-15 15:16:46,203] {subprocess.py:89} INFO - 15:16:46
[2022-05-15 15:16:46,205] {subprocess.py:89} INFO - 15:16:46  Finished running 1 view model in 0.57s.
[2022-05-15 15:16:46,213] {subprocess.py:89} INFO - 15:16:46
[2022-05-15 15:16:46,215] {subprocess.py:89} INFO - 15:16:46  [32mCompleted successfully[0m
[2022-05-15 15:16:46,218] {subprocess.py:89} INFO - 15:16:46
[2022-05-15 15:16:46,220] {subprocess.py:89} INFO - 15:16:46  Done. PASS=1 WARN=0 ERROR=0 SKIP=0 TOTAL=1
[2022-05-15 15:16:47,371] {subprocess.py:93} INFO - Command exited with return code 0
[2022-05-15 15:16:47,405] {taskinstance.py:1280} INFO - Marking task as SUCCESS. dag_id=models_dbt_dag, task_id=dbt_run.model.jaffle_shop.int_orders, execution_date=20220514T151558, start_date=20220515T151641, end_date=20220515T151647
[2022-05-15 15:16:47,456] {local_task_job.py:154} INFO - Task exited with return code 0
[2022-05-15 15:16:47,510] {local_task_job.py:264} INFO - 1 downstream tasks scheduled from follow-on schedule check
