[2022-05-15 15:24:15,521] {taskinstance.py:1035} INFO - Dependencies all met for <TaskInstance: models_dbt_dag.dbt_run.model.jaffle_shop.int_orders scheduled__2022-05-14T15:15:58.068711+00:00 [queued]>
[2022-05-15 15:24:15,535] {taskinstance.py:1035} INFO - Dependencies all met for <TaskInstance: models_dbt_dag.dbt_run.model.jaffle_shop.int_orders scheduled__2022-05-14T15:15:58.068711+00:00 [queued]>
[2022-05-15 15:24:15,536] {taskinstance.py:1241} INFO - 
--------------------------------------------------------------------------------
[2022-05-15 15:24:15,536] {taskinstance.py:1242} INFO - Starting attempt 2 of 2
[2022-05-15 15:24:15,537] {taskinstance.py:1243} INFO - 
--------------------------------------------------------------------------------
[2022-05-15 15:24:15,551] {taskinstance.py:1262} INFO - Executing <Task(BashOperator): dbt_run.model.jaffle_shop.int_orders> on 2022-05-14 15:15:58.068711+00:00
[2022-05-15 15:24:15,556] {standard_task_runner.py:52} INFO - Started process 9815 to run task
[2022-05-15 15:24:15,560] {standard_task_runner.py:76} INFO - Running: ['***', 'tasks', 'run', 'models_dbt_dag', 'dbt_run.model.jaffle_shop.int_orders', 'scheduled__2022-05-14T15:15:58.068711+00:00', '--job-id', '164', '--raw', '--subdir', 'DAGS_FOLDER/models_dbt_dag.py', '--cfg-path', '/tmp/tmp16v9x4zz', '--error-file', '/tmp/tmpbkpy1pbe']
[2022-05-15 15:24:15,561] {standard_task_runner.py:77} INFO - Job 164: Subtask dbt_run.model.jaffle_shop.int_orders
[2022-05-15 15:24:15,609] {logging_mixin.py:109} INFO - Running <TaskInstance: models_dbt_dag.dbt_run.model.jaffle_shop.int_orders scheduled__2022-05-14T15:15:58.068711+00:00 [running]> on host b0833397c3cf
[2022-05-15 15:24:15,666] {taskinstance.py:1429} INFO - Exporting the following env vars:
AIRFLOW_CTX_DAG_OWNER=***
AIRFLOW_CTX_DAG_ID=models_dbt_dag
AIRFLOW_CTX_TASK_ID=dbt_run.model.jaffle_shop.int_orders
AIRFLOW_CTX_EXECUTION_DATE=2022-05-14T15:15:58.068711+00:00
AIRFLOW_CTX_DAG_RUN_ID=scheduled__2022-05-14T15:15:58.068711+00:00
[2022-05-15 15:24:15,667] {subprocess.py:62} INFO - Tmp dir root location: 
 /tmp
[2022-05-15 15:24:15,669] {subprocess.py:74} INFO - Running command: ['bash', '-c', 'dbt --no-write-json run --target dev --models int_orders --profiles-dir /opt/***/dags/jaffle_shop --project-dir /opt/***/dags/jaffle_shop']
[2022-05-15 15:24:15,682] {subprocess.py:85} INFO - Output:
[2022-05-15 15:24:19,071] {subprocess.py:89} INFO - 15:24:19  Running with dbt=1.1.0
[2022-05-15 15:24:19,202] {subprocess.py:89} INFO - 15:24:19  Found 5 models, 13 tests, 0 snapshots, 0 analyses, 170 macros, 0 operations, 0 seed files, 3 sources, 0 exposures, 0 metrics
[2022-05-15 15:24:19,208] {subprocess.py:89} INFO - 15:24:19
[2022-05-15 15:24:19,336] {subprocess.py:89} INFO - 15:24:19  Concurrency: 1 threads (target='dev')
[2022-05-15 15:24:19,338] {subprocess.py:89} INFO - 15:24:19
[2022-05-15 15:24:19,349] {subprocess.py:89} INFO - 15:24:19  1 of 1 START view model dev.int_orders ......................................... [RUN]
[2022-05-15 15:24:19,463] {subprocess.py:89} INFO - 15:24:19  1 of 1 OK created view model dev.int_orders .................................... [[32mCREATE VIEW[0m in 0.11s]
[2022-05-15 15:24:19,567] {subprocess.py:89} INFO - 15:24:19
[2022-05-15 15:24:19,569] {subprocess.py:89} INFO - 15:24:19  Finished running 1 view model in 0.36s.
[2022-05-15 15:24:19,572] {subprocess.py:89} INFO - 15:24:19
[2022-05-15 15:24:19,574] {subprocess.py:89} INFO - 15:24:19  [32mCompleted successfully[0m
[2022-05-15 15:24:19,576] {subprocess.py:89} INFO - 15:24:19
[2022-05-15 15:24:19,578] {subprocess.py:89} INFO - 15:24:19  Done. PASS=1 WARN=0 ERROR=0 SKIP=0 TOTAL=1
[2022-05-15 15:24:20,765] {subprocess.py:93} INFO - Command exited with return code 0
[2022-05-15 15:24:20,804] {taskinstance.py:1280} INFO - Marking task as SUCCESS. dag_id=models_dbt_dag, task_id=dbt_run.model.jaffle_shop.int_orders, execution_date=20220514T151558, start_date=20220515T152415, end_date=20220515T152420
[2022-05-15 15:24:20,870] {local_task_job.py:154} INFO - Task exited with return code 0
[2022-05-15 15:24:20,954] {local_task_job.py:264} INFO - 1 downstream tasks scheduled from follow-on schedule check
