[2022-05-15 03:37:24,683] {taskinstance.py:1035} INFO - Dependencies all met for <TaskInstance: dbt_advanced_dag_utility.dbt_run.model.jaffle_shop.stg_stripe__payments scheduled__2022-05-14T03:30:38.730607+00:00 [queued]>
[2022-05-15 03:37:24,726] {taskinstance.py:1035} INFO - Dependencies all met for <TaskInstance: dbt_advanced_dag_utility.dbt_run.model.jaffle_shop.stg_stripe__payments scheduled__2022-05-14T03:30:38.730607+00:00 [queued]>
[2022-05-15 03:37:24,729] {taskinstance.py:1241} INFO - 
--------------------------------------------------------------------------------
[2022-05-15 03:37:24,730] {taskinstance.py:1242} INFO - Starting attempt 2 of 2
[2022-05-15 03:37:24,731] {taskinstance.py:1243} INFO - 
--------------------------------------------------------------------------------
[2022-05-15 03:37:24,766] {taskinstance.py:1262} INFO - Executing <Task(BashOperator): dbt_run.model.jaffle_shop.stg_stripe__payments> on 2022-05-14 03:30:38.730607+00:00
[2022-05-15 03:37:24,779] {standard_task_runner.py:52} INFO - Started process 5613 to run task
[2022-05-15 03:37:24,797] {standard_task_runner.py:76} INFO - Running: ['***', 'tasks', 'run', 'dbt_advanced_dag_utility', 'dbt_run.model.jaffle_shop.stg_stripe__payments', 'scheduled__2022-05-14T03:30:38.730607+00:00', '--job-id', '102', '--raw', '--subdir', 'DAGS_FOLDER/dbt_dag.py', '--cfg-path', '/tmp/tmphoi4j061', '--error-file', '/tmp/tmpoee6bc5r']
[2022-05-15 03:37:24,805] {standard_task_runner.py:77} INFO - Job 102: Subtask dbt_run.model.jaffle_shop.stg_stripe__payments
[2022-05-15 03:37:24,969] {logging_mixin.py:109} INFO - Running <TaskInstance: dbt_advanced_dag_utility.dbt_run.model.jaffle_shop.stg_stripe__payments scheduled__2022-05-14T03:30:38.730607+00:00 [running]> on host b0833397c3cf
[2022-05-15 03:37:25,110] {taskinstance.py:1429} INFO - Exporting the following env vars:
AIRFLOW_CTX_DAG_OWNER=***
AIRFLOW_CTX_DAG_ID=dbt_advanced_dag_utility
AIRFLOW_CTX_TASK_ID=dbt_run.model.jaffle_shop.stg_stripe__payments
AIRFLOW_CTX_EXECUTION_DATE=2022-05-14T03:30:38.730607+00:00
AIRFLOW_CTX_DAG_RUN_ID=scheduled__2022-05-14T03:30:38.730607+00:00
[2022-05-15 03:37:25,112] {subprocess.py:62} INFO - Tmp dir root location: 
 /tmp
[2022-05-15 03:37:25,114] {subprocess.py:74} INFO - Running command: ['bash', '-c', 'dbt --no-write-json run --target dev --models stg_stripe__payments --profiles-dir /opt/***/dags/jaffle_shop --project-dir /opt/***/dags/jaffle_shop']
[2022-05-15 03:37:25,163] {subprocess.py:85} INFO - Output:
[2022-05-15 03:37:31,159] {subprocess.py:89} INFO - 03:37:31  Running with dbt=1.1.0
[2022-05-15 03:37:31,406] {subprocess.py:89} INFO - 03:37:31  Found 5 models, 4 tests, 0 snapshots, 0 analyses, 170 macros, 0 operations, 0 seed files, 3 sources, 0 exposures, 0 metrics
[2022-05-15 03:37:31,412] {subprocess.py:89} INFO - 03:37:31
[2022-05-15 03:37:31,633] {subprocess.py:89} INFO - 03:37:31  Concurrency: 1 threads (target='dev')
[2022-05-15 03:37:31,635] {subprocess.py:89} INFO - 03:37:31
[2022-05-15 03:37:31,656] {subprocess.py:89} INFO - 03:37:31  1 of 1 START view model dev.stg_stripe__payments ............................... [RUN]
[2022-05-15 03:37:31,848] {subprocess.py:89} INFO - 03:37:31  1 of 1 OK created view model dev.stg_stripe__payments .......................... [[32mCREATE VIEW[0m in 0.19s]
[2022-05-15 03:37:31,988] {subprocess.py:89} INFO - 03:37:31
[2022-05-15 03:37:31,991] {subprocess.py:89} INFO - 03:37:31  Finished running 1 view model in 0.57s.
[2022-05-15 03:37:31,997] {subprocess.py:89} INFO - 03:37:31
[2022-05-15 03:37:32,000] {subprocess.py:89} INFO - 03:37:32  [32mCompleted successfully[0m
[2022-05-15 03:37:32,002] {subprocess.py:89} INFO - 03:37:32
[2022-05-15 03:37:32,005] {subprocess.py:89} INFO - 03:37:32  Done. PASS=1 WARN=0 ERROR=0 SKIP=0 TOTAL=1
[2022-05-15 03:37:33,853] {subprocess.py:93} INFO - Command exited with return code 0
[2022-05-15 03:37:33,885] {taskinstance.py:1280} INFO - Marking task as SUCCESS. dag_id=dbt_advanced_dag_utility, task_id=dbt_run.model.jaffle_shop.stg_stripe__payments, execution_date=20220514T033038, start_date=20220515T033724, end_date=20220515T033733
[2022-05-15 03:37:33,924] {local_task_job.py:154} INFO - Task exited with return code 0
[2022-05-15 03:37:33,983] {local_task_job.py:264} INFO - 1 downstream tasks scheduled from follow-on schedule check
