[2022-05-15 04:29:41,394] {taskinstance.py:1035} INFO - Dependencies all met for <TaskInstance: dbt_advanced_dag_utility.dbt_run.model.jaffle_shop.stg_stripe__payments scheduled__2022-05-14T03:30:38.730607+00:00 [queued]>
[2022-05-15 04:29:41,410] {taskinstance.py:1035} INFO - Dependencies all met for <TaskInstance: dbt_advanced_dag_utility.dbt_run.model.jaffle_shop.stg_stripe__payments scheduled__2022-05-14T03:30:38.730607+00:00 [queued]>
[2022-05-15 04:29:41,411] {taskinstance.py:1241} INFO - 
--------------------------------------------------------------------------------
[2022-05-15 04:29:41,411] {taskinstance.py:1242} INFO - Starting attempt 3 of 3
[2022-05-15 04:29:41,412] {taskinstance.py:1243} INFO - 
--------------------------------------------------------------------------------
[2022-05-15 04:29:41,433] {taskinstance.py:1262} INFO - Executing <Task(BashOperator): dbt_run.model.jaffle_shop.stg_stripe__payments> on 2022-05-14 03:30:38.730607+00:00
[2022-05-15 04:29:41,439] {standard_task_runner.py:52} INFO - Started process 6732 to run task
[2022-05-15 04:29:41,450] {standard_task_runner.py:76} INFO - Running: ['***', 'tasks', 'run', 'dbt_advanced_dag_utility', 'dbt_run.model.jaffle_shop.stg_stripe__payments', 'scheduled__2022-05-14T03:30:38.730607+00:00', '--job-id', '117', '--raw', '--subdir', 'DAGS_FOLDER/dbt_dag.py', '--cfg-path', '/tmp/tmpkl0eu_ac', '--error-file', '/tmp/tmpmrqayv9s']
[2022-05-15 04:29:41,456] {standard_task_runner.py:77} INFO - Job 117: Subtask dbt_run.model.jaffle_shop.stg_stripe__payments
[2022-05-15 04:29:41,524] {logging_mixin.py:109} INFO - Running <TaskInstance: dbt_advanced_dag_utility.dbt_run.model.jaffle_shop.stg_stripe__payments scheduled__2022-05-14T03:30:38.730607+00:00 [running]> on host b0833397c3cf
[2022-05-15 04:29:41,602] {taskinstance.py:1429} INFO - Exporting the following env vars:
AIRFLOW_CTX_DAG_OWNER=***
AIRFLOW_CTX_DAG_ID=dbt_advanced_dag_utility
AIRFLOW_CTX_TASK_ID=dbt_run.model.jaffle_shop.stg_stripe__payments
AIRFLOW_CTX_EXECUTION_DATE=2022-05-14T03:30:38.730607+00:00
AIRFLOW_CTX_DAG_RUN_ID=scheduled__2022-05-14T03:30:38.730607+00:00
[2022-05-15 04:29:41,606] {subprocess.py:62} INFO - Tmp dir root location: 
 /tmp
[2022-05-15 04:29:41,609] {subprocess.py:74} INFO - Running command: ['bash', '-c', 'dbt --no-write-json run --target dev --models stg_stripe__payments --profiles-dir /opt/***/dags/jaffle_shop --project-dir /opt/***/dags/jaffle_shop']
[2022-05-15 04:29:41,626] {subprocess.py:85} INFO - Output:
[2022-05-15 04:29:46,650] {subprocess.py:89} INFO - 04:29:46  Running with dbt=1.1.0
[2022-05-15 04:29:46,806] {subprocess.py:89} INFO - 04:29:46  Unable to do partial parsing because config vars, config profile, or config target have changed
[2022-05-15 04:29:48,993] {subprocess.py:89} INFO - 04:29:48  [[33mWARNING[0m]: Test 'test.jaffle_shop.assert_positive_total_for_payments' (tests/assert_positive_total_for_payments.sql) depends on a node named 'stg_payments' which was not found
[2022-05-15 04:29:48,994] {subprocess.py:89} INFO - 04:29:48  [[33mWARNING[0m]: Test 'test.jaffle_shop.relationships_stg_jaffle_shop__orders_customer_id__customer_id__ref_stg_customers_.a37476cdbb' (models/staging/jaffle_shop/stg_jaffle_shop.yml) depends on a node named 'stg_customers' which was not found
[2022-05-15 04:29:49,096] {subprocess.py:89} INFO - 04:29:49  Found 5 models, 11 tests, 0 snapshots, 0 analyses, 170 macros, 0 operations, 0 seed files, 3 sources, 0 exposures, 0 metrics
[2022-05-15 04:29:49,105] {subprocess.py:89} INFO - 04:29:49
[2022-05-15 04:29:49,371] {subprocess.py:89} INFO - 04:29:49  Concurrency: 1 threads (target='dev')
[2022-05-15 04:29:49,373] {subprocess.py:89} INFO - 04:29:49
[2022-05-15 04:29:49,404] {subprocess.py:89} INFO - 04:29:49  1 of 1 START view model dev.stg_stripe__payments ............................... [RUN]
[2022-05-15 04:29:49,631] {subprocess.py:89} INFO - 04:29:49  1 of 1 OK created view model dev.stg_stripe__payments .......................... [[32mCREATE VIEW[0m in 0.22s]
[2022-05-15 04:29:49,727] {subprocess.py:89} INFO - 04:29:49
[2022-05-15 04:29:49,729] {subprocess.py:89} INFO - 04:29:49  Finished running 1 view model in 0.62s.
[2022-05-15 04:29:49,739] {subprocess.py:89} INFO - 04:29:49
[2022-05-15 04:29:49,745] {subprocess.py:89} INFO - 04:29:49  [32mCompleted successfully[0m
[2022-05-15 04:29:49,750] {subprocess.py:89} INFO - 04:29:49
[2022-05-15 04:29:49,754] {subprocess.py:89} INFO - 04:29:49  Done. PASS=1 WARN=0 ERROR=0 SKIP=0 TOTAL=1
[2022-05-15 04:29:50,947] {subprocess.py:93} INFO - Command exited with return code 0
[2022-05-15 04:29:51,019] {taskinstance.py:1280} INFO - Marking task as SUCCESS. dag_id=dbt_advanced_dag_utility, task_id=dbt_run.model.jaffle_shop.stg_stripe__payments, execution_date=20220514T033038, start_date=20220515T042941, end_date=20220515T042951
[2022-05-15 04:29:51,087] {local_task_job.py:154} INFO - Task exited with return code 0
[2022-05-15 04:29:51,171] {local_task_job.py:264} INFO - 0 downstream tasks scheduled from follow-on schedule check
