[2022-05-15 04:40:56,721] {taskinstance.py:1035} INFO - Dependencies all met for <TaskInstance: dbt_advanced_dag_utility.dbt_run.model.jaffle_shop.stg_stripe__payments scheduled__2022-05-14T03:30:38.730607+00:00 [queued]>
[2022-05-15 04:40:56,755] {taskinstance.py:1035} INFO - Dependencies all met for <TaskInstance: dbt_advanced_dag_utility.dbt_run.model.jaffle_shop.stg_stripe__payments scheduled__2022-05-14T03:30:38.730607+00:00 [queued]>
[2022-05-15 04:40:56,756] {taskinstance.py:1241} INFO - 
--------------------------------------------------------------------------------
[2022-05-15 04:40:56,757] {taskinstance.py:1242} INFO - Starting attempt 4 of 4
[2022-05-15 04:40:56,757] {taskinstance.py:1243} INFO - 
--------------------------------------------------------------------------------
[2022-05-15 04:40:56,773] {taskinstance.py:1262} INFO - Executing <Task(BashOperator): dbt_run.model.jaffle_shop.stg_stripe__payments> on 2022-05-14 03:30:38.730607+00:00
[2022-05-15 04:40:56,779] {standard_task_runner.py:52} INFO - Started process 7349 to run task
[2022-05-15 04:40:56,791] {standard_task_runner.py:76} INFO - Running: ['***', 'tasks', 'run', 'dbt_advanced_dag_utility', 'dbt_run.model.jaffle_shop.stg_stripe__payments', 'scheduled__2022-05-14T03:30:38.730607+00:00', '--job-id', '127', '--raw', '--subdir', 'DAGS_FOLDER/dbt_dag.py', '--cfg-path', '/tmp/tmpkpqsdj3g', '--error-file', '/tmp/tmpafcfvno8']
[2022-05-15 04:40:56,793] {standard_task_runner.py:77} INFO - Job 127: Subtask dbt_run.model.jaffle_shop.stg_stripe__payments
[2022-05-15 04:40:56,859] {logging_mixin.py:109} INFO - Running <TaskInstance: dbt_advanced_dag_utility.dbt_run.model.jaffle_shop.stg_stripe__payments scheduled__2022-05-14T03:30:38.730607+00:00 [running]> on host b0833397c3cf
[2022-05-15 04:40:56,983] {taskinstance.py:1429} INFO - Exporting the following env vars:
AIRFLOW_CTX_DAG_OWNER=***
AIRFLOW_CTX_DAG_ID=dbt_advanced_dag_utility
AIRFLOW_CTX_TASK_ID=dbt_run.model.jaffle_shop.stg_stripe__payments
AIRFLOW_CTX_EXECUTION_DATE=2022-05-14T03:30:38.730607+00:00
AIRFLOW_CTX_DAG_RUN_ID=scheduled__2022-05-14T03:30:38.730607+00:00
[2022-05-15 04:40:56,988] {subprocess.py:62} INFO - Tmp dir root location: 
 /tmp
[2022-05-15 04:40:56,990] {subprocess.py:74} INFO - Running command: ['bash', '-c', 'dbt --no-write-json run --target dev --models stg_stripe__payments --profiles-dir /opt/***/dags/jaffle_shop --project-dir /opt/***/dags/jaffle_shop']
[2022-05-15 04:40:57,007] {subprocess.py:85} INFO - Output:
[2022-05-15 04:41:01,010] {subprocess.py:89} INFO - 04:41:01  Running with dbt=1.1.0
[2022-05-15 04:41:01,188] {subprocess.py:89} INFO - 04:41:01  Found 5 models, 11 tests, 0 snapshots, 0 analyses, 170 macros, 0 operations, 0 seed files, 3 sources, 0 exposures, 0 metrics
[2022-05-15 04:41:01,195] {subprocess.py:89} INFO - 04:41:01
[2022-05-15 04:41:01,450] {subprocess.py:89} INFO - 04:41:01  Concurrency: 1 threads (target='dev')
[2022-05-15 04:41:01,453] {subprocess.py:89} INFO - 04:41:01
[2022-05-15 04:41:01,490] {subprocess.py:89} INFO - 04:41:01  1 of 1 START view model dev.stg_stripe__payments ............................... [RUN]
[2022-05-15 04:41:01,892] {subprocess.py:89} INFO - 04:41:01  1 of 1 OK created view model dev.stg_stripe__payments .......................... [[32mCREATE VIEW[0m in 0.39s]
[2022-05-15 04:41:02,018] {subprocess.py:89} INFO - 04:41:02
[2022-05-15 04:41:02,021] {subprocess.py:89} INFO - 04:41:02  Finished running 1 view model in 0.82s.
[2022-05-15 04:41:02,033] {subprocess.py:89} INFO - 04:41:02
[2022-05-15 04:41:02,036] {subprocess.py:89} INFO - 04:41:02  [32mCompleted successfully[0m
[2022-05-15 04:41:02,040] {subprocess.py:89} INFO - 04:41:02
[2022-05-15 04:41:02,045] {subprocess.py:89} INFO - 04:41:02  Done. PASS=1 WARN=0 ERROR=0 SKIP=0 TOTAL=1
[2022-05-15 04:41:03,219] {subprocess.py:93} INFO - Command exited with return code 0
[2022-05-15 04:41:03,339] {taskinstance.py:1280} INFO - Marking task as SUCCESS. dag_id=dbt_advanced_dag_utility, task_id=dbt_run.model.jaffle_shop.stg_stripe__payments, execution_date=20220514T033038, start_date=20220515T044056, end_date=20220515T044103
[2022-05-15 04:41:03,392] {local_task_job.py:154} INFO - Task exited with return code 0
[2022-05-15 04:41:03,486] {local_task_job.py:264} INFO - 0 downstream tasks scheduled from follow-on schedule check
