[2022-05-16 23:44:19,172] {taskinstance.py:1035} INFO - Dependencies all met for <TaskInstance: model_level_dbt_dag.dbt_run.model.jaffle_shop.stg_stripe__payments scheduled__2022-05-15T16:00:47.250021+00:00 [queued]>
[2022-05-16 23:44:19,185] {taskinstance.py:1035} INFO - Dependencies all met for <TaskInstance: model_level_dbt_dag.dbt_run.model.jaffle_shop.stg_stripe__payments scheduled__2022-05-15T16:00:47.250021+00:00 [queued]>
[2022-05-16 23:44:19,187] {taskinstance.py:1241} INFO - 
--------------------------------------------------------------------------------
[2022-05-16 23:44:19,188] {taskinstance.py:1242} INFO - Starting attempt 2 of 2
[2022-05-16 23:44:19,189] {taskinstance.py:1243} INFO - 
--------------------------------------------------------------------------------
[2022-05-16 23:44:19,207] {taskinstance.py:1262} INFO - Executing <Task(BashOperator): dbt_run.model.jaffle_shop.stg_stripe__payments> on 2022-05-15 16:00:47.250021+00:00
[2022-05-16 23:44:19,214] {standard_task_runner.py:52} INFO - Started process 223 to run task
[2022-05-16 23:44:19,219] {standard_task_runner.py:76} INFO - Running: ['***', 'tasks', 'run', 'model_level_dbt_dag', 'dbt_run.model.jaffle_shop.stg_stripe__payments', 'scheduled__2022-05-15T16:00:47.250021+00:00', '--job-id', '458', '--raw', '--subdir', 'DAGS_FOLDER/model_level_dbt_dag.py', '--cfg-path', '/tmp/tmppquk21ds', '--error-file', '/tmp/tmpb623nzq5']
[2022-05-16 23:44:19,221] {standard_task_runner.py:77} INFO - Job 458: Subtask dbt_run.model.jaffle_shop.stg_stripe__payments
[2022-05-16 23:44:19,284] {logging_mixin.py:109} INFO - Running <TaskInstance: model_level_dbt_dag.dbt_run.model.jaffle_shop.stg_stripe__payments scheduled__2022-05-15T16:00:47.250021+00:00 [running]> on host a97e89df0c52
[2022-05-16 23:44:19,357] {taskinstance.py:1429} INFO - Exporting the following env vars:
AIRFLOW_CTX_DAG_OWNER=***
AIRFLOW_CTX_DAG_ID=model_level_dbt_dag
AIRFLOW_CTX_TASK_ID=dbt_run.model.jaffle_shop.stg_stripe__payments
AIRFLOW_CTX_EXECUTION_DATE=2022-05-15T16:00:47.250021+00:00
AIRFLOW_CTX_DAG_RUN_ID=scheduled__2022-05-15T16:00:47.250021+00:00
[2022-05-16 23:44:19,359] {subprocess.py:62} INFO - Tmp dir root location: 
 /tmp
[2022-05-16 23:44:19,362] {subprocess.py:74} INFO - Running command: ['bash', '-c', 'dbt --no-write-json run --target dev --models stg_stripe__payments --profiles-dir /opt/dbt/jaffle_shop --project-dir /opt/dbt/jaffle_shop']
[2022-05-16 23:44:19,375] {subprocess.py:85} INFO - Output:
[2022-05-16 23:44:22,476] {subprocess.py:89} INFO - 23:44:22  Running with dbt=1.1.0
[2022-05-16 23:44:22,603] {subprocess.py:89} INFO - 23:44:22  Found 5 models, 13 tests, 0 snapshots, 0 analyses, 170 macros, 0 operations, 0 seed files, 3 sources, 0 exposures, 0 metrics
[2022-05-16 23:44:22,610] {subprocess.py:89} INFO - 23:44:22
[2022-05-16 23:44:22,770] {subprocess.py:89} INFO - 23:44:22  Concurrency: 1 threads (target='dev')
[2022-05-16 23:44:22,772] {subprocess.py:89} INFO - 23:44:22
[2022-05-16 23:44:22,809] {subprocess.py:89} INFO - 23:44:22  1 of 1 START view model dev.stg_stripe__payments ............................... [RUN]
[2022-05-16 23:44:23,000] {subprocess.py:89} INFO - 23:44:22  1 of 1 OK created view model dev.stg_stripe__payments .......................... [[32mCREATE VIEW[0m in 0.18s]
[2022-05-16 23:44:23,113] {subprocess.py:89} INFO - 23:44:23
[2022-05-16 23:44:23,115] {subprocess.py:89} INFO - 23:44:23  Finished running 1 view model in 0.50s.
[2022-05-16 23:44:23,121] {subprocess.py:89} INFO - 23:44:23
[2022-05-16 23:44:23,123] {subprocess.py:89} INFO - 23:44:23  [32mCompleted successfully[0m
[2022-05-16 23:44:23,125] {subprocess.py:89} INFO - 23:44:23
[2022-05-16 23:44:23,128] {subprocess.py:89} INFO - 23:44:23  Done. PASS=1 WARN=0 ERROR=0 SKIP=0 TOTAL=1
[2022-05-16 23:44:24,621] {subprocess.py:93} INFO - Command exited with return code 0
[2022-05-16 23:44:24,691] {taskinstance.py:1280} INFO - Marking task as SUCCESS. dag_id=model_level_dbt_dag, task_id=dbt_run.model.jaffle_shop.stg_stripe__payments, execution_date=20220515T160047, start_date=20220516T234419, end_date=20220516T234424
[2022-05-16 23:44:24,797] {local_task_job.py:154} INFO - Task exited with return code 0
[2022-05-16 23:44:24,923] {local_task_job.py:264} INFO - 1 downstream tasks scheduled from follow-on schedule check
