[2022-05-17 00:42:09,364] {taskinstance.py:1035} INFO - Dependencies all met for <TaskInstance: model_level_dbt_dag.dbt_run.model.jaffle_shop.stg_stripe__payments scheduled__2022-05-15T16:00:47.250021+00:00 [queued]>
[2022-05-17 00:42:09,378] {taskinstance.py:1035} INFO - Dependencies all met for <TaskInstance: model_level_dbt_dag.dbt_run.model.jaffle_shop.stg_stripe__payments scheduled__2022-05-15T16:00:47.250021+00:00 [queued]>
[2022-05-17 00:42:09,379] {taskinstance.py:1241} INFO - 
--------------------------------------------------------------------------------
[2022-05-17 00:42:09,380] {taskinstance.py:1242} INFO - Starting attempt 3 of 6
[2022-05-17 00:42:09,381] {taskinstance.py:1243} INFO - 
--------------------------------------------------------------------------------
[2022-05-17 00:42:09,395] {taskinstance.py:1262} INFO - Executing <Task(BashOperator): dbt_run.model.jaffle_shop.stg_stripe__payments> on 2022-05-15 16:00:47.250021+00:00
[2022-05-17 00:42:09,400] {standard_task_runner.py:52} INFO - Started process 64 to run task
[2022-05-17 00:42:09,406] {standard_task_runner.py:76} INFO - Running: ['***', 'tasks', 'run', 'model_level_dbt_dag', 'dbt_run.model.jaffle_shop.stg_stripe__payments', 'scheduled__2022-05-15T16:00:47.250021+00:00', '--job-id', '487', '--raw', '--subdir', 'DAGS_FOLDER/model_level_dbt_dag.py', '--cfg-path', '/tmp/tmpxrxy4290', '--error-file', '/tmp/tmphpoj2up9']
[2022-05-17 00:42:09,407] {standard_task_runner.py:77} INFO - Job 487: Subtask dbt_run.model.jaffle_shop.stg_stripe__payments
[2022-05-17 00:42:09,473] {logging_mixin.py:109} INFO - Running <TaskInstance: model_level_dbt_dag.dbt_run.model.jaffle_shop.stg_stripe__payments scheduled__2022-05-15T16:00:47.250021+00:00 [running]> on host 5b92c0eb864a
[2022-05-17 00:42:09,572] {taskinstance.py:1429} INFO - Exporting the following env vars:
AIRFLOW_CTX_DAG_OWNER=luciano.naveiro
AIRFLOW_CTX_DAG_ID=model_level_dbt_dag
AIRFLOW_CTX_TASK_ID=dbt_run.model.jaffle_shop.stg_stripe__payments
AIRFLOW_CTX_EXECUTION_DATE=2022-05-15T16:00:47.250021+00:00
AIRFLOW_CTX_DAG_RUN_ID=scheduled__2022-05-15T16:00:47.250021+00:00
[2022-05-17 00:42:09,575] {subprocess.py:62} INFO - Tmp dir root location: 
 /tmp
[2022-05-17 00:42:09,576] {subprocess.py:74} INFO - Running command: ['bash', '-c', 'dbt --no-write-json run --target dev --models stg_stripe__payments --profiles-dir /opt/dbt/jaffle_shop --project-dir /opt/dbt/jaffle_shop']
[2022-05-17 00:42:09,591] {subprocess.py:85} INFO - Output:
[2022-05-17 00:42:13,568] {subprocess.py:89} INFO - 00:42:13  Running with dbt=1.1.0
[2022-05-17 00:42:13,757] {subprocess.py:89} INFO - 00:42:13  Found 5 models, 13 tests, 0 snapshots, 0 analyses, 170 macros, 0 operations, 0 seed files, 3 sources, 0 exposures, 0 metrics
[2022-05-17 00:42:13,766] {subprocess.py:89} INFO - 00:42:13
[2022-05-17 00:42:13,988] {subprocess.py:89} INFO - 00:42:13  Concurrency: 1 threads (target='dev')
[2022-05-17 00:42:13,992] {subprocess.py:89} INFO - 00:42:13
[2022-05-17 00:42:14,011] {subprocess.py:89} INFO - 00:42:14  1 of 1 START view model dev.stg_stripe__payments ............................... [RUN]
[2022-05-17 00:42:14,188] {subprocess.py:89} INFO - 00:42:14  1 of 1 OK created view model dev.stg_stripe__payments .......................... [[32mCREATE VIEW[0m in 0.17s]
[2022-05-17 00:42:14,235] {subprocess.py:89} INFO - 00:42:14
[2022-05-17 00:42:14,238] {subprocess.py:89} INFO - 00:42:14  Finished running 1 view model in 0.47s.
[2022-05-17 00:42:14,248] {subprocess.py:89} INFO - 00:42:14
[2022-05-17 00:42:14,262] {subprocess.py:89} INFO - 00:42:14  [32mCompleted successfully[0m
[2022-05-17 00:42:14,265] {subprocess.py:89} INFO - 00:42:14
[2022-05-17 00:42:14,267] {subprocess.py:89} INFO - 00:42:14  Done. PASS=1 WARN=0 ERROR=0 SKIP=0 TOTAL=1
[2022-05-17 00:42:15,564] {subprocess.py:93} INFO - Command exited with return code 0
[2022-05-17 00:42:15,617] {taskinstance.py:1280} INFO - Marking task as SUCCESS. dag_id=model_level_dbt_dag, task_id=dbt_run.model.jaffle_shop.stg_stripe__payments, execution_date=20220515T160047, start_date=20220517T004209, end_date=20220517T004215
[2022-05-17 00:42:15,670] {local_task_job.py:154} INFO - Task exited with return code 0
[2022-05-17 00:42:15,733] {local_task_job.py:264} INFO - 1 downstream tasks scheduled from follow-on schedule check
