[2022-05-17 01:30:44,147] {taskinstance.py:1035} INFO - Dependencies all met for <TaskInstance: model_level_dbt_dag.dbt_run.model.jaffle_shop.stg_stripe__payments scheduled__2022-05-15T16:00:47.250021+00:00 [queued]>
[2022-05-17 01:30:44,165] {taskinstance.py:1035} INFO - Dependencies all met for <TaskInstance: model_level_dbt_dag.dbt_run.model.jaffle_shop.stg_stripe__payments scheduled__2022-05-15T16:00:47.250021+00:00 [queued]>
[2022-05-17 01:30:44,166] {taskinstance.py:1241} INFO - 
--------------------------------------------------------------------------------
[2022-05-17 01:30:44,167] {taskinstance.py:1242} INFO - Starting attempt 5 of 8
[2022-05-17 01:30:44,168] {taskinstance.py:1243} INFO - 
--------------------------------------------------------------------------------
[2022-05-17 01:30:44,187] {taskinstance.py:1262} INFO - Executing <Task(BashOperator): dbt_run.model.jaffle_shop.stg_stripe__payments> on 2022-05-15 16:00:47.250021+00:00
[2022-05-17 01:30:44,198] {standard_task_runner.py:52} INFO - Started process 65 to run task
[2022-05-17 01:30:44,203] {standard_task_runner.py:76} INFO - Running: ['***', 'tasks', 'run', 'model_level_dbt_dag', 'dbt_run.model.jaffle_shop.stg_stripe__payments', 'scheduled__2022-05-15T16:00:47.250021+00:00', '--job-id', '532', '--raw', '--subdir', 'DAGS_FOLDER/model_level_dbt_dag.py', '--cfg-path', '/tmp/tmp0kn8lszk', '--error-file', '/tmp/tmpzz64vfq5']
[2022-05-17 01:30:44,205] {standard_task_runner.py:77} INFO - Job 532: Subtask dbt_run.model.jaffle_shop.stg_stripe__payments
[2022-05-17 01:30:44,273] {logging_mixin.py:109} INFO - Running <TaskInstance: model_level_dbt_dag.dbt_run.model.jaffle_shop.stg_stripe__payments scheduled__2022-05-15T16:00:47.250021+00:00 [running]> on host 9d5de636d688
[2022-05-17 01:30:44,345] {taskinstance.py:1429} INFO - Exporting the following env vars:
AIRFLOW_CTX_DAG_OWNER=luciano.naveiro
AIRFLOW_CTX_DAG_ID=model_level_dbt_dag
AIRFLOW_CTX_TASK_ID=dbt_run.model.jaffle_shop.stg_stripe__payments
AIRFLOW_CTX_EXECUTION_DATE=2022-05-15T16:00:47.250021+00:00
AIRFLOW_CTX_DAG_RUN_ID=scheduled__2022-05-15T16:00:47.250021+00:00
[2022-05-17 01:30:44,347] {subprocess.py:62} INFO - Tmp dir root location: 
 /tmp
[2022-05-17 01:30:44,349] {subprocess.py:74} INFO - Running command: ['bash', '-c', 'dbt --no-write-json run --target dev --models stg_stripe__payments --profiles-dir /opt/dbt/jaffle_shop --project-dir /opt/dbt/jaffle_shop']
[2022-05-17 01:30:44,364] {subprocess.py:85} INFO - Output:
[2022-05-17 01:30:48,358] {subprocess.py:89} INFO - 01:30:48  Running with dbt=1.1.0
[2022-05-17 01:30:48,432] {subprocess.py:89} INFO - 01:30:48  Unable to do partial parsing because config vars, config profile, or config target have changed
[2022-05-17 01:30:50,025] {subprocess.py:89} INFO - 01:30:50  Found 5 models, 13 tests, 0 snapshots, 0 analyses, 170 macros, 0 operations, 0 seed files, 3 sources, 0 exposures, 0 metrics
[2022-05-17 01:30:50,031] {subprocess.py:89} INFO - 01:30:50
[2022-05-17 01:30:50,335] {subprocess.py:89} INFO - 01:30:50  Concurrency: 1 threads (target='dev')
[2022-05-17 01:30:50,340] {subprocess.py:89} INFO - 01:30:50
[2022-05-17 01:30:50,371] {subprocess.py:89} INFO - 01:30:50  1 of 1 START view model dev.stg_stripe__payments ............................... [RUN]
[2022-05-17 01:30:50,707] {subprocess.py:89} INFO - 01:30:50  1 of 1 OK created view model dev.stg_stripe__payments .......................... [[32mCREATE VIEW[0m in 0.33s]
[2022-05-17 01:30:50,854] {subprocess.py:89} INFO - 01:30:50
[2022-05-17 01:30:50,859] {subprocess.py:89} INFO - 01:30:50  Finished running 1 view model in 0.82s.
[2022-05-17 01:30:50,873] {subprocess.py:89} INFO - 01:30:50
[2022-05-17 01:30:50,887] {subprocess.py:89} INFO - 01:30:50  [32mCompleted successfully[0m
[2022-05-17 01:30:50,899] {subprocess.py:89} INFO - 01:30:50
[2022-05-17 01:30:50,907] {subprocess.py:89} INFO - 01:30:50  Done. PASS=1 WARN=0 ERROR=0 SKIP=0 TOTAL=1
[2022-05-17 01:30:52,269] {subprocess.py:93} INFO - Command exited with return code 0
[2022-05-17 01:30:52,349] {taskinstance.py:1280} INFO - Marking task as SUCCESS. dag_id=model_level_dbt_dag, task_id=dbt_run.model.jaffle_shop.stg_stripe__payments, execution_date=20220515T160047, start_date=20220517T013044, end_date=20220517T013052
[2022-05-17 01:30:52,399] {local_task_job.py:154} INFO - Task exited with return code 0
[2022-05-17 01:30:52,494] {local_task_job.py:264} INFO - 0 downstream tasks scheduled from follow-on schedule check
