[2022-05-17 01:32:09,695] {taskinstance.py:1035} INFO - Dependencies all met for <TaskInstance: model_level_dbt_dag.dbt_run.model.jaffle_shop.stg_stripe__payments scheduled__2022-05-15T16:00:47.250021+00:00 [queued]>
[2022-05-17 01:32:09,712] {taskinstance.py:1035} INFO - Dependencies all met for <TaskInstance: model_level_dbt_dag.dbt_run.model.jaffle_shop.stg_stripe__payments scheduled__2022-05-15T16:00:47.250021+00:00 [queued]>
[2022-05-17 01:32:09,714] {taskinstance.py:1241} INFO - 
--------------------------------------------------------------------------------
[2022-05-17 01:32:09,715] {taskinstance.py:1242} INFO - Starting attempt 6 of 9
[2022-05-17 01:32:09,716] {taskinstance.py:1243} INFO - 
--------------------------------------------------------------------------------
[2022-05-17 01:32:09,737] {taskinstance.py:1262} INFO - Executing <Task(BashOperator): dbt_run.model.jaffle_shop.stg_stripe__payments> on 2022-05-15 16:00:47.250021+00:00
[2022-05-17 01:32:09,743] {standard_task_runner.py:52} INFO - Started process 213 to run task
[2022-05-17 01:32:09,756] {standard_task_runner.py:76} INFO - Running: ['***', 'tasks', 'run', 'model_level_dbt_dag', 'dbt_run.model.jaffle_shop.stg_stripe__payments', 'scheduled__2022-05-15T16:00:47.250021+00:00', '--job-id', '539', '--raw', '--subdir', 'DAGS_FOLDER/model_level_dbt_dag.py', '--cfg-path', '/tmp/tmpn235iike', '--error-file', '/tmp/tmpwb85v15d']
[2022-05-17 01:32:09,759] {standard_task_runner.py:77} INFO - Job 539: Subtask dbt_run.model.jaffle_shop.stg_stripe__payments
[2022-05-17 01:32:09,857] {logging_mixin.py:109} INFO - Running <TaskInstance: model_level_dbt_dag.dbt_run.model.jaffle_shop.stg_stripe__payments scheduled__2022-05-15T16:00:47.250021+00:00 [running]> on host 9d5de636d688
[2022-05-17 01:32:09,960] {taskinstance.py:1429} INFO - Exporting the following env vars:
AIRFLOW_CTX_DAG_OWNER=luciano.naveiro
AIRFLOW_CTX_DAG_ID=model_level_dbt_dag
AIRFLOW_CTX_TASK_ID=dbt_run.model.jaffle_shop.stg_stripe__payments
AIRFLOW_CTX_EXECUTION_DATE=2022-05-15T16:00:47.250021+00:00
AIRFLOW_CTX_DAG_RUN_ID=scheduled__2022-05-15T16:00:47.250021+00:00
[2022-05-17 01:32:09,962] {subprocess.py:62} INFO - Tmp dir root location: 
 /tmp
[2022-05-17 01:32:09,964] {subprocess.py:74} INFO - Running command: ['bash', '-c', 'dbt --no-write-json run --target dev --models stg_stripe__payments --profiles-dir /opt/dbt/jaffle_shop --project-dir /opt/dbt/jaffle_shop']
[2022-05-17 01:32:09,984] {subprocess.py:85} INFO - Output:
[2022-05-17 01:32:15,841] {subprocess.py:89} INFO - 01:32:15  Running with dbt=1.1.0
[2022-05-17 01:32:15,946] {subprocess.py:89} INFO - 01:32:15  Unable to do partial parsing because config vars, config profile, or config target have changed
[2022-05-17 01:32:17,652] {subprocess.py:89} INFO - 01:32:17  Found 5 models, 13 tests, 0 snapshots, 0 analyses, 170 macros, 0 operations, 0 seed files, 3 sources, 0 exposures, 0 metrics
[2022-05-17 01:32:17,659] {subprocess.py:89} INFO - 01:32:17
[2022-05-17 01:32:17,799] {subprocess.py:89} INFO - 01:32:17  Concurrency: 1 threads (target='dev')
[2022-05-17 01:32:17,801] {subprocess.py:89} INFO - 01:32:17
[2022-05-17 01:32:17,811] {subprocess.py:89} INFO - 01:32:17  1 of 1 START view model dev.stg_stripe__payments ............................... [RUN]
[2022-05-17 01:32:18,030] {subprocess.py:89} INFO - 01:32:18  1 of 1 OK created view model dev.stg_stripe__payments .......................... [[32mCREATE VIEW[0m in 0.21s]
[2022-05-17 01:32:18,134] {subprocess.py:89} INFO - 01:32:18
[2022-05-17 01:32:18,135] {subprocess.py:89} INFO - 01:32:18  Finished running 1 view model in 0.47s.
[2022-05-17 01:32:18,140] {subprocess.py:89} INFO - 01:32:18
[2022-05-17 01:32:18,141] {subprocess.py:89} INFO - 01:32:18  [32mCompleted successfully[0m
[2022-05-17 01:32:18,143] {subprocess.py:89} INFO - 01:32:18
[2022-05-17 01:32:18,144] {subprocess.py:89} INFO - 01:32:18  Done. PASS=1 WARN=0 ERROR=0 SKIP=0 TOTAL=1
[2022-05-17 01:32:19,383] {subprocess.py:93} INFO - Command exited with return code 0
[2022-05-17 01:32:19,412] {taskinstance.py:1280} INFO - Marking task as SUCCESS. dag_id=model_level_dbt_dag, task_id=dbt_run.model.jaffle_shop.stg_stripe__payments, execution_date=20220515T160047, start_date=20220517T013209, end_date=20220517T013219
[2022-05-17 01:32:19,458] {local_task_job.py:154} INFO - Task exited with return code 0
[2022-05-17 01:32:19,542] {local_task_job.py:264} INFO - 0 downstream tasks scheduled from follow-on schedule check
