[2022-05-15 03:30:51,148] {taskinstance.py:1035} INFO - Dependencies all met for <TaskInstance: dbt_advanced_dag_utility.dbt_run.model.jaffle_shop.int_orders scheduled__2022-05-14T03:30:38.730607+00:00 [queued]>
[2022-05-15 03:30:51,165] {taskinstance.py:1035} INFO - Dependencies all met for <TaskInstance: dbt_advanced_dag_utility.dbt_run.model.jaffle_shop.int_orders scheduled__2022-05-14T03:30:38.730607+00:00 [queued]>
[2022-05-15 03:30:51,166] {taskinstance.py:1241} INFO - 
--------------------------------------------------------------------------------
[2022-05-15 03:30:51,168] {taskinstance.py:1242} INFO - Starting attempt 1 of 1
[2022-05-15 03:30:51,169] {taskinstance.py:1243} INFO - 
--------------------------------------------------------------------------------
[2022-05-15 03:30:51,187] {taskinstance.py:1262} INFO - Executing <Task(BashOperator): dbt_run.model.jaffle_shop.int_orders> on 2022-05-14 03:30:38.730607+00:00
[2022-05-15 03:30:51,193] {standard_task_runner.py:52} INFO - Started process 5244 to run task
[2022-05-15 03:30:51,198] {standard_task_runner.py:76} INFO - Running: ['***', 'tasks', 'run', 'dbt_advanced_dag_utility', 'dbt_run.model.jaffle_shop.int_orders', 'scheduled__2022-05-14T03:30:38.730607+00:00', '--job-id', '93', '--raw', '--subdir', 'DAGS_FOLDER/dbt_dag.py', '--cfg-path', '/tmp/tmp63u9ls1m', '--error-file', '/tmp/tmp8e_2gwb0']
[2022-05-15 03:30:51,200] {standard_task_runner.py:77} INFO - Job 93: Subtask dbt_run.model.jaffle_shop.int_orders
[2022-05-15 03:30:51,259] {logging_mixin.py:109} INFO - Running <TaskInstance: dbt_advanced_dag_utility.dbt_run.model.jaffle_shop.int_orders scheduled__2022-05-14T03:30:38.730607+00:00 [running]> on host b0833397c3cf
[2022-05-15 03:30:51,324] {taskinstance.py:1429} INFO - Exporting the following env vars:
AIRFLOW_CTX_DAG_OWNER=***
AIRFLOW_CTX_DAG_ID=dbt_advanced_dag_utility
AIRFLOW_CTX_TASK_ID=dbt_run.model.jaffle_shop.int_orders
AIRFLOW_CTX_EXECUTION_DATE=2022-05-14T03:30:38.730607+00:00
AIRFLOW_CTX_DAG_RUN_ID=scheduled__2022-05-14T03:30:38.730607+00:00
[2022-05-15 03:30:51,327] {subprocess.py:62} INFO - Tmp dir root location: 
 /tmp
[2022-05-15 03:30:51,331] {subprocess.py:74} INFO - Running command: ['bash', '-c', 'dbt --no-write-json run --target dev --models int_orders --profiles-dir /opt/***/dags/jaffle_shop --project-dir /opt/***/dags/jaffle_shop']
[2022-05-15 03:30:51,347] {subprocess.py:85} INFO - Output:
[2022-05-15 03:30:54,743] {subprocess.py:89} INFO - 03:30:54  Running with dbt=1.1.0
[2022-05-15 03:30:54,909] {subprocess.py:89} INFO - 03:30:54  Found 5 models, 4 tests, 0 snapshots, 0 analyses, 170 macros, 0 operations, 0 seed files, 3 sources, 0 exposures, 0 metrics
[2022-05-15 03:30:54,916] {subprocess.py:89} INFO - 03:30:54
[2022-05-15 03:30:55,087] {subprocess.py:89} INFO - 03:30:55  Concurrency: 1 threads (target='dev')
[2022-05-15 03:30:55,090] {subprocess.py:89} INFO - 03:30:55
[2022-05-15 03:30:55,102] {subprocess.py:89} INFO - 03:30:55  1 of 1 START view model dev.int_orders ......................................... [RUN]
[2022-05-15 03:30:55,229] {subprocess.py:89} INFO - 03:30:55  1 of 1 OK created view model dev.int_orders .................................... [[32mCREATE VIEW[0m in 0.12s]
[2022-05-15 03:30:55,326] {subprocess.py:89} INFO - 03:30:55
[2022-05-15 03:30:55,329] {subprocess.py:89} INFO - 03:30:55  Finished running 1 view model in 0.41s.
[2022-05-15 03:30:55,335] {subprocess.py:89} INFO - 03:30:55
[2022-05-15 03:30:55,338] {subprocess.py:89} INFO - 03:30:55  [32mCompleted successfully[0m
[2022-05-15 03:30:55,340] {subprocess.py:89} INFO - 03:30:55
[2022-05-15 03:30:55,342] {subprocess.py:89} INFO - 03:30:55  Done. PASS=1 WARN=0 ERROR=0 SKIP=0 TOTAL=1
[2022-05-15 03:30:56,465] {subprocess.py:93} INFO - Command exited with return code 0
[2022-05-15 03:30:56,500] {taskinstance.py:1280} INFO - Marking task as SUCCESS. dag_id=dbt_advanced_dag_utility, task_id=dbt_run.model.jaffle_shop.int_orders, execution_date=20220514T033038, start_date=20220515T033051, end_date=20220515T033056
[2022-05-15 03:30:56,543] {local_task_job.py:154} INFO - Task exited with return code 0
[2022-05-15 03:30:56,605] {local_task_job.py:264} INFO - 1 downstream tasks scheduled from follow-on schedule check
