[2022-05-15 03:37:34,509] {taskinstance.py:1035} INFO - Dependencies all met for <TaskInstance: dbt_advanced_dag_utility.dbt_run.model.jaffle_shop.int_orders scheduled__2022-05-14T03:30:38.730607+00:00 [queued]>
[2022-05-15 03:37:34,523] {taskinstance.py:1035} INFO - Dependencies all met for <TaskInstance: dbt_advanced_dag_utility.dbt_run.model.jaffle_shop.int_orders scheduled__2022-05-14T03:30:38.730607+00:00 [queued]>
[2022-05-15 03:37:34,524] {taskinstance.py:1241} INFO - 
--------------------------------------------------------------------------------
[2022-05-15 03:37:34,525] {taskinstance.py:1242} INFO - Starting attempt 2 of 2
[2022-05-15 03:37:34,526] {taskinstance.py:1243} INFO - 
--------------------------------------------------------------------------------
[2022-05-15 03:37:34,540] {taskinstance.py:1262} INFO - Executing <Task(BashOperator): dbt_run.model.jaffle_shop.int_orders> on 2022-05-14 03:30:38.730607+00:00
[2022-05-15 03:37:34,546] {standard_task_runner.py:52} INFO - Started process 5645 to run task
[2022-05-15 03:37:34,550] {standard_task_runner.py:76} INFO - Running: ['***', 'tasks', 'run', 'dbt_advanced_dag_utility', 'dbt_run.model.jaffle_shop.int_orders', 'scheduled__2022-05-14T03:30:38.730607+00:00', '--job-id', '103', '--raw', '--subdir', 'DAGS_FOLDER/dbt_dag.py', '--cfg-path', '/tmp/tmpm_9ablse', '--error-file', '/tmp/tmp_866g78x']
[2022-05-15 03:37:34,552] {standard_task_runner.py:77} INFO - Job 103: Subtask dbt_run.model.jaffle_shop.int_orders
[2022-05-15 03:37:34,606] {logging_mixin.py:109} INFO - Running <TaskInstance: dbt_advanced_dag_utility.dbt_run.model.jaffle_shop.int_orders scheduled__2022-05-14T03:30:38.730607+00:00 [running]> on host b0833397c3cf
[2022-05-15 03:37:34,664] {taskinstance.py:1429} INFO - Exporting the following env vars:
AIRFLOW_CTX_DAG_OWNER=***
AIRFLOW_CTX_DAG_ID=dbt_advanced_dag_utility
AIRFLOW_CTX_TASK_ID=dbt_run.model.jaffle_shop.int_orders
AIRFLOW_CTX_EXECUTION_DATE=2022-05-14T03:30:38.730607+00:00
AIRFLOW_CTX_DAG_RUN_ID=scheduled__2022-05-14T03:30:38.730607+00:00
[2022-05-15 03:37:34,668] {subprocess.py:62} INFO - Tmp dir root location: 
 /tmp
[2022-05-15 03:37:34,670] {subprocess.py:74} INFO - Running command: ['bash', '-c', 'dbt --no-write-json run --target dev --models int_orders --profiles-dir /opt/***/dags/jaffle_shop --project-dir /opt/***/dags/jaffle_shop']
[2022-05-15 03:37:34,687] {subprocess.py:85} INFO - Output:
[2022-05-15 03:37:37,917] {subprocess.py:89} INFO - 03:37:37  Running with dbt=1.1.0
[2022-05-15 03:37:38,057] {subprocess.py:89} INFO - 03:37:38  Found 5 models, 4 tests, 0 snapshots, 0 analyses, 170 macros, 0 operations, 0 seed files, 3 sources, 0 exposures, 0 metrics
[2022-05-15 03:37:38,067] {subprocess.py:89} INFO - 03:37:38
[2022-05-15 03:37:38,223] {subprocess.py:89} INFO - 03:37:38  Concurrency: 1 threads (target='dev')
[2022-05-15 03:37:38,226] {subprocess.py:89} INFO - 03:37:38
[2022-05-15 03:37:38,245] {subprocess.py:89} INFO - 03:37:38  1 of 1 START view model dev.int_orders ......................................... [RUN]
[2022-05-15 03:37:38,439] {subprocess.py:89} INFO - 03:37:38  1 of 1 OK created view model dev.int_orders .................................... [[32mCREATE VIEW[0m in 0.19s]
[2022-05-15 03:37:38,572] {subprocess.py:89} INFO - 03:37:38
[2022-05-15 03:37:38,575] {subprocess.py:89} INFO - 03:37:38  Finished running 1 view model in 0.50s.
[2022-05-15 03:37:38,588] {subprocess.py:89} INFO - 03:37:38
[2022-05-15 03:37:38,593] {subprocess.py:89} INFO - 03:37:38  [32mCompleted successfully[0m
[2022-05-15 03:37:38,595] {subprocess.py:89} INFO - 03:37:38
[2022-05-15 03:37:38,597] {subprocess.py:89} INFO - 03:37:38  Done. PASS=1 WARN=0 ERROR=0 SKIP=0 TOTAL=1
[2022-05-15 03:37:39,722] {subprocess.py:93} INFO - Command exited with return code 0
[2022-05-15 03:37:39,768] {taskinstance.py:1280} INFO - Marking task as SUCCESS. dag_id=dbt_advanced_dag_utility, task_id=dbt_run.model.jaffle_shop.int_orders, execution_date=20220514T033038, start_date=20220515T033734, end_date=20220515T033739
[2022-05-15 03:37:39,825] {local_task_job.py:154} INFO - Task exited with return code 0
[2022-05-15 03:37:39,875] {local_task_job.py:264} INFO - 1 downstream tasks scheduled from follow-on schedule check
