[2022-05-15 04:29:52,289] {taskinstance.py:1035} INFO - Dependencies all met for <TaskInstance: dbt_advanced_dag_utility.dbt_run.model.jaffle_shop.int_orders scheduled__2022-05-14T03:30:38.730607+00:00 [queued]>
[2022-05-15 04:29:52,303] {taskinstance.py:1035} INFO - Dependencies all met for <TaskInstance: dbt_advanced_dag_utility.dbt_run.model.jaffle_shop.int_orders scheduled__2022-05-14T03:30:38.730607+00:00 [queued]>
[2022-05-15 04:29:52,305] {taskinstance.py:1241} INFO - 
--------------------------------------------------------------------------------
[2022-05-15 04:29:52,306] {taskinstance.py:1242} INFO - Starting attempt 3 of 3
[2022-05-15 04:29:52,307] {taskinstance.py:1243} INFO - 
--------------------------------------------------------------------------------
[2022-05-15 04:29:52,321] {taskinstance.py:1262} INFO - Executing <Task(BashOperator): dbt_run.model.jaffle_shop.int_orders> on 2022-05-14 03:30:38.730607+00:00
[2022-05-15 04:29:52,327] {standard_task_runner.py:52} INFO - Started process 6786 to run task
[2022-05-15 04:29:52,332] {standard_task_runner.py:76} INFO - Running: ['***', 'tasks', 'run', 'dbt_advanced_dag_utility', 'dbt_run.model.jaffle_shop.int_orders', 'scheduled__2022-05-14T03:30:38.730607+00:00', '--job-id', '118', '--raw', '--subdir', 'DAGS_FOLDER/dbt_dag.py', '--cfg-path', '/tmp/tmp47m3sjmu', '--error-file', '/tmp/tmpvyffb9kc']
[2022-05-15 04:29:52,333] {standard_task_runner.py:77} INFO - Job 118: Subtask dbt_run.model.jaffle_shop.int_orders
[2022-05-15 04:29:52,387] {logging_mixin.py:109} INFO - Running <TaskInstance: dbt_advanced_dag_utility.dbt_run.model.jaffle_shop.int_orders scheduled__2022-05-14T03:30:38.730607+00:00 [running]> on host b0833397c3cf
[2022-05-15 04:29:52,473] {taskinstance.py:1429} INFO - Exporting the following env vars:
AIRFLOW_CTX_DAG_OWNER=***
AIRFLOW_CTX_DAG_ID=dbt_advanced_dag_utility
AIRFLOW_CTX_TASK_ID=dbt_run.model.jaffle_shop.int_orders
AIRFLOW_CTX_EXECUTION_DATE=2022-05-14T03:30:38.730607+00:00
AIRFLOW_CTX_DAG_RUN_ID=scheduled__2022-05-14T03:30:38.730607+00:00
[2022-05-15 04:29:52,475] {subprocess.py:62} INFO - Tmp dir root location: 
 /tmp
[2022-05-15 04:29:52,478] {subprocess.py:74} INFO - Running command: ['bash', '-c', 'dbt --no-write-json run --target dev --models int_orders --profiles-dir /opt/***/dags/jaffle_shop --project-dir /opt/***/dags/jaffle_shop']
[2022-05-15 04:29:52,497] {subprocess.py:85} INFO - Output:
[2022-05-15 04:29:56,121] {subprocess.py:89} INFO - 04:29:56  Running with dbt=1.1.0
[2022-05-15 04:29:56,247] {subprocess.py:89} INFO - 04:29:56  Found 5 models, 11 tests, 0 snapshots, 0 analyses, 170 macros, 0 operations, 0 seed files, 3 sources, 0 exposures, 0 metrics
[2022-05-15 04:29:56,252] {subprocess.py:89} INFO - 04:29:56
[2022-05-15 04:29:56,377] {subprocess.py:89} INFO - 04:29:56  Concurrency: 1 threads (target='dev')
[2022-05-15 04:29:56,378] {subprocess.py:89} INFO - 04:29:56
[2022-05-15 04:29:56,388] {subprocess.py:89} INFO - 04:29:56  1 of 1 START view model dev.int_orders ......................................... [RUN]
[2022-05-15 04:29:56,513] {subprocess.py:89} INFO - 04:29:56  1 of 1 OK created view model dev.int_orders .................................... [[32mCREATE VIEW[0m in 0.12s]
[2022-05-15 04:29:56,608] {subprocess.py:89} INFO - 04:29:56
[2022-05-15 04:29:56,610] {subprocess.py:89} INFO - 04:29:56  Finished running 1 view model in 0.35s.
[2022-05-15 04:29:56,615] {subprocess.py:89} INFO - 04:29:56
[2022-05-15 04:29:56,617] {subprocess.py:89} INFO - 04:29:56  [32mCompleted successfully[0m
[2022-05-15 04:29:56,618] {subprocess.py:89} INFO - 04:29:56
[2022-05-15 04:29:56,620] {subprocess.py:89} INFO - 04:29:56  Done. PASS=1 WARN=0 ERROR=0 SKIP=0 TOTAL=1
[2022-05-15 04:29:57,716] {subprocess.py:93} INFO - Command exited with return code 0
[2022-05-15 04:29:57,749] {taskinstance.py:1280} INFO - Marking task as SUCCESS. dag_id=dbt_advanced_dag_utility, task_id=dbt_run.model.jaffle_shop.int_orders, execution_date=20220514T033038, start_date=20220515T042952, end_date=20220515T042957
[2022-05-15 04:29:57,801] {local_task_job.py:154} INFO - Task exited with return code 0
[2022-05-15 04:29:57,847] {local_task_job.py:264} INFO - 1 downstream tasks scheduled from follow-on schedule check
