[2022-05-15 04:41:04,028] {taskinstance.py:1035} INFO - Dependencies all met for <TaskInstance: dbt_advanced_dag_utility.dbt_run.model.jaffle_shop.int_orders scheduled__2022-05-14T03:30:38.730607+00:00 [queued]>
[2022-05-15 04:41:04,039] {taskinstance.py:1035} INFO - Dependencies all met for <TaskInstance: dbt_advanced_dag_utility.dbt_run.model.jaffle_shop.int_orders scheduled__2022-05-14T03:30:38.730607+00:00 [queued]>
[2022-05-15 04:41:04,040] {taskinstance.py:1241} INFO - 
--------------------------------------------------------------------------------
[2022-05-15 04:41:04,041] {taskinstance.py:1242} INFO - Starting attempt 4 of 4
[2022-05-15 04:41:04,042] {taskinstance.py:1243} INFO - 
--------------------------------------------------------------------------------
[2022-05-15 04:41:04,053] {taskinstance.py:1262} INFO - Executing <Task(BashOperator): dbt_run.model.jaffle_shop.int_orders> on 2022-05-14 03:30:38.730607+00:00
[2022-05-15 04:41:04,057] {standard_task_runner.py:52} INFO - Started process 7392 to run task
[2022-05-15 04:41:04,061] {standard_task_runner.py:76} INFO - Running: ['***', 'tasks', 'run', 'dbt_advanced_dag_utility', 'dbt_run.model.jaffle_shop.int_orders', 'scheduled__2022-05-14T03:30:38.730607+00:00', '--job-id', '128', '--raw', '--subdir', 'DAGS_FOLDER/dbt_dag.py', '--cfg-path', '/tmp/tmpcy4lucyh', '--error-file', '/tmp/tmp6mqkuyvj']
[2022-05-15 04:41:04,062] {standard_task_runner.py:77} INFO - Job 128: Subtask dbt_run.model.jaffle_shop.int_orders
[2022-05-15 04:41:04,108] {logging_mixin.py:109} INFO - Running <TaskInstance: dbt_advanced_dag_utility.dbt_run.model.jaffle_shop.int_orders scheduled__2022-05-14T03:30:38.730607+00:00 [running]> on host b0833397c3cf
[2022-05-15 04:41:04,157] {taskinstance.py:1429} INFO - Exporting the following env vars:
AIRFLOW_CTX_DAG_OWNER=***
AIRFLOW_CTX_DAG_ID=dbt_advanced_dag_utility
AIRFLOW_CTX_TASK_ID=dbt_run.model.jaffle_shop.int_orders
AIRFLOW_CTX_EXECUTION_DATE=2022-05-14T03:30:38.730607+00:00
AIRFLOW_CTX_DAG_RUN_ID=scheduled__2022-05-14T03:30:38.730607+00:00
[2022-05-15 04:41:04,158] {subprocess.py:62} INFO - Tmp dir root location: 
 /tmp
[2022-05-15 04:41:04,160] {subprocess.py:74} INFO - Running command: ['bash', '-c', 'dbt --no-write-json run --target dev --models int_orders --profiles-dir /opt/***/dags/jaffle_shop --project-dir /opt/***/dags/jaffle_shop']
[2022-05-15 04:41:04,173] {subprocess.py:85} INFO - Output:
[2022-05-15 04:41:07,122] {subprocess.py:89} INFO - 04:41:07  Running with dbt=1.1.0
[2022-05-15 04:41:07,216] {subprocess.py:89} INFO - 04:41:07  Found 5 models, 11 tests, 0 snapshots, 0 analyses, 170 macros, 0 operations, 0 seed files, 3 sources, 0 exposures, 0 metrics
[2022-05-15 04:41:07,220] {subprocess.py:89} INFO - 04:41:07
[2022-05-15 04:41:07,402] {subprocess.py:89} INFO - 04:41:07  Concurrency: 1 threads (target='dev')
[2022-05-15 04:41:07,405] {subprocess.py:89} INFO - 04:41:07
[2022-05-15 04:41:07,417] {subprocess.py:89} INFO - 04:41:07  1 of 1 START view model dev.int_orders ......................................... [RUN]
[2022-05-15 04:41:07,552] {subprocess.py:89} INFO - 04:41:07  1 of 1 OK created view model dev.int_orders .................................... [[32mCREATE VIEW[0m in 0.13s]
[2022-05-15 04:41:07,648] {subprocess.py:89} INFO - 04:41:07
[2022-05-15 04:41:07,651] {subprocess.py:89} INFO - 04:41:07  Finished running 1 view model in 0.42s.
[2022-05-15 04:41:07,659] {subprocess.py:89} INFO - 04:41:07
[2022-05-15 04:41:07,661] {subprocess.py:89} INFO - 04:41:07  [32mCompleted successfully[0m
[2022-05-15 04:41:07,663] {subprocess.py:89} INFO - 04:41:07
[2022-05-15 04:41:07,665] {subprocess.py:89} INFO - 04:41:07  Done. PASS=1 WARN=0 ERROR=0 SKIP=0 TOTAL=1
[2022-05-15 04:41:08,717] {subprocess.py:93} INFO - Command exited with return code 0
[2022-05-15 04:41:08,750] {taskinstance.py:1280} INFO - Marking task as SUCCESS. dag_id=dbt_advanced_dag_utility, task_id=dbt_run.model.jaffle_shop.int_orders, execution_date=20220514T033038, start_date=20220515T044104, end_date=20220515T044108
[2022-05-15 04:41:08,789] {local_task_job.py:154} INFO - Task exited with return code 0
[2022-05-15 04:41:08,838] {local_task_job.py:264} INFO - 1 downstream tasks scheduled from follow-on schedule check
