[2022-05-15 16:00:57,552] {taskinstance.py:1035} INFO - Dependencies all met for <TaskInstance: project_level_dbt_dag.dbt_run scheduled__2022-05-14T16:00:41.023536+00:00 [queued]>
[2022-05-15 16:00:57,591] {taskinstance.py:1035} INFO - Dependencies all met for <TaskInstance: project_level_dbt_dag.dbt_run scheduled__2022-05-14T16:00:41.023536+00:00 [queued]>
[2022-05-15 16:00:57,592] {taskinstance.py:1241} INFO - 
--------------------------------------------------------------------------------
[2022-05-15 16:00:57,593] {taskinstance.py:1242} INFO - Starting attempt 1 of 1
[2022-05-15 16:00:57,593] {taskinstance.py:1243} INFO - 
--------------------------------------------------------------------------------
[2022-05-15 16:00:57,624] {taskinstance.py:1262} INFO - Executing <Task(BashOperator): dbt_run> on 2022-05-14 16:00:41.023536+00:00
[2022-05-15 16:00:57,630] {standard_task_runner.py:52} INFO - Started process 11723 to run task
[2022-05-15 16:00:57,655] {standard_task_runner.py:76} INFO - Running: ['***', 'tasks', 'run', 'project_level_dbt_dag', 'dbt_run', 'scheduled__2022-05-14T16:00:41.023536+00:00', '--job-id', '182', '--raw', '--subdir', 'DAGS_FOLDER/project_level_dbt_dag.py', '--cfg-path', '/tmp/tmpam8kxu7d', '--error-file', '/tmp/tmp6ze9ultp']
[2022-05-15 16:00:57,666] {standard_task_runner.py:77} INFO - Job 182: Subtask dbt_run
[2022-05-15 16:00:57,746] {logging_mixin.py:109} INFO - Running <TaskInstance: project_level_dbt_dag.dbt_run scheduled__2022-05-14T16:00:41.023536+00:00 [running]> on host b0833397c3cf
[2022-05-15 16:00:57,870] {taskinstance.py:1429} INFO - Exporting the following env vars:
AIRFLOW_CTX_DAG_OWNER=***
AIRFLOW_CTX_DAG_ID=project_level_dbt_dag
AIRFLOW_CTX_TASK_ID=dbt_run
AIRFLOW_CTX_EXECUTION_DATE=2022-05-14T16:00:41.023536+00:00
AIRFLOW_CTX_DAG_RUN_ID=scheduled__2022-05-14T16:00:41.023536+00:00
[2022-05-15 16:00:57,873] {subprocess.py:62} INFO - Tmp dir root location: 
 /tmp
[2022-05-15 16:00:57,875] {subprocess.py:74} INFO - Running command: ['bash', '-c', '\n        cd /opt/***/dags/jaffle_shop\n        dbt run --profiles-dir .\n        ']
[2022-05-15 16:00:57,894] {subprocess.py:85} INFO - Output:
[2022-05-15 16:01:04,106] {subprocess.py:89} INFO - 16:01:04  Running with dbt=1.1.0
[2022-05-15 16:01:04,268] {subprocess.py:89} INFO - 16:01:04  Unable to do partial parsing because config vars, config profile, or config target have changed
[2022-05-15 16:01:06,299] {subprocess.py:89} INFO - 16:01:06  Found 5 models, 13 tests, 0 snapshots, 0 analyses, 170 macros, 0 operations, 0 seed files, 3 sources, 0 exposures, 0 metrics
[2022-05-15 16:01:06,306] {subprocess.py:89} INFO - 16:01:06
[2022-05-15 16:01:06,506] {subprocess.py:89} INFO - 16:01:06  Concurrency: 1 threads (target='dev')
[2022-05-15 16:01:06,509] {subprocess.py:89} INFO - 16:01:06
[2022-05-15 16:01:06,531] {subprocess.py:89} INFO - 16:01:06  1 of 5 START view model dev.stg_jaffle_shop__customers ......................... [RUN]
[2022-05-15 16:01:06,735] {subprocess.py:89} INFO - 16:01:06  1 of 5 OK created view model dev.stg_jaffle_shop__customers .................... [[32mCREATE VIEW[0m in 0.20s]
[2022-05-15 16:01:06,747] {subprocess.py:89} INFO - 16:01:06  2 of 5 START view model dev.stg_jaffle_shop__orders ............................ [RUN]
[2022-05-15 16:01:06,916] {subprocess.py:89} INFO - 16:01:06  2 of 5 OK created view model dev.stg_jaffle_shop__orders ....................... [[32mCREATE VIEW[0m in 0.16s]
[2022-05-15 16:01:06,922] {subprocess.py:89} INFO - 16:01:06  3 of 5 START view model dev.stg_stripe__payments ............................... [RUN]
[2022-05-15 16:01:07,043] {subprocess.py:89} INFO - 16:01:07  3 of 5 OK created view model dev.stg_stripe__payments .......................... [[32mCREATE VIEW[0m in 0.12s]
[2022-05-15 16:01:07,054] {subprocess.py:89} INFO - 16:01:07  4 of 5 START view model dev.int_orders ......................................... [RUN]
[2022-05-15 16:01:07,201] {subprocess.py:89} INFO - 16:01:07  4 of 5 OK created view model dev.int_orders .................................... [[32mCREATE VIEW[0m in 0.14s]
[2022-05-15 16:01:07,212] {subprocess.py:89} INFO - 16:01:07  5 of 5 START table model dev.fct_customer_orders ............................... [RUN]
[2022-05-15 16:01:07,399] {subprocess.py:89} INFO - 16:01:07  5 of 5 OK created table model dev.fct_customer_orders .......................... [[32mSELECT 99[0m in 0.18s]
[2022-05-15 16:01:07,477] {subprocess.py:89} INFO - 16:01:07
[2022-05-15 16:01:07,480] {subprocess.py:89} INFO - 16:01:07  Finished running 4 view models, 1 table model in 1.17s.
[2022-05-15 16:01:07,524] {subprocess.py:89} INFO - 16:01:07
[2022-05-15 16:01:07,531] {subprocess.py:89} INFO - 16:01:07  [32mCompleted successfully[0m
[2022-05-15 16:01:07,532] {subprocess.py:89} INFO - 16:01:07
[2022-05-15 16:01:07,533] {subprocess.py:89} INFO - 16:01:07  Done. PASS=5 WARN=0 ERROR=0 SKIP=0 TOTAL=5
[2022-05-15 16:01:08,631] {subprocess.py:93} INFO - Command exited with return code 0
[2022-05-15 16:01:08,663] {taskinstance.py:1280} INFO - Marking task as SUCCESS. dag_id=project_level_dbt_dag, task_id=dbt_run, execution_date=20220514T160041, start_date=20220515T160057, end_date=20220515T160108
[2022-05-15 16:01:08,715] {local_task_job.py:154} INFO - Task exited with return code 0
[2022-05-15 16:01:08,750] {local_task_job.py:264} INFO - 1 downstream tasks scheduled from follow-on schedule check
