[2022-05-20 00:45:06,447] {processor.py:163} INFO - Started process (PID=39) to work on /opt/airflow/dags/project_level_dbt_dag.py
[2022-05-20 00:45:06,450] {processor.py:625} INFO - Processing file /opt/airflow/dags/project_level_dbt_dag.py for tasks to queue
[2022-05-20 00:45:06,451] {logging_mixin.py:109} INFO - [2022-05-20 00:45:06,451] {dagbag.py:500} INFO - Filling up the DagBag from /opt/airflow/dags/project_level_dbt_dag.py
[2022-05-20 00:45:06,540] {processor.py:637} INFO - DAG(s) dict_keys(['project_level_dbt_dag']) retrieved from /opt/airflow/dags/project_level_dbt_dag.py
[2022-05-20 00:45:06,553] {logging_mixin.py:109} INFO - [2022-05-20 00:45:06,553] {dag.py:2396} INFO - Sync 1 DAGs
[2022-05-20 00:45:06,595] {logging_mixin.py:109} INFO - [2022-05-20 00:45:06,595] {dag.py:2928} INFO - Setting next_dagrun for project_level_dbt_dag to 2022-05-19T00:45:06.595157+00:00
[2022-05-20 00:45:06,614] {processor.py:171} INFO - Processing /opt/airflow/dags/project_level_dbt_dag.py took 0.178 seconds
[2022-05-20 00:45:37,149] {processor.py:163} INFO - Started process (PID=70) to work on /opt/airflow/dags/project_level_dbt_dag.py
[2022-05-20 00:45:37,151] {processor.py:625} INFO - Processing file /opt/airflow/dags/project_level_dbt_dag.py for tasks to queue
[2022-05-20 00:45:37,152] {logging_mixin.py:109} INFO - [2022-05-20 00:45:37,152] {dagbag.py:500} INFO - Filling up the DagBag from /opt/airflow/dags/project_level_dbt_dag.py
[2022-05-20 00:45:37,196] {processor.py:637} INFO - DAG(s) dict_keys(['project_level_dbt_dag']) retrieved from /opt/airflow/dags/project_level_dbt_dag.py
[2022-05-20 00:45:37,205] {logging_mixin.py:109} INFO - [2022-05-20 00:45:37,205] {dag.py:2396} INFO - Sync 1 DAGs
[2022-05-20 00:45:37,221] {logging_mixin.py:109} INFO - [2022-05-20 00:45:37,220] {dag.py:2928} INFO - Setting next_dagrun for project_level_dbt_dag to 2022-05-19T00:45:37.220667+00:00
[2022-05-20 00:45:37,228] {processor.py:171} INFO - Processing /opt/airflow/dags/project_level_dbt_dag.py took 0.084 seconds
[2022-05-20 00:46:07,430] {processor.py:163} INFO - Started process (PID=113) to work on /opt/airflow/dags/project_level_dbt_dag.py
[2022-05-20 00:46:07,432] {processor.py:625} INFO - Processing file /opt/airflow/dags/project_level_dbt_dag.py for tasks to queue
[2022-05-20 00:46:07,433] {logging_mixin.py:109} INFO - [2022-05-20 00:46:07,433] {dagbag.py:500} INFO - Filling up the DagBag from /opt/airflow/dags/project_level_dbt_dag.py
[2022-05-20 00:46:07,479] {processor.py:637} INFO - DAG(s) dict_keys(['project_level_dbt_dag']) retrieved from /opt/airflow/dags/project_level_dbt_dag.py
[2022-05-20 00:46:07,491] {logging_mixin.py:109} INFO - [2022-05-20 00:46:07,491] {dag.py:2396} INFO - Sync 1 DAGs
[2022-05-20 00:46:07,509] {logging_mixin.py:109} INFO - [2022-05-20 00:46:07,508] {dag.py:2928} INFO - Setting next_dagrun for project_level_dbt_dag to 2022-05-19T00:46:07.508531+00:00
[2022-05-20 00:46:07,518] {processor.py:171} INFO - Processing /opt/airflow/dags/project_level_dbt_dag.py took 0.093 seconds
[2022-05-20 00:46:37,780] {processor.py:163} INFO - Started process (PID=145) to work on /opt/airflow/dags/project_level_dbt_dag.py
[2022-05-20 00:46:37,785] {processor.py:625} INFO - Processing file /opt/airflow/dags/project_level_dbt_dag.py for tasks to queue
[2022-05-20 00:46:37,786] {logging_mixin.py:109} INFO - [2022-05-20 00:46:37,786] {dagbag.py:500} INFO - Filling up the DagBag from /opt/airflow/dags/project_level_dbt_dag.py
[2022-05-20 00:46:38,261] {processor.py:637} INFO - DAG(s) dict_keys(['project_level_dbt_dag']) retrieved from /opt/airflow/dags/project_level_dbt_dag.py
[2022-05-20 00:46:38,459] {logging_mixin.py:109} INFO - [2022-05-20 00:46:38,458] {dag.py:2396} INFO - Sync 1 DAGs
[2022-05-20 00:46:38,595] {logging_mixin.py:109} INFO - [2022-05-20 00:46:38,595] {dag.py:2928} INFO - Setting next_dagrun for project_level_dbt_dag to 2022-05-19T00:46:38.594894+00:00
[2022-05-20 00:46:38,652] {processor.py:171} INFO - Processing /opt/airflow/dags/project_level_dbt_dag.py took 0.886 seconds
[2022-05-20 00:47:08,809] {processor.py:163} INFO - Started process (PID=180) to work on /opt/airflow/dags/project_level_dbt_dag.py
[2022-05-20 00:47:08,811] {processor.py:625} INFO - Processing file /opt/airflow/dags/project_level_dbt_dag.py for tasks to queue
[2022-05-20 00:47:08,812] {logging_mixin.py:109} INFO - [2022-05-20 00:47:08,812] {dagbag.py:500} INFO - Filling up the DagBag from /opt/airflow/dags/project_level_dbt_dag.py
[2022-05-20 00:47:08,846] {processor.py:637} INFO - DAG(s) dict_keys(['project_level_dbt_dag']) retrieved from /opt/airflow/dags/project_level_dbt_dag.py
[2022-05-20 00:47:08,860] {logging_mixin.py:109} INFO - [2022-05-20 00:47:08,860] {dag.py:2396} INFO - Sync 1 DAGs
[2022-05-20 00:47:08,880] {logging_mixin.py:109} INFO - [2022-05-20 00:47:08,880] {dag.py:2928} INFO - Setting next_dagrun for project_level_dbt_dag to 2022-05-20T00:46:38.594894+00:00
[2022-05-20 00:47:08,890] {processor.py:171} INFO - Processing /opt/airflow/dags/project_level_dbt_dag.py took 0.086 seconds
[2022-05-20 00:47:39,237] {processor.py:163} INFO - Started process (PID=213) to work on /opt/airflow/dags/project_level_dbt_dag.py
[2022-05-20 00:47:39,239] {processor.py:625} INFO - Processing file /opt/airflow/dags/project_level_dbt_dag.py for tasks to queue
[2022-05-20 00:47:39,240] {logging_mixin.py:109} INFO - [2022-05-20 00:47:39,240] {dagbag.py:500} INFO - Filling up the DagBag from /opt/airflow/dags/project_level_dbt_dag.py
[2022-05-20 00:47:39,275] {processor.py:637} INFO - DAG(s) dict_keys(['project_level_dbt_dag']) retrieved from /opt/airflow/dags/project_level_dbt_dag.py
[2022-05-20 00:47:39,287] {logging_mixin.py:109} INFO - [2022-05-20 00:47:39,287] {dag.py:2396} INFO - Sync 1 DAGs
[2022-05-20 00:47:39,308] {logging_mixin.py:109} INFO - [2022-05-20 00:47:39,308] {dag.py:2928} INFO - Setting next_dagrun for project_level_dbt_dag to 2022-05-20T00:46:38.594894+00:00
[2022-05-20 00:47:39,321] {processor.py:171} INFO - Processing /opt/airflow/dags/project_level_dbt_dag.py took 0.088 seconds
[2022-05-20 00:48:09,504] {processor.py:163} INFO - Started process (PID=256) to work on /opt/airflow/dags/project_level_dbt_dag.py
[2022-05-20 00:48:09,506] {processor.py:625} INFO - Processing file /opt/airflow/dags/project_level_dbt_dag.py for tasks to queue
[2022-05-20 00:48:09,507] {logging_mixin.py:109} INFO - [2022-05-20 00:48:09,507] {dagbag.py:500} INFO - Filling up the DagBag from /opt/airflow/dags/project_level_dbt_dag.py
[2022-05-20 00:48:09,541] {processor.py:637} INFO - DAG(s) dict_keys(['project_level_dbt_dag']) retrieved from /opt/airflow/dags/project_level_dbt_dag.py
[2022-05-20 00:48:09,553] {logging_mixin.py:109} INFO - [2022-05-20 00:48:09,553] {dag.py:2396} INFO - Sync 1 DAGs
[2022-05-20 00:48:09,571] {logging_mixin.py:109} INFO - [2022-05-20 00:48:09,571] {dag.py:2928} INFO - Setting next_dagrun for project_level_dbt_dag to 2022-05-20T00:46:38.594894+00:00
[2022-05-20 00:48:09,581] {processor.py:171} INFO - Processing /opt/airflow/dags/project_level_dbt_dag.py took 0.081 seconds
[2022-05-20 00:48:39,729] {processor.py:163} INFO - Started process (PID=288) to work on /opt/airflow/dags/project_level_dbt_dag.py
[2022-05-20 00:48:39,731] {processor.py:625} INFO - Processing file /opt/airflow/dags/project_level_dbt_dag.py for tasks to queue
[2022-05-20 00:48:39,732] {logging_mixin.py:109} INFO - [2022-05-20 00:48:39,732] {dagbag.py:500} INFO - Filling up the DagBag from /opt/airflow/dags/project_level_dbt_dag.py
[2022-05-20 00:48:39,772] {processor.py:637} INFO - DAG(s) dict_keys(['project_level_dbt_dag']) retrieved from /opt/airflow/dags/project_level_dbt_dag.py
[2022-05-20 00:48:39,784] {logging_mixin.py:109} INFO - [2022-05-20 00:48:39,784] {dag.py:2396} INFO - Sync 1 DAGs
[2022-05-20 00:48:39,804] {logging_mixin.py:109} INFO - [2022-05-20 00:48:39,804] {dag.py:2928} INFO - Setting next_dagrun for project_level_dbt_dag to 2022-05-20T00:46:38.594894+00:00
[2022-05-20 00:48:39,813] {processor.py:171} INFO - Processing /opt/airflow/dags/project_level_dbt_dag.py took 0.087 seconds
[2022-05-20 00:49:09,959] {processor.py:163} INFO - Started process (PID=328) to work on /opt/airflow/dags/project_level_dbt_dag.py
[2022-05-20 00:49:09,962] {processor.py:625} INFO - Processing file /opt/airflow/dags/project_level_dbt_dag.py for tasks to queue
[2022-05-20 00:49:09,963] {logging_mixin.py:109} INFO - [2022-05-20 00:49:09,963] {dagbag.py:500} INFO - Filling up the DagBag from /opt/airflow/dags/project_level_dbt_dag.py
[2022-05-20 00:49:10,016] {processor.py:637} INFO - DAG(s) dict_keys(['project_level_dbt_dag']) retrieved from /opt/airflow/dags/project_level_dbt_dag.py
[2022-05-20 00:49:10,033] {logging_mixin.py:109} INFO - [2022-05-20 00:49:10,032] {dag.py:2396} INFO - Sync 1 DAGs
[2022-05-20 00:49:10,056] {logging_mixin.py:109} INFO - [2022-05-20 00:49:10,056] {dag.py:2928} INFO - Setting next_dagrun for project_level_dbt_dag to 2022-05-20T00:46:38.594894+00:00
[2022-05-20 00:49:10,069] {processor.py:171} INFO - Processing /opt/airflow/dags/project_level_dbt_dag.py took 0.115 seconds
[2022-05-20 00:49:40,348] {processor.py:163} INFO - Started process (PID=361) to work on /opt/airflow/dags/project_level_dbt_dag.py
[2022-05-20 00:49:40,350] {processor.py:625} INFO - Processing file /opt/airflow/dags/project_level_dbt_dag.py for tasks to queue
[2022-05-20 00:49:40,351] {logging_mixin.py:109} INFO - [2022-05-20 00:49:40,351] {dagbag.py:500} INFO - Filling up the DagBag from /opt/airflow/dags/project_level_dbt_dag.py
[2022-05-20 00:49:40,387] {processor.py:637} INFO - DAG(s) dict_keys(['project_level_dbt_dag']) retrieved from /opt/airflow/dags/project_level_dbt_dag.py
[2022-05-20 00:49:40,399] {logging_mixin.py:109} INFO - [2022-05-20 00:49:40,399] {dag.py:2396} INFO - Sync 1 DAGs
[2022-05-20 00:49:40,418] {logging_mixin.py:109} INFO - [2022-05-20 00:49:40,418] {dag.py:2928} INFO - Setting next_dagrun for project_level_dbt_dag to 2022-05-20T00:46:38.594894+00:00
[2022-05-20 00:49:40,431] {processor.py:171} INFO - Processing /opt/airflow/dags/project_level_dbt_dag.py took 0.086 seconds
[2022-05-20 00:50:10,693] {processor.py:163} INFO - Started process (PID=390) to work on /opt/airflow/dags/project_level_dbt_dag.py
[2022-05-20 00:50:10,695] {processor.py:625} INFO - Processing file /opt/airflow/dags/project_level_dbt_dag.py for tasks to queue
[2022-05-20 00:50:10,696] {logging_mixin.py:109} INFO - [2022-05-20 00:50:10,696] {dagbag.py:500} INFO - Filling up the DagBag from /opt/airflow/dags/project_level_dbt_dag.py
[2022-05-20 00:50:10,728] {processor.py:637} INFO - DAG(s) dict_keys(['project_level_dbt_dag']) retrieved from /opt/airflow/dags/project_level_dbt_dag.py
[2022-05-20 00:50:10,739] {logging_mixin.py:109} INFO - [2022-05-20 00:50:10,739] {dag.py:2396} INFO - Sync 1 DAGs
[2022-05-20 00:50:10,755] {logging_mixin.py:109} INFO - [2022-05-20 00:50:10,755] {dag.py:2928} INFO - Setting next_dagrun for project_level_dbt_dag to 2022-05-20T00:46:38.594894+00:00
[2022-05-20 00:50:10,764] {processor.py:171} INFO - Processing /opt/airflow/dags/project_level_dbt_dag.py took 0.075 seconds
[2022-05-20 00:50:40,838] {processor.py:163} INFO - Started process (PID=429) to work on /opt/airflow/dags/project_level_dbt_dag.py
[2022-05-20 00:50:40,840] {processor.py:625} INFO - Processing file /opt/airflow/dags/project_level_dbt_dag.py for tasks to queue
[2022-05-20 00:50:40,843] {logging_mixin.py:109} INFO - [2022-05-20 00:50:40,843] {dagbag.py:500} INFO - Filling up the DagBag from /opt/airflow/dags/project_level_dbt_dag.py
[2022-05-20 00:50:40,890] {processor.py:637} INFO - DAG(s) dict_keys(['project_level_dbt_dag']) retrieved from /opt/airflow/dags/project_level_dbt_dag.py
[2022-05-20 00:50:40,905] {logging_mixin.py:109} INFO - [2022-05-20 00:50:40,904] {dag.py:2396} INFO - Sync 1 DAGs
[2022-05-20 00:50:40,927] {logging_mixin.py:109} INFO - [2022-05-20 00:50:40,927] {dag.py:2928} INFO - Setting next_dagrun for project_level_dbt_dag to 2022-05-20T00:46:38.594894+00:00
[2022-05-20 00:50:40,936] {processor.py:171} INFO - Processing /opt/airflow/dags/project_level_dbt_dag.py took 0.102 seconds
[2022-05-20 00:51:11,009] {processor.py:163} INFO - Started process (PID=460) to work on /opt/airflow/dags/project_level_dbt_dag.py
[2022-05-20 00:51:11,011] {processor.py:625} INFO - Processing file /opt/airflow/dags/project_level_dbt_dag.py for tasks to queue
[2022-05-20 00:51:11,012] {logging_mixin.py:109} INFO - [2022-05-20 00:51:11,012] {dagbag.py:500} INFO - Filling up the DagBag from /opt/airflow/dags/project_level_dbt_dag.py
[2022-05-20 00:51:11,041] {processor.py:637} INFO - DAG(s) dict_keys(['project_level_dbt_dag']) retrieved from /opt/airflow/dags/project_level_dbt_dag.py
[2022-05-20 00:51:11,050] {logging_mixin.py:109} INFO - [2022-05-20 00:51:11,050] {dag.py:2396} INFO - Sync 1 DAGs
[2022-05-20 00:51:11,065] {logging_mixin.py:109} INFO - [2022-05-20 00:51:11,064] {dag.py:2928} INFO - Setting next_dagrun for project_level_dbt_dag to 2022-05-20T00:46:38.594894+00:00
[2022-05-20 00:51:11,071] {processor.py:171} INFO - Processing /opt/airflow/dags/project_level_dbt_dag.py took 0.066 seconds
[2022-05-20 00:51:41,239] {processor.py:163} INFO - Started process (PID=493) to work on /opt/airflow/dags/project_level_dbt_dag.py
[2022-05-20 00:51:41,245] {processor.py:625} INFO - Processing file /opt/airflow/dags/project_level_dbt_dag.py for tasks to queue
[2022-05-20 00:51:41,247] {logging_mixin.py:109} INFO - [2022-05-20 00:51:41,247] {dagbag.py:500} INFO - Filling up the DagBag from /opt/airflow/dags/project_level_dbt_dag.py
[2022-05-20 00:51:41,296] {processor.py:637} INFO - DAG(s) dict_keys(['project_level_dbt_dag']) retrieved from /opt/airflow/dags/project_level_dbt_dag.py
[2022-05-20 00:51:41,308] {logging_mixin.py:109} INFO - [2022-05-20 00:51:41,308] {dag.py:2396} INFO - Sync 1 DAGs
[2022-05-20 00:51:41,327] {logging_mixin.py:109} INFO - [2022-05-20 00:51:41,327] {dag.py:2928} INFO - Setting next_dagrun for project_level_dbt_dag to 2022-05-20T00:46:38.594894+00:00
[2022-05-20 00:51:41,336] {processor.py:171} INFO - Processing /opt/airflow/dags/project_level_dbt_dag.py took 0.100 seconds
[2022-05-20 00:52:11,517] {processor.py:163} INFO - Started process (PID=539) to work on /opt/airflow/dags/project_level_dbt_dag.py
[2022-05-20 00:52:11,519] {processor.py:625} INFO - Processing file /opt/airflow/dags/project_level_dbt_dag.py for tasks to queue
[2022-05-20 00:52:11,521] {logging_mixin.py:109} INFO - [2022-05-20 00:52:11,521] {dagbag.py:500} INFO - Filling up the DagBag from /opt/airflow/dags/project_level_dbt_dag.py
[2022-05-20 00:52:11,562] {processor.py:637} INFO - DAG(s) dict_keys(['project_level_dbt_dag']) retrieved from /opt/airflow/dags/project_level_dbt_dag.py
[2022-05-20 00:52:11,577] {logging_mixin.py:109} INFO - [2022-05-20 00:52:11,576] {dag.py:2396} INFO - Sync 1 DAGs
[2022-05-20 00:52:11,600] {logging_mixin.py:109} INFO - [2022-05-20 00:52:11,600] {dag.py:2928} INFO - Setting next_dagrun for project_level_dbt_dag to 2022-05-20T00:46:38.594894+00:00
[2022-05-20 00:52:11,610] {processor.py:171} INFO - Processing /opt/airflow/dags/project_level_dbt_dag.py took 0.097 seconds
[2022-05-20 00:52:41,790] {processor.py:163} INFO - Started process (PID=572) to work on /opt/airflow/dags/project_level_dbt_dag.py
[2022-05-20 00:52:41,792] {processor.py:625} INFO - Processing file /opt/airflow/dags/project_level_dbt_dag.py for tasks to queue
[2022-05-20 00:52:41,793] {logging_mixin.py:109} INFO - [2022-05-20 00:52:41,793] {dagbag.py:500} INFO - Filling up the DagBag from /opt/airflow/dags/project_level_dbt_dag.py
[2022-05-20 00:52:41,838] {processor.py:637} INFO - DAG(s) dict_keys(['project_level_dbt_dag']) retrieved from /opt/airflow/dags/project_level_dbt_dag.py
[2022-05-20 00:52:41,847] {logging_mixin.py:109} INFO - [2022-05-20 00:52:41,847] {dag.py:2396} INFO - Sync 1 DAGs
[2022-05-20 00:52:41,862] {logging_mixin.py:109} INFO - [2022-05-20 00:52:41,862] {dag.py:2928} INFO - Setting next_dagrun for project_level_dbt_dag to 2022-05-20T00:46:38.594894+00:00
[2022-05-20 00:52:41,871] {processor.py:171} INFO - Processing /opt/airflow/dags/project_level_dbt_dag.py took 0.084 seconds
[2022-05-20 00:53:12,081] {processor.py:163} INFO - Started process (PID=616) to work on /opt/airflow/dags/project_level_dbt_dag.py
[2022-05-20 00:53:12,084] {processor.py:625} INFO - Processing file /opt/airflow/dags/project_level_dbt_dag.py for tasks to queue
[2022-05-20 00:53:12,086] {logging_mixin.py:109} INFO - [2022-05-20 00:53:12,086] {dagbag.py:500} INFO - Filling up the DagBag from /opt/airflow/dags/project_level_dbt_dag.py
[2022-05-20 00:53:12,127] {processor.py:637} INFO - DAG(s) dict_keys(['project_level_dbt_dag']) retrieved from /opt/airflow/dags/project_level_dbt_dag.py
[2022-05-20 00:53:12,145] {logging_mixin.py:109} INFO - [2022-05-20 00:53:12,145] {dag.py:2396} INFO - Sync 1 DAGs
[2022-05-20 00:53:12,163] {logging_mixin.py:109} INFO - [2022-05-20 00:53:12,163] {dag.py:2928} INFO - Setting next_dagrun for project_level_dbt_dag to 2022-05-20T00:46:38.594894+00:00
[2022-05-20 00:53:12,172] {processor.py:171} INFO - Processing /opt/airflow/dags/project_level_dbt_dag.py took 0.095 seconds
[2022-05-20 00:53:42,230] {processor.py:163} INFO - Started process (PID=649) to work on /opt/airflow/dags/project_level_dbt_dag.py
[2022-05-20 00:53:42,231] {processor.py:625} INFO - Processing file /opt/airflow/dags/project_level_dbt_dag.py for tasks to queue
[2022-05-20 00:53:42,233] {logging_mixin.py:109} INFO - [2022-05-20 00:53:42,232] {dagbag.py:500} INFO - Filling up the DagBag from /opt/airflow/dags/project_level_dbt_dag.py
[2022-05-20 00:53:42,265] {processor.py:637} INFO - DAG(s) dict_keys(['project_level_dbt_dag']) retrieved from /opt/airflow/dags/project_level_dbt_dag.py
[2022-05-20 00:53:42,275] {logging_mixin.py:109} INFO - [2022-05-20 00:53:42,275] {dag.py:2396} INFO - Sync 1 DAGs
[2022-05-20 00:53:42,291] {logging_mixin.py:109} INFO - [2022-05-20 00:53:42,291] {dag.py:2928} INFO - Setting next_dagrun for project_level_dbt_dag to 2022-05-20T00:46:38.594894+00:00
[2022-05-20 00:53:42,302] {processor.py:171} INFO - Processing /opt/airflow/dags/project_level_dbt_dag.py took 0.076 seconds
[2022-05-20 00:54:12,478] {processor.py:163} INFO - Started process (PID=679) to work on /opt/airflow/dags/project_level_dbt_dag.py
[2022-05-20 00:54:12,480] {processor.py:625} INFO - Processing file /opt/airflow/dags/project_level_dbt_dag.py for tasks to queue
[2022-05-20 00:54:12,482] {logging_mixin.py:109} INFO - [2022-05-20 00:54:12,481] {dagbag.py:500} INFO - Filling up the DagBag from /opt/airflow/dags/project_level_dbt_dag.py
[2022-05-20 00:54:12,521] {processor.py:637} INFO - DAG(s) dict_keys(['project_level_dbt_dag']) retrieved from /opt/airflow/dags/project_level_dbt_dag.py
[2022-05-20 00:54:12,533] {logging_mixin.py:109} INFO - [2022-05-20 00:54:12,533] {dag.py:2396} INFO - Sync 1 DAGs
[2022-05-20 00:54:12,556] {logging_mixin.py:109} INFO - [2022-05-20 00:54:12,556] {dag.py:2928} INFO - Setting next_dagrun for project_level_dbt_dag to 2022-05-20T00:46:38.594894+00:00
[2022-05-20 00:54:12,566] {processor.py:171} INFO - Processing /opt/airflow/dags/project_level_dbt_dag.py took 0.092 seconds
[2022-05-20 00:54:42,846] {processor.py:163} INFO - Started process (PID=720) to work on /opt/airflow/dags/project_level_dbt_dag.py
[2022-05-20 00:54:42,848] {processor.py:625} INFO - Processing file /opt/airflow/dags/project_level_dbt_dag.py for tasks to queue
[2022-05-20 00:54:42,849] {logging_mixin.py:109} INFO - [2022-05-20 00:54:42,849] {dagbag.py:500} INFO - Filling up the DagBag from /opt/airflow/dags/project_level_dbt_dag.py
[2022-05-20 00:54:42,891] {processor.py:637} INFO - DAG(s) dict_keys(['project_level_dbt_dag']) retrieved from /opt/airflow/dags/project_level_dbt_dag.py
[2022-05-20 00:54:42,905] {logging_mixin.py:109} INFO - [2022-05-20 00:54:42,905] {dag.py:2396} INFO - Sync 1 DAGs
[2022-05-20 00:54:42,928] {logging_mixin.py:109} INFO - [2022-05-20 00:54:42,928] {dag.py:2928} INFO - Setting next_dagrun for project_level_dbt_dag to 2022-05-20T00:46:38.594894+00:00
[2022-05-20 00:54:42,953] {processor.py:171} INFO - Processing /opt/airflow/dags/project_level_dbt_dag.py took 0.112 seconds
[2022-05-20 00:55:13,036] {processor.py:163} INFO - Started process (PID=752) to work on /opt/airflow/dags/project_level_dbt_dag.py
[2022-05-20 00:55:13,038] {processor.py:625} INFO - Processing file /opt/airflow/dags/project_level_dbt_dag.py for tasks to queue
[2022-05-20 00:55:13,039] {logging_mixin.py:109} INFO - [2022-05-20 00:55:13,039] {dagbag.py:500} INFO - Filling up the DagBag from /opt/airflow/dags/project_level_dbt_dag.py
[2022-05-20 00:55:13,074] {processor.py:637} INFO - DAG(s) dict_keys(['project_level_dbt_dag']) retrieved from /opt/airflow/dags/project_level_dbt_dag.py
[2022-05-20 00:55:13,085] {logging_mixin.py:109} INFO - [2022-05-20 00:55:13,085] {dag.py:2396} INFO - Sync 1 DAGs
[2022-05-20 00:55:13,103] {logging_mixin.py:109} INFO - [2022-05-20 00:55:13,103] {dag.py:2928} INFO - Setting next_dagrun for project_level_dbt_dag to 2022-05-20T00:46:38.594894+00:00
[2022-05-20 00:55:13,112] {processor.py:171} INFO - Processing /opt/airflow/dags/project_level_dbt_dag.py took 0.080 seconds
[2022-05-20 00:55:43,333] {processor.py:163} INFO - Started process (PID=786) to work on /opt/airflow/dags/project_level_dbt_dag.py
[2022-05-20 00:55:43,335] {processor.py:625} INFO - Processing file /opt/airflow/dags/project_level_dbt_dag.py for tasks to queue
[2022-05-20 00:55:43,336] {logging_mixin.py:109} INFO - [2022-05-20 00:55:43,336] {dagbag.py:500} INFO - Filling up the DagBag from /opt/airflow/dags/project_level_dbt_dag.py
[2022-05-20 00:55:43,369] {processor.py:637} INFO - DAG(s) dict_keys(['project_level_dbt_dag']) retrieved from /opt/airflow/dags/project_level_dbt_dag.py
[2022-05-20 00:55:43,381] {logging_mixin.py:109} INFO - [2022-05-20 00:55:43,381] {dag.py:2396} INFO - Sync 1 DAGs
[2022-05-20 00:55:43,402] {logging_mixin.py:109} INFO - [2022-05-20 00:55:43,401] {dag.py:2928} INFO - Setting next_dagrun for project_level_dbt_dag to 2022-05-20T00:46:38.594894+00:00
[2022-05-20 00:55:43,413] {processor.py:171} INFO - Processing /opt/airflow/dags/project_level_dbt_dag.py took 0.085 seconds
[2022-05-20 00:56:13,603] {processor.py:163} INFO - Started process (PID=828) to work on /opt/airflow/dags/project_level_dbt_dag.py
[2022-05-20 00:56:13,605] {processor.py:625} INFO - Processing file /opt/airflow/dags/project_level_dbt_dag.py for tasks to queue
[2022-05-20 00:56:13,607] {logging_mixin.py:109} INFO - [2022-05-20 00:56:13,606] {dagbag.py:500} INFO - Filling up the DagBag from /opt/airflow/dags/project_level_dbt_dag.py
[2022-05-20 00:56:13,639] {processor.py:637} INFO - DAG(s) dict_keys(['project_level_dbt_dag']) retrieved from /opt/airflow/dags/project_level_dbt_dag.py
[2022-05-20 00:56:13,650] {logging_mixin.py:109} INFO - [2022-05-20 00:56:13,650] {dag.py:2396} INFO - Sync 1 DAGs
[2022-05-20 00:56:13,668] {logging_mixin.py:109} INFO - [2022-05-20 00:56:13,668] {dag.py:2928} INFO - Setting next_dagrun for project_level_dbt_dag to 2022-05-20T00:46:38.594894+00:00
[2022-05-20 00:56:13,677] {processor.py:171} INFO - Processing /opt/airflow/dags/project_level_dbt_dag.py took 0.080 seconds
[2022-05-20 00:56:43,927] {processor.py:163} INFO - Started process (PID=860) to work on /opt/airflow/dags/project_level_dbt_dag.py
[2022-05-20 00:56:43,929] {processor.py:625} INFO - Processing file /opt/airflow/dags/project_level_dbt_dag.py for tasks to queue
[2022-05-20 00:56:43,930] {logging_mixin.py:109} INFO - [2022-05-20 00:56:43,930] {dagbag.py:500} INFO - Filling up the DagBag from /opt/airflow/dags/project_level_dbt_dag.py
[2022-05-20 00:56:43,969] {processor.py:637} INFO - DAG(s) dict_keys(['project_level_dbt_dag']) retrieved from /opt/airflow/dags/project_level_dbt_dag.py
[2022-05-20 00:56:43,982] {logging_mixin.py:109} INFO - [2022-05-20 00:56:43,982] {dag.py:2396} INFO - Sync 1 DAGs
[2022-05-20 00:56:44,003] {logging_mixin.py:109} INFO - [2022-05-20 00:56:44,003] {dag.py:2928} INFO - Setting next_dagrun for project_level_dbt_dag to 2022-05-20T00:46:38.594894+00:00
[2022-05-20 00:56:44,019] {processor.py:171} INFO - Processing /opt/airflow/dags/project_level_dbt_dag.py took 0.096 seconds
[2022-05-20 00:57:14,151] {processor.py:163} INFO - Started process (PID=899) to work on /opt/airflow/dags/project_level_dbt_dag.py
[2022-05-20 00:57:14,154] {processor.py:625} INFO - Processing file /opt/airflow/dags/project_level_dbt_dag.py for tasks to queue
[2022-05-20 00:57:14,155] {logging_mixin.py:109} INFO - [2022-05-20 00:57:14,155] {dagbag.py:500} INFO - Filling up the DagBag from /opt/airflow/dags/project_level_dbt_dag.py
[2022-05-20 00:57:14,188] {processor.py:637} INFO - DAG(s) dict_keys(['project_level_dbt_dag']) retrieved from /opt/airflow/dags/project_level_dbt_dag.py
[2022-05-20 00:57:14,199] {logging_mixin.py:109} INFO - [2022-05-20 00:57:14,199] {dag.py:2396} INFO - Sync 1 DAGs
[2022-05-20 00:57:14,220] {logging_mixin.py:109} INFO - [2022-05-20 00:57:14,220] {dag.py:2928} INFO - Setting next_dagrun for project_level_dbt_dag to 2022-05-20T00:46:38.594894+00:00
[2022-05-20 00:57:14,230] {processor.py:171} INFO - Processing /opt/airflow/dags/project_level_dbt_dag.py took 0.082 seconds
[2022-05-20 00:57:44,318] {processor.py:163} INFO - Started process (PID=931) to work on /opt/airflow/dags/project_level_dbt_dag.py
[2022-05-20 00:57:44,320] {processor.py:625} INFO - Processing file /opt/airflow/dags/project_level_dbt_dag.py for tasks to queue
[2022-05-20 00:57:44,321] {logging_mixin.py:109} INFO - [2022-05-20 00:57:44,321] {dagbag.py:500} INFO - Filling up the DagBag from /opt/airflow/dags/project_level_dbt_dag.py
[2022-05-20 00:57:44,358] {processor.py:637} INFO - DAG(s) dict_keys(['project_level_dbt_dag']) retrieved from /opt/airflow/dags/project_level_dbt_dag.py
[2022-05-20 00:57:44,369] {logging_mixin.py:109} INFO - [2022-05-20 00:57:44,369] {dag.py:2396} INFO - Sync 1 DAGs
[2022-05-20 00:57:44,389] {logging_mixin.py:109} INFO - [2022-05-20 00:57:44,389] {dag.py:2928} INFO - Setting next_dagrun for project_level_dbt_dag to 2022-05-20T00:46:38.594894+00:00
[2022-05-20 00:57:44,402] {processor.py:171} INFO - Processing /opt/airflow/dags/project_level_dbt_dag.py took 0.089 seconds
[2022-05-20 00:58:14,588] {processor.py:163} INFO - Started process (PID=955) to work on /opt/airflow/dags/project_level_dbt_dag.py
[2022-05-20 00:58:14,591] {processor.py:625} INFO - Processing file /opt/airflow/dags/project_level_dbt_dag.py for tasks to queue
[2022-05-20 00:58:14,593] {logging_mixin.py:109} INFO - [2022-05-20 00:58:14,592] {dagbag.py:500} INFO - Filling up the DagBag from /opt/airflow/dags/project_level_dbt_dag.py
[2022-05-20 00:58:14,630] {processor.py:637} INFO - DAG(s) dict_keys(['project_level_dbt_dag']) retrieved from /opt/airflow/dags/project_level_dbt_dag.py
[2022-05-20 00:58:14,643] {logging_mixin.py:109} INFO - [2022-05-20 00:58:14,642] {dag.py:2396} INFO - Sync 1 DAGs
[2022-05-20 00:58:14,667] {logging_mixin.py:109} INFO - [2022-05-20 00:58:14,667] {dag.py:2928} INFO - Setting next_dagrun for project_level_dbt_dag to 2022-05-20T00:46:38.594894+00:00
[2022-05-20 00:58:14,679] {processor.py:171} INFO - Processing /opt/airflow/dags/project_level_dbt_dag.py took 0.095 seconds
[2022-05-20 00:58:44,849] {processor.py:163} INFO - Started process (PID=997) to work on /opt/airflow/dags/project_level_dbt_dag.py
[2022-05-20 00:58:44,851] {processor.py:625} INFO - Processing file /opt/airflow/dags/project_level_dbt_dag.py for tasks to queue
[2022-05-20 00:58:44,852] {logging_mixin.py:109} INFO - [2022-05-20 00:58:44,852] {dagbag.py:500} INFO - Filling up the DagBag from /opt/airflow/dags/project_level_dbt_dag.py
[2022-05-20 00:58:44,884] {processor.py:637} INFO - DAG(s) dict_keys(['project_level_dbt_dag']) retrieved from /opt/airflow/dags/project_level_dbt_dag.py
[2022-05-20 00:58:44,894] {logging_mixin.py:109} INFO - [2022-05-20 00:58:44,894] {dag.py:2396} INFO - Sync 1 DAGs
[2022-05-20 00:58:44,911] {logging_mixin.py:109} INFO - [2022-05-20 00:58:44,911] {dag.py:2928} INFO - Setting next_dagrun for project_level_dbt_dag to 2022-05-20T00:46:38.594894+00:00
[2022-05-20 00:58:44,919] {processor.py:171} INFO - Processing /opt/airflow/dags/project_level_dbt_dag.py took 0.073 seconds
[2022-05-20 00:59:15,203] {processor.py:163} INFO - Started process (PID=1028) to work on /opt/airflow/dags/project_level_dbt_dag.py
[2022-05-20 00:59:15,206] {processor.py:625} INFO - Processing file /opt/airflow/dags/project_level_dbt_dag.py for tasks to queue
[2022-05-20 00:59:15,207] {logging_mixin.py:109} INFO - [2022-05-20 00:59:15,207] {dagbag.py:500} INFO - Filling up the DagBag from /opt/airflow/dags/project_level_dbt_dag.py
[2022-05-20 00:59:15,244] {processor.py:637} INFO - DAG(s) dict_keys(['project_level_dbt_dag']) retrieved from /opt/airflow/dags/project_level_dbt_dag.py
[2022-05-20 00:59:15,257] {logging_mixin.py:109} INFO - [2022-05-20 00:59:15,257] {dag.py:2396} INFO - Sync 1 DAGs
[2022-05-20 00:59:15,276] {logging_mixin.py:109} INFO - [2022-05-20 00:59:15,276] {dag.py:2928} INFO - Setting next_dagrun for project_level_dbt_dag to 2022-05-20T00:46:38.594894+00:00
[2022-05-20 00:59:15,414] {processor.py:171} INFO - Processing /opt/airflow/dags/project_level_dbt_dag.py took 0.215 seconds
[2022-05-20 00:59:45,469] {processor.py:163} INFO - Started process (PID=1071) to work on /opt/airflow/dags/project_level_dbt_dag.py
[2022-05-20 00:59:45,473] {processor.py:625} INFO - Processing file /opt/airflow/dags/project_level_dbt_dag.py for tasks to queue
[2022-05-20 00:59:45,474] {logging_mixin.py:109} INFO - [2022-05-20 00:59:45,474] {dagbag.py:500} INFO - Filling up the DagBag from /opt/airflow/dags/project_level_dbt_dag.py
[2022-05-20 00:59:45,516] {processor.py:637} INFO - DAG(s) dict_keys(['project_level_dbt_dag']) retrieved from /opt/airflow/dags/project_level_dbt_dag.py
[2022-05-20 00:59:45,528] {logging_mixin.py:109} INFO - [2022-05-20 00:59:45,528] {dag.py:2396} INFO - Sync 1 DAGs
[2022-05-20 00:59:45,634] {logging_mixin.py:109} INFO - [2022-05-20 00:59:45,634] {dag.py:2928} INFO - Setting next_dagrun for project_level_dbt_dag to 2022-05-20T00:46:38.594894+00:00
[2022-05-20 00:59:45,646] {processor.py:171} INFO - Processing /opt/airflow/dags/project_level_dbt_dag.py took 0.181 seconds
[2022-05-20 01:00:15,873] {processor.py:163} INFO - Started process (PID=1104) to work on /opt/airflow/dags/project_level_dbt_dag.py
[2022-05-20 01:00:15,875] {processor.py:625} INFO - Processing file /opt/airflow/dags/project_level_dbt_dag.py for tasks to queue
[2022-05-20 01:00:15,877] {logging_mixin.py:109} INFO - [2022-05-20 01:00:15,877] {dagbag.py:500} INFO - Filling up the DagBag from /opt/airflow/dags/project_level_dbt_dag.py
[2022-05-20 01:00:15,916] {processor.py:637} INFO - DAG(s) dict_keys(['project_level_dbt_dag']) retrieved from /opt/airflow/dags/project_level_dbt_dag.py
[2022-05-20 01:00:15,930] {logging_mixin.py:109} INFO - [2022-05-20 01:00:15,929] {dag.py:2396} INFO - Sync 1 DAGs
[2022-05-20 01:00:16,063] {logging_mixin.py:109} INFO - [2022-05-20 01:00:16,063] {dag.py:2928} INFO - Setting next_dagrun for project_level_dbt_dag to 2022-05-20T00:46:38.594894+00:00
[2022-05-20 01:00:16,071] {processor.py:171} INFO - Processing /opt/airflow/dags/project_level_dbt_dag.py took 0.202 seconds
[2022-05-20 01:00:46,260] {processor.py:163} INFO - Started process (PID=1142) to work on /opt/airflow/dags/project_level_dbt_dag.py
[2022-05-20 01:00:46,262] {processor.py:625} INFO - Processing file /opt/airflow/dags/project_level_dbt_dag.py for tasks to queue
[2022-05-20 01:00:46,271] {logging_mixin.py:109} INFO - [2022-05-20 01:00:46,271] {dagbag.py:500} INFO - Filling up the DagBag from /opt/airflow/dags/project_level_dbt_dag.py
[2022-05-20 01:00:46,333] {processor.py:637} INFO - DAG(s) dict_keys(['project_level_dbt_dag']) retrieved from /opt/airflow/dags/project_level_dbt_dag.py
[2022-05-20 01:00:46,434] {logging_mixin.py:109} INFO - [2022-05-20 01:00:46,434] {dag.py:2396} INFO - Sync 1 DAGs
[2022-05-20 01:00:46,454] {logging_mixin.py:109} INFO - [2022-05-20 01:00:46,454] {dag.py:2928} INFO - Setting next_dagrun for project_level_dbt_dag to 2022-05-20T00:46:38.594894+00:00
[2022-05-20 01:00:46,466] {processor.py:171} INFO - Processing /opt/airflow/dags/project_level_dbt_dag.py took 0.210 seconds
[2022-05-20 01:01:16,554] {processor.py:163} INFO - Started process (PID=1175) to work on /opt/airflow/dags/project_level_dbt_dag.py
[2022-05-20 01:01:16,557] {processor.py:625} INFO - Processing file /opt/airflow/dags/project_level_dbt_dag.py for tasks to queue
[2022-05-20 01:01:16,558] {logging_mixin.py:109} INFO - [2022-05-20 01:01:16,558] {dagbag.py:500} INFO - Filling up the DagBag from /opt/airflow/dags/project_level_dbt_dag.py
[2022-05-20 01:01:16,589] {processor.py:637} INFO - DAG(s) dict_keys(['project_level_dbt_dag']) retrieved from /opt/airflow/dags/project_level_dbt_dag.py
[2022-05-20 01:01:16,682] {logging_mixin.py:109} INFO - [2022-05-20 01:01:16,682] {dag.py:2396} INFO - Sync 1 DAGs
[2022-05-20 01:01:16,698] {logging_mixin.py:109} INFO - [2022-05-20 01:01:16,698] {dag.py:2928} INFO - Setting next_dagrun for project_level_dbt_dag to 2022-05-20T00:46:38.594894+00:00
[2022-05-20 01:01:16,707] {processor.py:171} INFO - Processing /opt/airflow/dags/project_level_dbt_dag.py took 0.156 seconds
[2022-05-20 01:01:46,865] {processor.py:163} INFO - Started process (PID=1206) to work on /opt/airflow/dags/project_level_dbt_dag.py
[2022-05-20 01:01:46,868] {processor.py:625} INFO - Processing file /opt/airflow/dags/project_level_dbt_dag.py for tasks to queue
[2022-05-20 01:01:46,871] {logging_mixin.py:109} INFO - [2022-05-20 01:01:46,871] {dagbag.py:500} INFO - Filling up the DagBag from /opt/airflow/dags/project_level_dbt_dag.py
[2022-05-20 01:01:47,012] {processor.py:637} INFO - DAG(s) dict_keys(['project_level_dbt_dag']) retrieved from /opt/airflow/dags/project_level_dbt_dag.py
[2022-05-20 01:01:47,032] {logging_mixin.py:109} INFO - [2022-05-20 01:01:47,031] {dag.py:2396} INFO - Sync 1 DAGs
[2022-05-20 01:01:47,057] {logging_mixin.py:109} INFO - [2022-05-20 01:01:47,057] {dag.py:2928} INFO - Setting next_dagrun for project_level_dbt_dag to 2022-05-20T00:46:38.594894+00:00
[2022-05-20 01:01:47,068] {processor.py:171} INFO - Processing /opt/airflow/dags/project_level_dbt_dag.py took 0.207 seconds
[2022-05-20 01:02:18,041] {processor.py:163} INFO - Started process (PID=1248) to work on /opt/airflow/dags/project_level_dbt_dag.py
[2022-05-20 01:02:18,043] {processor.py:625} INFO - Processing file /opt/airflow/dags/project_level_dbt_dag.py for tasks to queue
[2022-05-20 01:02:18,044] {logging_mixin.py:109} INFO - [2022-05-20 01:02:18,044] {dagbag.py:500} INFO - Filling up the DagBag from /opt/airflow/dags/project_level_dbt_dag.py
[2022-05-20 01:02:18,164] {processor.py:637} INFO - DAG(s) dict_keys(['project_level_dbt_dag']) retrieved from /opt/airflow/dags/project_level_dbt_dag.py
[2022-05-20 01:02:18,175] {logging_mixin.py:109} INFO - [2022-05-20 01:02:18,174] {dag.py:2396} INFO - Sync 1 DAGs
[2022-05-20 01:02:18,195] {logging_mixin.py:109} INFO - [2022-05-20 01:02:18,194] {dag.py:2928} INFO - Setting next_dagrun for project_level_dbt_dag to 2022-05-20T00:46:38.594894+00:00
[2022-05-20 01:02:18,205] {processor.py:171} INFO - Processing /opt/airflow/dags/project_level_dbt_dag.py took 0.169 seconds
[2022-05-20 01:02:48,307] {processor.py:163} INFO - Started process (PID=1280) to work on /opt/airflow/dags/project_level_dbt_dag.py
[2022-05-20 01:02:48,309] {processor.py:625} INFO - Processing file /opt/airflow/dags/project_level_dbt_dag.py for tasks to queue
[2022-05-20 01:02:48,310] {logging_mixin.py:109} INFO - [2022-05-20 01:02:48,310] {dagbag.py:500} INFO - Filling up the DagBag from /opt/airflow/dags/project_level_dbt_dag.py
[2022-05-20 01:02:48,428] {processor.py:637} INFO - DAG(s) dict_keys(['project_level_dbt_dag']) retrieved from /opt/airflow/dags/project_level_dbt_dag.py
[2022-05-20 01:02:48,439] {logging_mixin.py:109} INFO - [2022-05-20 01:02:48,439] {dag.py:2396} INFO - Sync 1 DAGs
[2022-05-20 01:02:48,460] {logging_mixin.py:109} INFO - [2022-05-20 01:02:48,459] {dag.py:2928} INFO - Setting next_dagrun for project_level_dbt_dag to 2022-05-20T00:46:38.594894+00:00
[2022-05-20 01:02:48,470] {processor.py:171} INFO - Processing /opt/airflow/dags/project_level_dbt_dag.py took 0.169 seconds
[2022-05-20 01:03:18,778] {processor.py:163} INFO - Started process (PID=1313) to work on /opt/airflow/dags/project_level_dbt_dag.py
[2022-05-20 01:03:18,780] {processor.py:625} INFO - Processing file /opt/airflow/dags/project_level_dbt_dag.py for tasks to queue
[2022-05-20 01:03:18,781] {logging_mixin.py:109} INFO - [2022-05-20 01:03:18,781] {dagbag.py:500} INFO - Filling up the DagBag from /opt/airflow/dags/project_level_dbt_dag.py
[2022-05-20 01:03:18,930] {processor.py:637} INFO - DAG(s) dict_keys(['project_level_dbt_dag']) retrieved from /opt/airflow/dags/project_level_dbt_dag.py
[2022-05-20 01:03:18,942] {logging_mixin.py:109} INFO - [2022-05-20 01:03:18,941] {dag.py:2396} INFO - Sync 1 DAGs
[2022-05-20 01:03:18,961] {logging_mixin.py:109} INFO - [2022-05-20 01:03:18,961] {dag.py:2928} INFO - Setting next_dagrun for project_level_dbt_dag to 2022-05-20T00:46:38.594894+00:00
[2022-05-20 01:03:18,970] {processor.py:171} INFO - Processing /opt/airflow/dags/project_level_dbt_dag.py took 0.197 seconds
[2022-05-20 01:03:49,066] {processor.py:163} INFO - Started process (PID=1354) to work on /opt/airflow/dags/project_level_dbt_dag.py
[2022-05-20 01:03:49,070] {processor.py:625} INFO - Processing file /opt/airflow/dags/project_level_dbt_dag.py for tasks to queue
[2022-05-20 01:03:49,072] {logging_mixin.py:109} INFO - [2022-05-20 01:03:49,072] {dagbag.py:500} INFO - Filling up the DagBag from /opt/airflow/dags/project_level_dbt_dag.py
[2022-05-20 01:03:49,114] {processor.py:637} INFO - DAG(s) dict_keys(['project_level_dbt_dag']) retrieved from /opt/airflow/dags/project_level_dbt_dag.py
[2022-05-20 01:03:49,126] {logging_mixin.py:109} INFO - [2022-05-20 01:03:49,125] {dag.py:2396} INFO - Sync 1 DAGs
[2022-05-20 01:03:49,146] {logging_mixin.py:109} INFO - [2022-05-20 01:03:49,146] {dag.py:2928} INFO - Setting next_dagrun for project_level_dbt_dag to 2022-05-20T00:46:38.594894+00:00
[2022-05-20 01:03:49,157] {processor.py:171} INFO - Processing /opt/airflow/dags/project_level_dbt_dag.py took 0.096 seconds
[2022-05-20 01:04:19,356] {processor.py:163} INFO - Started process (PID=1385) to work on /opt/airflow/dags/project_level_dbt_dag.py
[2022-05-20 01:04:19,359] {processor.py:625} INFO - Processing file /opt/airflow/dags/project_level_dbt_dag.py for tasks to queue
[2022-05-20 01:04:19,359] {logging_mixin.py:109} INFO - [2022-05-20 01:04:19,359] {dagbag.py:500} INFO - Filling up the DagBag from /opt/airflow/dags/project_level_dbt_dag.py
[2022-05-20 01:04:19,399] {processor.py:637} INFO - DAG(s) dict_keys(['project_level_dbt_dag']) retrieved from /opt/airflow/dags/project_level_dbt_dag.py
[2022-05-20 01:04:19,414] {logging_mixin.py:109} INFO - [2022-05-20 01:04:19,413] {dag.py:2396} INFO - Sync 1 DAGs
[2022-05-20 01:04:19,438] {logging_mixin.py:109} INFO - [2022-05-20 01:04:19,437] {dag.py:2928} INFO - Setting next_dagrun for project_level_dbt_dag to 2022-05-20T00:46:38.594894+00:00
[2022-05-20 01:04:19,446] {processor.py:171} INFO - Processing /opt/airflow/dags/project_level_dbt_dag.py took 0.094 seconds
[2022-05-20 01:04:49,606] {processor.py:163} INFO - Started process (PID=1417) to work on /opt/airflow/dags/project_level_dbt_dag.py
[2022-05-20 01:04:49,609] {processor.py:625} INFO - Processing file /opt/airflow/dags/project_level_dbt_dag.py for tasks to queue
[2022-05-20 01:04:49,610] {logging_mixin.py:109} INFO - [2022-05-20 01:04:49,610] {dagbag.py:500} INFO - Filling up the DagBag from /opt/airflow/dags/project_level_dbt_dag.py
[2022-05-20 01:04:49,654] {processor.py:637} INFO - DAG(s) dict_keys(['project_level_dbt_dag']) retrieved from /opt/airflow/dags/project_level_dbt_dag.py
[2022-05-20 01:04:49,667] {logging_mixin.py:109} INFO - [2022-05-20 01:04:49,667] {dag.py:2396} INFO - Sync 1 DAGs
[2022-05-20 01:04:49,693] {logging_mixin.py:109} INFO - [2022-05-20 01:04:49,693] {dag.py:2928} INFO - Setting next_dagrun for project_level_dbt_dag to 2022-05-20T00:46:38.594894+00:00
[2022-05-20 01:04:49,703] {processor.py:171} INFO - Processing /opt/airflow/dags/project_level_dbt_dag.py took 0.101 seconds
[2022-05-20 01:05:19,807] {processor.py:163} INFO - Started process (PID=1460) to work on /opt/airflow/dags/project_level_dbt_dag.py
[2022-05-20 01:05:19,809] {processor.py:625} INFO - Processing file /opt/airflow/dags/project_level_dbt_dag.py for tasks to queue
[2022-05-20 01:05:19,810] {logging_mixin.py:109} INFO - [2022-05-20 01:05:19,810] {dagbag.py:500} INFO - Filling up the DagBag from /opt/airflow/dags/project_level_dbt_dag.py
[2022-05-20 01:05:19,843] {processor.py:637} INFO - DAG(s) dict_keys(['project_level_dbt_dag']) retrieved from /opt/airflow/dags/project_level_dbt_dag.py
[2022-05-20 01:05:19,854] {logging_mixin.py:109} INFO - [2022-05-20 01:05:19,854] {dag.py:2396} INFO - Sync 1 DAGs
[2022-05-20 01:05:19,874] {logging_mixin.py:109} INFO - [2022-05-20 01:05:19,874] {dag.py:2928} INFO - Setting next_dagrun for project_level_dbt_dag to 2022-05-20T00:46:38.594894+00:00
[2022-05-20 01:05:19,883] {processor.py:171} INFO - Processing /opt/airflow/dags/project_level_dbt_dag.py took 0.080 seconds
[2022-05-20 01:05:50,029] {processor.py:163} INFO - Started process (PID=1485) to work on /opt/airflow/dags/project_level_dbt_dag.py
[2022-05-20 01:05:50,032] {processor.py:625} INFO - Processing file /opt/airflow/dags/project_level_dbt_dag.py for tasks to queue
[2022-05-20 01:05:50,034] {logging_mixin.py:109} INFO - [2022-05-20 01:05:50,033] {dagbag.py:500} INFO - Filling up the DagBag from /opt/airflow/dags/project_level_dbt_dag.py
[2022-05-20 01:05:50,067] {processor.py:637} INFO - DAG(s) dict_keys(['project_level_dbt_dag']) retrieved from /opt/airflow/dags/project_level_dbt_dag.py
[2022-05-20 01:05:50,076] {logging_mixin.py:109} INFO - [2022-05-20 01:05:50,076] {dag.py:2396} INFO - Sync 1 DAGs
[2022-05-20 01:05:50,092] {logging_mixin.py:109} INFO - [2022-05-20 01:05:50,091] {dag.py:2928} INFO - Setting next_dagrun for project_level_dbt_dag to 2022-05-20T00:46:38.594894+00:00
[2022-05-20 01:05:50,100] {processor.py:171} INFO - Processing /opt/airflow/dags/project_level_dbt_dag.py took 0.074 seconds
[2022-05-20 01:06:20,293] {processor.py:163} INFO - Started process (PID=1527) to work on /opt/airflow/dags/project_level_dbt_dag.py
[2022-05-20 01:06:20,295] {processor.py:625} INFO - Processing file /opt/airflow/dags/project_level_dbt_dag.py for tasks to queue
[2022-05-20 01:06:20,296] {logging_mixin.py:109} INFO - [2022-05-20 01:06:20,296] {dagbag.py:500} INFO - Filling up the DagBag from /opt/airflow/dags/project_level_dbt_dag.py
[2022-05-20 01:06:20,340] {processor.py:637} INFO - DAG(s) dict_keys(['project_level_dbt_dag']) retrieved from /opt/airflow/dags/project_level_dbt_dag.py
[2022-05-20 01:06:20,353] {logging_mixin.py:109} INFO - [2022-05-20 01:06:20,353] {dag.py:2396} INFO - Sync 1 DAGs
[2022-05-20 01:06:20,378] {logging_mixin.py:109} INFO - [2022-05-20 01:06:20,377] {dag.py:2928} INFO - Setting next_dagrun for project_level_dbt_dag to 2022-05-20T00:46:38.594894+00:00
[2022-05-20 01:06:20,389] {processor.py:171} INFO - Processing /opt/airflow/dags/project_level_dbt_dag.py took 0.102 seconds
[2022-05-20 01:06:50,532] {processor.py:163} INFO - Started process (PID=1560) to work on /opt/airflow/dags/project_level_dbt_dag.py
[2022-05-20 01:06:50,535] {processor.py:625} INFO - Processing file /opt/airflow/dags/project_level_dbt_dag.py for tasks to queue
[2022-05-20 01:06:50,537] {logging_mixin.py:109} INFO - [2022-05-20 01:06:50,537] {dagbag.py:500} INFO - Filling up the DagBag from /opt/airflow/dags/project_level_dbt_dag.py
[2022-05-20 01:06:50,578] {processor.py:637} INFO - DAG(s) dict_keys(['project_level_dbt_dag']) retrieved from /opt/airflow/dags/project_level_dbt_dag.py
[2022-05-20 01:06:50,591] {logging_mixin.py:109} INFO - [2022-05-20 01:06:50,591] {dag.py:2396} INFO - Sync 1 DAGs
[2022-05-20 01:06:50,621] {logging_mixin.py:109} INFO - [2022-05-20 01:06:50,621] {dag.py:2928} INFO - Setting next_dagrun for project_level_dbt_dag to 2022-05-20T00:46:38.594894+00:00
[2022-05-20 01:06:50,633] {processor.py:171} INFO - Processing /opt/airflow/dags/project_level_dbt_dag.py took 0.107 seconds
[2022-05-20 01:07:20,919] {processor.py:163} INFO - Started process (PID=1592) to work on /opt/airflow/dags/project_level_dbt_dag.py
[2022-05-20 01:07:20,921] {processor.py:625} INFO - Processing file /opt/airflow/dags/project_level_dbt_dag.py for tasks to queue
[2022-05-20 01:07:20,923] {logging_mixin.py:109} INFO - [2022-05-20 01:07:20,923] {dagbag.py:500} INFO - Filling up the DagBag from /opt/airflow/dags/project_level_dbt_dag.py
[2022-05-20 01:07:20,974] {processor.py:637} INFO - DAG(s) dict_keys(['project_level_dbt_dag']) retrieved from /opt/airflow/dags/project_level_dbt_dag.py
[2022-05-20 01:07:20,988] {logging_mixin.py:109} INFO - [2022-05-20 01:07:20,988] {dag.py:2396} INFO - Sync 1 DAGs
[2022-05-20 01:07:21,012] {logging_mixin.py:109} INFO - [2022-05-20 01:07:21,012] {dag.py:2928} INFO - Setting next_dagrun for project_level_dbt_dag to 2022-05-20T00:46:38.594894+00:00
[2022-05-20 01:07:21,024] {processor.py:171} INFO - Processing /opt/airflow/dags/project_level_dbt_dag.py took 0.110 seconds
[2022-05-20 01:07:51,380] {processor.py:163} INFO - Started process (PID=1635) to work on /opt/airflow/dags/project_level_dbt_dag.py
[2022-05-20 01:07:51,383] {processor.py:625} INFO - Processing file /opt/airflow/dags/project_level_dbt_dag.py for tasks to queue
[2022-05-20 01:07:51,384] {logging_mixin.py:109} INFO - [2022-05-20 01:07:51,384] {dagbag.py:500} INFO - Filling up the DagBag from /opt/airflow/dags/project_level_dbt_dag.py
[2022-05-20 01:07:51,418] {processor.py:637} INFO - DAG(s) dict_keys(['project_level_dbt_dag']) retrieved from /opt/airflow/dags/project_level_dbt_dag.py
[2022-05-20 01:07:51,428] {logging_mixin.py:109} INFO - [2022-05-20 01:07:51,428] {dag.py:2396} INFO - Sync 1 DAGs
[2022-05-20 01:07:51,449] {logging_mixin.py:109} INFO - [2022-05-20 01:07:51,449] {dag.py:2928} INFO - Setting next_dagrun for project_level_dbt_dag to 2022-05-20T00:46:38.594894+00:00
[2022-05-20 01:07:51,458] {processor.py:171} INFO - Processing /opt/airflow/dags/project_level_dbt_dag.py took 0.081 seconds
[2022-05-20 01:08:21,693] {processor.py:163} INFO - Started process (PID=1666) to work on /opt/airflow/dags/project_level_dbt_dag.py
[2022-05-20 01:08:21,696] {processor.py:625} INFO - Processing file /opt/airflow/dags/project_level_dbt_dag.py for tasks to queue
[2022-05-20 01:08:21,697] {logging_mixin.py:109} INFO - [2022-05-20 01:08:21,697] {dagbag.py:500} INFO - Filling up the DagBag from /opt/airflow/dags/project_level_dbt_dag.py
[2022-05-20 01:08:21,746] {processor.py:637} INFO - DAG(s) dict_keys(['project_level_dbt_dag']) retrieved from /opt/airflow/dags/project_level_dbt_dag.py
[2022-05-20 01:08:21,759] {logging_mixin.py:109} INFO - [2022-05-20 01:08:21,759] {dag.py:2396} INFO - Sync 1 DAGs
[2022-05-20 01:08:21,780] {logging_mixin.py:109} INFO - [2022-05-20 01:08:21,780] {dag.py:2928} INFO - Setting next_dagrun for project_level_dbt_dag to 2022-05-20T00:46:38.594894+00:00
[2022-05-20 01:08:21,790] {processor.py:171} INFO - Processing /opt/airflow/dags/project_level_dbt_dag.py took 0.100 seconds
[2022-05-20 01:08:52,020] {processor.py:163} INFO - Started process (PID=1708) to work on /opt/airflow/dags/project_level_dbt_dag.py
[2022-05-20 01:08:52,022] {processor.py:625} INFO - Processing file /opt/airflow/dags/project_level_dbt_dag.py for tasks to queue
[2022-05-20 01:08:52,023] {logging_mixin.py:109} INFO - [2022-05-20 01:08:52,023] {dagbag.py:500} INFO - Filling up the DagBag from /opt/airflow/dags/project_level_dbt_dag.py
[2022-05-20 01:08:52,059] {processor.py:637} INFO - DAG(s) dict_keys(['project_level_dbt_dag']) retrieved from /opt/airflow/dags/project_level_dbt_dag.py
[2022-05-20 01:08:52,080] {logging_mixin.py:109} INFO - [2022-05-20 01:08:52,080] {dag.py:2396} INFO - Sync 1 DAGs
[2022-05-20 01:08:52,110] {logging_mixin.py:109} INFO - [2022-05-20 01:08:52,110] {dag.py:2928} INFO - Setting next_dagrun for project_level_dbt_dag to 2022-05-20T00:46:38.594894+00:00
[2022-05-20 01:08:52,121] {processor.py:171} INFO - Processing /opt/airflow/dags/project_level_dbt_dag.py took 0.106 seconds
[2022-05-20 01:09:22,369] {processor.py:163} INFO - Started process (PID=1740) to work on /opt/airflow/dags/project_level_dbt_dag.py
[2022-05-20 01:09:22,371] {processor.py:625} INFO - Processing file /opt/airflow/dags/project_level_dbt_dag.py for tasks to queue
[2022-05-20 01:09:22,372] {logging_mixin.py:109} INFO - [2022-05-20 01:09:22,372] {dagbag.py:500} INFO - Filling up the DagBag from /opt/airflow/dags/project_level_dbt_dag.py
[2022-05-20 01:09:22,416] {processor.py:637} INFO - DAG(s) dict_keys(['project_level_dbt_dag']) retrieved from /opt/airflow/dags/project_level_dbt_dag.py
[2022-05-20 01:09:22,431] {logging_mixin.py:109} INFO - [2022-05-20 01:09:22,431] {dag.py:2396} INFO - Sync 1 DAGs
[2022-05-20 01:09:22,462] {logging_mixin.py:109} INFO - [2022-05-20 01:09:22,462] {dag.py:2928} INFO - Setting next_dagrun for project_level_dbt_dag to 2022-05-20T00:46:38.594894+00:00
[2022-05-20 01:09:22,473] {processor.py:171} INFO - Processing /opt/airflow/dags/project_level_dbt_dag.py took 0.107 seconds
[2022-05-20 01:09:52,556] {processor.py:163} INFO - Started process (PID=1771) to work on /opt/airflow/dags/project_level_dbt_dag.py
[2022-05-20 01:09:52,559] {processor.py:625} INFO - Processing file /opt/airflow/dags/project_level_dbt_dag.py for tasks to queue
[2022-05-20 01:09:52,561] {logging_mixin.py:109} INFO - [2022-05-20 01:09:52,561] {dagbag.py:500} INFO - Filling up the DagBag from /opt/airflow/dags/project_level_dbt_dag.py
[2022-05-20 01:09:52,614] {processor.py:637} INFO - DAG(s) dict_keys(['project_level_dbt_dag']) retrieved from /opt/airflow/dags/project_level_dbt_dag.py
[2022-05-20 01:09:52,633] {logging_mixin.py:109} INFO - [2022-05-20 01:09:52,633] {dag.py:2396} INFO - Sync 1 DAGs
[2022-05-20 01:09:52,659] {logging_mixin.py:109} INFO - [2022-05-20 01:09:52,659] {dag.py:2928} INFO - Setting next_dagrun for project_level_dbt_dag to 2022-05-20T00:46:38.594894+00:00
[2022-05-20 01:09:52,677] {processor.py:171} INFO - Processing /opt/airflow/dags/project_level_dbt_dag.py took 0.126 seconds
[2022-05-20 01:10:22,943] {processor.py:163} INFO - Started process (PID=1814) to work on /opt/airflow/dags/project_level_dbt_dag.py
[2022-05-20 01:10:22,947] {processor.py:625} INFO - Processing file /opt/airflow/dags/project_level_dbt_dag.py for tasks to queue
[2022-05-20 01:10:22,949] {logging_mixin.py:109} INFO - [2022-05-20 01:10:22,949] {dagbag.py:500} INFO - Filling up the DagBag from /opt/airflow/dags/project_level_dbt_dag.py
[2022-05-20 01:10:23,001] {processor.py:637} INFO - DAG(s) dict_keys(['project_level_dbt_dag']) retrieved from /opt/airflow/dags/project_level_dbt_dag.py
[2022-05-20 01:10:23,020] {logging_mixin.py:109} INFO - [2022-05-20 01:10:23,020] {dag.py:2396} INFO - Sync 1 DAGs
[2022-05-20 01:10:23,046] {logging_mixin.py:109} INFO - [2022-05-20 01:10:23,046] {dag.py:2928} INFO - Setting next_dagrun for project_level_dbt_dag to 2022-05-20T00:46:38.594894+00:00
[2022-05-20 01:10:23,056] {processor.py:171} INFO - Processing /opt/airflow/dags/project_level_dbt_dag.py took 0.116 seconds
[2022-05-20 01:10:53,288] {processor.py:163} INFO - Started process (PID=1847) to work on /opt/airflow/dags/project_level_dbt_dag.py
[2022-05-20 01:10:53,291] {processor.py:625} INFO - Processing file /opt/airflow/dags/project_level_dbt_dag.py for tasks to queue
[2022-05-20 01:10:53,292] {logging_mixin.py:109} INFO - [2022-05-20 01:10:53,292] {dagbag.py:500} INFO - Filling up the DagBag from /opt/airflow/dags/project_level_dbt_dag.py
[2022-05-20 01:10:53,327] {processor.py:637} INFO - DAG(s) dict_keys(['project_level_dbt_dag']) retrieved from /opt/airflow/dags/project_level_dbt_dag.py
[2022-05-20 01:10:53,339] {logging_mixin.py:109} INFO - [2022-05-20 01:10:53,339] {dag.py:2396} INFO - Sync 1 DAGs
[2022-05-20 01:10:53,365] {logging_mixin.py:109} INFO - [2022-05-20 01:10:53,365] {dag.py:2928} INFO - Setting next_dagrun for project_level_dbt_dag to 2022-05-20T00:46:38.594894+00:00
[2022-05-20 01:10:53,377] {processor.py:171} INFO - Processing /opt/airflow/dags/project_level_dbt_dag.py took 0.094 seconds
[2022-05-20 01:11:23,598] {processor.py:163} INFO - Started process (PID=1879) to work on /opt/airflow/dags/project_level_dbt_dag.py
[2022-05-20 01:11:23,603] {processor.py:625} INFO - Processing file /opt/airflow/dags/project_level_dbt_dag.py for tasks to queue
[2022-05-20 01:11:23,605] {logging_mixin.py:109} INFO - [2022-05-20 01:11:23,605] {dagbag.py:500} INFO - Filling up the DagBag from /opt/airflow/dags/project_level_dbt_dag.py
[2022-05-20 01:11:23,652] {processor.py:637} INFO - DAG(s) dict_keys(['project_level_dbt_dag']) retrieved from /opt/airflow/dags/project_level_dbt_dag.py
[2022-05-20 01:11:23,667] {logging_mixin.py:109} INFO - [2022-05-20 01:11:23,667] {dag.py:2396} INFO - Sync 1 DAGs
[2022-05-20 01:11:23,689] {logging_mixin.py:109} INFO - [2022-05-20 01:11:23,689] {dag.py:2928} INFO - Setting next_dagrun for project_level_dbt_dag to 2022-05-20T00:46:38.594894+00:00
[2022-05-20 01:11:23,698] {processor.py:171} INFO - Processing /opt/airflow/dags/project_level_dbt_dag.py took 0.110 seconds
[2022-05-20 01:11:53,911] {processor.py:163} INFO - Started process (PID=1920) to work on /opt/airflow/dags/project_level_dbt_dag.py
[2022-05-20 01:11:53,914] {processor.py:625} INFO - Processing file /opt/airflow/dags/project_level_dbt_dag.py for tasks to queue
[2022-05-20 01:11:53,915] {logging_mixin.py:109} INFO - [2022-05-20 01:11:53,915] {dagbag.py:500} INFO - Filling up the DagBag from /opt/airflow/dags/project_level_dbt_dag.py
[2022-05-20 01:11:53,952] {processor.py:637} INFO - DAG(s) dict_keys(['project_level_dbt_dag']) retrieved from /opt/airflow/dags/project_level_dbt_dag.py
[2022-05-20 01:11:53,967] {logging_mixin.py:109} INFO - [2022-05-20 01:11:53,967] {dag.py:2396} INFO - Sync 1 DAGs
[2022-05-20 01:11:54,005] {logging_mixin.py:109} INFO - [2022-05-20 01:11:54,005] {dag.py:2928} INFO - Setting next_dagrun for project_level_dbt_dag to 2022-05-20T00:46:38.594894+00:00
[2022-05-20 01:11:54,052] {processor.py:171} INFO - Processing /opt/airflow/dags/project_level_dbt_dag.py took 0.145 seconds
[2022-05-20 01:12:24,290] {processor.py:163} INFO - Started process (PID=1953) to work on /opt/airflow/dags/project_level_dbt_dag.py
[2022-05-20 01:12:24,293] {processor.py:625} INFO - Processing file /opt/airflow/dags/project_level_dbt_dag.py for tasks to queue
[2022-05-20 01:12:24,294] {logging_mixin.py:109} INFO - [2022-05-20 01:12:24,294] {dagbag.py:500} INFO - Filling up the DagBag from /opt/airflow/dags/project_level_dbt_dag.py
[2022-05-20 01:12:24,332] {processor.py:637} INFO - DAG(s) dict_keys(['project_level_dbt_dag']) retrieved from /opt/airflow/dags/project_level_dbt_dag.py
[2022-05-20 01:12:24,345] {logging_mixin.py:109} INFO - [2022-05-20 01:12:24,345] {dag.py:2396} INFO - Sync 1 DAGs
[2022-05-20 01:12:24,367] {logging_mixin.py:109} INFO - [2022-05-20 01:12:24,366] {dag.py:2928} INFO - Setting next_dagrun for project_level_dbt_dag to 2022-05-20T00:46:38.594894+00:00
[2022-05-20 01:12:24,380] {processor.py:171} INFO - Processing /opt/airflow/dags/project_level_dbt_dag.py took 0.093 seconds
[2022-05-20 01:12:54,551] {processor.py:163} INFO - Started process (PID=1992) to work on /opt/airflow/dags/project_level_dbt_dag.py
[2022-05-20 01:12:54,554] {processor.py:625} INFO - Processing file /opt/airflow/dags/project_level_dbt_dag.py for tasks to queue
[2022-05-20 01:12:54,555] {logging_mixin.py:109} INFO - [2022-05-20 01:12:54,555] {dagbag.py:500} INFO - Filling up the DagBag from /opt/airflow/dags/project_level_dbt_dag.py
[2022-05-20 01:12:54,603] {processor.py:637} INFO - DAG(s) dict_keys(['project_level_dbt_dag']) retrieved from /opt/airflow/dags/project_level_dbt_dag.py
[2022-05-20 01:12:54,618] {logging_mixin.py:109} INFO - [2022-05-20 01:12:54,617] {dag.py:2396} INFO - Sync 1 DAGs
[2022-05-20 01:12:54,637] {logging_mixin.py:109} INFO - [2022-05-20 01:12:54,637] {dag.py:2928} INFO - Setting next_dagrun for project_level_dbt_dag to 2022-05-20T00:46:38.594894+00:00
[2022-05-20 01:12:54,650] {processor.py:171} INFO - Processing /opt/airflow/dags/project_level_dbt_dag.py took 0.102 seconds
[2022-05-20 01:13:24,934] {processor.py:163} INFO - Started process (PID=2019) to work on /opt/airflow/dags/project_level_dbt_dag.py
[2022-05-20 01:13:24,936] {processor.py:625} INFO - Processing file /opt/airflow/dags/project_level_dbt_dag.py for tasks to queue
[2022-05-20 01:13:24,938] {logging_mixin.py:109} INFO - [2022-05-20 01:13:24,937] {dagbag.py:500} INFO - Filling up the DagBag from /opt/airflow/dags/project_level_dbt_dag.py
[2022-05-20 01:13:24,973] {processor.py:637} INFO - DAG(s) dict_keys(['project_level_dbt_dag']) retrieved from /opt/airflow/dags/project_level_dbt_dag.py
[2022-05-20 01:13:24,985] {logging_mixin.py:109} INFO - [2022-05-20 01:13:24,985] {dag.py:2396} INFO - Sync 1 DAGs
[2022-05-20 01:13:25,007] {logging_mixin.py:109} INFO - [2022-05-20 01:13:25,007] {dag.py:2928} INFO - Setting next_dagrun for project_level_dbt_dag to 2022-05-20T00:46:38.594894+00:00
[2022-05-20 01:13:25,023] {processor.py:171} INFO - Processing /opt/airflow/dags/project_level_dbt_dag.py took 0.094 seconds
[2022-05-20 01:13:55,169] {processor.py:163} INFO - Started process (PID=2051) to work on /opt/airflow/dags/project_level_dbt_dag.py
[2022-05-20 01:13:55,171] {processor.py:625} INFO - Processing file /opt/airflow/dags/project_level_dbt_dag.py for tasks to queue
[2022-05-20 01:13:55,175] {logging_mixin.py:109} INFO - [2022-05-20 01:13:55,174] {dagbag.py:500} INFO - Filling up the DagBag from /opt/airflow/dags/project_level_dbt_dag.py
[2022-05-20 01:13:55,242] {processor.py:637} INFO - DAG(s) dict_keys(['project_level_dbt_dag']) retrieved from /opt/airflow/dags/project_level_dbt_dag.py
[2022-05-20 01:13:55,257] {logging_mixin.py:109} INFO - [2022-05-20 01:13:55,257] {dag.py:2396} INFO - Sync 1 DAGs
[2022-05-20 01:13:55,296] {logging_mixin.py:109} INFO - [2022-05-20 01:13:55,296] {dag.py:2928} INFO - Setting next_dagrun for project_level_dbt_dag to 2022-05-20T00:46:38.594894+00:00
[2022-05-20 01:13:55,308] {processor.py:171} INFO - Processing /opt/airflow/dags/project_level_dbt_dag.py took 0.146 seconds
[2022-05-20 01:14:25,585] {processor.py:163} INFO - Started process (PID=2094) to work on /opt/airflow/dags/project_level_dbt_dag.py
[2022-05-20 01:14:25,587] {processor.py:625} INFO - Processing file /opt/airflow/dags/project_level_dbt_dag.py for tasks to queue
[2022-05-20 01:14:25,588] {logging_mixin.py:109} INFO - [2022-05-20 01:14:25,588] {dagbag.py:500} INFO - Filling up the DagBag from /opt/airflow/dags/project_level_dbt_dag.py
[2022-05-20 01:14:25,618] {processor.py:637} INFO - DAG(s) dict_keys(['project_level_dbt_dag']) retrieved from /opt/airflow/dags/project_level_dbt_dag.py
[2022-05-20 01:14:25,629] {logging_mixin.py:109} INFO - [2022-05-20 01:14:25,629] {dag.py:2396} INFO - Sync 1 DAGs
[2022-05-20 01:14:25,660] {logging_mixin.py:109} INFO - [2022-05-20 01:14:25,660] {dag.py:2928} INFO - Setting next_dagrun for project_level_dbt_dag to 2022-05-20T00:46:38.594894+00:00
[2022-05-20 01:14:25,676] {processor.py:171} INFO - Processing /opt/airflow/dags/project_level_dbt_dag.py took 0.095 seconds
[2022-05-20 01:14:56,020] {processor.py:163} INFO - Started process (PID=2125) to work on /opt/airflow/dags/project_level_dbt_dag.py
[2022-05-20 01:14:56,022] {processor.py:625} INFO - Processing file /opt/airflow/dags/project_level_dbt_dag.py for tasks to queue
[2022-05-20 01:14:56,023] {logging_mixin.py:109} INFO - [2022-05-20 01:14:56,023] {dagbag.py:500} INFO - Filling up the DagBag from /opt/airflow/dags/project_level_dbt_dag.py
[2022-05-20 01:14:56,074] {processor.py:637} INFO - DAG(s) dict_keys(['project_level_dbt_dag']) retrieved from /opt/airflow/dags/project_level_dbt_dag.py
[2022-05-20 01:14:56,089] {logging_mixin.py:109} INFO - [2022-05-20 01:14:56,089] {dag.py:2396} INFO - Sync 1 DAGs
[2022-05-20 01:14:56,112] {logging_mixin.py:109} INFO - [2022-05-20 01:14:56,112] {dag.py:2928} INFO - Setting next_dagrun for project_level_dbt_dag to 2022-05-20T00:46:38.594894+00:00
[2022-05-20 01:14:56,123] {processor.py:171} INFO - Processing /opt/airflow/dags/project_level_dbt_dag.py took 0.110 seconds
[2022-05-20 01:15:26,496] {processor.py:163} INFO - Started process (PID=2157) to work on /opt/airflow/dags/project_level_dbt_dag.py
[2022-05-20 01:15:26,499] {processor.py:625} INFO - Processing file /opt/airflow/dags/project_level_dbt_dag.py for tasks to queue
[2022-05-20 01:15:26,501] {logging_mixin.py:109} INFO - [2022-05-20 01:15:26,501] {dagbag.py:500} INFO - Filling up the DagBag from /opt/airflow/dags/project_level_dbt_dag.py
[2022-05-20 01:15:26,539] {processor.py:637} INFO - DAG(s) dict_keys(['project_level_dbt_dag']) retrieved from /opt/airflow/dags/project_level_dbt_dag.py
[2022-05-20 01:15:26,551] {logging_mixin.py:109} INFO - [2022-05-20 01:15:26,551] {dag.py:2396} INFO - Sync 1 DAGs
[2022-05-20 01:15:26,573] {logging_mixin.py:109} INFO - [2022-05-20 01:15:26,573] {dag.py:2928} INFO - Setting next_dagrun for project_level_dbt_dag to 2022-05-20T00:46:38.594894+00:00
[2022-05-20 01:15:26,582] {processor.py:171} INFO - Processing /opt/airflow/dags/project_level_dbt_dag.py took 0.090 seconds
[2022-05-20 01:15:56,640] {processor.py:163} INFO - Started process (PID=2199) to work on /opt/airflow/dags/project_level_dbt_dag.py
[2022-05-20 01:15:56,643] {processor.py:625} INFO - Processing file /opt/airflow/dags/project_level_dbt_dag.py for tasks to queue
[2022-05-20 01:15:56,644] {logging_mixin.py:109} INFO - [2022-05-20 01:15:56,644] {dagbag.py:500} INFO - Filling up the DagBag from /opt/airflow/dags/project_level_dbt_dag.py
[2022-05-20 01:15:56,681] {processor.py:637} INFO - DAG(s) dict_keys(['project_level_dbt_dag']) retrieved from /opt/airflow/dags/project_level_dbt_dag.py
[2022-05-20 01:15:56,694] {logging_mixin.py:109} INFO - [2022-05-20 01:15:56,694] {dag.py:2396} INFO - Sync 1 DAGs
[2022-05-20 01:15:56,712] {logging_mixin.py:109} INFO - [2022-05-20 01:15:56,712] {dag.py:2928} INFO - Setting next_dagrun for project_level_dbt_dag to 2022-05-20T00:46:38.594894+00:00
[2022-05-20 01:15:56,721] {processor.py:171} INFO - Processing /opt/airflow/dags/project_level_dbt_dag.py took 0.087 seconds
[2022-05-20 01:16:27,463] {processor.py:163} INFO - Started process (PID=2231) to work on /opt/airflow/dags/project_level_dbt_dag.py
[2022-05-20 01:16:27,467] {processor.py:625} INFO - Processing file /opt/airflow/dags/project_level_dbt_dag.py for tasks to queue
[2022-05-20 01:16:27,476] {logging_mixin.py:109} INFO - [2022-05-20 01:16:27,475] {dagbag.py:500} INFO - Filling up the DagBag from /opt/airflow/dags/project_level_dbt_dag.py
[2022-05-20 01:16:27,545] {processor.py:637} INFO - DAG(s) dict_keys(['project_level_dbt_dag']) retrieved from /opt/airflow/dags/project_level_dbt_dag.py
[2022-05-20 01:16:27,566] {logging_mixin.py:109} INFO - [2022-05-20 01:16:27,566] {dag.py:2396} INFO - Sync 1 DAGs
[2022-05-20 01:16:27,593] {logging_mixin.py:109} INFO - [2022-05-20 01:16:27,592] {dag.py:2928} INFO - Setting next_dagrun for project_level_dbt_dag to 2022-05-20T00:46:38.594894+00:00
[2022-05-20 01:16:27,607] {processor.py:171} INFO - Processing /opt/airflow/dags/project_level_dbt_dag.py took 0.152 seconds
