[2022-05-18 23:31:11,811] {taskinstance.py:1035} INFO - Dependencies all met for <TaskInstance: model_level_dbt_great_expectations_dag.great_expectations_sources.sources.jaffle_shop__customers scheduled__2022-05-17T22:12:00.138285+00:00 [queued]>
[2022-05-18 23:31:11,830] {taskinstance.py:1035} INFO - Dependencies all met for <TaskInstance: model_level_dbt_great_expectations_dag.great_expectations_sources.sources.jaffle_shop__customers scheduled__2022-05-17T22:12:00.138285+00:00 [queued]>
[2022-05-18 23:31:11,831] {taskinstance.py:1241} INFO - 
--------------------------------------------------------------------------------
[2022-05-18 23:31:11,832] {taskinstance.py:1242} INFO - Starting attempt 3 of 6
[2022-05-18 23:31:11,834] {taskinstance.py:1243} INFO - 
--------------------------------------------------------------------------------
[2022-05-18 23:31:11,857] {taskinstance.py:1262} INFO - Executing <Task(GreatExpectationsOperator): great_expectations_sources.sources.jaffle_shop__customers> on 2022-05-17 22:12:00.138285+00:00
[2022-05-18 23:31:11,873] {standard_task_runner.py:52} INFO - Started process 164 to run task
[2022-05-18 23:31:11,891] {standard_task_runner.py:76} INFO - Running: ['***', 'tasks', 'run', 'model_level_dbt_great_expectations_dag', 'great_expectations_sources.sources.jaffle_shop__customers', 'scheduled__2022-05-17T22:12:00.138285+00:00', '--job-id', '159', '--raw', '--subdir', 'DAGS_FOLDER/model_level_dbt_great_expectations_dag.py', '--cfg-path', '/tmp/tmp218c052r', '--error-file', '/tmp/tmpw_z9_mx0']
[2022-05-18 23:31:11,894] {standard_task_runner.py:77} INFO - Job 159: Subtask great_expectations_sources.sources.jaffle_shop__customers
[2022-05-18 23:31:12,007] {logging_mixin.py:109} INFO - Running <TaskInstance: model_level_dbt_great_expectations_dag.great_expectations_sources.sources.jaffle_shop__customers scheduled__2022-05-17T22:12:00.138285+00:00 [running]> on host d4b673e28191
[2022-05-18 23:31:12,149] {taskinstance.py:1429} INFO - Exporting the following env vars:
AIRFLOW_CTX_DAG_OWNER=luciano.naveiro
AIRFLOW_CTX_DAG_ID=model_level_dbt_great_expectations_dag
AIRFLOW_CTX_TASK_ID=great_expectations_sources.sources.jaffle_shop__customers
AIRFLOW_CTX_EXECUTION_DATE=2022-05-17T22:12:00.138285+00:00
AIRFLOW_CTX_DAG_RUN_ID=scheduled__2022-05-17T22:12:00.138285+00:00
[2022-05-18 23:31:12,153] {great_expectations.py:122} INFO - Running validation with Great Expectations...
[2022-05-18 23:31:12,153] {great_expectations.py:125} INFO - Ensuring data context is valid...
[2022-05-18 23:31:13,559] {sqlalchemy_execution_engine.py:404} WARNING - schema_name specified creating a URL with schema is not supported. Set a default schema on the user connecting to your database.
[2022-05-18 23:31:13,583] {logging_mixin.py:109} WARNING - /home/***/.local/lib/python3.7/site-packages/great_expectations/datasource/data_connector/runtime_data_connector.py:135 DeprecationWarning: Specifying batch_identifiers as part of the RuntimeDataConnector config is deprecated as of v0.15.1 and will be removed by v0.18. Please configure batch_identifiers as part of Assets instead.
[2022-05-18 23:31:14,798] {validator.py:1669} INFO - 	13 expectation(s) included in expectation_suite.
[2022-05-18 23:31:15,028] {logging_mixin.py:109} WARNING - Calculating Metrics:   0%|          | 0/30 [00:00<?, ?it/s]
[2022-05-18 23:31:15,033] {logging_mixin.py:109} WARNING - Calculating Metrics:   0%|          | 0/30 [00:00<?, ?it/s]
[2022-05-18 23:31:15,061] {logging_mixin.py:109} WARNING - Calculating Metrics:   7%|6         | 2/30 [00:00<00:00, 69.14it/s]
[2022-05-18 23:31:15,154] {logging_mixin.py:109} WARNING - Calculating Metrics:  13%|#3        | 4/30 [00:00<00:00, 33.02it/s]
[2022-05-18 23:31:15,157] {logging_mixin.py:109} WARNING - Calculating Metrics:  13%|#3        | 4/30 [00:00<00:00, 33.02it/s]
[2022-05-18 23:31:15,191] {logging_mixin.py:109} WARNING - Calculating Metrics:  40%|####      | 12/30 [00:00<00:00, 33.02it/s]
[2022-05-18 23:31:15,249] {logging_mixin.py:109} WARNING - Calculating Metrics:  80%|########  | 24/30 [00:00<00:00, 33.02it/s]
[2022-05-18 23:31:15,286] {logging_mixin.py:109} WARNING - Calculating Metrics:  93%|#########3| 28/30 [00:00<00:00, 123.69it/s]
[2022-05-18 23:31:15,295] {logging_mixin.py:109} WARNING - Calculating Metrics:  93%|#########3| 28/30 [00:00<00:00, 123.69it/s]
[2022-05-18 23:31:15,352] {logging_mixin.py:109} WARNING - Calculating Metrics:  97%|#########6| 29/30 [00:00<00:00, 123.69it/s]
[2022-05-18 23:31:15,378] {logging_mixin.py:109} WARNING - Calculating Metrics: 100%|##########| 30/30 [00:00<00:00, 123.69it/s]
[2022-05-18 23:31:15,404] {logging_mixin.py:109} WARNING - Calculating Metrics: 100%|##########| 30/30 [00:00<00:00, 123.69it/s]
[2022-05-18 23:31:15,406] {logging_mixin.py:109} WARNING - Calculating Metrics: 100%|##########| 30/30 [00:00<00:00, 80.33it/s] 
[2022-05-18 23:31:15,407] {logging_mixin.py:109} WARNING - 
[2022-05-18 23:31:19,420] {great_expectations.py:197} INFO - Validation with Great Expectations successful.
[2022-05-18 23:31:19,485] {taskinstance.py:1280} INFO - Marking task as SUCCESS. dag_id=model_level_dbt_great_expectations_dag, task_id=great_expectations_sources.sources.jaffle_shop__customers, execution_date=20220517T221200, start_date=20220518T233111, end_date=20220518T233119
[2022-05-18 23:31:19,559] {local_task_job.py:154} INFO - Task exited with return code 0
[2022-05-18 23:31:19,911] {local_task_job.py:264} INFO - 1 downstream tasks scheduled from follow-on schedule check
