[2022-06-04 20:39:35,410] {taskinstance.py:1035} INFO - Dependencies all met for <TaskInstance: model_level_dbt_great_expectations_dag.dbt_run.model.jaffle_shop.stg_stripe__payments scheduled__2022-06-03T02:56:49.432006+00:00 [queued]>
[2022-06-04 20:39:35,423] {taskinstance.py:1035} INFO - Dependencies all met for <TaskInstance: model_level_dbt_great_expectations_dag.dbt_run.model.jaffle_shop.stg_stripe__payments scheduled__2022-06-03T02:56:49.432006+00:00 [queued]>
[2022-06-04 20:39:35,424] {taskinstance.py:1241} INFO - 
--------------------------------------------------------------------------------
[2022-06-04 20:39:35,425] {taskinstance.py:1242} INFO - Starting attempt 1 of 4
[2022-06-04 20:39:35,426] {taskinstance.py:1243} INFO - 
--------------------------------------------------------------------------------
[2022-06-04 20:39:35,441] {taskinstance.py:1262} INFO - Executing <Task(BashOperator): dbt_run.model.jaffle_shop.stg_stripe__payments> on 2022-06-03 02:56:49.432006+00:00
[2022-06-04 20:39:35,453] {standard_task_runner.py:52} INFO - Started process 1144 to run task
[2022-06-04 20:39:35,459] {standard_task_runner.py:76} INFO - Running: ['***', 'tasks', 'run', 'model_level_dbt_great_expectations_dag', 'dbt_run.model.jaffle_shop.stg_stripe__payments', 'scheduled__2022-06-03T02:56:49.432006+00:00', '--job-id', '307', '--raw', '--subdir', 'DAGS_FOLDER/model_level_dbt_great_expectations_dag.py', '--cfg-path', '/tmp/tmpzi_tnvkb', '--error-file', '/tmp/tmprqaowrw0']
[2022-06-04 20:39:35,460] {standard_task_runner.py:77} INFO - Job 307: Subtask dbt_run.model.jaffle_shop.stg_stripe__payments
[2022-06-04 20:39:35,536] {logging_mixin.py:109} INFO - Running <TaskInstance: model_level_dbt_great_expectations_dag.dbt_run.model.jaffle_shop.stg_stripe__payments scheduled__2022-06-03T02:56:49.432006+00:00 [running]> on host 0c1ca7618279
[2022-06-04 20:39:35,611] {taskinstance.py:1429} INFO - Exporting the following env vars:
AIRFLOW_CTX_DAG_OWNER=luciano.naveiro
AIRFLOW_CTX_DAG_ID=model_level_dbt_great_expectations_dag
AIRFLOW_CTX_TASK_ID=dbt_run.model.jaffle_shop.stg_stripe__payments
AIRFLOW_CTX_EXECUTION_DATE=2022-06-03T02:56:49.432006+00:00
AIRFLOW_CTX_DAG_RUN_ID=scheduled__2022-06-03T02:56:49.432006+00:00
[2022-06-04 20:39:35,613] {subprocess.py:62} INFO - Tmp dir root location: 
 /tmp
[2022-06-04 20:39:35,614] {subprocess.py:74} INFO - Running command: ['bash', '-c', 'dbt --no-write-json run --target dev --models stg_stripe__payments --profiles-dir /opt/dbt/jaffle_shop --project-dir /opt/dbt/jaffle_shop --vars \'{"date": " 2022-06-03 " }\'']
[2022-06-04 20:39:35,645] {subprocess.py:85} INFO - Output:
[2022-06-04 20:39:39,733] {subprocess.py:89} INFO - 20:39:39  Running with dbt=1.1.0
[2022-06-04 20:39:39,831] {subprocess.py:89} INFO - 20:39:39  Unable to do partial parsing because config vars, config profile, or config target have changed
[2022-06-04 20:39:41,930] {subprocess.py:89} INFO - 20:39:41  Found 5 models, 14 tests, 0 snapshots, 0 analyses, 170 macros, 0 operations, 0 seed files, 3 sources, 0 exposures, 0 metrics
[2022-06-04 20:39:41,951] {subprocess.py:89} INFO - 20:39:41
[2022-06-04 20:39:42,291] {subprocess.py:89} INFO - 20:39:42  Concurrency: 1 threads (target='dev')
[2022-06-04 20:39:42,297] {subprocess.py:89} INFO - 20:39:42
[2022-06-04 20:39:42,323] {subprocess.py:89} INFO - 20:39:42  1 of 1 START view model dev.stg_stripe__payments ............................... [RUN]
[2022-06-04 20:39:42,791] {subprocess.py:89} INFO - 20:39:42  1 of 1 OK created view model dev.stg_stripe__payments .......................... [[32mCREATE VIEW[0m in 0.46s]
[2022-06-04 20:39:42,875] {subprocess.py:89} INFO - 20:39:42
[2022-06-04 20:39:42,879] {subprocess.py:89} INFO - 20:39:42  Finished running 1 view model in 0.92s.
[2022-06-04 20:39:42,889] {subprocess.py:89} INFO - 20:39:42
[2022-06-04 20:39:42,897] {subprocess.py:89} INFO - 20:39:42  [32mCompleted successfully[0m
[2022-06-04 20:39:42,900] {subprocess.py:89} INFO - 20:39:42
[2022-06-04 20:39:42,902] {subprocess.py:89} INFO - 20:39:42  Done. PASS=1 WARN=0 ERROR=0 SKIP=0 TOTAL=1
[2022-06-04 20:39:44,331] {subprocess.py:93} INFO - Command exited with return code 0
[2022-06-04 20:39:44,406] {taskinstance.py:1280} INFO - Marking task as SUCCESS. dag_id=model_level_dbt_great_expectations_dag, task_id=dbt_run.model.jaffle_shop.stg_stripe__payments, execution_date=20220603T025649, start_date=20220604T203935, end_date=20220604T203944
[2022-06-04 20:39:44,485] {local_task_job.py:154} INFO - Task exited with return code 0
[2022-06-04 20:39:44,761] {local_task_job.py:264} INFO - 0 downstream tasks scheduled from follow-on schedule check
