[2022-05-16 23:45:28,760] {taskinstance.py:1035} INFO - Dependencies all met for <TaskInstance: model_level_dbt_dag.dbt_docs scheduled__2022-05-15T16:00:47.250021+00:00 [queued]>
[2022-05-16 23:45:28,801] {taskinstance.py:1035} INFO - Dependencies all met for <TaskInstance: model_level_dbt_dag.dbt_docs scheduled__2022-05-15T16:00:47.250021+00:00 [queued]>
[2022-05-16 23:45:28,809] {taskinstance.py:1241} INFO - 
--------------------------------------------------------------------------------
[2022-05-16 23:45:28,811] {taskinstance.py:1242} INFO - Starting attempt 1 of 1
[2022-05-16 23:45:28,812] {taskinstance.py:1243} INFO - 
--------------------------------------------------------------------------------
[2022-05-16 23:45:28,856] {taskinstance.py:1262} INFO - Executing <Task(BashOperator): dbt_docs> on 2022-05-15 16:00:47.250021+00:00
[2022-05-16 23:45:28,881] {standard_task_runner.py:52} INFO - Started process 445 to run task
[2022-05-16 23:45:28,891] {standard_task_runner.py:76} INFO - Running: ['***', 'tasks', 'run', 'model_level_dbt_dag', 'dbt_docs', 'scheduled__2022-05-15T16:00:47.250021+00:00', '--job-id', '474', '--raw', '--subdir', 'DAGS_FOLDER/model_level_dbt_dag.py', '--cfg-path', '/tmp/tmpqc3ynkvx', '--error-file', '/tmp/tmp9cc3r28i']
[2022-05-16 23:45:28,896] {standard_task_runner.py:77} INFO - Job 474: Subtask dbt_docs
[2022-05-16 23:45:28,999] {logging_mixin.py:109} INFO - Running <TaskInstance: model_level_dbt_dag.dbt_docs scheduled__2022-05-15T16:00:47.250021+00:00 [running]> on host a97e89df0c52
[2022-05-16 23:45:29,110] {taskinstance.py:1429} INFO - Exporting the following env vars:
AIRFLOW_CTX_DAG_OWNER=***
AIRFLOW_CTX_DAG_ID=model_level_dbt_dag
AIRFLOW_CTX_TASK_ID=dbt_docs
AIRFLOW_CTX_EXECUTION_DATE=2022-05-15T16:00:47.250021+00:00
AIRFLOW_CTX_DAG_RUN_ID=scheduled__2022-05-15T16:00:47.250021+00:00
[2022-05-16 23:45:29,114] {subprocess.py:62} INFO - Tmp dir root location: 
 /tmp
[2022-05-16 23:45:29,117] {subprocess.py:74} INFO - Running command: ['bash', '-c', '\n        dbt docs generate --profiles-dir /opt/dbt/jaffle_shop --project-dir /opt/dbt/jaffle_shop\n        ']
[2022-05-16 23:45:29,144] {subprocess.py:85} INFO - Output:
[2022-05-16 23:45:33,455] {subprocess.py:89} INFO - 23:45:33  Running with dbt=1.1.0
[2022-05-16 23:45:33,500] {subprocess.py:89} INFO - 23:45:33  Unable to do partial parsing because config vars, config profile, or config target have changed
[2022-05-16 23:45:34,669] {subprocess.py:89} INFO - 23:45:34  Found 5 models, 13 tests, 0 snapshots, 0 analyses, 170 macros, 0 operations, 0 seed files, 3 sources, 0 exposures, 0 metrics
[2022-05-16 23:45:34,674] {subprocess.py:89} INFO - 23:45:34
[2022-05-16 23:45:34,769] {subprocess.py:89} INFO - 23:45:34  Concurrency: 1 threads (target='dev')
[2022-05-16 23:45:34,771] {subprocess.py:89} INFO - 23:45:34
[2022-05-16 23:45:35,197] {subprocess.py:89} INFO - 23:45:35  Done.
[2022-05-16 23:45:35,280] {subprocess.py:89} INFO - 23:45:35  Building catalog
[2022-05-16 23:45:35,380] {subprocess.py:89} INFO - 23:45:35  Catalog written to /opt/dbt/jaffle_shop/target/catalog.json
[2022-05-16 23:45:36,518] {subprocess.py:93} INFO - Command exited with return code 0
[2022-05-16 23:45:36,546] {taskinstance.py:1280} INFO - Marking task as SUCCESS. dag_id=model_level_dbt_dag, task_id=dbt_docs, execution_date=20220515T160047, start_date=20220516T234528, end_date=20220516T234536
[2022-05-16 23:45:36,580] {local_task_job.py:154} INFO - Task exited with return code 0
[2022-05-16 23:45:36,614] {local_task_job.py:264} INFO - 1 downstream tasks scheduled from follow-on schedule check
