[2022-05-19 15:56:59,168] {taskinstance.py:1035} INFO - Dependencies all met for <TaskInstance: model_level_dbt_great_expectations_dag.dbt_run.model.jaffle_shop.stg_jaffle_shop__orders scheduled__2022-05-18T15:55:44.156802+00:00 [queued]>
[2022-05-19 15:56:59,293] {taskinstance.py:1035} INFO - Dependencies all met for <TaskInstance: model_level_dbt_great_expectations_dag.dbt_run.model.jaffle_shop.stg_jaffle_shop__orders scheduled__2022-05-18T15:55:44.156802+00:00 [queued]>
[2022-05-19 15:56:59,297] {taskinstance.py:1241} INFO - 
--------------------------------------------------------------------------------
[2022-05-19 15:56:59,305] {taskinstance.py:1242} INFO - Starting attempt 1 of 4
[2022-05-19 15:56:59,318] {taskinstance.py:1243} INFO - 
--------------------------------------------------------------------------------
[2022-05-19 15:56:59,344] {taskinstance.py:1262} INFO - Executing <Task(BashOperator): dbt_run.model.jaffle_shop.stg_jaffle_shop__orders> on 2022-05-18 15:55:44.156802+00:00
[2022-05-19 15:56:59,370] {standard_task_runner.py:52} INFO - Started process 588 to run task
[2022-05-19 15:56:59,414] {standard_task_runner.py:76} INFO - Running: ['***', 'tasks', 'run', 'model_level_dbt_great_expectations_dag', 'dbt_run.model.jaffle_shop.stg_jaffle_shop__orders', 'scheduled__2022-05-18T15:55:44.156802+00:00', '--job-id', '134', '--raw', '--subdir', 'DAGS_FOLDER/model_level_dbt_great_expectations_dag.py', '--cfg-path', '/tmp/tmpzdzctjdz', '--error-file', '/tmp/tmpcgziv3wt']
[2022-05-19 15:56:59,417] {standard_task_runner.py:77} INFO - Job 134: Subtask dbt_run.model.jaffle_shop.stg_jaffle_shop__orders
[2022-05-19 15:56:59,547] {logging_mixin.py:109} INFO - Running <TaskInstance: model_level_dbt_great_expectations_dag.dbt_run.model.jaffle_shop.stg_jaffle_shop__orders scheduled__2022-05-18T15:55:44.156802+00:00 [running]> on host 34ae02bc0b96
[2022-05-19 15:56:59,668] {taskinstance.py:1429} INFO - Exporting the following env vars:
AIRFLOW_CTX_DAG_OWNER=luciano.naveiro
AIRFLOW_CTX_DAG_ID=model_level_dbt_great_expectations_dag
AIRFLOW_CTX_TASK_ID=dbt_run.model.jaffle_shop.stg_jaffle_shop__orders
AIRFLOW_CTX_EXECUTION_DATE=2022-05-18T15:55:44.156802+00:00
AIRFLOW_CTX_DAG_RUN_ID=scheduled__2022-05-18T15:55:44.156802+00:00
[2022-05-19 15:56:59,673] {subprocess.py:62} INFO - Tmp dir root location: 
 /tmp
[2022-05-19 15:56:59,677] {subprocess.py:74} INFO - Running command: ['bash', '-c', 'dbt --no-write-json run --target dev --models stg_jaffle_shop__orders --profiles-dir /opt/dbt/jaffle_shop --project-dir /opt/dbt/jaffle_shop']
[2022-05-19 15:56:59,752] {subprocess.py:85} INFO - Output:
[2022-05-19 15:57:09,423] {subprocess.py:89} INFO - 15:57:09  Running with dbt=1.1.0
[2022-05-19 15:57:09,514] {subprocess.py:89} INFO - 15:57:09  Unable to do partial parsing because config vars, config profile, or config target have changed
[2022-05-19 15:57:11,788] {subprocess.py:89} INFO - 15:57:11  Found 5 models, 13 tests, 0 snapshots, 0 analyses, 170 macros, 0 operations, 0 seed files, 3 sources, 0 exposures, 0 metrics
[2022-05-19 15:57:11,796] {subprocess.py:89} INFO - 15:57:11
[2022-05-19 15:57:11,979] {subprocess.py:89} INFO - 15:57:11  Concurrency: 1 threads (target='dev')
[2022-05-19 15:57:11,984] {subprocess.py:89} INFO - 15:57:11
[2022-05-19 15:57:12,014] {subprocess.py:89} INFO - 15:57:12  1 of 1 START view model dev.stg_jaffle_shop__orders ............................ [RUN]
[2022-05-19 15:57:12,225] {subprocess.py:89} INFO - 15:57:12  1 of 1 OK created view model dev.stg_jaffle_shop__orders ....................... [[32mCREATE VIEW[0m in 0.20s]
[2022-05-19 15:57:12,330] {subprocess.py:89} INFO - 15:57:12
[2022-05-19 15:57:12,332] {subprocess.py:89} INFO - 15:57:12  Finished running 1 view model in 0.53s.
[2022-05-19 15:57:12,340] {subprocess.py:89} INFO - 15:57:12
[2022-05-19 15:57:12,345] {subprocess.py:89} INFO - 15:57:12  [32mCompleted successfully[0m
[2022-05-19 15:57:12,349] {subprocess.py:89} INFO - 15:57:12
[2022-05-19 15:57:12,354] {subprocess.py:89} INFO - 15:57:12  Done. PASS=1 WARN=0 ERROR=0 SKIP=0 TOTAL=1
[2022-05-19 15:57:13,557] {subprocess.py:93} INFO - Command exited with return code 0
[2022-05-19 15:57:13,648] {taskinstance.py:1280} INFO - Marking task as SUCCESS. dag_id=model_level_dbt_great_expectations_dag, task_id=dbt_run.model.jaffle_shop.stg_jaffle_shop__orders, execution_date=20220518T155544, start_date=20220519T155659, end_date=20220519T155713
[2022-05-19 15:57:13,769] {local_task_job.py:154} INFO - Task exited with return code 0
[2022-05-19 15:57:13,907] {local_task_job.py:264} INFO - 0 downstream tasks scheduled from follow-on schedule check
