[2022-05-15 15:24:06,072] {taskinstance.py:1035} INFO - Dependencies all met for <TaskInstance: models_dbt_dag.dbt_run.model.jaffle_shop.stg_jaffle_shop__orders scheduled__2022-05-14T15:15:58.068711+00:00 [queued]>
[2022-05-15 15:24:06,105] {taskinstance.py:1035} INFO - Dependencies all met for <TaskInstance: models_dbt_dag.dbt_run.model.jaffle_shop.stg_jaffle_shop__orders scheduled__2022-05-14T15:15:58.068711+00:00 [queued]>
[2022-05-15 15:24:06,107] {taskinstance.py:1241} INFO - 
--------------------------------------------------------------------------------
[2022-05-15 15:24:06,108] {taskinstance.py:1242} INFO - Starting attempt 2 of 2
[2022-05-15 15:24:06,109] {taskinstance.py:1243} INFO - 
--------------------------------------------------------------------------------
[2022-05-15 15:24:06,140] {taskinstance.py:1262} INFO - Executing <Task(BashOperator): dbt_run.model.jaffle_shop.stg_jaffle_shop__orders> on 2022-05-14 15:15:58.068711+00:00
[2022-05-15 15:24:06,149] {standard_task_runner.py:52} INFO - Started process 9761 to run task
[2022-05-15 15:24:06,170] {standard_task_runner.py:76} INFO - Running: ['***', 'tasks', 'run', 'models_dbt_dag', 'dbt_run.model.jaffle_shop.stg_jaffle_shop__orders', 'scheduled__2022-05-14T15:15:58.068711+00:00', '--job-id', '162', '--raw', '--subdir', 'DAGS_FOLDER/models_dbt_dag.py', '--cfg-path', '/tmp/tmp6n0zf5ol', '--error-file', '/tmp/tmpzz3a1gtu']
[2022-05-15 15:24:06,173] {standard_task_runner.py:77} INFO - Job 162: Subtask dbt_run.model.jaffle_shop.stg_jaffle_shop__orders
[2022-05-15 15:24:06,324] {logging_mixin.py:109} INFO - Running <TaskInstance: models_dbt_dag.dbt_run.model.jaffle_shop.stg_jaffle_shop__orders scheduled__2022-05-14T15:15:58.068711+00:00 [running]> on host b0833397c3cf
[2022-05-15 15:24:06,457] {taskinstance.py:1429} INFO - Exporting the following env vars:
AIRFLOW_CTX_DAG_OWNER=***
AIRFLOW_CTX_DAG_ID=models_dbt_dag
AIRFLOW_CTX_TASK_ID=dbt_run.model.jaffle_shop.stg_jaffle_shop__orders
AIRFLOW_CTX_EXECUTION_DATE=2022-05-14T15:15:58.068711+00:00
AIRFLOW_CTX_DAG_RUN_ID=scheduled__2022-05-14T15:15:58.068711+00:00
[2022-05-15 15:24:06,459] {subprocess.py:62} INFO - Tmp dir root location: 
 /tmp
[2022-05-15 15:24:06,461] {subprocess.py:74} INFO - Running command: ['bash', '-c', 'dbt --no-write-json run --target dev --models stg_jaffle_shop__orders --profiles-dir /opt/***/dags/jaffle_shop --project-dir /opt/***/dags/jaffle_shop']
[2022-05-15 15:24:06,478] {subprocess.py:85} INFO - Output:
[2022-05-15 15:24:11,389] {subprocess.py:89} INFO - 15:24:11  Running with dbt=1.1.0
[2022-05-15 15:24:12,040] {subprocess.py:89} INFO - 15:24:12  Found 5 models, 13 tests, 0 snapshots, 0 analyses, 170 macros, 0 operations, 0 seed files, 3 sources, 0 exposures, 0 metrics
[2022-05-15 15:24:12,052] {subprocess.py:89} INFO - 15:24:12
[2022-05-15 15:24:12,330] {subprocess.py:89} INFO - 15:24:12  Concurrency: 1 threads (target='dev')
[2022-05-15 15:24:12,333] {subprocess.py:89} INFO - 15:24:12
[2022-05-15 15:24:12,351] {subprocess.py:89} INFO - 15:24:12  1 of 1 START view model dev.stg_jaffle_shop__orders ............................ [RUN]
[2022-05-15 15:24:12,649] {subprocess.py:89} INFO - 15:24:12  1 of 1 OK created view model dev.stg_jaffle_shop__orders ....................... [[32mCREATE VIEW[0m in 0.29s]
[2022-05-15 15:24:12,778] {subprocess.py:89} INFO - 15:24:12
[2022-05-15 15:24:12,780] {subprocess.py:89} INFO - 15:24:12  Finished running 1 view model in 0.72s.
[2022-05-15 15:24:12,787] {subprocess.py:89} INFO - 15:24:12
[2022-05-15 15:24:12,790] {subprocess.py:89} INFO - 15:24:12  [32mCompleted successfully[0m
[2022-05-15 15:24:12,792] {subprocess.py:89} INFO - 15:24:12
[2022-05-15 15:24:12,794] {subprocess.py:89} INFO - 15:24:12  Done. PASS=1 WARN=0 ERROR=0 SKIP=0 TOTAL=1
[2022-05-15 15:24:14,168] {subprocess.py:93} INFO - Command exited with return code 0
[2022-05-15 15:24:14,251] {taskinstance.py:1280} INFO - Marking task as SUCCESS. dag_id=models_dbt_dag, task_id=dbt_run.model.jaffle_shop.stg_jaffle_shop__orders, execution_date=20220514T151558, start_date=20220515T152406, end_date=20220515T152414
[2022-05-15 15:24:14,284] {local_task_job.py:154} INFO - Task exited with return code 0
[2022-05-15 15:24:14,419] {local_task_job.py:264} INFO - 0 downstream tasks scheduled from follow-on schedule check
