[2022-06-04 03:03:26,661] {taskinstance.py:1035} INFO - Dependencies all met for <TaskInstance: project_level_dbt_dag.dbt_run scheduled__2022-05-20T00:46:38.594894+00:00 [queued]>
[2022-06-04 03:03:26,701] {taskinstance.py:1035} INFO - Dependencies all met for <TaskInstance: project_level_dbt_dag.dbt_run scheduled__2022-05-20T00:46:38.594894+00:00 [queued]>
[2022-06-04 03:03:26,702] {taskinstance.py:1241} INFO - 
--------------------------------------------------------------------------------
[2022-06-04 03:03:26,703] {taskinstance.py:1242} INFO - Starting attempt 2 of 4
[2022-06-04 03:03:26,705] {taskinstance.py:1243} INFO - 
--------------------------------------------------------------------------------
[2022-06-04 03:03:26,728] {taskinstance.py:1262} INFO - Executing <Task(BashOperator): dbt_run> on 2022-05-20 00:46:38.594894+00:00
[2022-06-04 03:03:26,734] {standard_task_runner.py:52} INFO - Started process 1316 to run task
[2022-06-04 03:03:26,750] {standard_task_runner.py:76} INFO - Running: ['***', 'tasks', 'run', 'project_level_dbt_dag', 'dbt_run', 'scheduled__2022-05-20T00:46:38.594894+00:00', '--job-id', '207', '--raw', '--subdir', 'DAGS_FOLDER/project_level_dbt_dag.py', '--cfg-path', '/tmp/tmpeabga2gf', '--error-file', '/tmp/tmpp0wqol0s']
[2022-06-04 03:03:26,752] {standard_task_runner.py:77} INFO - Job 207: Subtask dbt_run
[2022-06-04 03:03:26,859] {logging_mixin.py:109} INFO - Running <TaskInstance: project_level_dbt_dag.dbt_run scheduled__2022-05-20T00:46:38.594894+00:00 [running]> on host 3d17a0db806e
[2022-06-04 03:03:26,967] {taskinstance.py:1429} INFO - Exporting the following env vars:
AIRFLOW_CTX_DAG_OWNER=luciano.naveiro
AIRFLOW_CTX_DAG_ID=project_level_dbt_dag
AIRFLOW_CTX_TASK_ID=dbt_run
AIRFLOW_CTX_EXECUTION_DATE=2022-05-20T00:46:38.594894+00:00
AIRFLOW_CTX_DAG_RUN_ID=scheduled__2022-05-20T00:46:38.594894+00:00
[2022-06-04 03:03:26,972] {subprocess.py:62} INFO - Tmp dir root location: 
 /tmp
[2022-06-04 03:03:26,975] {subprocess.py:74} INFO - Running command: ['bash', '-c', '\n        dbt run --profiles-dir /opt/dbt/jaffle_shop --project-dir /opt/dbt/jaffle_shop\n        ']
[2022-06-04 03:03:27,004] {subprocess.py:85} INFO - Output:
[2022-06-04 03:03:32,393] {subprocess.py:89} INFO - 03:03:32  Running with dbt=1.1.0
[2022-06-04 03:03:32,585] {subprocess.py:89} INFO - 03:03:32  Found 5 models, 14 tests, 0 snapshots, 0 analyses, 170 macros, 0 operations, 0 seed files, 3 sources, 0 exposures, 0 metrics
[2022-06-04 03:03:32,594] {subprocess.py:89} INFO - 03:03:32
[2022-06-04 03:03:32,865] {subprocess.py:89} INFO - 03:03:32  Concurrency: 1 threads (target='dev')
[2022-06-04 03:03:32,873] {subprocess.py:89} INFO - 03:03:32
[2022-06-04 03:03:32,927] {subprocess.py:89} INFO - 03:03:32  1 of 5 START view model dev.stg_jaffle_shop__customers ......................... [RUN]
[2022-06-04 03:03:33,200] {subprocess.py:89} INFO - 03:03:33  1 of 5 OK created view model dev.stg_jaffle_shop__customers .................... [[32mCREATE VIEW[0m in 0.27s]
[2022-06-04 03:03:33,210] {subprocess.py:89} INFO - 03:03:33  2 of 5 START view model dev.stg_jaffle_shop__orders ............................ [RUN]
[2022-06-04 03:03:33,457] {subprocess.py:89} INFO - 03:03:33  2 of 5 OK created view model dev.stg_jaffle_shop__orders ....................... [[32mCREATE VIEW[0m in 0.24s]
[2022-06-04 03:03:33,487] {subprocess.py:89} INFO - 03:03:33  3 of 5 START view model dev.stg_stripe__payments ............................... [RUN]
[2022-06-04 03:03:33,746] {subprocess.py:89} INFO - 03:03:33  3 of 5 OK created view model dev.stg_stripe__payments .......................... [[32mCREATE VIEW[0m in 0.25s]
[2022-06-04 03:03:33,768] {subprocess.py:89} INFO - 03:03:33  4 of 5 START view model dev.int_orders ......................................... [RUN]
[2022-06-04 03:03:33,928] {subprocess.py:89} INFO - 03:03:33  4 of 5 OK created view model dev.int_orders .................................... [[32mCREATE VIEW[0m in 0.16s]
[2022-06-04 03:03:33,943] {subprocess.py:89} INFO - 03:03:33  5 of 5 START table model dev.fct_customer_orders ............................... [RUN]
[2022-06-04 03:03:34,243] {subprocess.py:89} INFO - 03:03:34  5 of 5 OK created table model dev.fct_customer_orders .......................... [[32mSELECT 99[0m in 0.28s]
[2022-06-04 03:03:34,379] {subprocess.py:89} INFO - 03:03:34
[2022-06-04 03:03:34,385] {subprocess.py:89} INFO - 03:03:34  Finished running 4 view models, 1 table model in 1.78s.
[2022-06-04 03:03:34,438] {subprocess.py:89} INFO - 03:03:34
[2022-06-04 03:03:34,442] {subprocess.py:89} INFO - 03:03:34  [32mCompleted successfully[0m
[2022-06-04 03:03:34,445] {subprocess.py:89} INFO - 03:03:34
[2022-06-04 03:03:34,449] {subprocess.py:89} INFO - 03:03:34  Done. PASS=5 WARN=0 ERROR=0 SKIP=0 TOTAL=5
[2022-06-04 03:03:35,851] {subprocess.py:93} INFO - Command exited with return code 0
[2022-06-04 03:03:35,882] {taskinstance.py:1280} INFO - Marking task as SUCCESS. dag_id=project_level_dbt_dag, task_id=dbt_run, execution_date=20220520T004638, start_date=20220604T030326, end_date=20220604T030335
[2022-06-04 03:03:35,916] {local_task_job.py:154} INFO - Task exited with return code 0
[2022-06-04 03:03:35,963] {local_task_job.py:264} INFO - 1 downstream tasks scheduled from follow-on schedule check
