[2022-05-15 16:01:15,428] {taskinstance.py:1035} INFO - Dependencies all met for <TaskInstance: model_level_dbt_dag.dbt_run.model.jaffle_shop.fct_customer_orders scheduled__2022-05-14T16:00:47.250021+00:00 [queued]>
[2022-05-15 16:01:15,442] {taskinstance.py:1035} INFO - Dependencies all met for <TaskInstance: model_level_dbt_dag.dbt_run.model.jaffle_shop.fct_customer_orders scheduled__2022-05-14T16:00:47.250021+00:00 [queued]>
[2022-05-15 16:01:15,443] {taskinstance.py:1241} INFO - 
--------------------------------------------------------------------------------
[2022-05-15 16:01:15,444] {taskinstance.py:1242} INFO - Starting attempt 1 of 1
[2022-05-15 16:01:15,445] {taskinstance.py:1243} INFO - 
--------------------------------------------------------------------------------
[2022-05-15 16:01:15,459] {taskinstance.py:1262} INFO - Executing <Task(BashOperator): dbt_run.model.jaffle_shop.fct_customer_orders> on 2022-05-14 16:00:47.250021+00:00
[2022-05-15 16:01:15,464] {standard_task_runner.py:52} INFO - Started process 11807 to run task
[2022-05-15 16:01:15,469] {standard_task_runner.py:76} INFO - Running: ['***', 'tasks', 'run', 'model_level_dbt_dag', 'dbt_run.model.jaffle_shop.fct_customer_orders', 'scheduled__2022-05-14T16:00:47.250021+00:00', '--job-id', '188', '--raw', '--subdir', 'DAGS_FOLDER/model_level_dbt_dag.py', '--cfg-path', '/tmp/tmpdj25zl9f', '--error-file', '/tmp/tmpuv8rh753']
[2022-05-15 16:01:15,470] {standard_task_runner.py:77} INFO - Job 188: Subtask dbt_run.model.jaffle_shop.fct_customer_orders
[2022-05-15 16:01:15,530] {logging_mixin.py:109} INFO - Running <TaskInstance: model_level_dbt_dag.dbt_run.model.jaffle_shop.fct_customer_orders scheduled__2022-05-14T16:00:47.250021+00:00 [running]> on host b0833397c3cf
[2022-05-15 16:01:15,597] {taskinstance.py:1429} INFO - Exporting the following env vars:
AIRFLOW_CTX_DAG_OWNER=***
AIRFLOW_CTX_DAG_ID=model_level_dbt_dag
AIRFLOW_CTX_TASK_ID=dbt_run.model.jaffle_shop.fct_customer_orders
AIRFLOW_CTX_EXECUTION_DATE=2022-05-14T16:00:47.250021+00:00
AIRFLOW_CTX_DAG_RUN_ID=scheduled__2022-05-14T16:00:47.250021+00:00
[2022-05-15 16:01:15,599] {subprocess.py:62} INFO - Tmp dir root location: 
 /tmp
[2022-05-15 16:01:15,601] {subprocess.py:74} INFO - Running command: ['bash', '-c', 'dbt --no-write-json run --target dev --models fct_customer_orders --profiles-dir /opt/***/dags/jaffle_shop --project-dir /opt/***/dags/jaffle_shop']
[2022-05-15 16:01:15,615] {subprocess.py:85} INFO - Output:
[2022-05-15 16:01:19,622] {subprocess.py:89} INFO - 16:01:19  Running with dbt=1.1.0
[2022-05-15 16:01:19,697] {subprocess.py:89} INFO - 16:01:19  Unable to do partial parsing because config vars, config profile, or config target have changed
[2022-05-15 16:01:21,173] {subprocess.py:89} INFO - 16:01:21  Found 5 models, 13 tests, 0 snapshots, 0 analyses, 170 macros, 0 operations, 0 seed files, 3 sources, 0 exposures, 0 metrics
[2022-05-15 16:01:21,179] {subprocess.py:89} INFO - 16:01:21
[2022-05-15 16:01:21,322] {subprocess.py:89} INFO - 16:01:21  Concurrency: 1 threads (target='dev')
[2022-05-15 16:01:21,323] {subprocess.py:89} INFO - 16:01:21
[2022-05-15 16:01:21,333] {subprocess.py:89} INFO - 16:01:21  1 of 1 START table model dev.fct_customer_orders ............................... [RUN]
[2022-05-15 16:01:21,516] {subprocess.py:89} INFO - 16:01:21  1 of 1 OK created table model dev.fct_customer_orders .......................... [[32mSELECT 99[0m in 0.18s]
[2022-05-15 16:01:21,551] {subprocess.py:89} INFO - 16:01:21
[2022-05-15 16:01:21,552] {subprocess.py:89} INFO - 16:01:21  Finished running 1 table model in 0.37s.
[2022-05-15 16:01:21,556] {subprocess.py:89} INFO - 16:01:21
[2022-05-15 16:01:21,558] {subprocess.py:89} INFO - 16:01:21  [32mCompleted successfully[0m
[2022-05-15 16:01:21,560] {subprocess.py:89} INFO - 16:01:21
[2022-05-15 16:01:21,561] {subprocess.py:89} INFO - 16:01:21  Done. PASS=1 WARN=0 ERROR=0 SKIP=0 TOTAL=1
[2022-05-15 16:01:22,633] {subprocess.py:93} INFO - Command exited with return code 0
[2022-05-15 16:01:22,666] {taskinstance.py:1280} INFO - Marking task as SUCCESS. dag_id=model_level_dbt_dag, task_id=dbt_run.model.jaffle_shop.fct_customer_orders, execution_date=20220514T160047, start_date=20220515T160115, end_date=20220515T160122
[2022-05-15 16:01:22,701] {local_task_job.py:154} INFO - Task exited with return code 0
[2022-05-15 16:01:22,760] {local_task_job.py:264} INFO - 13 downstream tasks scheduled from follow-on schedule check
