[2022-05-15 22:13:48,736] {taskinstance.py:1035} INFO - Dependencies all met for <TaskInstance: model_level_dbt_dag.dbt_run.model.jaffle_shop.fct_customer_orders scheduled__2022-05-14T16:00:47.250021+00:00 [queued]>
[2022-05-15 22:13:48,757] {taskinstance.py:1035} INFO - Dependencies all met for <TaskInstance: model_level_dbt_dag.dbt_run.model.jaffle_shop.fct_customer_orders scheduled__2022-05-14T16:00:47.250021+00:00 [queued]>
[2022-05-15 22:13:48,758] {taskinstance.py:1241} INFO - 
--------------------------------------------------------------------------------
[2022-05-15 22:13:48,758] {taskinstance.py:1242} INFO - Starting attempt 5 of 5
[2022-05-15 22:13:48,759] {taskinstance.py:1243} INFO - 
--------------------------------------------------------------------------------
[2022-05-15 22:13:48,773] {taskinstance.py:1262} INFO - Executing <Task(BashOperator): dbt_run.model.jaffle_shop.fct_customer_orders> on 2022-05-14 16:00:47.250021+00:00
[2022-05-15 22:13:48,778] {standard_task_runner.py:52} INFO - Started process 1586 to run task
[2022-05-15 22:13:48,783] {standard_task_runner.py:76} INFO - Running: ['***', 'tasks', 'run', 'model_level_dbt_dag', 'dbt_run.model.jaffle_shop.fct_customer_orders', 'scheduled__2022-05-14T16:00:47.250021+00:00', '--job-id', '308', '--raw', '--subdir', 'DAGS_FOLDER/model_level_dbt_dag.py', '--cfg-path', '/tmp/tmpthcu_jh7', '--error-file', '/tmp/tmpzxtox5m4']
[2022-05-15 22:13:48,784] {standard_task_runner.py:77} INFO - Job 308: Subtask dbt_run.model.jaffle_shop.fct_customer_orders
[2022-05-15 22:13:48,832] {logging_mixin.py:109} INFO - Running <TaskInstance: model_level_dbt_dag.dbt_run.model.jaffle_shop.fct_customer_orders scheduled__2022-05-14T16:00:47.250021+00:00 [running]> on host 9922a9d65d01
[2022-05-15 22:13:48,880] {taskinstance.py:1429} INFO - Exporting the following env vars:
AIRFLOW_CTX_DAG_OWNER=***
AIRFLOW_CTX_DAG_ID=model_level_dbt_dag
AIRFLOW_CTX_TASK_ID=dbt_run.model.jaffle_shop.fct_customer_orders
AIRFLOW_CTX_EXECUTION_DATE=2022-05-14T16:00:47.250021+00:00
AIRFLOW_CTX_DAG_RUN_ID=scheduled__2022-05-14T16:00:47.250021+00:00
[2022-05-15 22:13:48,881] {subprocess.py:62} INFO - Tmp dir root location: 
 /tmp
[2022-05-15 22:13:48,883] {subprocess.py:74} INFO - Running command: ['bash', '-c', 'dbt --no-write-json run --target dev --models fct_customer_orders --profiles-dir /opt/***/dags/jaffle_shop --project-dir /opt/***/dags/jaffle_shop']
[2022-05-15 22:13:48,893] {subprocess.py:85} INFO - Output:
[2022-05-15 22:13:51,700] {subprocess.py:89} INFO - 22:13:51  Running with dbt=1.1.0
[2022-05-15 22:13:51,824] {subprocess.py:89} INFO - 22:13:51  Found 5 models, 13 tests, 0 snapshots, 0 analyses, 170 macros, 0 operations, 0 seed files, 3 sources, 0 exposures, 0 metrics
[2022-05-15 22:13:51,829] {subprocess.py:89} INFO - 22:13:51
[2022-05-15 22:13:51,962] {subprocess.py:89} INFO - 22:13:51  Concurrency: 1 threads (target='dev')
[2022-05-15 22:13:51,965] {subprocess.py:89} INFO - 22:13:51
[2022-05-15 22:13:51,979] {subprocess.py:89} INFO - 22:13:51  1 of 1 START table model dev.fct_customer_orders ............................... [RUN]
[2022-05-15 22:13:52,110] {subprocess.py:89} INFO - 22:13:52  1 of 1 OK created table model dev.fct_customer_orders .......................... [[32mSELECT 99[0m in 0.13s]
[2022-05-15 22:13:52,195] {subprocess.py:89} INFO - 22:13:52
[2022-05-15 22:13:52,197] {subprocess.py:89} INFO - 22:13:52  Finished running 1 table model in 0.36s.
[2022-05-15 22:13:52,201] {subprocess.py:89} INFO - 22:13:52
[2022-05-15 22:13:52,204] {subprocess.py:89} INFO - 22:13:52  [32mCompleted successfully[0m
[2022-05-15 22:13:52,205] {subprocess.py:89} INFO - 22:13:52
[2022-05-15 22:13:52,207] {subprocess.py:89} INFO - 22:13:52  Done. PASS=1 WARN=0 ERROR=0 SKIP=0 TOTAL=1
[2022-05-15 22:13:53,249] {subprocess.py:93} INFO - Command exited with return code 0
[2022-05-15 22:13:53,275] {taskinstance.py:1280} INFO - Marking task as SUCCESS. dag_id=model_level_dbt_dag, task_id=dbt_run.model.jaffle_shop.fct_customer_orders, execution_date=20220514T160047, start_date=20220515T221348, end_date=20220515T221353
[2022-05-15 22:13:53,305] {local_task_job.py:154} INFO - Task exited with return code 0
[2022-05-15 22:13:53,345] {local_task_job.py:264} INFO - 0 downstream tasks scheduled from follow-on schedule check
