[2022-05-15 22:20:38,639] {taskinstance.py:1035} INFO - Dependencies all met for <TaskInstance: model_level_dbt_dag.dbt_run.model.jaffle_shop.fct_customer_orders scheduled__2022-05-14T16:00:47.250021+00:00 [queued]>
[2022-05-15 22:20:38,656] {taskinstance.py:1035} INFO - Dependencies all met for <TaskInstance: model_level_dbt_dag.dbt_run.model.jaffle_shop.fct_customer_orders scheduled__2022-05-14T16:00:47.250021+00:00 [queued]>
[2022-05-15 22:20:38,656] {taskinstance.py:1241} INFO - 
--------------------------------------------------------------------------------
[2022-05-15 22:20:38,657] {taskinstance.py:1242} INFO - Starting attempt 6 of 6
[2022-05-15 22:20:38,658] {taskinstance.py:1243} INFO - 
--------------------------------------------------------------------------------
[2022-05-15 22:20:38,675] {taskinstance.py:1262} INFO - Executing <Task(BashOperator): dbt_run.model.jaffle_shop.fct_customer_orders> on 2022-05-14 16:00:47.250021+00:00
[2022-05-15 22:20:38,680] {standard_task_runner.py:52} INFO - Started process 2132 to run task
[2022-05-15 22:20:38,685] {standard_task_runner.py:76} INFO - Running: ['***', 'tasks', 'run', 'model_level_dbt_dag', 'dbt_run.model.jaffle_shop.fct_customer_orders', 'scheduled__2022-05-14T16:00:47.250021+00:00', '--job-id', '327', '--raw', '--subdir', 'DAGS_FOLDER/model_level_dbt_dag.py', '--cfg-path', '/tmp/tmp_ylarve8', '--error-file', '/tmp/tmp6upzf6ct']
[2022-05-15 22:20:38,686] {standard_task_runner.py:77} INFO - Job 327: Subtask dbt_run.model.jaffle_shop.fct_customer_orders
[2022-05-15 22:20:38,740] {logging_mixin.py:109} INFO - Running <TaskInstance: model_level_dbt_dag.dbt_run.model.jaffle_shop.fct_customer_orders scheduled__2022-05-14T16:00:47.250021+00:00 [running]> on host 9922a9d65d01
[2022-05-15 22:20:38,797] {taskinstance.py:1429} INFO - Exporting the following env vars:
AIRFLOW_CTX_DAG_OWNER=***
AIRFLOW_CTX_DAG_ID=model_level_dbt_dag
AIRFLOW_CTX_TASK_ID=dbt_run.model.jaffle_shop.fct_customer_orders
AIRFLOW_CTX_EXECUTION_DATE=2022-05-14T16:00:47.250021+00:00
AIRFLOW_CTX_DAG_RUN_ID=scheduled__2022-05-14T16:00:47.250021+00:00
[2022-05-15 22:20:38,800] {subprocess.py:62} INFO - Tmp dir root location: 
 /tmp
[2022-05-15 22:20:38,801] {subprocess.py:74} INFO - Running command: ['bash', '-c', 'dbt --no-write-json run --target dev --models fct_customer_orders --profiles-dir /opt/***/dags/jaffle_shop --project-dir /opt/***/dags/jaffle_shop']
[2022-05-15 22:20:38,814] {subprocess.py:85} INFO - Output:
[2022-05-15 22:20:42,106] {subprocess.py:89} INFO - 22:20:42  Running with dbt=1.1.0
[2022-05-15 22:20:42,187] {subprocess.py:89} INFO - 22:20:42  Found 6 models, 13 tests, 0 snapshots, 0 analyses, 170 macros, 0 operations, 0 seed files, 3 sources, 0 exposures, 0 metrics
[2022-05-15 22:20:42,192] {subprocess.py:89} INFO - 22:20:42
[2022-05-15 22:20:42,306] {subprocess.py:89} INFO - 22:20:42  Concurrency: 1 threads (target='dev')
[2022-05-15 22:20:42,307] {subprocess.py:89} INFO - 22:20:42
[2022-05-15 22:20:42,318] {subprocess.py:89} INFO - 22:20:42  1 of 1 START table model dev.fct_customer_orders ............................... [RUN]
[2022-05-15 22:20:42,496] {subprocess.py:89} INFO - 22:20:42  1 of 1 OK created table model dev.fct_customer_orders .......................... [[32mSELECT 99[0m in 0.17s]
[2022-05-15 22:20:42,551] {subprocess.py:89} INFO - 22:20:42
[2022-05-15 22:20:42,554] {subprocess.py:89} INFO - 22:20:42  Finished running 1 table model in 0.35s.
[2022-05-15 22:20:42,559] {subprocess.py:89} INFO - 22:20:42
[2022-05-15 22:20:42,561] {subprocess.py:89} INFO - 22:20:42  [32mCompleted successfully[0m
[2022-05-15 22:20:42,563] {subprocess.py:89} INFO - 22:20:42
[2022-05-15 22:20:42,565] {subprocess.py:89} INFO - 22:20:42  Done. PASS=1 WARN=0 ERROR=0 SKIP=0 TOTAL=1
[2022-05-15 22:20:43,622] {subprocess.py:93} INFO - Command exited with return code 0
[2022-05-15 22:20:43,653] {taskinstance.py:1280} INFO - Marking task as SUCCESS. dag_id=model_level_dbt_dag, task_id=dbt_run.model.jaffle_shop.fct_customer_orders, execution_date=20220514T160047, start_date=20220515T222038, end_date=20220515T222043
[2022-05-15 22:20:43,694] {local_task_job.py:154} INFO - Task exited with return code 0
[2022-05-15 22:20:43,748] {local_task_job.py:264} INFO - 1 downstream tasks scheduled from follow-on schedule check
