[2022-05-15 22:22:15,499] {taskinstance.py:1035} INFO - Dependencies all met for <TaskInstance: model_level_dbt_dag.dbt_run.model.jaffle_shop.fct_customer_orders scheduled__2022-05-14T16:00:47.250021+00:00 [queued]>
[2022-05-15 22:22:15,514] {taskinstance.py:1035} INFO - Dependencies all met for <TaskInstance: model_level_dbt_dag.dbt_run.model.jaffle_shop.fct_customer_orders scheduled__2022-05-14T16:00:47.250021+00:00 [queued]>
[2022-05-15 22:22:15,515] {taskinstance.py:1241} INFO - 
--------------------------------------------------------------------------------
[2022-05-15 22:22:15,516] {taskinstance.py:1242} INFO - Starting attempt 7 of 7
[2022-05-15 22:22:15,517] {taskinstance.py:1243} INFO - 
--------------------------------------------------------------------------------
[2022-05-15 22:22:15,534] {taskinstance.py:1262} INFO - Executing <Task(BashOperator): dbt_run.model.jaffle_shop.fct_customer_orders> on 2022-05-14 16:00:47.250021+00:00
[2022-05-15 22:22:15,539] {standard_task_runner.py:52} INFO - Started process 2442 to run task
[2022-05-15 22:22:15,545] {standard_task_runner.py:76} INFO - Running: ['***', 'tasks', 'run', 'model_level_dbt_dag', 'dbt_run.model.jaffle_shop.fct_customer_orders', 'scheduled__2022-05-14T16:00:47.250021+00:00', '--job-id', '349', '--raw', '--subdir', 'DAGS_FOLDER/model_level_dbt_dag.py', '--cfg-path', '/tmp/tmp1vj8o0i5', '--error-file', '/tmp/tmpw_6mv3iu']
[2022-05-15 22:22:15,547] {standard_task_runner.py:77} INFO - Job 349: Subtask dbt_run.model.jaffle_shop.fct_customer_orders
[2022-05-15 22:22:15,610] {logging_mixin.py:109} INFO - Running <TaskInstance: model_level_dbt_dag.dbt_run.model.jaffle_shop.fct_customer_orders scheduled__2022-05-14T16:00:47.250021+00:00 [running]> on host 9922a9d65d01
[2022-05-15 22:22:15,666] {taskinstance.py:1429} INFO - Exporting the following env vars:
AIRFLOW_CTX_DAG_OWNER=***
AIRFLOW_CTX_DAG_ID=model_level_dbt_dag
AIRFLOW_CTX_TASK_ID=dbt_run.model.jaffle_shop.fct_customer_orders
AIRFLOW_CTX_EXECUTION_DATE=2022-05-14T16:00:47.250021+00:00
AIRFLOW_CTX_DAG_RUN_ID=scheduled__2022-05-14T16:00:47.250021+00:00
[2022-05-15 22:22:15,668] {subprocess.py:62} INFO - Tmp dir root location: 
 /tmp
[2022-05-15 22:22:15,670] {subprocess.py:74} INFO - Running command: ['bash', '-c', 'dbt --no-write-json run --target dev --models fct_customer_orders --profiles-dir /opt/***/dags/jaffle_shop --project-dir /opt/***/dags/jaffle_shop']
[2022-05-15 22:22:15,683] {subprocess.py:85} INFO - Output:
[2022-05-15 22:22:19,396] {subprocess.py:89} INFO - 22:22:19  Running with dbt=1.1.0
[2022-05-15 22:22:19,532] {subprocess.py:89} INFO - 22:22:19  Found 6 models, 13 tests, 0 snapshots, 0 analyses, 170 macros, 0 operations, 0 seed files, 3 sources, 0 exposures, 0 metrics
[2022-05-15 22:22:19,541] {subprocess.py:89} INFO - 22:22:19
[2022-05-15 22:22:19,826] {subprocess.py:89} INFO - 22:22:19  Concurrency: 1 threads (target='dev')
[2022-05-15 22:22:19,827] {subprocess.py:89} INFO - 22:22:19
[2022-05-15 22:22:19,839] {subprocess.py:89} INFO - 22:22:19  1 of 1 START table model dev.fct_customer_orders ............................... [RUN]
[2022-05-15 22:22:20,085] {subprocess.py:89} INFO - 22:22:20  1 of 1 OK created table model dev.fct_customer_orders .......................... [[32mSELECT 99[0m in 0.24s]
[2022-05-15 22:22:20,161] {subprocess.py:89} INFO - 22:22:20
[2022-05-15 22:22:20,163] {subprocess.py:89} INFO - 22:22:20  Finished running 1 table model in 0.62s.
[2022-05-15 22:22:20,170] {subprocess.py:89} INFO - 22:22:20
[2022-05-15 22:22:20,172] {subprocess.py:89} INFO - 22:22:20  [32mCompleted successfully[0m
[2022-05-15 22:22:20,173] {subprocess.py:89} INFO - 22:22:20
[2022-05-15 22:22:20,175] {subprocess.py:89} INFO - 22:22:20  Done. PASS=1 WARN=0 ERROR=0 SKIP=0 TOTAL=1
[2022-05-15 22:22:21,218] {subprocess.py:93} INFO - Command exited with return code 0
[2022-05-15 22:22:21,249] {taskinstance.py:1280} INFO - Marking task as SUCCESS. dag_id=model_level_dbt_dag, task_id=dbt_run.model.jaffle_shop.fct_customer_orders, execution_date=20220514T160047, start_date=20220515T222215, end_date=20220515T222221
[2022-05-15 22:22:21,281] {local_task_job.py:154} INFO - Task exited with return code 0
[2022-05-15 22:22:21,335] {local_task_job.py:264} INFO - 0 downstream tasks scheduled from follow-on schedule check
