[2022-05-15 22:24:02,137] {taskinstance.py:1035} INFO - Dependencies all met for <TaskInstance: model_level_dbt_dag.dbt_run.model.jaffle_shop.fct_customer_orders scheduled__2022-05-14T16:00:47.250021+00:00 [queued]>
[2022-05-15 22:24:02,151] {taskinstance.py:1035} INFO - Dependencies all met for <TaskInstance: model_level_dbt_dag.dbt_run.model.jaffle_shop.fct_customer_orders scheduled__2022-05-14T16:00:47.250021+00:00 [queued]>
[2022-05-15 22:24:02,152] {taskinstance.py:1241} INFO - 
--------------------------------------------------------------------------------
[2022-05-15 22:24:02,152] {taskinstance.py:1242} INFO - Starting attempt 8 of 8
[2022-05-15 22:24:02,153] {taskinstance.py:1243} INFO - 
--------------------------------------------------------------------------------
[2022-05-15 22:24:02,166] {taskinstance.py:1262} INFO - Executing <Task(BashOperator): dbt_run.model.jaffle_shop.fct_customer_orders> on 2022-05-14 16:00:47.250021+00:00
[2022-05-15 22:24:02,171] {standard_task_runner.py:52} INFO - Started process 2784 to run task
[2022-05-15 22:24:02,177] {standard_task_runner.py:76} INFO - Running: ['***', 'tasks', 'run', 'model_level_dbt_dag', 'dbt_run.model.jaffle_shop.fct_customer_orders', 'scheduled__2022-05-14T16:00:47.250021+00:00', '--job-id', '370', '--raw', '--subdir', 'DAGS_FOLDER/model_level_dbt_dag.py', '--cfg-path', '/tmp/tmpn7f13d84', '--error-file', '/tmp/tmpv69en50u']
[2022-05-15 22:24:02,179] {standard_task_runner.py:77} INFO - Job 370: Subtask dbt_run.model.jaffle_shop.fct_customer_orders
[2022-05-15 22:24:02,232] {logging_mixin.py:109} INFO - Running <TaskInstance: model_level_dbt_dag.dbt_run.model.jaffle_shop.fct_customer_orders scheduled__2022-05-14T16:00:47.250021+00:00 [running]> on host 9922a9d65d01
[2022-05-15 22:24:02,285] {taskinstance.py:1429} INFO - Exporting the following env vars:
AIRFLOW_CTX_DAG_OWNER=***
AIRFLOW_CTX_DAG_ID=model_level_dbt_dag
AIRFLOW_CTX_TASK_ID=dbt_run.model.jaffle_shop.fct_customer_orders
AIRFLOW_CTX_EXECUTION_DATE=2022-05-14T16:00:47.250021+00:00
AIRFLOW_CTX_DAG_RUN_ID=scheduled__2022-05-14T16:00:47.250021+00:00
[2022-05-15 22:24:02,288] {subprocess.py:62} INFO - Tmp dir root location: 
 /tmp
[2022-05-15 22:24:02,290] {subprocess.py:74} INFO - Running command: ['bash', '-c', 'dbt --no-write-json run --target dev --models fct_customer_orders --profiles-dir /opt/***/dags/jaffle_shop --project-dir /opt/***/dags/jaffle_shop']
[2022-05-15 22:24:02,304] {subprocess.py:85} INFO - Output:
[2022-05-15 22:24:05,569] {subprocess.py:89} INFO - 22:24:05  Running with dbt=1.1.0
[2022-05-15 22:24:05,663] {subprocess.py:89} INFO - 22:24:05  Found 5 models, 13 tests, 0 snapshots, 0 analyses, 170 macros, 0 operations, 0 seed files, 3 sources, 0 exposures, 0 metrics
[2022-05-15 22:24:05,668] {subprocess.py:89} INFO - 22:24:05
[2022-05-15 22:24:05,802] {subprocess.py:89} INFO - 22:24:05  Concurrency: 1 threads (target='dev')
[2022-05-15 22:24:05,804] {subprocess.py:89} INFO - 22:24:05
[2022-05-15 22:24:05,816] {subprocess.py:89} INFO - 22:24:05  1 of 1 START table model dev.fct_customer_orders ............................... [RUN]
[2022-05-15 22:24:06,001] {subprocess.py:89} INFO - 22:24:06  1 of 1 OK created table model dev.fct_customer_orders .......................... [[32mSELECT 99[0m in 0.18s]
[2022-05-15 22:24:06,068] {subprocess.py:89} INFO - 22:24:06
[2022-05-15 22:24:06,070] {subprocess.py:89} INFO - 22:24:06  Finished running 1 table model in 0.40s.
[2022-05-15 22:24:06,076] {subprocess.py:89} INFO - 22:24:06
[2022-05-15 22:24:06,079] {subprocess.py:89} INFO - 22:24:06  [32mCompleted successfully[0m
[2022-05-15 22:24:06,081] {subprocess.py:89} INFO - 22:24:06
[2022-05-15 22:24:06,083] {subprocess.py:89} INFO - 22:24:06  Done. PASS=1 WARN=0 ERROR=0 SKIP=0 TOTAL=1
[2022-05-15 22:24:07,149] {subprocess.py:93} INFO - Command exited with return code 0
[2022-05-15 22:24:07,176] {taskinstance.py:1280} INFO - Marking task as SUCCESS. dag_id=model_level_dbt_dag, task_id=dbt_run.model.jaffle_shop.fct_customer_orders, execution_date=20220514T160047, start_date=20220515T222402, end_date=20220515T222407
[2022-05-15 22:24:07,203] {local_task_job.py:154} INFO - Task exited with return code 0
[2022-05-15 22:24:07,245] {local_task_job.py:264} INFO - 0 downstream tasks scheduled from follow-on schedule check
