[2022-05-15 23:15:20,055] {taskinstance.py:1035} INFO - Dependencies all met for <TaskInstance: model_level_dbt_dag.dbt_run.model.jaffle_shop.fct_customer_orders scheduled__2022-05-14T16:00:47.250021+00:00 [queued]>
[2022-05-15 23:15:20,071] {taskinstance.py:1035} INFO - Dependencies all met for <TaskInstance: model_level_dbt_dag.dbt_run.model.jaffle_shop.fct_customer_orders scheduled__2022-05-14T16:00:47.250021+00:00 [queued]>
[2022-05-15 23:15:20,072] {taskinstance.py:1241} INFO - 
--------------------------------------------------------------------------------
[2022-05-15 23:15:20,073] {taskinstance.py:1242} INFO - Starting attempt 9 of 9
[2022-05-15 23:15:20,073] {taskinstance.py:1243} INFO - 
--------------------------------------------------------------------------------
[2022-05-15 23:15:20,091] {taskinstance.py:1262} INFO - Executing <Task(BashOperator): dbt_run.model.jaffle_shop.fct_customer_orders> on 2022-05-14 16:00:47.250021+00:00
[2022-05-15 23:15:20,097] {standard_task_runner.py:52} INFO - Started process 200 to run task
[2022-05-15 23:15:20,102] {standard_task_runner.py:76} INFO - Running: ['***', 'tasks', 'run', 'model_level_dbt_dag', 'dbt_run.model.jaffle_shop.fct_customer_orders', 'scheduled__2022-05-14T16:00:47.250021+00:00', '--job-id', '393', '--raw', '--subdir', 'DAGS_FOLDER/model_level_dbt_dag.py', '--cfg-path', '/tmp/tmpart40f30', '--error-file', '/tmp/tmpep3s9sop']
[2022-05-15 23:15:20,104] {standard_task_runner.py:77} INFO - Job 393: Subtask dbt_run.model.jaffle_shop.fct_customer_orders
[2022-05-15 23:15:20,164] {logging_mixin.py:109} INFO - Running <TaskInstance: model_level_dbt_dag.dbt_run.model.jaffle_shop.fct_customer_orders scheduled__2022-05-14T16:00:47.250021+00:00 [running]> on host 55e332c363f9
[2022-05-15 23:15:20,231] {taskinstance.py:1429} INFO - Exporting the following env vars:
AIRFLOW_CTX_DAG_OWNER=***
AIRFLOW_CTX_DAG_ID=model_level_dbt_dag
AIRFLOW_CTX_TASK_ID=dbt_run.model.jaffle_shop.fct_customer_orders
AIRFLOW_CTX_EXECUTION_DATE=2022-05-14T16:00:47.250021+00:00
AIRFLOW_CTX_DAG_RUN_ID=scheduled__2022-05-14T16:00:47.250021+00:00
[2022-05-15 23:15:20,233] {subprocess.py:62} INFO - Tmp dir root location: 
 /tmp
[2022-05-15 23:15:20,235] {subprocess.py:74} INFO - Running command: ['bash', '-c', 'dbt --no-write-json run --target dev --models fct_customer_orders --profiles-dir /opt/dbt/jaffle_shop --project-dir /opt/dbt/jaffle_shop']
[2022-05-15 23:15:20,247] {subprocess.py:85} INFO - Output:
[2022-05-15 23:15:23,654] {subprocess.py:89} INFO - 23:15:23  Running with dbt=1.1.0
[2022-05-15 23:15:23,799] {subprocess.py:89} INFO - 23:15:23  Found 5 models, 13 tests, 0 snapshots, 0 analyses, 170 macros, 0 operations, 0 seed files, 3 sources, 0 exposures, 0 metrics
[2022-05-15 23:15:23,804] {subprocess.py:89} INFO - 23:15:23
[2022-05-15 23:15:23,930] {subprocess.py:89} INFO - 23:15:23  Concurrency: 1 threads (target='dev')
[2022-05-15 23:15:23,932] {subprocess.py:89} INFO - 23:15:23
[2022-05-15 23:15:23,943] {subprocess.py:89} INFO - 23:15:23  1 of 1 START table model dev.fct_customer_orders ............................... [RUN]
[2022-05-15 23:15:24,080] {subprocess.py:89} INFO - 23:15:24  1 of 1 OK created table model dev.fct_customer_orders .......................... [[32mSELECT 99[0m in 0.13s]
[2022-05-15 23:15:24,162] {subprocess.py:89} INFO - 23:15:24
[2022-05-15 23:15:24,165] {subprocess.py:89} INFO - 23:15:24  Finished running 1 table model in 0.36s.
[2022-05-15 23:15:24,169] {subprocess.py:89} INFO - 23:15:24
[2022-05-15 23:15:24,171] {subprocess.py:89} INFO - 23:15:24  [32mCompleted successfully[0m
[2022-05-15 23:15:24,173] {subprocess.py:89} INFO - 23:15:24
[2022-05-15 23:15:24,175] {subprocess.py:89} INFO - 23:15:24  Done. PASS=1 WARN=0 ERROR=0 SKIP=0 TOTAL=1
[2022-05-15 23:15:25,259] {subprocess.py:93} INFO - Command exited with return code 0
[2022-05-15 23:15:25,313] {taskinstance.py:1280} INFO - Marking task as SUCCESS. dag_id=model_level_dbt_dag, task_id=dbt_run.model.jaffle_shop.fct_customer_orders, execution_date=20220514T160047, start_date=20220515T231520, end_date=20220515T231525
[2022-05-15 23:15:25,354] {local_task_job.py:154} INFO - Task exited with return code 0
[2022-05-15 23:15:25,412] {local_task_job.py:264} INFO - 1 downstream tasks scheduled from follow-on schedule check
