[2022-05-15 03:39:25,026] {taskinstance.py:1035} INFO - Dependencies all met for <TaskInstance: simple_dag.dbt_run scheduled__2022-05-14T03:38:59.887034+00:00 [queued]>
[2022-05-15 03:39:25,041] {taskinstance.py:1035} INFO - Dependencies all met for <TaskInstance: simple_dag.dbt_run scheduled__2022-05-14T03:38:59.887034+00:00 [queued]>
[2022-05-15 03:39:25,042] {taskinstance.py:1241} INFO - 
--------------------------------------------------------------------------------
[2022-05-15 03:39:25,043] {taskinstance.py:1242} INFO - Starting attempt 1 of 1
[2022-05-15 03:39:25,044] {taskinstance.py:1243} INFO - 
--------------------------------------------------------------------------------
[2022-05-15 03:39:25,058] {taskinstance.py:1262} INFO - Executing <Task(BashOperator): dbt_run> on 2022-05-14 03:38:59.887034+00:00
[2022-05-15 03:39:25,063] {standard_task_runner.py:52} INFO - Started process 5783 to run task
[2022-05-15 03:39:25,068] {standard_task_runner.py:76} INFO - Running: ['***', 'tasks', 'run', 'simple_dag', 'dbt_run', 'scheduled__2022-05-14T03:38:59.887034+00:00', '--job-id', '110', '--raw', '--subdir', 'DAGS_FOLDER/simple_dbt_dag.py', '--cfg-path', '/tmp/tmpv6i0go8d', '--error-file', '/tmp/tmpo2k_uzry']
[2022-05-15 03:39:25,069] {standard_task_runner.py:77} INFO - Job 110: Subtask dbt_run
[2022-05-15 03:39:25,123] {logging_mixin.py:109} INFO - Running <TaskInstance: simple_dag.dbt_run scheduled__2022-05-14T03:38:59.887034+00:00 [running]> on host b0833397c3cf
[2022-05-15 03:39:25,191] {taskinstance.py:1429} INFO - Exporting the following env vars:
AIRFLOW_CTX_DAG_OWNER=***
AIRFLOW_CTX_DAG_ID=simple_dag
AIRFLOW_CTX_TASK_ID=dbt_run
AIRFLOW_CTX_EXECUTION_DATE=2022-05-14T03:38:59.887034+00:00
AIRFLOW_CTX_DAG_RUN_ID=scheduled__2022-05-14T03:38:59.887034+00:00
[2022-05-15 03:39:25,193] {subprocess.py:62} INFO - Tmp dir root location: 
 /tmp
[2022-05-15 03:39:25,194] {subprocess.py:74} INFO - Running command: ['bash', '-c', '\n        cd /opt/***/dags/jaffle_shop\n        dbt run --profiles-dir .\n        ']
[2022-05-15 03:39:25,207] {subprocess.py:85} INFO - Output:
[2022-05-15 03:39:28,832] {subprocess.py:89} INFO - 03:39:28  Running with dbt=1.1.0
[2022-05-15 03:39:28,923] {subprocess.py:89} INFO - 03:39:28  Unable to do partial parsing because config vars, config profile, or config target have changed
[2022-05-15 03:39:30,262] {subprocess.py:89} INFO - 03:39:30  [[33mWARNING[0m]: Did not find matching node for patch with name 'stg_customers' in the 'models' section of file 'models/staging/jaffle_shop/stg_jaffle_shop.yml'
[2022-05-15 03:39:30,269] {subprocess.py:89} INFO - 03:39:30  [[33mWARNING[0m]: Did not find matching node for patch with name 'stg_orders' in the 'models' section of file 'models/staging/jaffle_shop/stg_jaffle_shop.yml'
[2022-05-15 03:39:30,381] {subprocess.py:89} INFO - 03:39:30  [[33mWARNING[0m]: Test 'test.jaffle_shop.assert_positive_total_for_payments' (tests/assert_positive_total_for_payments.sql) depends on a node named 'stg_payments' which was not found
[2022-05-15 03:39:30,382] {subprocess.py:89} INFO - 03:39:30  [[33mWARNING[0m]: Test 'test.jaffle_shop.unique_stg_customers_customer_id.c7614daada' (models/staging/jaffle_shop/stg_jaffle_shop.yml) depends on a node named 'stg_customers' which was not found
[2022-05-15 03:39:30,384] {subprocess.py:89} INFO - 03:39:30  [[33mWARNING[0m]: Test 'test.jaffle_shop.not_null_stg_customers_customer_id.e2cfb1f9aa' (models/staging/jaffle_shop/stg_jaffle_shop.yml) depends on a node named 'stg_customers' which was not found
[2022-05-15 03:39:30,386] {subprocess.py:89} INFO - 03:39:30  [[33mWARNING[0m]: Test 'test.jaffle_shop.unique_stg_orders_order_id.e3b841c71a' (models/staging/jaffle_shop/stg_jaffle_shop.yml) depends on a node named 'stg_orders' which was not found
[2022-05-15 03:39:30,388] {subprocess.py:89} INFO - 03:39:30  [[33mWARNING[0m]: Test 'test.jaffle_shop.not_null_stg_orders_order_id.81cfe2fe64' (models/staging/jaffle_shop/stg_jaffle_shop.yml) depends on a node named 'stg_orders' which was not found
[2022-05-15 03:39:30,389] {subprocess.py:89} INFO - 03:39:30  [[33mWARNING[0m]: Test 'test.jaffle_shop.accepted_values_stg_orders_status__completed__shipped__returned__return_pending__placed.89a0a7d5f1' (models/staging/jaffle_shop/stg_jaffle_shop.yml) depends on a node named 'stg_orders' which was not found
[2022-05-15 03:39:30,391] {subprocess.py:89} INFO - 03:39:30  [[33mWARNING[0m]: Test 'test.jaffle_shop.relationships_stg_orders_customer_id__customer_id__ref_stg_customers_.430bf21500' (models/staging/jaffle_shop/stg_jaffle_shop.yml) depends on a node named 'stg_customers' which was not found
[2022-05-15 03:39:30,392] {subprocess.py:89} INFO - 03:39:30  [[33mWARNING[0m]: Test 'test.jaffle_shop.relationships_stg_orders_customer_id__customer_id__ref_stg_customers_.430bf21500' (models/staging/jaffle_shop/stg_jaffle_shop.yml) depends on a node named 'stg_orders' which was not found
[2022-05-15 03:39:30,447] {subprocess.py:89} INFO - 03:39:30  Found 5 models, 4 tests, 0 snapshots, 0 analyses, 170 macros, 0 operations, 0 seed files, 3 sources, 0 exposures, 0 metrics
[2022-05-15 03:39:30,453] {subprocess.py:89} INFO - 03:39:30
[2022-05-15 03:39:30,621] {subprocess.py:89} INFO - 03:39:30  Concurrency: 1 threads (target='dev')
[2022-05-15 03:39:30,624] {subprocess.py:89} INFO - 03:39:30
[2022-05-15 03:39:30,647] {subprocess.py:89} INFO - 03:39:30  1 of 5 START view model dev.stg_jaffle_shop__customers ......................... [RUN]
[2022-05-15 03:39:30,973] {subprocess.py:89} INFO - 03:39:30  1 of 5 OK created view model dev.stg_jaffle_shop__customers .................... [[32mCREATE VIEW[0m in 0.32s]
[2022-05-15 03:39:30,981] {subprocess.py:89} INFO - 03:39:30  2 of 5 START view model dev.stg_jaffle_shop__orders ............................ [RUN]
[2022-05-15 03:39:31,194] {subprocess.py:89} INFO - 03:39:31  2 of 5 OK created view model dev.stg_jaffle_shop__orders ....................... [[32mCREATE VIEW[0m in 0.21s]
[2022-05-15 03:39:31,206] {subprocess.py:89} INFO - 03:39:31  3 of 5 START view model dev.stg_stripe__payments ............................... [RUN]
[2022-05-15 03:39:31,327] {subprocess.py:89} INFO - 03:39:31  3 of 5 OK created view model dev.stg_stripe__payments .......................... [[32mCREATE VIEW[0m in 0.12s]
[2022-05-15 03:39:31,336] {subprocess.py:89} INFO - 03:39:31  4 of 5 START view model dev.int_orders ......................................... [RUN]
[2022-05-15 03:39:31,452] {subprocess.py:89} INFO - 03:39:31  4 of 5 OK created view model dev.int_orders .................................... [[32mCREATE VIEW[0m in 0.11s]
[2022-05-15 03:39:31,461] {subprocess.py:89} INFO - 03:39:31  5 of 5 START table model dev.fct_customer_orders ............................... [RUN]
[2022-05-15 03:39:31,653] {subprocess.py:89} INFO - 03:39:31  5 of 5 OK created table model dev.fct_customer_orders .......................... [[32mSELECT 99[0m in 0.19s]
[2022-05-15 03:39:31,786] {subprocess.py:89} INFO - 03:39:31
[2022-05-15 03:39:31,789] {subprocess.py:89} INFO - 03:39:31  Finished running 4 view models, 1 table model in 1.33s.
[2022-05-15 03:39:31,811] {subprocess.py:89} INFO - 03:39:31
[2022-05-15 03:39:31,814] {subprocess.py:89} INFO - 03:39:31  [32mCompleted successfully[0m
[2022-05-15 03:39:31,816] {subprocess.py:89} INFO - 03:39:31
[2022-05-15 03:39:31,818] {subprocess.py:89} INFO - 03:39:31  Done. PASS=5 WARN=0 ERROR=0 SKIP=0 TOTAL=5
[2022-05-15 03:39:33,155] {subprocess.py:93} INFO - Command exited with return code 0
[2022-05-15 03:39:33,190] {taskinstance.py:1280} INFO - Marking task as SUCCESS. dag_id=simple_dag, task_id=dbt_run, execution_date=20220514T033859, start_date=20220515T033925, end_date=20220515T033933
[2022-05-15 03:39:33,253] {local_task_job.py:154} INFO - Task exited with return code 0
[2022-05-15 03:39:33,301] {local_task_job.py:264} INFO - 1 downstream tasks scheduled from follow-on schedule check
