[2022-05-15 15:16:31,300] {taskinstance.py:1035} INFO - Dependencies all met for <TaskInstance: models_dbt_dag.dbt_run.model.jaffle_shop.stg_stripe__payments scheduled__2022-05-14T15:15:58.068711+00:00 [queued]>
[2022-05-15 15:16:31,324] {taskinstance.py:1035} INFO - Dependencies all met for <TaskInstance: models_dbt_dag.dbt_run.model.jaffle_shop.stg_stripe__payments scheduled__2022-05-14T15:15:58.068711+00:00 [queued]>
[2022-05-15 15:16:31,326] {taskinstance.py:1241} INFO - 
--------------------------------------------------------------------------------
[2022-05-15 15:16:31,327] {taskinstance.py:1242} INFO - Starting attempt 1 of 1
[2022-05-15 15:16:31,328] {taskinstance.py:1243} INFO - 
--------------------------------------------------------------------------------
[2022-05-15 15:16:31,359] {taskinstance.py:1262} INFO - Executing <Task(BashOperator): dbt_run.model.jaffle_shop.stg_stripe__payments> on 2022-05-14 15:15:58.068711+00:00
[2022-05-15 15:16:31,371] {standard_task_runner.py:52} INFO - Started process 9226 to run task
[2022-05-15 15:16:31,387] {standard_task_runner.py:76} INFO - Running: ['***', 'tasks', 'run', 'models_dbt_dag', 'dbt_run.model.jaffle_shop.stg_stripe__payments', 'scheduled__2022-05-14T15:15:58.068711+00:00', '--job-id', '144', '--raw', '--subdir', 'DAGS_FOLDER/models_dbt_dag.py', '--cfg-path', '/tmp/tmpl18hqxm5', '--error-file', '/tmp/tmpk27fwon_']
[2022-05-15 15:16:31,391] {standard_task_runner.py:77} INFO - Job 144: Subtask dbt_run.model.jaffle_shop.stg_stripe__payments
[2022-05-15 15:16:31,544] {logging_mixin.py:109} INFO - Running <TaskInstance: models_dbt_dag.dbt_run.model.jaffle_shop.stg_stripe__payments scheduled__2022-05-14T15:15:58.068711+00:00 [running]> on host b0833397c3cf
[2022-05-15 15:16:31,733] {taskinstance.py:1429} INFO - Exporting the following env vars:
AIRFLOW_CTX_DAG_OWNER=***
AIRFLOW_CTX_DAG_ID=models_dbt_dag
AIRFLOW_CTX_TASK_ID=dbt_run.model.jaffle_shop.stg_stripe__payments
AIRFLOW_CTX_EXECUTION_DATE=2022-05-14T15:15:58.068711+00:00
AIRFLOW_CTX_DAG_RUN_ID=scheduled__2022-05-14T15:15:58.068711+00:00
[2022-05-15 15:16:31,741] {subprocess.py:62} INFO - Tmp dir root location: 
 /tmp
[2022-05-15 15:16:31,748] {subprocess.py:74} INFO - Running command: ['bash', '-c', 'dbt --no-write-json run --target dev --models stg_stripe__payments --profiles-dir /opt/***/dags/jaffle_shop --project-dir /opt/***/dags/jaffle_shop']
[2022-05-15 15:16:31,782] {subprocess.py:85} INFO - Output:
[2022-05-15 15:16:37,160] {subprocess.py:89} INFO - 15:16:37  Running with dbt=1.1.0
[2022-05-15 15:16:37,489] {subprocess.py:89} INFO - 15:16:37  Found 5 models, 11 tests, 0 snapshots, 0 analyses, 170 macros, 0 operations, 0 seed files, 3 sources, 0 exposures, 0 metrics
[2022-05-15 15:16:37,501] {subprocess.py:89} INFO - 15:16:37
[2022-05-15 15:16:37,817] {subprocess.py:89} INFO - 15:16:37  Concurrency: 1 threads (target='dev')
[2022-05-15 15:16:37,820] {subprocess.py:89} INFO - 15:16:37
[2022-05-15 15:16:37,843] {subprocess.py:89} INFO - 15:16:37  1 of 1 START view model dev.stg_stripe__payments ............................... [RUN]
[2022-05-15 15:16:38,134] {subprocess.py:89} INFO - 15:16:38  1 of 1 OK created view model dev.stg_stripe__payments .......................... [[32mCREATE VIEW[0m in 0.29s]
[2022-05-15 15:16:38,290] {subprocess.py:89} INFO - 15:16:38
[2022-05-15 15:16:38,301] {subprocess.py:89} INFO - 15:16:38  Finished running 1 view model in 0.78s.
[2022-05-15 15:16:38,317] {subprocess.py:89} INFO - 15:16:38
[2022-05-15 15:16:38,320] {subprocess.py:89} INFO - 15:16:38  [32mCompleted successfully[0m
[2022-05-15 15:16:38,323] {subprocess.py:89} INFO - 15:16:38
[2022-05-15 15:16:38,331] {subprocess.py:89} INFO - 15:16:38  Done. PASS=1 WARN=0 ERROR=0 SKIP=0 TOTAL=1
[2022-05-15 15:16:39,930] {subprocess.py:93} INFO - Command exited with return code 0
[2022-05-15 15:16:40,023] {taskinstance.py:1280} INFO - Marking task as SUCCESS. dag_id=models_dbt_dag, task_id=dbt_run.model.jaffle_shop.stg_stripe__payments, execution_date=20220514T151558, start_date=20220515T151631, end_date=20220515T151640
[2022-05-15 15:16:40,115] {local_task_job.py:154} INFO - Task exited with return code 0
[2022-05-15 15:16:40,239] {local_task_job.py:264} INFO - 0 downstream tasks scheduled from follow-on schedule check
