[2022-05-15 15:24:06,008] {taskinstance.py:1035} INFO - Dependencies all met for <TaskInstance: models_dbt_dag.dbt_run.model.jaffle_shop.stg_stripe__payments scheduled__2022-05-14T15:15:58.068711+00:00 [queued]>
[2022-05-15 15:24:06,031] {taskinstance.py:1035} INFO - Dependencies all met for <TaskInstance: models_dbt_dag.dbt_run.model.jaffle_shop.stg_stripe__payments scheduled__2022-05-14T15:15:58.068711+00:00 [queued]>
[2022-05-15 15:24:06,033] {taskinstance.py:1241} INFO - 
--------------------------------------------------------------------------------
[2022-05-15 15:24:06,034] {taskinstance.py:1242} INFO - Starting attempt 2 of 2
[2022-05-15 15:24:06,035] {taskinstance.py:1243} INFO - 
--------------------------------------------------------------------------------
[2022-05-15 15:24:06,073] {taskinstance.py:1262} INFO - Executing <Task(BashOperator): dbt_run.model.jaffle_shop.stg_stripe__payments> on 2022-05-14 15:15:58.068711+00:00
[2022-05-15 15:24:06,084] {standard_task_runner.py:52} INFO - Started process 9760 to run task
[2022-05-15 15:24:06,095] {standard_task_runner.py:76} INFO - Running: ['***', 'tasks', 'run', 'models_dbt_dag', 'dbt_run.model.jaffle_shop.stg_stripe__payments', 'scheduled__2022-05-14T15:15:58.068711+00:00', '--job-id', '163', '--raw', '--subdir', 'DAGS_FOLDER/models_dbt_dag.py', '--cfg-path', '/tmp/tmp38_h6swy', '--error-file', '/tmp/tmp8o7tznqk']
[2022-05-15 15:24:06,107] {standard_task_runner.py:77} INFO - Job 163: Subtask dbt_run.model.jaffle_shop.stg_stripe__payments
[2022-05-15 15:24:06,240] {logging_mixin.py:109} INFO - Running <TaskInstance: models_dbt_dag.dbt_run.model.jaffle_shop.stg_stripe__payments scheduled__2022-05-14T15:15:58.068711+00:00 [running]> on host b0833397c3cf
[2022-05-15 15:24:06,373] {taskinstance.py:1429} INFO - Exporting the following env vars:
AIRFLOW_CTX_DAG_OWNER=***
AIRFLOW_CTX_DAG_ID=models_dbt_dag
AIRFLOW_CTX_TASK_ID=dbt_run.model.jaffle_shop.stg_stripe__payments
AIRFLOW_CTX_EXECUTION_DATE=2022-05-14T15:15:58.068711+00:00
AIRFLOW_CTX_DAG_RUN_ID=scheduled__2022-05-14T15:15:58.068711+00:00
[2022-05-15 15:24:06,377] {subprocess.py:62} INFO - Tmp dir root location: 
 /tmp
[2022-05-15 15:24:06,380] {subprocess.py:74} INFO - Running command: ['bash', '-c', 'dbt --no-write-json run --target dev --models stg_stripe__payments --profiles-dir /opt/***/dags/jaffle_shop --project-dir /opt/***/dags/jaffle_shop']
[2022-05-15 15:24:06,400] {subprocess.py:85} INFO - Output:
[2022-05-15 15:24:11,332] {subprocess.py:89} INFO - 15:24:11  Running with dbt=1.1.0
[2022-05-15 15:24:11,869] {subprocess.py:89} INFO - 15:24:11  Found 5 models, 13 tests, 0 snapshots, 0 analyses, 170 macros, 0 operations, 0 seed files, 3 sources, 0 exposures, 0 metrics
[2022-05-15 15:24:11,901] {subprocess.py:89} INFO - 15:24:11
[2022-05-15 15:24:12,267] {subprocess.py:89} INFO - 15:24:12  Concurrency: 1 threads (target='dev')
[2022-05-15 15:24:12,270] {subprocess.py:89} INFO - 15:24:12
[2022-05-15 15:24:12,291] {subprocess.py:89} INFO - 15:24:12  1 of 1 START view model dev.stg_stripe__payments ............................... [RUN]
[2022-05-15 15:24:12,630] {subprocess.py:89} INFO - 15:24:12  1 of 1 OK created view model dev.stg_stripe__payments .......................... [[32mCREATE VIEW[0m in 0.33s]
[2022-05-15 15:24:12,736] {subprocess.py:89} INFO - 15:24:12
[2022-05-15 15:24:12,739] {subprocess.py:89} INFO - 15:24:12  Finished running 1 view model in 0.83s.
[2022-05-15 15:24:12,747] {subprocess.py:89} INFO - 15:24:12
[2022-05-15 15:24:12,750] {subprocess.py:89} INFO - 15:24:12  [32mCompleted successfully[0m
[2022-05-15 15:24:12,753] {subprocess.py:89} INFO - 15:24:12
[2022-05-15 15:24:12,756] {subprocess.py:89} INFO - 15:24:12  Done. PASS=1 WARN=0 ERROR=0 SKIP=0 TOTAL=1
[2022-05-15 15:24:14,124] {subprocess.py:93} INFO - Command exited with return code 0
[2022-05-15 15:24:14,221] {taskinstance.py:1280} INFO - Marking task as SUCCESS. dag_id=models_dbt_dag, task_id=dbt_run.model.jaffle_shop.stg_stripe__payments, execution_date=20220514T151558, start_date=20220515T152406, end_date=20220515T152414
[2022-05-15 15:24:14,279] {local_task_job.py:154} INFO - Task exited with return code 0
[2022-05-15 15:24:14,333] {local_task_job.py:264} INFO - 1 downstream tasks scheduled from follow-on schedule check
