[2022-05-19 15:57:00,762] {taskinstance.py:1035} INFO - Dependencies all met for <TaskInstance: model_level_dbt_great_expectations_dag.dbt_run.model.jaffle_shop.stg_jaffle_shop__customers scheduled__2022-05-18T15:55:44.156802+00:00 [queued]>
[2022-05-19 15:57:00,839] {taskinstance.py:1035} INFO - Dependencies all met for <TaskInstance: model_level_dbt_great_expectations_dag.dbt_run.model.jaffle_shop.stg_jaffle_shop__customers scheduled__2022-05-18T15:55:44.156802+00:00 [queued]>
[2022-05-19 15:57:00,840] {taskinstance.py:1241} INFO - 
--------------------------------------------------------------------------------
[2022-05-19 15:57:00,841] {taskinstance.py:1242} INFO - Starting attempt 1 of 4
[2022-05-19 15:57:00,841] {taskinstance.py:1243} INFO - 
--------------------------------------------------------------------------------
[2022-05-19 15:57:00,905] {taskinstance.py:1262} INFO - Executing <Task(BashOperator): dbt_run.model.jaffle_shop.stg_jaffle_shop__customers> on 2022-05-18 15:55:44.156802+00:00
[2022-05-19 15:57:00,944] {standard_task_runner.py:52} INFO - Started process 590 to run task
[2022-05-19 15:57:00,995] {standard_task_runner.py:76} INFO - Running: ['***', 'tasks', 'run', 'model_level_dbt_great_expectations_dag', 'dbt_run.model.jaffle_shop.stg_jaffle_shop__customers', 'scheduled__2022-05-18T15:55:44.156802+00:00', '--job-id', '135', '--raw', '--subdir', 'DAGS_FOLDER/model_level_dbt_great_expectations_dag.py', '--cfg-path', '/tmp/tmpmb8pyuvr', '--error-file', '/tmp/tmpb145x_7j']
[2022-05-19 15:57:01,011] {standard_task_runner.py:77} INFO - Job 135: Subtask dbt_run.model.jaffle_shop.stg_jaffle_shop__customers
[2022-05-19 15:57:01,208] {logging_mixin.py:109} INFO - Running <TaskInstance: model_level_dbt_great_expectations_dag.dbt_run.model.jaffle_shop.stg_jaffle_shop__customers scheduled__2022-05-18T15:55:44.156802+00:00 [running]> on host 34ae02bc0b96
[2022-05-19 15:57:01,345] {taskinstance.py:1429} INFO - Exporting the following env vars:
AIRFLOW_CTX_DAG_OWNER=luciano.naveiro
AIRFLOW_CTX_DAG_ID=model_level_dbt_great_expectations_dag
AIRFLOW_CTX_TASK_ID=dbt_run.model.jaffle_shop.stg_jaffle_shop__customers
AIRFLOW_CTX_EXECUTION_DATE=2022-05-18T15:55:44.156802+00:00
AIRFLOW_CTX_DAG_RUN_ID=scheduled__2022-05-18T15:55:44.156802+00:00
[2022-05-19 15:57:01,347] {subprocess.py:62} INFO - Tmp dir root location: 
 /tmp
[2022-05-19 15:57:01,349] {subprocess.py:74} INFO - Running command: ['bash', '-c', 'dbt --no-write-json run --target dev --models stg_jaffle_shop__customers --profiles-dir /opt/dbt/jaffle_shop --project-dir /opt/dbt/jaffle_shop']
[2022-05-19 15:57:01,410] {subprocess.py:85} INFO - Output:
[2022-05-19 15:57:11,409] {subprocess.py:89} INFO - 15:57:11  Running with dbt=1.1.0
[2022-05-19 15:57:11,496] {subprocess.py:89} INFO - 15:57:11  Unable to do partial parsing because config vars, config profile, or config target have changed
[2022-05-19 15:57:13,158] {subprocess.py:89} INFO - 15:57:13  Found 5 models, 13 tests, 0 snapshots, 0 analyses, 170 macros, 0 operations, 0 seed files, 3 sources, 0 exposures, 0 metrics
[2022-05-19 15:57:13,165] {subprocess.py:89} INFO - 15:57:13
[2022-05-19 15:57:13,324] {subprocess.py:89} INFO - 15:57:13  Concurrency: 1 threads (target='dev')
[2022-05-19 15:57:13,326] {subprocess.py:89} INFO - 15:57:13
[2022-05-19 15:57:13,342] {subprocess.py:89} INFO - 15:57:13  1 of 1 START view model dev.stg_jaffle_shop__customers ......................... [RUN]
[2022-05-19 15:57:13,687] {subprocess.py:89} INFO - 15:57:13  1 of 1 OK created view model dev.stg_jaffle_shop__customers .................... [[32mCREATE VIEW[0m in 0.34s]
[2022-05-19 15:57:13,818] {subprocess.py:89} INFO - 15:57:13
[2022-05-19 15:57:13,831] {subprocess.py:89} INFO - 15:57:13  Finished running 1 view model in 0.65s.
[2022-05-19 15:57:13,846] {subprocess.py:89} INFO - 15:57:13
[2022-05-19 15:57:13,858] {subprocess.py:89} INFO - 15:57:13  [32mCompleted successfully[0m
[2022-05-19 15:57:13,861] {subprocess.py:89} INFO - 15:57:13
[2022-05-19 15:57:13,865] {subprocess.py:89} INFO - 15:57:13  Done. PASS=1 WARN=0 ERROR=0 SKIP=0 TOTAL=1
[2022-05-19 15:57:15,020] {subprocess.py:93} INFO - Command exited with return code 0
[2022-05-19 15:57:15,054] {taskinstance.py:1280} INFO - Marking task as SUCCESS. dag_id=model_level_dbt_great_expectations_dag, task_id=dbt_run.model.jaffle_shop.stg_jaffle_shop__customers, execution_date=20220518T155544, start_date=20220519T155700, end_date=20220519T155715
[2022-05-19 15:57:15,121] {local_task_job.py:154} INFO - Task exited with return code 0
[2022-05-19 15:57:15,196] {local_task_job.py:264} INFO - 0 downstream tasks scheduled from follow-on schedule check
