[2022-05-18 23:01:44,614] {taskinstance.py:1035} INFO - Dependencies all met for <TaskInstance: model_level_dbt_great_expectations_dag.dbt_run.model.jaffle_shop.stg_stripe__payments scheduled__2022-05-17T22:12:00.138285+00:00 [queued]>
[2022-05-18 23:01:44,632] {taskinstance.py:1035} INFO - Dependencies all met for <TaskInstance: model_level_dbt_great_expectations_dag.dbt_run.model.jaffle_shop.stg_stripe__payments scheduled__2022-05-17T22:12:00.138285+00:00 [queued]>
[2022-05-18 23:01:44,636] {taskinstance.py:1241} INFO - 
--------------------------------------------------------------------------------
[2022-05-18 23:01:44,637] {taskinstance.py:1242} INFO - Starting attempt 2 of 5
[2022-05-18 23:01:44,638] {taskinstance.py:1243} INFO - 
--------------------------------------------------------------------------------
[2022-05-18 23:01:44,664] {taskinstance.py:1262} INFO - Executing <Task(BashOperator): dbt_run.model.jaffle_shop.stg_stripe__payments> on 2022-05-17 22:12:00.138285+00:00
[2022-05-18 23:01:44,683] {standard_task_runner.py:52} INFO - Started process 236 to run task
[2022-05-18 23:01:44,701] {standard_task_runner.py:76} INFO - Running: ['***', 'tasks', 'run', 'model_level_dbt_great_expectations_dag', 'dbt_run.model.jaffle_shop.stg_stripe__payments', 'scheduled__2022-05-17T22:12:00.138285+00:00', '--job-id', '132', '--raw', '--subdir', 'DAGS_FOLDER/model_level_dbt_great_expectations_dag.py', '--cfg-path', '/tmp/tmpsjtsn9wm', '--error-file', '/tmp/tmppmnw_zav']
[2022-05-18 23:01:44,704] {standard_task_runner.py:77} INFO - Job 132: Subtask dbt_run.model.jaffle_shop.stg_stripe__payments
[2022-05-18 23:01:44,791] {logging_mixin.py:109} INFO - Running <TaskInstance: model_level_dbt_great_expectations_dag.dbt_run.model.jaffle_shop.stg_stripe__payments scheduled__2022-05-17T22:12:00.138285+00:00 [running]> on host 3d7cb1bfa13d
[2022-05-18 23:01:44,896] {taskinstance.py:1429} INFO - Exporting the following env vars:
AIRFLOW_CTX_DAG_OWNER=luciano.naveiro
AIRFLOW_CTX_DAG_ID=model_level_dbt_great_expectations_dag
AIRFLOW_CTX_TASK_ID=dbt_run.model.jaffle_shop.stg_stripe__payments
AIRFLOW_CTX_EXECUTION_DATE=2022-05-17T22:12:00.138285+00:00
AIRFLOW_CTX_DAG_RUN_ID=scheduled__2022-05-17T22:12:00.138285+00:00
[2022-05-18 23:01:44,898] {subprocess.py:62} INFO - Tmp dir root location: 
 /tmp
[2022-05-18 23:01:44,900] {subprocess.py:74} INFO - Running command: ['bash', '-c', 'dbt --no-write-json run --target dev --models stg_stripe__payments --profiles-dir /opt/dbt/jaffle_shop --project-dir /opt/dbt/jaffle_shop']
[2022-05-18 23:01:44,926] {subprocess.py:85} INFO - Output:
[2022-05-18 23:01:49,956] {subprocess.py:89} INFO - 23:01:49  Running with dbt=1.1.0
[2022-05-18 23:01:50,068] {subprocess.py:89} INFO - 23:01:50  Unable to do partial parsing because config vars, config profile, or config target have changed
[2022-05-18 23:01:53,711] {subprocess.py:89} INFO - 23:01:53  Found 5 models, 13 tests, 0 snapshots, 0 analyses, 170 macros, 0 operations, 0 seed files, 3 sources, 0 exposures, 0 metrics
[2022-05-18 23:01:53,783] {subprocess.py:89} INFO - 23:01:53
[2022-05-18 23:01:54,254] {subprocess.py:89} INFO - 23:01:54  Concurrency: 1 threads (target='dev')
[2022-05-18 23:01:54,259] {subprocess.py:89} INFO - 23:01:54
[2022-05-18 23:01:54,300] {subprocess.py:89} INFO - 23:01:54  1 of 1 START view model dev.stg_stripe__payments ............................... [RUN]
[2022-05-18 23:01:54,834] {subprocess.py:89} INFO - 23:01:54  1 of 1 OK created view model dev.stg_stripe__payments .......................... [[32mCREATE VIEW[0m in 0.50s]
[2022-05-18 23:01:54,990] {subprocess.py:89} INFO - 23:01:54
[2022-05-18 23:01:54,992] {subprocess.py:89} INFO - 23:01:54  Finished running 1 view model in 1.20s.
[2022-05-18 23:01:55,044] {subprocess.py:89} INFO - 23:01:55
[2022-05-18 23:01:55,050] {subprocess.py:89} INFO - 23:01:55  [32mCompleted successfully[0m
[2022-05-18 23:01:55,059] {subprocess.py:89} INFO - 23:01:55
[2022-05-18 23:01:55,062] {subprocess.py:89} INFO - 23:01:55  Done. PASS=1 WARN=0 ERROR=0 SKIP=0 TOTAL=1
[2022-05-18 23:01:56,470] {subprocess.py:93} INFO - Command exited with return code 0
[2022-05-18 23:01:56,527] {taskinstance.py:1280} INFO - Marking task as SUCCESS. dag_id=model_level_dbt_great_expectations_dag, task_id=dbt_run.model.jaffle_shop.stg_stripe__payments, execution_date=20220517T221200, start_date=20220518T230144, end_date=20220518T230156
[2022-05-18 23:01:56,613] {local_task_job.py:154} INFO - Task exited with return code 0
[2022-05-18 23:01:56,716] {local_task_job.py:264} INFO - 0 downstream tasks scheduled from follow-on schedule check
