[2022-05-18 23:31:49,173] {taskinstance.py:1035} INFO - Dependencies all met for <TaskInstance: model_level_dbt_great_expectations_dag.dbt_run.model.jaffle_shop.stg_stripe__payments scheduled__2022-05-17T22:12:00.138285+00:00 [queued]>
[2022-05-18 23:31:49,249] {taskinstance.py:1035} INFO - Dependencies all met for <TaskInstance: model_level_dbt_great_expectations_dag.dbt_run.model.jaffle_shop.stg_stripe__payments scheduled__2022-05-17T22:12:00.138285+00:00 [queued]>
[2022-05-18 23:31:49,254] {taskinstance.py:1241} INFO - 
--------------------------------------------------------------------------------
[2022-05-18 23:31:49,255] {taskinstance.py:1242} INFO - Starting attempt 3 of 6
[2022-05-18 23:31:49,261] {taskinstance.py:1243} INFO - 
--------------------------------------------------------------------------------
[2022-05-18 23:31:49,290] {taskinstance.py:1262} INFO - Executing <Task(BashOperator): dbt_run.model.jaffle_shop.stg_stripe__payments> on 2022-05-17 22:12:00.138285+00:00
[2022-05-18 23:31:49,305] {standard_task_runner.py:52} INFO - Started process 240 to run task
[2022-05-18 23:31:49,320] {standard_task_runner.py:76} INFO - Running: ['***', 'tasks', 'run', 'model_level_dbt_great_expectations_dag', 'dbt_run.model.jaffle_shop.stg_stripe__payments', 'scheduled__2022-05-17T22:12:00.138285+00:00', '--job-id', '162', '--raw', '--subdir', 'DAGS_FOLDER/model_level_dbt_great_expectations_dag.py', '--cfg-path', '/tmp/tmpb1x82161', '--error-file', '/tmp/tmpepkudkoy']
[2022-05-18 23:31:49,322] {standard_task_runner.py:77} INFO - Job 162: Subtask dbt_run.model.jaffle_shop.stg_stripe__payments
[2022-05-18 23:31:49,446] {logging_mixin.py:109} INFO - Running <TaskInstance: model_level_dbt_great_expectations_dag.dbt_run.model.jaffle_shop.stg_stripe__payments scheduled__2022-05-17T22:12:00.138285+00:00 [running]> on host d4b673e28191
[2022-05-18 23:31:49,607] {taskinstance.py:1429} INFO - Exporting the following env vars:
AIRFLOW_CTX_DAG_OWNER=luciano.naveiro
AIRFLOW_CTX_DAG_ID=model_level_dbt_great_expectations_dag
AIRFLOW_CTX_TASK_ID=dbt_run.model.jaffle_shop.stg_stripe__payments
AIRFLOW_CTX_EXECUTION_DATE=2022-05-17T22:12:00.138285+00:00
AIRFLOW_CTX_DAG_RUN_ID=scheduled__2022-05-17T22:12:00.138285+00:00
[2022-05-18 23:31:49,611] {subprocess.py:62} INFO - Tmp dir root location: 
 /tmp
[2022-05-18 23:31:49,613] {subprocess.py:74} INFO - Running command: ['bash', '-c', 'dbt --no-write-json run --target dev --models stg_stripe__payments --profiles-dir /opt/dbt/jaffle_shop --project-dir /opt/dbt/jaffle_shop']
[2022-05-18 23:31:49,640] {subprocess.py:85} INFO - Output:
[2022-05-18 23:31:56,391] {subprocess.py:89} INFO - 23:31:56  Running with dbt=1.1.0
[2022-05-18 23:31:56,567] {subprocess.py:89} INFO - 23:31:56  Unable to do partial parsing because config vars, config profile, or config target have changed
[2022-05-18 23:32:01,398] {subprocess.py:89} INFO - 23:32:01  Found 5 models, 13 tests, 0 snapshots, 0 analyses, 170 macros, 0 operations, 0 seed files, 3 sources, 0 exposures, 0 metrics
[2022-05-18 23:32:01,410] {subprocess.py:89} INFO - 23:32:01
[2022-05-18 23:32:01,795] {subprocess.py:89} INFO - 23:32:01  Concurrency: 1 threads (target='dev')
[2022-05-18 23:32:01,800] {subprocess.py:89} INFO - 23:32:01
[2022-05-18 23:32:01,847] {subprocess.py:89} INFO - 23:32:01  1 of 1 START view model dev.stg_stripe__payments ............................... [RUN]
[2022-05-18 23:32:02,253] {subprocess.py:89} INFO - 23:32:02  1 of 1 OK created view model dev.stg_stripe__payments .......................... [[32mCREATE VIEW[0m in 0.39s]
[2022-05-18 23:32:02,370] {subprocess.py:89} INFO - 23:32:02
[2022-05-18 23:32:02,375] {subprocess.py:89} INFO - 23:32:02  Finished running 1 view model in 0.96s.
[2022-05-18 23:32:02,396] {subprocess.py:89} INFO - 23:32:02
[2022-05-18 23:32:02,400] {subprocess.py:89} INFO - 23:32:02  [32mCompleted successfully[0m
[2022-05-18 23:32:02,410] {subprocess.py:89} INFO - 23:32:02
[2022-05-18 23:32:02,423] {subprocess.py:89} INFO - 23:32:02  Done. PASS=1 WARN=0 ERROR=0 SKIP=0 TOTAL=1
[2022-05-18 23:32:03,725] {subprocess.py:93} INFO - Command exited with return code 0
[2022-05-18 23:32:03,788] {taskinstance.py:1280} INFO - Marking task as SUCCESS. dag_id=model_level_dbt_great_expectations_dag, task_id=dbt_run.model.jaffle_shop.stg_stripe__payments, execution_date=20220517T221200, start_date=20220518T233149, end_date=20220518T233203
[2022-05-18 23:32:03,889] {local_task_job.py:154} INFO - Task exited with return code 0
[2022-05-18 23:32:04,052] {local_task_job.py:264} INFO - 1 downstream tasks scheduled from follow-on schedule check
