[2022-05-18 23:59:37,346] {taskinstance.py:1035} INFO - Dependencies all met for <TaskInstance: model_level_dbt_great_expectations_dag.dbt_docs scheduled__2022-05-17T23:51:54.527642+00:00 [queued]>
[2022-05-18 23:59:37,357] {taskinstance.py:1035} INFO - Dependencies all met for <TaskInstance: model_level_dbt_great_expectations_dag.dbt_docs scheduled__2022-05-17T23:51:54.527642+00:00 [queued]>
[2022-05-18 23:59:37,358] {taskinstance.py:1241} INFO - 
--------------------------------------------------------------------------------
[2022-05-18 23:59:37,360] {taskinstance.py:1242} INFO - Starting attempt 1 of 4
[2022-05-18 23:59:37,361] {taskinstance.py:1243} INFO - 
--------------------------------------------------------------------------------
[2022-05-18 23:59:37,374] {taskinstance.py:1262} INFO - Executing <Task(BashOperator): dbt_docs> on 2022-05-17 23:51:54.527642+00:00
[2022-05-18 23:59:37,383] {standard_task_runner.py:52} INFO - Started process 886 to run task
[2022-05-18 23:59:37,388] {standard_task_runner.py:76} INFO - Running: ['***', 'tasks', 'run', 'model_level_dbt_great_expectations_dag', 'dbt_docs', 'scheduled__2022-05-17T23:51:54.527642+00:00', '--job-id', '272', '--raw', '--subdir', 'DAGS_FOLDER/model_level_dbt_great_expectations_dag.py', '--cfg-path', '/tmp/tmpb2ozfdh3', '--error-file', '/tmp/tmprrjkty7f']
[2022-05-18 23:59:37,389] {standard_task_runner.py:77} INFO - Job 272: Subtask dbt_docs
[2022-05-18 23:59:37,440] {logging_mixin.py:109} INFO - Running <TaskInstance: model_level_dbt_great_expectations_dag.dbt_docs scheduled__2022-05-17T23:51:54.527642+00:00 [running]> on host 41cba24e2fbb
[2022-05-18 23:59:37,496] {taskinstance.py:1429} INFO - Exporting the following env vars:
AIRFLOW_CTX_DAG_OWNER=luciano.naveiro
AIRFLOW_CTX_DAG_ID=model_level_dbt_great_expectations_dag
AIRFLOW_CTX_TASK_ID=dbt_docs
AIRFLOW_CTX_EXECUTION_DATE=2022-05-17T23:51:54.527642+00:00
AIRFLOW_CTX_DAG_RUN_ID=scheduled__2022-05-17T23:51:54.527642+00:00
[2022-05-18 23:59:37,499] {subprocess.py:62} INFO - Tmp dir root location: 
 /tmp
[2022-05-18 23:59:37,502] {subprocess.py:74} INFO - Running command: ['bash', '-c', '\n        dbt docs generate --profiles-dir /opt/dbt/jaffle_shop --project-dir /opt/dbt/jaffle_shop\n        ']
[2022-05-18 23:59:37,522] {subprocess.py:85} INFO - Output:
[2022-05-18 23:59:41,882] {subprocess.py:89} INFO - 23:59:41  Running with dbt=1.1.0
[2022-05-18 23:59:41,951] {subprocess.py:89} INFO - 23:59:41  Unable to do partial parsing because config vars, config profile, or config target have changed
[2022-05-18 23:59:43,745] {subprocess.py:89} INFO - 23:59:43  Found 5 models, 13 tests, 0 snapshots, 0 analyses, 170 macros, 0 operations, 0 seed files, 3 sources, 0 exposures, 0 metrics
[2022-05-18 23:59:43,754] {subprocess.py:89} INFO - 23:59:43
[2022-05-18 23:59:43,894] {subprocess.py:89} INFO - 23:59:43  Concurrency: 1 threads (target='dev')
[2022-05-18 23:59:43,898] {subprocess.py:89} INFO - 23:59:43
[2022-05-18 23:59:44,857] {subprocess.py:89} INFO - 23:59:44  Done.
[2022-05-18 23:59:45,056] {subprocess.py:89} INFO - 23:59:45  Building catalog
[2022-05-18 23:59:45,296] {subprocess.py:89} INFO - 23:59:45  Catalog written to /opt/dbt/jaffle_shop/target/catalog.json
[2022-05-18 23:59:46,765] {subprocess.py:93} INFO - Command exited with return code 0
[2022-05-18 23:59:46,856] {taskinstance.py:1280} INFO - Marking task as SUCCESS. dag_id=model_level_dbt_great_expectations_dag, task_id=dbt_docs, execution_date=20220517T235154, start_date=20220518T235937, end_date=20220518T235946
[2022-05-18 23:59:46,963] {local_task_job.py:154} INFO - Task exited with return code 0
[2022-05-18 23:59:47,024] {local_task_job.py:264} INFO - 1 downstream tasks scheduled from follow-on schedule check
