[2022-05-17 00:24:55,420] {taskinstance.py:1035} INFO - Dependencies all met for <TaskInstance: model_level_dbt_dag.dbt_run.model.jaffle_shop.stg_jaffle_shop__orders scheduled__2022-05-15T16:00:47.250021+00:00 [queued]>
[2022-05-17 00:24:55,443] {taskinstance.py:1035} INFO - Dependencies all met for <TaskInstance: model_level_dbt_dag.dbt_run.model.jaffle_shop.stg_jaffle_shop__orders scheduled__2022-05-15T16:00:47.250021+00:00 [queued]>
[2022-05-17 00:24:55,445] {taskinstance.py:1241} INFO - 
--------------------------------------------------------------------------------
[2022-05-17 00:24:55,447] {taskinstance.py:1242} INFO - Starting attempt 2 of 2
[2022-05-17 00:24:55,448] {taskinstance.py:1243} INFO - 
--------------------------------------------------------------------------------
[2022-05-17 00:24:55,485] {taskinstance.py:1262} INFO - Executing <Task(BashOperator): dbt_run.model.jaffle_shop.stg_jaffle_shop__orders> on 2022-05-15 16:00:47.250021+00:00
[2022-05-17 00:24:55,501] {standard_task_runner.py:52} INFO - Started process 1355 to run task
[2022-05-17 00:24:55,521] {standard_task_runner.py:76} INFO - Running: ['***', 'tasks', 'run', 'model_level_dbt_dag', 'dbt_run.model.jaffle_shop.stg_jaffle_shop__orders', 'scheduled__2022-05-15T16:00:47.250021+00:00', '--job-id', '476', '--raw', '--subdir', 'DAGS_FOLDER/model_level_dbt_dag.py', '--cfg-path', '/tmp/tmpf8bzuec4', '--error-file', '/tmp/tmptie_05be']
[2022-05-17 00:24:55,522] {standard_task_runner.py:77} INFO - Job 476: Subtask dbt_run.model.jaffle_shop.stg_jaffle_shop__orders
[2022-05-17 00:24:55,628] {logging_mixin.py:109} INFO - Running <TaskInstance: model_level_dbt_dag.dbt_run.model.jaffle_shop.stg_jaffle_shop__orders scheduled__2022-05-15T16:00:47.250021+00:00 [running]> on host a97e89df0c52
[2022-05-17 00:24:55,775] {taskinstance.py:1429} INFO - Exporting the following env vars:
AIRFLOW_CTX_DAG_OWNER=***
AIRFLOW_CTX_DAG_ID=model_level_dbt_dag
AIRFLOW_CTX_TASK_ID=dbt_run.model.jaffle_shop.stg_jaffle_shop__orders
AIRFLOW_CTX_EXECUTION_DATE=2022-05-15T16:00:47.250021+00:00
AIRFLOW_CTX_DAG_RUN_ID=scheduled__2022-05-15T16:00:47.250021+00:00
[2022-05-17 00:24:55,781] {subprocess.py:62} INFO - Tmp dir root location: 
 /tmp
[2022-05-17 00:24:55,783] {subprocess.py:74} INFO - Running command: ['bash', '-c', 'dbt --no-write-json run --target dev --models stg_jaffle_shop__orders --profiles-dir /opt/dbt/jaffle_shop --project-dir /opt/dbt/jaffle_shop']
[2022-05-17 00:24:55,812] {subprocess.py:85} INFO - Output:
[2022-05-17 00:25:00,063] {subprocess.py:89} INFO - 00:25:00  Running with dbt=1.1.0
[2022-05-17 00:25:00,148] {subprocess.py:89} INFO - 00:25:00  Unable to do partial parsing because config vars, config profile, or config target have changed
[2022-05-17 00:25:01,350] {subprocess.py:89} INFO - 00:25:01  Found 5 models, 13 tests, 0 snapshots, 0 analyses, 170 macros, 0 operations, 0 seed files, 3 sources, 0 exposures, 0 metrics
[2022-05-17 00:25:01,355] {subprocess.py:89} INFO - 00:25:01
[2022-05-17 00:25:01,557] {subprocess.py:89} INFO - 00:25:01  Concurrency: 1 threads (target='dev')
[2022-05-17 00:25:01,559] {subprocess.py:89} INFO - 00:25:01
[2022-05-17 00:25:01,573] {subprocess.py:89} INFO - 00:25:01  1 of 1 START view model dev.stg_jaffle_shop__orders ............................ [RUN]
[2022-05-17 00:25:01,771] {subprocess.py:89} INFO - 00:25:01  1 of 1 OK created view model dev.stg_jaffle_shop__orders ....................... [[32mCREATE VIEW[0m in 0.19s]
[2022-05-17 00:25:01,905] {subprocess.py:89} INFO - 00:25:01
[2022-05-17 00:25:01,907] {subprocess.py:89} INFO - 00:25:01  Finished running 1 view model in 0.55s.
[2022-05-17 00:25:01,912] {subprocess.py:89} INFO - 00:25:01
[2022-05-17 00:25:01,915] {subprocess.py:89} INFO - 00:25:01  [32mCompleted successfully[0m
[2022-05-17 00:25:01,916] {subprocess.py:89} INFO - 00:25:01
[2022-05-17 00:25:01,918] {subprocess.py:89} INFO - 00:25:01  Done. PASS=1 WARN=0 ERROR=0 SKIP=0 TOTAL=1
[2022-05-17 00:25:03,128] {subprocess.py:93} INFO - Command exited with return code 0
[2022-05-17 00:25:03,167] {taskinstance.py:1280} INFO - Marking task as SUCCESS. dag_id=model_level_dbt_dag, task_id=dbt_run.model.jaffle_shop.stg_jaffle_shop__orders, execution_date=20220515T160047, start_date=20220517T002455, end_date=20220517T002503
[2022-05-17 00:25:03,258] {local_task_job.py:154} INFO - Task exited with return code 0
[2022-05-17 00:25:03,348] {local_task_job.py:264} INFO - 0 downstream tasks scheduled from follow-on schedule check
