[2022-05-17 00:32:35,955] {taskinstance.py:1035} INFO - Dependencies all met for <TaskInstance: model_level_dbt_dag.dbt_run.model.jaffle_shop.stg_jaffle_shop__orders scheduled__2022-05-15T16:00:47.250021+00:00 [queued]>
[2022-05-17 00:32:35,968] {taskinstance.py:1035} INFO - Dependencies all met for <TaskInstance: model_level_dbt_dag.dbt_run.model.jaffle_shop.stg_jaffle_shop__orders scheduled__2022-05-15T16:00:47.250021+00:00 [queued]>
[2022-05-17 00:32:35,969] {taskinstance.py:1241} INFO - 
--------------------------------------------------------------------------------
[2022-05-17 00:32:35,969] {taskinstance.py:1242} INFO - Starting attempt 3 of 6
[2022-05-17 00:32:35,970] {taskinstance.py:1243} INFO - 
--------------------------------------------------------------------------------
[2022-05-17 00:32:35,982] {taskinstance.py:1262} INFO - Executing <Task(BashOperator): dbt_run.model.jaffle_shop.stg_jaffle_shop__orders> on 2022-05-15 16:00:47.250021+00:00
[2022-05-17 00:32:35,988] {standard_task_runner.py:52} INFO - Started process 1753 to run task
[2022-05-17 00:32:35,996] {standard_task_runner.py:76} INFO - Running: ['***', 'tasks', 'run', 'model_level_dbt_dag', 'dbt_run.model.jaffle_shop.stg_jaffle_shop__orders', 'scheduled__2022-05-15T16:00:47.250021+00:00', '--job-id', '479', '--pool', 'default_pool', '--raw', '--subdir', 'DAGS_FOLDER/model_level_dbt_dag.py', '--cfg-path', '/tmp/tmp1nddj6ue', '--error-file', '/tmp/tmps8ho_bt9']
[2022-05-17 00:32:35,997] {standard_task_runner.py:77} INFO - Job 479: Subtask dbt_run.model.jaffle_shop.stg_jaffle_shop__orders
[2022-05-17 00:32:36,079] {logging_mixin.py:109} INFO - Running <TaskInstance: model_level_dbt_dag.dbt_run.model.jaffle_shop.stg_jaffle_shop__orders scheduled__2022-05-15T16:00:47.250021+00:00 [running]> on host a97e89df0c52
[2022-05-17 00:32:36,167] {taskinstance.py:1429} INFO - Exporting the following env vars:
AIRFLOW_CTX_DAG_OWNER=luciano.naveiro
AIRFLOW_CTX_DAG_ID=model_level_dbt_dag
AIRFLOW_CTX_TASK_ID=dbt_run.model.jaffle_shop.stg_jaffle_shop__orders
AIRFLOW_CTX_EXECUTION_DATE=2022-05-15T16:00:47.250021+00:00
AIRFLOW_CTX_DAG_RUN_ID=scheduled__2022-05-15T16:00:47.250021+00:00
[2022-05-17 00:32:36,177] {subprocess.py:62} INFO - Tmp dir root location: 
 /tmp
[2022-05-17 00:32:36,181] {subprocess.py:74} INFO - Running command: ['bash', '-c', 'dbt --no-write-json run --target dev --models stg_jaffle_shop__orders --profiles-dir /opt/dbt/jaffle_shop --project-dir /opt/dbt/jaffle_shop']
[2022-05-17 00:32:36,201] {subprocess.py:85} INFO - Output:
[2022-05-17 00:32:39,345] {subprocess.py:89} INFO - 00:32:39  Running with dbt=1.1.0
[2022-05-17 00:32:39,438] {subprocess.py:89} INFO - 00:32:39  Found 5 models, 13 tests, 0 snapshots, 0 analyses, 170 macros, 0 operations, 0 seed files, 3 sources, 0 exposures, 0 metrics
[2022-05-17 00:32:39,442] {subprocess.py:89} INFO - 00:32:39
[2022-05-17 00:32:39,594] {subprocess.py:89} INFO - 00:32:39  Concurrency: 1 threads (target='dev')
[2022-05-17 00:32:39,596] {subprocess.py:89} INFO - 00:32:39
[2022-05-17 00:32:39,607] {subprocess.py:89} INFO - 00:32:39  1 of 1 START view model dev.stg_jaffle_shop__orders ............................ [RUN]
[2022-05-17 00:32:39,775] {subprocess.py:89} INFO - 00:32:39  1 of 1 OK created view model dev.stg_jaffle_shop__orders ....................... [[32mCREATE VIEW[0m in 0.16s]
[2022-05-17 00:32:39,840] {subprocess.py:89} INFO - 00:32:39
[2022-05-17 00:32:39,843] {subprocess.py:89} INFO - 00:32:39  Finished running 1 view model in 0.39s.
[2022-05-17 00:32:39,850] {subprocess.py:89} INFO - 00:32:39
[2022-05-17 00:32:39,852] {subprocess.py:89} INFO - 00:32:39  [32mCompleted successfully[0m
[2022-05-17 00:32:39,856] {subprocess.py:89} INFO - 00:32:39
[2022-05-17 00:32:39,858] {subprocess.py:89} INFO - 00:32:39  Done. PASS=1 WARN=0 ERROR=0 SKIP=0 TOTAL=1
[2022-05-17 00:32:40,919] {subprocess.py:93} INFO - Command exited with return code 0
[2022-05-17 00:32:40,956] {taskinstance.py:1280} INFO - Marking task as SUCCESS. dag_id=model_level_dbt_dag, task_id=dbt_run.model.jaffle_shop.stg_jaffle_shop__orders, execution_date=20220515T160047, start_date=20220517T003235, end_date=20220517T003240
[2022-05-17 00:32:40,996] {local_task_job.py:154} INFO - Task exited with return code 0
[2022-05-17 00:32:41,050] {local_task_job.py:264} INFO - 0 downstream tasks scheduled from follow-on schedule check
