[2022-05-17 00:33:01,712] {taskinstance.py:1035} INFO - Dependencies all met for <TaskInstance: model_level_dbt_dag.dbt_run.model.jaffle_shop.stg_jaffle_shop__orders scheduled__2022-05-15T16:00:47.250021+00:00 [queued]>
[2022-05-17 00:33:01,727] {taskinstance.py:1035} INFO - Dependencies all met for <TaskInstance: model_level_dbt_dag.dbt_run.model.jaffle_shop.stg_jaffle_shop__orders scheduled__2022-05-15T16:00:47.250021+00:00 [queued]>
[2022-05-17 00:33:01,730] {taskinstance.py:1241} INFO - 
--------------------------------------------------------------------------------
[2022-05-17 00:33:01,732] {taskinstance.py:1242} INFO - Starting attempt 4 of 7
[2022-05-17 00:33:01,736] {taskinstance.py:1243} INFO - 
--------------------------------------------------------------------------------
[2022-05-17 00:33:01,752] {taskinstance.py:1262} INFO - Executing <Task(BashOperator): dbt_run.model.jaffle_shop.stg_jaffle_shop__orders> on 2022-05-15 16:00:47.250021+00:00
[2022-05-17 00:33:01,757] {standard_task_runner.py:52} INFO - Started process 1783 to run task
[2022-05-17 00:33:01,762] {standard_task_runner.py:76} INFO - Running: ['***', 'tasks', 'run', 'model_level_dbt_dag', 'dbt_run.model.jaffle_shop.stg_jaffle_shop__orders', 'scheduled__2022-05-15T16:00:47.250021+00:00', '--job-id', '480', '--raw', '--subdir', 'DAGS_FOLDER/model_level_dbt_dag.py', '--cfg-path', '/tmp/tmpzu5_j5f_', '--error-file', '/tmp/tmp_hbu86sk']
[2022-05-17 00:33:01,764] {standard_task_runner.py:77} INFO - Job 480: Subtask dbt_run.model.jaffle_shop.stg_jaffle_shop__orders
[2022-05-17 00:33:01,851] {logging_mixin.py:109} INFO - Running <TaskInstance: model_level_dbt_dag.dbt_run.model.jaffle_shop.stg_jaffle_shop__orders scheduled__2022-05-15T16:00:47.250021+00:00 [running]> on host a97e89df0c52
[2022-05-17 00:33:01,919] {taskinstance.py:1429} INFO - Exporting the following env vars:
AIRFLOW_CTX_DAG_OWNER=luciano.naveiro
AIRFLOW_CTX_DAG_ID=model_level_dbt_dag
AIRFLOW_CTX_TASK_ID=dbt_run.model.jaffle_shop.stg_jaffle_shop__orders
AIRFLOW_CTX_EXECUTION_DATE=2022-05-15T16:00:47.250021+00:00
AIRFLOW_CTX_DAG_RUN_ID=scheduled__2022-05-15T16:00:47.250021+00:00
[2022-05-17 00:33:01,922] {subprocess.py:62} INFO - Tmp dir root location: 
 /tmp
[2022-05-17 00:33:01,925] {subprocess.py:74} INFO - Running command: ['bash', '-c', 'dbt --no-write-json run --target dev --models stg_jaffle_shop__orders --profiles-dir /opt/dbt/jaffle_shop --project-dir /opt/dbt/jaffle_shop']
[2022-05-17 00:33:01,950] {subprocess.py:85} INFO - Output:
[2022-05-17 00:33:04,917] {subprocess.py:89} INFO - 00:33:04  Running with dbt=1.1.0
[2022-05-17 00:33:05,016] {subprocess.py:89} INFO - 00:33:05  Found 5 models, 13 tests, 0 snapshots, 0 analyses, 170 macros, 0 operations, 0 seed files, 3 sources, 0 exposures, 0 metrics
[2022-05-17 00:33:05,021] {subprocess.py:89} INFO - 00:33:05
[2022-05-17 00:33:05,139] {subprocess.py:89} INFO - 00:33:05  Concurrency: 1 threads (target='dev')
[2022-05-17 00:33:05,140] {subprocess.py:89} INFO - 00:33:05
[2022-05-17 00:33:05,149] {subprocess.py:89} INFO - 00:33:05  1 of 1 START view model dev.stg_jaffle_shop__orders ............................ [RUN]
[2022-05-17 00:33:05,262] {subprocess.py:89} INFO - 00:33:05  1 of 1 OK created view model dev.stg_jaffle_shop__orders ....................... [[32mCREATE VIEW[0m in 0.11s]
[2022-05-17 00:33:05,380] {subprocess.py:89} INFO - 00:33:05
[2022-05-17 00:33:05,382] {subprocess.py:89} INFO - 00:33:05  Finished running 1 view model in 0.36s.
[2022-05-17 00:33:05,389] {subprocess.py:89} INFO - 00:33:05
[2022-05-17 00:33:05,391] {subprocess.py:89} INFO - 00:33:05  [32mCompleted successfully[0m
[2022-05-17 00:33:05,393] {subprocess.py:89} INFO - 00:33:05
[2022-05-17 00:33:05,395] {subprocess.py:89} INFO - 00:33:05  Done. PASS=1 WARN=0 ERROR=0 SKIP=0 TOTAL=1
[2022-05-17 00:33:06,474] {subprocess.py:93} INFO - Command exited with return code 0
[2022-05-17 00:33:06,510] {taskinstance.py:1280} INFO - Marking task as SUCCESS. dag_id=model_level_dbt_dag, task_id=dbt_run.model.jaffle_shop.stg_jaffle_shop__orders, execution_date=20220515T160047, start_date=20220517T003301, end_date=20220517T003306
[2022-05-17 00:33:06,554] {local_task_job.py:154} INFO - Task exited with return code 0
[2022-05-17 00:33:06,611] {local_task_job.py:264} INFO - 0 downstream tasks scheduled from follow-on schedule check
