[2022-05-17 00:35:23,933] {taskinstance.py:1035} INFO - Dependencies all met for <TaskInstance: model_level_dbt_dag.dbt_run.model.jaffle_shop.stg_jaffle_shop__orders scheduled__2022-05-15T16:00:47.250021+00:00 [queued]>
[2022-05-17 00:35:23,947] {taskinstance.py:1035} INFO - Dependencies all met for <TaskInstance: model_level_dbt_dag.dbt_run.model.jaffle_shop.stg_jaffle_shop__orders scheduled__2022-05-15T16:00:47.250021+00:00 [queued]>
[2022-05-17 00:35:23,948] {taskinstance.py:1241} INFO - 
--------------------------------------------------------------------------------
[2022-05-17 00:35:23,949] {taskinstance.py:1242} INFO - Starting attempt 6 of 9
[2022-05-17 00:35:23,949] {taskinstance.py:1243} INFO - 
--------------------------------------------------------------------------------
[2022-05-17 00:35:23,964] {taskinstance.py:1262} INFO - Executing <Task(BashOperator): dbt_run.model.jaffle_shop.stg_jaffle_shop__orders> on 2022-05-15 16:00:47.250021+00:00
[2022-05-17 00:35:23,970] {standard_task_runner.py:52} INFO - Started process 1934 to run task
[2022-05-17 00:35:23,974] {standard_task_runner.py:76} INFO - Running: ['***', 'tasks', 'run', 'model_level_dbt_dag', 'dbt_run.model.jaffle_shop.stg_jaffle_shop__orders', 'scheduled__2022-05-15T16:00:47.250021+00:00', '--job-id', '484', '--raw', '--subdir', 'DAGS_FOLDER/model_level_dbt_dag.py', '--cfg-path', '/tmp/tmp36k3bjc7', '--error-file', '/tmp/tmpdk8oronw']
[2022-05-17 00:35:23,975] {standard_task_runner.py:77} INFO - Job 484: Subtask dbt_run.model.jaffle_shop.stg_jaffle_shop__orders
[2022-05-17 00:35:24,034] {logging_mixin.py:109} INFO - Running <TaskInstance: model_level_dbt_dag.dbt_run.model.jaffle_shop.stg_jaffle_shop__orders scheduled__2022-05-15T16:00:47.250021+00:00 [running]> on host a97e89df0c52
[2022-05-17 00:35:24,102] {taskinstance.py:1429} INFO - Exporting the following env vars:
AIRFLOW_CTX_DAG_OWNER=luciano.naveiro
AIRFLOW_CTX_DAG_ID=model_level_dbt_dag
AIRFLOW_CTX_TASK_ID=dbt_run.model.jaffle_shop.stg_jaffle_shop__orders
AIRFLOW_CTX_EXECUTION_DATE=2022-05-15T16:00:47.250021+00:00
AIRFLOW_CTX_DAG_RUN_ID=scheduled__2022-05-15T16:00:47.250021+00:00
[2022-05-17 00:35:24,105] {subprocess.py:62} INFO - Tmp dir root location: 
 /tmp
[2022-05-17 00:35:24,108] {subprocess.py:74} INFO - Running command: ['bash', '-c', 'dbt --no-write-json run --target dev --models stg_jaffle_shop__orders --profiles-dir /opt/dbt/jaffle_shop --project-dir /opt/dbt/jaffle_shop']
[2022-05-17 00:35:24,123] {subprocess.py:85} INFO - Output:
[2022-05-17 00:35:27,338] {subprocess.py:89} INFO - 00:35:27  Running with dbt=1.1.0
[2022-05-17 00:35:27,444] {subprocess.py:89} INFO - 00:35:27  Found 5 models, 13 tests, 0 snapshots, 0 analyses, 170 macros, 0 operations, 0 seed files, 3 sources, 0 exposures, 0 metrics
[2022-05-17 00:35:27,449] {subprocess.py:89} INFO - 00:35:27
[2022-05-17 00:35:27,594] {subprocess.py:89} INFO - 00:35:27  Concurrency: 1 threads (target='dev')
[2022-05-17 00:35:27,597] {subprocess.py:89} INFO - 00:35:27
[2022-05-17 00:35:27,609] {subprocess.py:89} INFO - 00:35:27  1 of 1 START view model dev.stg_jaffle_shop__orders ............................ [RUN]
[2022-05-17 00:35:27,785] {subprocess.py:89} INFO - 00:35:27  1 of 1 OK created view model dev.stg_jaffle_shop__orders ....................... [[32mCREATE VIEW[0m in 0.17s]
[2022-05-17 00:35:27,827] {subprocess.py:89} INFO - 00:35:27
[2022-05-17 00:35:27,828] {subprocess.py:89} INFO - 00:35:27  Finished running 1 view model in 0.37s.
[2022-05-17 00:35:27,833] {subprocess.py:89} INFO - 00:35:27
[2022-05-17 00:35:27,834] {subprocess.py:89} INFO - 00:35:27  [32mCompleted successfully[0m
[2022-05-17 00:35:27,836] {subprocess.py:89} INFO - 00:35:27
[2022-05-17 00:35:27,838] {subprocess.py:89} INFO - 00:35:27  Done. PASS=1 WARN=0 ERROR=0 SKIP=0 TOTAL=1
[2022-05-17 00:35:28,904] {subprocess.py:93} INFO - Command exited with return code 0
[2022-05-17 00:35:28,939] {taskinstance.py:1280} INFO - Marking task as SUCCESS. dag_id=model_level_dbt_dag, task_id=dbt_run.model.jaffle_shop.stg_jaffle_shop__orders, execution_date=20220515T160047, start_date=20220517T003523, end_date=20220517T003528
[2022-05-17 00:35:28,993] {local_task_job.py:154} INFO - Task exited with return code 0
[2022-05-17 00:35:29,055] {local_task_job.py:264} INFO - 0 downstream tasks scheduled from follow-on schedule check
