[2022-05-18 22:33:39,584] {taskinstance.py:1035} INFO - Dependencies all met for <TaskInstance: model_level_dbt_great_expectations_dag.dbt_run.model.jaffle_shop.fct_customer_orders scheduled__2022-05-17T22:12:00.138285+00:00 [queued]>
[2022-05-18 22:33:39,597] {taskinstance.py:1035} INFO - Dependencies all met for <TaskInstance: model_level_dbt_great_expectations_dag.dbt_run.model.jaffle_shop.fct_customer_orders scheduled__2022-05-17T22:12:00.138285+00:00 [queued]>
[2022-05-18 22:33:39,598] {taskinstance.py:1241} INFO - 
--------------------------------------------------------------------------------
[2022-05-18 22:33:39,599] {taskinstance.py:1242} INFO - Starting attempt 1 of 4
[2022-05-18 22:33:39,600] {taskinstance.py:1243} INFO - 
--------------------------------------------------------------------------------
[2022-05-18 22:33:39,613] {taskinstance.py:1262} INFO - Executing <Task(BashOperator): dbt_run.model.jaffle_shop.fct_customer_orders> on 2022-05-17 22:12:00.138285+00:00
[2022-05-18 22:33:39,621] {standard_task_runner.py:52} INFO - Started process 249 to run task
[2022-05-18 22:33:39,626] {standard_task_runner.py:76} INFO - Running: ['***', 'tasks', 'run', 'model_level_dbt_great_expectations_dag', 'dbt_run.model.jaffle_shop.fct_customer_orders', 'scheduled__2022-05-17T22:12:00.138285+00:00', '--job-id', '105', '--raw', '--subdir', 'DAGS_FOLDER/model_level_dbt_great_expectations_dag.py', '--cfg-path', '/tmp/tmp_8y3lop9', '--error-file', '/tmp/tmp1szq2ao3']
[2022-05-18 22:33:39,627] {standard_task_runner.py:77} INFO - Job 105: Subtask dbt_run.model.jaffle_shop.fct_customer_orders
[2022-05-18 22:33:39,684] {logging_mixin.py:109} INFO - Running <TaskInstance: model_level_dbt_great_expectations_dag.dbt_run.model.jaffle_shop.fct_customer_orders scheduled__2022-05-17T22:12:00.138285+00:00 [running]> on host 3db539bd1596
[2022-05-18 22:33:39,756] {taskinstance.py:1429} INFO - Exporting the following env vars:
AIRFLOW_CTX_DAG_OWNER=luciano.naveiro
AIRFLOW_CTX_DAG_ID=model_level_dbt_great_expectations_dag
AIRFLOW_CTX_TASK_ID=dbt_run.model.jaffle_shop.fct_customer_orders
AIRFLOW_CTX_EXECUTION_DATE=2022-05-17T22:12:00.138285+00:00
AIRFLOW_CTX_DAG_RUN_ID=scheduled__2022-05-17T22:12:00.138285+00:00
[2022-05-18 22:33:39,758] {subprocess.py:62} INFO - Tmp dir root location: 
 /tmp
[2022-05-18 22:33:39,760] {subprocess.py:74} INFO - Running command: ['bash', '-c', 'dbt --no-write-json run --target dev --models fct_customer_orders --profiles-dir /opt/dbt/jaffle_shop --project-dir /opt/dbt/jaffle_shop']
[2022-05-18 22:33:39,783] {subprocess.py:85} INFO - Output:
[2022-05-18 22:33:44,883] {subprocess.py:89} INFO - 22:33:44  Running with dbt=1.1.0
[2022-05-18 22:33:45,006] {subprocess.py:89} INFO - 22:33:45  Found 5 models, 13 tests, 0 snapshots, 0 analyses, 170 macros, 0 operations, 0 seed files, 3 sources, 0 exposures, 0 metrics
[2022-05-18 22:33:45,013] {subprocess.py:89} INFO - 22:33:45
[2022-05-18 22:33:45,229] {subprocess.py:89} INFO - 22:33:45  Concurrency: 1 threads (target='dev')
[2022-05-18 22:33:45,234] {subprocess.py:89} INFO - 22:33:45
[2022-05-18 22:33:45,254] {subprocess.py:89} INFO - 22:33:45  1 of 1 START table model dev.fct_customer_orders ............................... [RUN]
[2022-05-18 22:33:45,528] {subprocess.py:89} INFO - 22:33:45  1 of 1 OK created table model dev.fct_customer_orders .......................... [[32mSELECT 99[0m in 0.27s]
[2022-05-18 22:33:45,586] {subprocess.py:89} INFO - 22:33:45
[2022-05-18 22:33:45,589] {subprocess.py:89} INFO - 22:33:45  Finished running 1 table model in 0.57s.
[2022-05-18 22:33:45,598] {subprocess.py:89} INFO - 22:33:45
[2022-05-18 22:33:45,602] {subprocess.py:89} INFO - 22:33:45  [32mCompleted successfully[0m
[2022-05-18 22:33:45,605] {subprocess.py:89} INFO - 22:33:45
[2022-05-18 22:33:45,608] {subprocess.py:89} INFO - 22:33:45  Done. PASS=1 WARN=0 ERROR=0 SKIP=0 TOTAL=1
[2022-05-18 22:33:46,793] {subprocess.py:93} INFO - Command exited with return code 0
[2022-05-18 22:33:46,840] {taskinstance.py:1280} INFO - Marking task as SUCCESS. dag_id=model_level_dbt_great_expectations_dag, task_id=dbt_run.model.jaffle_shop.fct_customer_orders, execution_date=20220517T221200, start_date=20220518T223339, end_date=20220518T223346
[2022-05-18 22:33:46,879] {local_task_job.py:154} INFO - Task exited with return code 0
[2022-05-18 22:33:46,941] {local_task_job.py:264} INFO - 1 downstream tasks scheduled from follow-on schedule check
