[2022-05-18 23:02:09,444] {taskinstance.py:1035} INFO - Dependencies all met for <TaskInstance: model_level_dbt_great_expectations_dag.dbt_run.model.jaffle_shop.fct_customer_orders scheduled__2022-05-17T22:12:00.138285+00:00 [queued]>
[2022-05-18 23:02:09,465] {taskinstance.py:1035} INFO - Dependencies all met for <TaskInstance: model_level_dbt_great_expectations_dag.dbt_run.model.jaffle_shop.fct_customer_orders scheduled__2022-05-17T22:12:00.138285+00:00 [queued]>
[2022-05-18 23:02:09,466] {taskinstance.py:1241} INFO - 
--------------------------------------------------------------------------------
[2022-05-18 23:02:09,467] {taskinstance.py:1242} INFO - Starting attempt 2 of 5
[2022-05-18 23:02:09,468] {taskinstance.py:1243} INFO - 
--------------------------------------------------------------------------------
[2022-05-18 23:02:09,488] {taskinstance.py:1262} INFO - Executing <Task(BashOperator): dbt_run.model.jaffle_shop.fct_customer_orders> on 2022-05-17 22:12:00.138285+00:00
[2022-05-18 23:02:09,501] {standard_task_runner.py:52} INFO - Started process 319 to run task
[2022-05-18 23:02:09,511] {standard_task_runner.py:76} INFO - Running: ['***', 'tasks', 'run', 'model_level_dbt_great_expectations_dag', 'dbt_run.model.jaffle_shop.fct_customer_orders', 'scheduled__2022-05-17T22:12:00.138285+00:00', '--job-id', '135', '--raw', '--subdir', 'DAGS_FOLDER/model_level_dbt_great_expectations_dag.py', '--cfg-path', '/tmp/tmph60s5ta1', '--error-file', '/tmp/tmp3v205mhg']
[2022-05-18 23:02:09,515] {standard_task_runner.py:77} INFO - Job 135: Subtask dbt_run.model.jaffle_shop.fct_customer_orders
[2022-05-18 23:02:09,617] {logging_mixin.py:109} INFO - Running <TaskInstance: model_level_dbt_great_expectations_dag.dbt_run.model.jaffle_shop.fct_customer_orders scheduled__2022-05-17T22:12:00.138285+00:00 [running]> on host 3d7cb1bfa13d
[2022-05-18 23:02:09,702] {taskinstance.py:1429} INFO - Exporting the following env vars:
AIRFLOW_CTX_DAG_OWNER=luciano.naveiro
AIRFLOW_CTX_DAG_ID=model_level_dbt_great_expectations_dag
AIRFLOW_CTX_TASK_ID=dbt_run.model.jaffle_shop.fct_customer_orders
AIRFLOW_CTX_EXECUTION_DATE=2022-05-17T22:12:00.138285+00:00
AIRFLOW_CTX_DAG_RUN_ID=scheduled__2022-05-17T22:12:00.138285+00:00
[2022-05-18 23:02:09,703] {subprocess.py:62} INFO - Tmp dir root location: 
 /tmp
[2022-05-18 23:02:09,705] {subprocess.py:74} INFO - Running command: ['bash', '-c', 'dbt --no-write-json run --target dev --models fct_customer_orders --profiles-dir /opt/dbt/jaffle_shop --project-dir /opt/dbt/jaffle_shop']
[2022-05-18 23:02:09,724] {subprocess.py:85} INFO - Output:
[2022-05-18 23:02:13,748] {subprocess.py:89} INFO - 23:02:13  Running with dbt=1.1.0
[2022-05-18 23:02:13,857] {subprocess.py:89} INFO - 23:02:13  Found 5 models, 13 tests, 0 snapshots, 0 analyses, 170 macros, 0 operations, 0 seed files, 3 sources, 0 exposures, 0 metrics
[2022-05-18 23:02:13,862] {subprocess.py:89} INFO - 23:02:13
[2022-05-18 23:02:14,013] {subprocess.py:89} INFO - 23:02:14  Concurrency: 1 threads (target='dev')
[2022-05-18 23:02:14,016] {subprocess.py:89} INFO - 23:02:14
[2022-05-18 23:02:14,029] {subprocess.py:89} INFO - 23:02:14  1 of 1 START table model dev.fct_customer_orders ............................... [RUN]
[2022-05-18 23:02:14,184] {subprocess.py:89} INFO - 23:02:14  1 of 1 OK created table model dev.fct_customer_orders .......................... [[32mSELECT 99[0m in 0.15s]
[2022-05-18 23:02:14,255] {subprocess.py:89} INFO - 23:02:14
[2022-05-18 23:02:14,256] {subprocess.py:89} INFO - 23:02:14  Finished running 1 table model in 0.39s.
[2022-05-18 23:02:14,261] {subprocess.py:89} INFO - 23:02:14
[2022-05-18 23:02:14,264] {subprocess.py:89} INFO - 23:02:14  [32mCompleted successfully[0m
[2022-05-18 23:02:14,268] {subprocess.py:89} INFO - 23:02:14
[2022-05-18 23:02:14,271] {subprocess.py:89} INFO - 23:02:14  Done. PASS=1 WARN=0 ERROR=0 SKIP=0 TOTAL=1
[2022-05-18 23:02:15,386] {subprocess.py:93} INFO - Command exited with return code 0
[2022-05-18 23:02:15,422] {taskinstance.py:1280} INFO - Marking task as SUCCESS. dag_id=model_level_dbt_great_expectations_dag, task_id=dbt_run.model.jaffle_shop.fct_customer_orders, execution_date=20220517T221200, start_date=20220518T230209, end_date=20220518T230215
[2022-05-18 23:02:15,481] {local_task_job.py:154} INFO - Task exited with return code 0
[2022-05-18 23:02:15,540] {local_task_job.py:264} INFO - 1 downstream tasks scheduled from follow-on schedule check
