[2022-05-18 23:32:18,437] {taskinstance.py:1035} INFO - Dependencies all met for <TaskInstance: model_level_dbt_great_expectations_dag.dbt_run.model.jaffle_shop.fct_customer_orders scheduled__2022-05-17T22:12:00.138285+00:00 [queued]>
[2022-05-18 23:32:18,458] {taskinstance.py:1035} INFO - Dependencies all met for <TaskInstance: model_level_dbt_great_expectations_dag.dbt_run.model.jaffle_shop.fct_customer_orders scheduled__2022-05-17T22:12:00.138285+00:00 [queued]>
[2022-05-18 23:32:18,460] {taskinstance.py:1241} INFO - 
--------------------------------------------------------------------------------
[2022-05-18 23:32:18,461] {taskinstance.py:1242} INFO - Starting attempt 3 of 6
[2022-05-18 23:32:18,462] {taskinstance.py:1243} INFO - 
--------------------------------------------------------------------------------
[2022-05-18 23:32:18,484] {taskinstance.py:1262} INFO - Executing <Task(BashOperator): dbt_run.model.jaffle_shop.fct_customer_orders> on 2022-05-17 22:12:00.138285+00:00
[2022-05-18 23:32:18,495] {standard_task_runner.py:52} INFO - Started process 326 to run task
[2022-05-18 23:32:18,514] {standard_task_runner.py:76} INFO - Running: ['***', 'tasks', 'run', 'model_level_dbt_great_expectations_dag', 'dbt_run.model.jaffle_shop.fct_customer_orders', 'scheduled__2022-05-17T22:12:00.138285+00:00', '--job-id', '166', '--raw', '--subdir', 'DAGS_FOLDER/model_level_dbt_great_expectations_dag.py', '--cfg-path', '/tmp/tmpee9zacci', '--error-file', '/tmp/tmp_ydf0phr']
[2022-05-18 23:32:18,519] {standard_task_runner.py:77} INFO - Job 166: Subtask dbt_run.model.jaffle_shop.fct_customer_orders
[2022-05-18 23:32:18,635] {logging_mixin.py:109} INFO - Running <TaskInstance: model_level_dbt_great_expectations_dag.dbt_run.model.jaffle_shop.fct_customer_orders scheduled__2022-05-17T22:12:00.138285+00:00 [running]> on host d4b673e28191
[2022-05-18 23:32:18,778] {taskinstance.py:1429} INFO - Exporting the following env vars:
AIRFLOW_CTX_DAG_OWNER=luciano.naveiro
AIRFLOW_CTX_DAG_ID=model_level_dbt_great_expectations_dag
AIRFLOW_CTX_TASK_ID=dbt_run.model.jaffle_shop.fct_customer_orders
AIRFLOW_CTX_EXECUTION_DATE=2022-05-17T22:12:00.138285+00:00
AIRFLOW_CTX_DAG_RUN_ID=scheduled__2022-05-17T22:12:00.138285+00:00
[2022-05-18 23:32:18,781] {subprocess.py:62} INFO - Tmp dir root location: 
 /tmp
[2022-05-18 23:32:18,784] {subprocess.py:74} INFO - Running command: ['bash', '-c', 'dbt --no-write-json run --target dev --models fct_customer_orders --profiles-dir /opt/dbt/jaffle_shop --project-dir /opt/dbt/jaffle_shop']
[2022-05-18 23:32:18,820] {subprocess.py:85} INFO - Output:
[2022-05-18 23:32:23,617] {subprocess.py:89} INFO - 23:32:23  Running with dbt=1.1.0
[2022-05-18 23:32:23,785] {subprocess.py:89} INFO - 23:32:23  Found 5 models, 13 tests, 0 snapshots, 0 analyses, 170 macros, 0 operations, 0 seed files, 3 sources, 0 exposures, 0 metrics
[2022-05-18 23:32:23,792] {subprocess.py:89} INFO - 23:32:23
[2022-05-18 23:32:24,022] {subprocess.py:89} INFO - 23:32:24  Concurrency: 1 threads (target='dev')
[2022-05-18 23:32:24,024] {subprocess.py:89} INFO - 23:32:24
[2022-05-18 23:32:24,040] {subprocess.py:89} INFO - 23:32:24  1 of 1 START table model dev.fct_customer_orders ............................... [RUN]
[2022-05-18 23:32:24,238] {subprocess.py:89} INFO - 23:32:24  1 of 1 OK created table model dev.fct_customer_orders .......................... [[32mSELECT 99[0m in 0.18s]
[2022-05-18 23:32:24,389] {subprocess.py:89} INFO - 23:32:24
[2022-05-18 23:32:24,397] {subprocess.py:89} INFO - 23:32:24  Finished running 1 table model in 0.59s.
[2022-05-18 23:32:24,405] {subprocess.py:89} INFO - 23:32:24
[2022-05-18 23:32:24,408] {subprocess.py:89} INFO - 23:32:24  [32mCompleted successfully[0m
[2022-05-18 23:32:24,411] {subprocess.py:89} INFO - 23:32:24
[2022-05-18 23:32:24,414] {subprocess.py:89} INFO - 23:32:24  Done. PASS=1 WARN=0 ERROR=0 SKIP=0 TOTAL=1
[2022-05-18 23:32:25,538] {subprocess.py:93} INFO - Command exited with return code 0
[2022-05-18 23:32:25,571] {taskinstance.py:1280} INFO - Marking task as SUCCESS. dag_id=model_level_dbt_great_expectations_dag, task_id=dbt_run.model.jaffle_shop.fct_customer_orders, execution_date=20220517T221200, start_date=20220518T233218, end_date=20220518T233225
[2022-05-18 23:32:25,674] {local_task_job.py:154} INFO - Task exited with return code 0
[2022-05-18 23:32:25,733] {local_task_job.py:264} INFO - 1 downstream tasks scheduled from follow-on schedule check
