[2022-05-18 22:37:39,444] {taskinstance.py:1035} INFO - Dependencies all met for <TaskInstance: model_level_dbt_great_expectations_dag.great_expectations_sources.sources.jaffle_shop__orders scheduled__2022-05-17T22:12:00.138285+00:00 [queued]>
[2022-05-18 22:37:39,502] {taskinstance.py:1035} INFO - Dependencies all met for <TaskInstance: model_level_dbt_great_expectations_dag.great_expectations_sources.sources.jaffle_shop__orders scheduled__2022-05-17T22:12:00.138285+00:00 [queued]>
[2022-05-18 22:37:39,503] {taskinstance.py:1241} INFO - 
--------------------------------------------------------------------------------
[2022-05-18 22:37:39,505] {taskinstance.py:1242} INFO - Starting attempt 1 of 4
[2022-05-18 22:37:39,507] {taskinstance.py:1243} INFO - 
--------------------------------------------------------------------------------
[2022-05-18 22:37:39,569] {taskinstance.py:1262} INFO - Executing <Task(GreatExpectationsOperator): great_expectations_sources.sources.jaffle_shop__orders> on 2022-05-17 22:12:00.138285+00:00
[2022-05-18 22:37:39,603] {standard_task_runner.py:52} INFO - Started process 580 to run task
[2022-05-18 22:37:39,631] {standard_task_runner.py:76} INFO - Running: ['***', 'tasks', 'run', 'model_level_dbt_great_expectations_dag', 'great_expectations_sources.sources.jaffle_shop__orders', 'scheduled__2022-05-17T22:12:00.138285+00:00', '--job-id', '117', '--raw', '--subdir', 'DAGS_FOLDER/model_level_dbt_great_expectations_dag.py', '--cfg-path', '/tmp/tmpvicwhumv', '--error-file', '/tmp/tmpz6axahx9']
[2022-05-18 22:37:39,641] {standard_task_runner.py:77} INFO - Job 117: Subtask great_expectations_sources.sources.jaffle_shop__orders
[2022-05-18 22:37:39,742] {logging_mixin.py:109} INFO - Running <TaskInstance: model_level_dbt_great_expectations_dag.great_expectations_sources.sources.jaffle_shop__orders scheduled__2022-05-17T22:12:00.138285+00:00 [running]> on host 3db539bd1596
[2022-05-18 22:37:40,097] {taskinstance.py:1429} INFO - Exporting the following env vars:
AIRFLOW_CTX_DAG_OWNER=luciano.naveiro
AIRFLOW_CTX_DAG_ID=model_level_dbt_great_expectations_dag
AIRFLOW_CTX_TASK_ID=great_expectations_sources.sources.jaffle_shop__orders
AIRFLOW_CTX_EXECUTION_DATE=2022-05-17T22:12:00.138285+00:00
AIRFLOW_CTX_DAG_RUN_ID=scheduled__2022-05-17T22:12:00.138285+00:00
[2022-05-18 22:37:40,100] {great_expectations.py:122} INFO - Running validation with Great Expectations...
[2022-05-18 22:37:40,102] {great_expectations.py:125} INFO - Ensuring data context is valid...
[2022-05-18 22:37:42,278] {sqlalchemy_execution_engine.py:404} WARNING - schema_name specified creating a URL with schema is not supported. Set a default schema on the user connecting to your database.
[2022-05-18 22:37:42,296] {logging_mixin.py:109} WARNING - /home/***/.local/lib/python3.7/site-packages/great_expectations/datasource/data_connector/runtime_data_connector.py:135 DeprecationWarning: Specifying batch_identifiers as part of the RuntimeDataConnector config is deprecated as of v0.15.1 and will be removed by v0.18. Please configure batch_identifiers as part of Assets instead.
[2022-05-18 22:37:48,758] {validator.py:1669} INFO - 	15 expectation(s) included in expectation_suite.
[2022-05-18 22:37:49,238] {logging_mixin.py:109} WARNING - Calculating Metrics:   0%|          | 0/33 [00:00<?, ?it/s]
[2022-05-18 22:37:49,241] {logging_mixin.py:109} WARNING - Calculating Metrics:   0%|          | 0/33 [00:00<?, ?it/s]
[2022-05-18 22:37:49,282] {logging_mixin.py:109} WARNING - Calculating Metrics:   6%|6         | 2/33 [00:00<00:00, 48.47it/s]
[2022-05-18 22:37:49,420] {logging_mixin.py:109} WARNING - Calculating Metrics:  12%|#2        | 4/33 [00:00<00:01, 22.41it/s]
[2022-05-18 22:37:49,421] {logging_mixin.py:109} WARNING - Calculating Metrics:  12%|#2        | 4/33 [00:00<00:01, 22.41it/s]
[2022-05-18 22:37:49,526] {logging_mixin.py:109} WARNING - Calculating Metrics:  36%|###6      | 12/33 [00:00<00:00, 46.59it/s]
[2022-05-18 22:37:49,529] {logging_mixin.py:109} WARNING - Calculating Metrics:  36%|###6      | 12/33 [00:00<00:00, 46.59it/s]
[2022-05-18 22:37:49,702] {logging_mixin.py:109} WARNING - Calculating Metrics:  82%|########1 | 27/33 [00:00<00:00, 66.80it/s]
[2022-05-18 22:37:49,703] {logging_mixin.py:109} WARNING - Calculating Metrics:  82%|########1 | 27/33 [00:00<00:00, 66.80it/s]
[2022-05-18 22:37:49,825] {logging_mixin.py:109} WARNING - Calculating Metrics: 100%|##########| 33/33 [00:00<00:00, 66.80it/s]
[2022-05-18 22:37:49,859] {logging_mixin.py:109} WARNING - Calculating Metrics: 100%|##########| 33/33 [00:00<00:00, 66.80it/s]
[2022-05-18 22:37:49,861] {logging_mixin.py:109} WARNING - Calculating Metrics: 100%|##########| 33/33 [00:00<00:00, 53.24it/s]
[2022-05-18 22:37:49,862] {logging_mixin.py:109} WARNING - 
[2022-05-18 22:37:58,194] {great_expectations.py:197} INFO - Validation with Great Expectations successful.
[2022-05-18 22:37:58,331] {taskinstance.py:1280} INFO - Marking task as SUCCESS. dag_id=model_level_dbt_great_expectations_dag, task_id=great_expectations_sources.sources.jaffle_shop__orders, execution_date=20220517T221200, start_date=20220518T223739, end_date=20220518T223758
[2022-05-18 22:37:58,484] {local_task_job.py:154} INFO - Task exited with return code 0
[2022-05-18 22:37:58,757] {local_task_job.py:264} INFO - 0 downstream tasks scheduled from follow-on schedule check
