[2022-05-18 23:31:11,912] {taskinstance.py:1035} INFO - Dependencies all met for <TaskInstance: model_level_dbt_great_expectations_dag.great_expectations_sources.sources.jaffle_shop__orders scheduled__2022-05-17T22:12:00.138285+00:00 [queued]>
[2022-05-18 23:31:11,931] {taskinstance.py:1035} INFO - Dependencies all met for <TaskInstance: model_level_dbt_great_expectations_dag.great_expectations_sources.sources.jaffle_shop__orders scheduled__2022-05-17T22:12:00.138285+00:00 [queued]>
[2022-05-18 23:31:11,932] {taskinstance.py:1241} INFO - 
--------------------------------------------------------------------------------
[2022-05-18 23:31:11,933] {taskinstance.py:1242} INFO - Starting attempt 3 of 6
[2022-05-18 23:31:11,934] {taskinstance.py:1243} INFO - 
--------------------------------------------------------------------------------
[2022-05-18 23:31:11,950] {taskinstance.py:1262} INFO - Executing <Task(GreatExpectationsOperator): great_expectations_sources.sources.jaffle_shop__orders> on 2022-05-17 22:12:00.138285+00:00
[2022-05-18 23:31:11,963] {standard_task_runner.py:52} INFO - Started process 165 to run task
[2022-05-18 23:31:11,983] {standard_task_runner.py:76} INFO - Running: ['***', 'tasks', 'run', 'model_level_dbt_great_expectations_dag', 'great_expectations_sources.sources.jaffle_shop__orders', 'scheduled__2022-05-17T22:12:00.138285+00:00', '--job-id', '157', '--raw', '--subdir', 'DAGS_FOLDER/model_level_dbt_great_expectations_dag.py', '--cfg-path', '/tmp/tmpm8g3jqiz', '--error-file', '/tmp/tmpgl_fnp91']
[2022-05-18 23:31:11,985] {standard_task_runner.py:77} INFO - Job 157: Subtask great_expectations_sources.sources.jaffle_shop__orders
[2022-05-18 23:31:12,124] {logging_mixin.py:109} INFO - Running <TaskInstance: model_level_dbt_great_expectations_dag.great_expectations_sources.sources.jaffle_shop__orders scheduled__2022-05-17T22:12:00.138285+00:00 [running]> on host d4b673e28191
[2022-05-18 23:31:12,222] {taskinstance.py:1429} INFO - Exporting the following env vars:
AIRFLOW_CTX_DAG_OWNER=luciano.naveiro
AIRFLOW_CTX_DAG_ID=model_level_dbt_great_expectations_dag
AIRFLOW_CTX_TASK_ID=great_expectations_sources.sources.jaffle_shop__orders
AIRFLOW_CTX_EXECUTION_DATE=2022-05-17T22:12:00.138285+00:00
AIRFLOW_CTX_DAG_RUN_ID=scheduled__2022-05-17T22:12:00.138285+00:00
[2022-05-18 23:31:12,224] {great_expectations.py:122} INFO - Running validation with Great Expectations...
[2022-05-18 23:31:12,225] {great_expectations.py:125} INFO - Ensuring data context is valid...
[2022-05-18 23:31:13,296] {sqlalchemy_execution_engine.py:404} WARNING - schema_name specified creating a URL with schema is not supported. Set a default schema on the user connecting to your database.
[2022-05-18 23:31:13,308] {logging_mixin.py:109} WARNING - /home/***/.local/lib/python3.7/site-packages/great_expectations/datasource/data_connector/runtime_data_connector.py:135 DeprecationWarning: Specifying batch_identifiers as part of the RuntimeDataConnector config is deprecated as of v0.15.1 and will be removed by v0.18. Please configure batch_identifiers as part of Assets instead.
[2022-05-18 23:31:14,591] {validator.py:1669} INFO - 	15 expectation(s) included in expectation_suite.
[2022-05-18 23:31:14,823] {logging_mixin.py:109} WARNING - Calculating Metrics:   0%|          | 0/33 [00:00<?, ?it/s]
[2022-05-18 23:31:14,824] {logging_mixin.py:109} WARNING - Calculating Metrics:   0%|          | 0/33 [00:00<?, ?it/s]
[2022-05-18 23:31:14,842] {logging_mixin.py:109} WARNING - Calculating Metrics:   6%|6         | 2/33 [00:00<00:00, 111.77it/s]
[2022-05-18 23:31:14,877] {logging_mixin.py:109} WARNING - Calculating Metrics:  12%|#2        | 4/33 [00:00<00:00, 76.32it/s] 
[2022-05-18 23:31:14,926] {logging_mixin.py:109} WARNING - Calculating Metrics:  36%|###6      | 12/33 [00:00<00:00, 118.25it/s]
[2022-05-18 23:31:14,928] {logging_mixin.py:109} WARNING - Calculating Metrics:  36%|###6      | 12/33 [00:00<00:00, 118.25it/s]
[2022-05-18 23:31:15,044] {logging_mixin.py:109} WARNING - Calculating Metrics:  82%|########1 | 27/33 [00:00<00:00, 124.14it/s]
[2022-05-18 23:31:15,045] {logging_mixin.py:109} WARNING - Calculating Metrics:  82%|########1 | 27/33 [00:00<00:00, 124.14it/s]
[2022-05-18 23:31:15,110] {logging_mixin.py:109} WARNING - Calculating Metrics: 100%|##########| 33/33 [00:00<00:00, 124.14it/s]
[2022-05-18 23:31:15,153] {logging_mixin.py:109} WARNING - Calculating Metrics: 100%|##########| 33/33 [00:00<00:00, 124.14it/s]
[2022-05-18 23:31:15,155] {logging_mixin.py:109} WARNING - Calculating Metrics: 100%|##########| 33/33 [00:00<00:00, 99.80it/s] 
[2022-05-18 23:31:15,164] {logging_mixin.py:109} WARNING - 
[2022-05-18 23:31:19,433] {great_expectations.py:197} INFO - Validation with Great Expectations successful.
[2022-05-18 23:31:19,503] {taskinstance.py:1280} INFO - Marking task as SUCCESS. dag_id=model_level_dbt_great_expectations_dag, task_id=great_expectations_sources.sources.jaffle_shop__orders, execution_date=20220517T221200, start_date=20220518T233111, end_date=20220518T233119
[2022-05-18 23:31:19,568] {local_task_job.py:154} INFO - Task exited with return code 0
[2022-05-18 23:31:19,978] {local_task_job.py:264} INFO - 0 downstream tasks scheduled from follow-on schedule check
