[2022-06-04 20:40:57,058] {taskinstance.py:1035} INFO - Dependencies all met for <TaskInstance: model_level_dbt_great_expectations_dag.dbt_docs scheduled__2022-06-03T02:56:49.432006+00:00 [queued]>
[2022-06-04 20:40:57,075] {taskinstance.py:1035} INFO - Dependencies all met for <TaskInstance: model_level_dbt_great_expectations_dag.dbt_docs scheduled__2022-06-03T02:56:49.432006+00:00 [queued]>
[2022-06-04 20:40:57,076] {taskinstance.py:1241} INFO - 
--------------------------------------------------------------------------------
[2022-06-04 20:40:57,077] {taskinstance.py:1242} INFO - Starting attempt 1 of 4
[2022-06-04 20:40:57,078] {taskinstance.py:1243} INFO - 
--------------------------------------------------------------------------------
[2022-06-04 20:40:57,091] {taskinstance.py:1262} INFO - Executing <Task(BashOperator): dbt_docs> on 2022-06-03 02:56:49.432006+00:00
[2022-06-04 20:40:57,099] {standard_task_runner.py:52} INFO - Started process 1489 to run task
[2022-06-04 20:40:57,104] {standard_task_runner.py:76} INFO - Running: ['***', 'tasks', 'run', 'model_level_dbt_great_expectations_dag', 'dbt_docs', 'scheduled__2022-06-03T02:56:49.432006+00:00', '--job-id', '326', '--raw', '--subdir', 'DAGS_FOLDER/model_level_dbt_great_expectations_dag.py', '--cfg-path', '/tmp/tmpsu6dyb_7', '--error-file', '/tmp/tmpczub54pi']
[2022-06-04 20:40:57,106] {standard_task_runner.py:77} INFO - Job 326: Subtask dbt_docs
[2022-06-04 20:40:57,163] {logging_mixin.py:109} INFO - Running <TaskInstance: model_level_dbt_great_expectations_dag.dbt_docs scheduled__2022-06-03T02:56:49.432006+00:00 [running]> on host 0c1ca7618279
[2022-06-04 20:40:57,234] {taskinstance.py:1429} INFO - Exporting the following env vars:
AIRFLOW_CTX_DAG_OWNER=luciano.naveiro
AIRFLOW_CTX_DAG_ID=model_level_dbt_great_expectations_dag
AIRFLOW_CTX_TASK_ID=dbt_docs
AIRFLOW_CTX_EXECUTION_DATE=2022-06-03T02:56:49.432006+00:00
AIRFLOW_CTX_DAG_RUN_ID=scheduled__2022-06-03T02:56:49.432006+00:00
[2022-06-04 20:40:57,236] {subprocess.py:62} INFO - Tmp dir root location: 
 /tmp
[2022-06-04 20:40:57,238] {subprocess.py:74} INFO - Running command: ['bash', '-c', '\n        dbt docs generate --profiles-dir /opt/dbt/jaffle_shop --project-dir /opt/dbt/jaffle_shop --vars \'{"date": " 2022-06-03 " }\'\n        ']
[2022-06-04 20:40:57,261] {subprocess.py:85} INFO - Output:
[2022-06-04 20:41:01,121] {subprocess.py:89} INFO - 20:41:01  Running with dbt=1.1.0
[2022-06-04 20:41:01,177] {subprocess.py:89} INFO - 20:41:01  Unable to do partial parsing because config vars, config profile, or config target have changed
[2022-06-04 20:41:02,217] {subprocess.py:89} INFO - 20:41:02  Found 5 models, 14 tests, 0 snapshots, 0 analyses, 170 macros, 0 operations, 0 seed files, 3 sources, 0 exposures, 0 metrics
[2022-06-04 20:41:02,222] {subprocess.py:89} INFO - 20:41:02
[2022-06-04 20:41:02,296] {subprocess.py:89} INFO - 20:41:02  Concurrency: 1 threads (target='dev')
[2022-06-04 20:41:02,298] {subprocess.py:89} INFO - 20:41:02
[2022-06-04 20:41:02,723] {subprocess.py:89} INFO - 20:41:02  Done.
[2022-06-04 20:41:02,803] {subprocess.py:89} INFO - 20:41:02  Building catalog
[2022-06-04 20:41:02,880] {subprocess.py:89} INFO - 20:41:02  Catalog written to /opt/dbt/jaffle_shop/target/catalog.json
[2022-06-04 20:41:04,183] {subprocess.py:93} INFO - Command exited with return code 0
[2022-06-04 20:41:04,213] {taskinstance.py:1280} INFO - Marking task as SUCCESS. dag_id=model_level_dbt_great_expectations_dag, task_id=dbt_docs, execution_date=20220603T025649, start_date=20220604T204057, end_date=20220604T204104
[2022-06-04 20:41:04,261] {local_task_job.py:154} INFO - Task exited with return code 0
[2022-06-04 20:41:04,309] {local_task_job.py:264} INFO - 1 downstream tasks scheduled from follow-on schedule check
