[2022-05-19 15:53:40,034] {taskinstance.py:1035} INFO - Dependencies all met for <TaskInstance: model_level_dbt_dag.dbt_run.model.jaffle_shop.stg_stripe__payments scheduled__2022-05-18T15:43:01.271269+00:00 [queued]>
[2022-05-19 15:53:40,060] {taskinstance.py:1035} INFO - Dependencies all met for <TaskInstance: model_level_dbt_dag.dbt_run.model.jaffle_shop.stg_stripe__payments scheduled__2022-05-18T15:43:01.271269+00:00 [queued]>
[2022-05-19 15:53:40,061] {taskinstance.py:1241} INFO - 
--------------------------------------------------------------------------------
[2022-05-19 15:53:40,062] {taskinstance.py:1242} INFO - Starting attempt 1 of 4
[2022-05-19 15:53:40,063] {taskinstance.py:1243} INFO - 
--------------------------------------------------------------------------------
[2022-05-19 15:53:40,082] {taskinstance.py:1262} INFO - Executing <Task(BashOperator): dbt_run.model.jaffle_shop.stg_stripe__payments> on 2022-05-18 15:43:01.271269+00:00
[2022-05-19 15:53:40,089] {standard_task_runner.py:52} INFO - Started process 173 to run task
[2022-05-19 15:53:40,106] {standard_task_runner.py:76} INFO - Running: ['***', 'tasks', 'run', 'model_level_dbt_dag', 'dbt_run.model.jaffle_shop.stg_stripe__payments', 'scheduled__2022-05-18T15:43:01.271269+00:00', '--job-id', '109', '--raw', '--subdir', 'DAGS_FOLDER/model_level_dbt_dag.py', '--cfg-path', '/tmp/tmpggl94saf', '--error-file', '/tmp/tmplil0k6ez']
[2022-05-19 15:53:40,108] {standard_task_runner.py:77} INFO - Job 109: Subtask dbt_run.model.jaffle_shop.stg_stripe__payments
[2022-05-19 15:53:40,186] {logging_mixin.py:109} INFO - Running <TaskInstance: model_level_dbt_dag.dbt_run.model.jaffle_shop.stg_stripe__payments scheduled__2022-05-18T15:43:01.271269+00:00 [running]> on host 34ae02bc0b96
[2022-05-19 15:53:40,285] {taskinstance.py:1429} INFO - Exporting the following env vars:
AIRFLOW_CTX_DAG_OWNER=luciano.naveiro
AIRFLOW_CTX_DAG_ID=model_level_dbt_dag
AIRFLOW_CTX_TASK_ID=dbt_run.model.jaffle_shop.stg_stripe__payments
AIRFLOW_CTX_EXECUTION_DATE=2022-05-18T15:43:01.271269+00:00
AIRFLOW_CTX_DAG_RUN_ID=scheduled__2022-05-18T15:43:01.271269+00:00
[2022-05-19 15:53:40,287] {subprocess.py:62} INFO - Tmp dir root location: 
 /tmp
[2022-05-19 15:53:40,289] {subprocess.py:74} INFO - Running command: ['bash', '-c', 'dbt --no-write-json run --target dev --models stg_stripe__payments --profiles-dir /opt/dbt/jaffle_shop --project-dir /opt/dbt/jaffle_shop']
[2022-05-19 15:53:40,305] {subprocess.py:85} INFO - Output:
[2022-05-19 15:53:58,621] {subprocess.py:89} INFO - 15:53:58  Running with dbt=1.1.0
[2022-05-19 15:53:58,707] {subprocess.py:89} INFO - 15:53:58  Unable to do partial parsing because config vars, config profile, or config target have changed
[2022-05-19 15:54:00,734] {subprocess.py:89} INFO - 15:54:00  Found 5 models, 13 tests, 0 snapshots, 0 analyses, 170 macros, 0 operations, 0 seed files, 3 sources, 0 exposures, 0 metrics
[2022-05-19 15:54:00,751] {subprocess.py:89} INFO - 15:54:00
[2022-05-19 15:54:00,986] {subprocess.py:89} INFO - 15:54:00  Concurrency: 1 threads (target='dev')
[2022-05-19 15:54:00,990] {subprocess.py:89} INFO - 15:54:00
[2022-05-19 15:54:01,003] {subprocess.py:89} INFO - 15:54:01  1 of 1 START view model dev.stg_stripe__payments ............................... [RUN]
[2022-05-19 15:54:01,272] {subprocess.py:89} INFO - 15:54:01  1 of 1 OK created view model dev.stg_stripe__payments .......................... [[32mCREATE VIEW[0m in 0.26s]
[2022-05-19 15:54:01,346] {subprocess.py:89} INFO - 15:54:01
[2022-05-19 15:54:01,351] {subprocess.py:89} INFO - 15:54:01  Finished running 1 view model in 0.59s.
[2022-05-19 15:54:01,361] {subprocess.py:89} INFO - 15:54:01
[2022-05-19 15:54:01,367] {subprocess.py:89} INFO - 15:54:01  [32mCompleted successfully[0m
[2022-05-19 15:54:01,370] {subprocess.py:89} INFO - 15:54:01
[2022-05-19 15:54:01,373] {subprocess.py:89} INFO - 15:54:01  Done. PASS=1 WARN=0 ERROR=0 SKIP=0 TOTAL=1
[2022-05-19 15:54:02,406] {subprocess.py:93} INFO - Command exited with return code 0
[2022-05-19 15:54:02,465] {taskinstance.py:1280} INFO - Marking task as SUCCESS. dag_id=model_level_dbt_dag, task_id=dbt_run.model.jaffle_shop.stg_stripe__payments, execution_date=20220518T154301, start_date=20220519T155340, end_date=20220519T155402
[2022-05-19 15:54:02,541] {local_task_job.py:154} INFO - Task exited with return code 0
[2022-05-19 15:54:02,666] {local_task_job.py:264} INFO - 0 downstream tasks scheduled from follow-on schedule check
