[2022-05-18 23:31:49,403] {taskinstance.py:1035} INFO - Dependencies all met for <TaskInstance: model_level_dbt_great_expectations_dag.dbt_run.model.jaffle_shop.stg_jaffle_shop__customers scheduled__2022-05-17T22:12:00.138285+00:00 [queued]>
[2022-05-18 23:31:49,428] {taskinstance.py:1035} INFO - Dependencies all met for <TaskInstance: model_level_dbt_great_expectations_dag.dbt_run.model.jaffle_shop.stg_jaffle_shop__customers scheduled__2022-05-17T22:12:00.138285+00:00 [queued]>
[2022-05-18 23:31:49,430] {taskinstance.py:1241} INFO - 
--------------------------------------------------------------------------------
[2022-05-18 23:31:49,431] {taskinstance.py:1242} INFO - Starting attempt 3 of 6
[2022-05-18 23:31:49,432] {taskinstance.py:1243} INFO - 
--------------------------------------------------------------------------------
[2022-05-18 23:31:49,456] {taskinstance.py:1262} INFO - Executing <Task(BashOperator): dbt_run.model.jaffle_shop.stg_jaffle_shop__customers> on 2022-05-17 22:12:00.138285+00:00
[2022-05-18 23:31:49,484] {standard_task_runner.py:52} INFO - Started process 241 to run task
[2022-05-18 23:31:49,490] {standard_task_runner.py:76} INFO - Running: ['***', 'tasks', 'run', 'model_level_dbt_great_expectations_dag', 'dbt_run.model.jaffle_shop.stg_jaffle_shop__customers', 'scheduled__2022-05-17T22:12:00.138285+00:00', '--job-id', '164', '--raw', '--subdir', 'DAGS_FOLDER/model_level_dbt_great_expectations_dag.py', '--cfg-path', '/tmp/tmpezc40iih', '--error-file', '/tmp/tmpx7mi8uyr']
[2022-05-18 23:31:49,492] {standard_task_runner.py:77} INFO - Job 164: Subtask dbt_run.model.jaffle_shop.stg_jaffle_shop__customers
[2022-05-18 23:31:49,583] {logging_mixin.py:109} INFO - Running <TaskInstance: model_level_dbt_great_expectations_dag.dbt_run.model.jaffle_shop.stg_jaffle_shop__customers scheduled__2022-05-17T22:12:00.138285+00:00 [running]> on host d4b673e28191
[2022-05-18 23:31:49,672] {taskinstance.py:1429} INFO - Exporting the following env vars:
AIRFLOW_CTX_DAG_OWNER=luciano.naveiro
AIRFLOW_CTX_DAG_ID=model_level_dbt_great_expectations_dag
AIRFLOW_CTX_TASK_ID=dbt_run.model.jaffle_shop.stg_jaffle_shop__customers
AIRFLOW_CTX_EXECUTION_DATE=2022-05-17T22:12:00.138285+00:00
AIRFLOW_CTX_DAG_RUN_ID=scheduled__2022-05-17T22:12:00.138285+00:00
[2022-05-18 23:31:49,676] {subprocess.py:62} INFO - Tmp dir root location: 
 /tmp
[2022-05-18 23:31:49,678] {subprocess.py:74} INFO - Running command: ['bash', '-c', 'dbt --no-write-json run --target dev --models stg_jaffle_shop__customers --profiles-dir /opt/dbt/jaffle_shop --project-dir /opt/dbt/jaffle_shop']
[2022-05-18 23:31:49,724] {subprocess.py:85} INFO - Output:
[2022-05-18 23:31:56,129] {subprocess.py:89} INFO - 23:31:56  Running with dbt=1.1.0
[2022-05-18 23:31:56,235] {subprocess.py:89} INFO - 23:31:56  Unable to do partial parsing because config vars, config profile, or config target have changed
[2022-05-18 23:31:59,716] {subprocess.py:89} INFO - 23:31:59  Found 5 models, 13 tests, 0 snapshots, 0 analyses, 170 macros, 0 operations, 0 seed files, 3 sources, 0 exposures, 0 metrics
[2022-05-18 23:31:59,749] {subprocess.py:89} INFO - 23:31:59
[2022-05-18 23:32:00,439] {subprocess.py:89} INFO - 23:32:00  Concurrency: 1 threads (target='dev')
[2022-05-18 23:32:00,448] {subprocess.py:89} INFO - 23:32:00
[2022-05-18 23:32:00,486] {subprocess.py:89} INFO - 23:32:00  1 of 1 START view model dev.stg_jaffle_shop__customers ......................... [RUN]
[2022-05-18 23:32:00,872] {subprocess.py:89} INFO - 23:32:00  1 of 1 OK created view model dev.stg_jaffle_shop__customers .................... [[32mCREATE VIEW[0m in 0.38s]
[2022-05-18 23:32:00,933] {subprocess.py:89} INFO - 23:32:00
[2022-05-18 23:32:00,939] {subprocess.py:89} INFO - 23:32:00  Finished running 1 view model in 1.19s.
[2022-05-18 23:32:00,950] {subprocess.py:89} INFO - 23:32:00
[2022-05-18 23:32:00,954] {subprocess.py:89} INFO - 23:32:00  [32mCompleted successfully[0m
[2022-05-18 23:32:00,957] {subprocess.py:89} INFO - 23:32:00
[2022-05-18 23:32:00,959] {subprocess.py:89} INFO - 23:32:00  Done. PASS=1 WARN=0 ERROR=0 SKIP=0 TOTAL=1
[2022-05-18 23:32:02,341] {subprocess.py:93} INFO - Command exited with return code 0
[2022-05-18 23:32:02,526] {taskinstance.py:1280} INFO - Marking task as SUCCESS. dag_id=model_level_dbt_great_expectations_dag, task_id=dbt_run.model.jaffle_shop.stg_jaffle_shop__customers, execution_date=20220517T221200, start_date=20220518T233149, end_date=20220518T233202
[2022-05-18 23:32:02,696] {local_task_job.py:154} INFO - Task exited with return code 0
[2022-05-18 23:32:02,967] {local_task_job.py:264} INFO - 0 downstream tasks scheduled from follow-on schedule check
