[2022-05-15 16:00:57,579] {taskinstance.py:1035} INFO - Dependencies all met for <TaskInstance: model_level_dbt_dag.dbt_run.model.jaffle_shop.stg_jaffle_shop__orders scheduled__2022-05-14T16:00:47.250021+00:00 [queued]>
[2022-05-15 16:00:57,611] {taskinstance.py:1035} INFO - Dependencies all met for <TaskInstance: model_level_dbt_dag.dbt_run.model.jaffle_shop.stg_jaffle_shop__orders scheduled__2022-05-14T16:00:47.250021+00:00 [queued]>
[2022-05-15 16:00:57,612] {taskinstance.py:1241} INFO - 
--------------------------------------------------------------------------------
[2022-05-15 16:00:57,613] {taskinstance.py:1242} INFO - Starting attempt 1 of 1
[2022-05-15 16:00:57,614] {taskinstance.py:1243} INFO - 
--------------------------------------------------------------------------------
[2022-05-15 16:00:57,651] {taskinstance.py:1262} INFO - Executing <Task(BashOperator): dbt_run.model.jaffle_shop.stg_jaffle_shop__orders> on 2022-05-14 16:00:47.250021+00:00
[2022-05-15 16:00:57,661] {standard_task_runner.py:52} INFO - Started process 11724 to run task
[2022-05-15 16:00:57,668] {standard_task_runner.py:76} INFO - Running: ['***', 'tasks', 'run', 'model_level_dbt_dag', 'dbt_run.model.jaffle_shop.stg_jaffle_shop__orders', 'scheduled__2022-05-14T16:00:47.250021+00:00', '--job-id', '183', '--raw', '--subdir', 'DAGS_FOLDER/model_level_dbt_dag.py', '--cfg-path', '/tmp/tmpmbm0a90h', '--error-file', '/tmp/tmp9wd1w9g7']
[2022-05-15 16:00:57,670] {standard_task_runner.py:77} INFO - Job 183: Subtask dbt_run.model.jaffle_shop.stg_jaffle_shop__orders
[2022-05-15 16:00:57,774] {logging_mixin.py:109} INFO - Running <TaskInstance: model_level_dbt_dag.dbt_run.model.jaffle_shop.stg_jaffle_shop__orders scheduled__2022-05-14T16:00:47.250021+00:00 [running]> on host b0833397c3cf
[2022-05-15 16:00:57,923] {taskinstance.py:1429} INFO - Exporting the following env vars:
AIRFLOW_CTX_DAG_OWNER=***
AIRFLOW_CTX_DAG_ID=model_level_dbt_dag
AIRFLOW_CTX_TASK_ID=dbt_run.model.jaffle_shop.stg_jaffle_shop__orders
AIRFLOW_CTX_EXECUTION_DATE=2022-05-14T16:00:47.250021+00:00
AIRFLOW_CTX_DAG_RUN_ID=scheduled__2022-05-14T16:00:47.250021+00:00
[2022-05-15 16:00:57,925] {subprocess.py:62} INFO - Tmp dir root location: 
 /tmp
[2022-05-15 16:00:57,927] {subprocess.py:74} INFO - Running command: ['bash', '-c', 'dbt --no-write-json run --target dev --models stg_jaffle_shop__orders --profiles-dir /opt/***/dags/jaffle_shop --project-dir /opt/***/dags/jaffle_shop']
[2022-05-15 16:00:57,961] {subprocess.py:85} INFO - Output:
[2022-05-15 16:01:04,664] {subprocess.py:89} INFO - 16:01:04  Running with dbt=1.1.0
[2022-05-15 16:01:04,804] {subprocess.py:89} INFO - 16:01:04  Found 5 models, 13 tests, 0 snapshots, 0 analyses, 170 macros, 0 operations, 0 seed files, 3 sources, 0 exposures, 0 metrics
[2022-05-15 16:01:04,833] {subprocess.py:89} INFO - 16:01:04
[2022-05-15 16:01:05,068] {subprocess.py:89} INFO - 16:01:05  Concurrency: 1 threads (target='dev')
[2022-05-15 16:01:05,070] {subprocess.py:89} INFO - 16:01:05
[2022-05-15 16:01:05,104] {subprocess.py:89} INFO - 16:01:05  1 of 1 START view model dev.stg_jaffle_shop__orders ............................ [RUN]
[2022-05-15 16:01:05,334] {subprocess.py:89} INFO - 16:01:05  1 of 1 OK created view model dev.stg_jaffle_shop__orders ....................... [[32mCREATE VIEW[0m in 0.22s]
[2022-05-15 16:01:05,432] {subprocess.py:89} INFO - 16:01:05
[2022-05-15 16:01:05,434] {subprocess.py:89} INFO - 16:01:05  Finished running 1 view model in 0.60s.
[2022-05-15 16:01:05,446] {subprocess.py:89} INFO - 16:01:05
[2022-05-15 16:01:05,453] {subprocess.py:89} INFO - 16:01:05  [32mCompleted successfully[0m
[2022-05-15 16:01:05,455] {subprocess.py:89} INFO - 16:01:05
[2022-05-15 16:01:05,458] {subprocess.py:89} INFO - 16:01:05  Done. PASS=1 WARN=0 ERROR=0 SKIP=0 TOTAL=1
[2022-05-15 16:01:06,603] {subprocess.py:93} INFO - Command exited with return code 0
[2022-05-15 16:01:06,661] {taskinstance.py:1280} INFO - Marking task as SUCCESS. dag_id=model_level_dbt_dag, task_id=dbt_run.model.jaffle_shop.stg_jaffle_shop__orders, execution_date=20220514T160047, start_date=20220515T160057, end_date=20220515T160106
[2022-05-15 16:01:06,729] {local_task_job.py:154} INFO - Task exited with return code 0
[2022-05-15 16:01:06,887] {local_task_job.py:264} INFO - 0 downstream tasks scheduled from follow-on schedule check
