[2022-05-15 21:58:55,054] {taskinstance.py:1035} INFO - Dependencies all met for <TaskInstance: model_level_dbt_dag.dbt_run.model.jaffle_shop.stg_jaffle_shop__orders scheduled__2022-05-14T16:00:47.250021+00:00 [queued]>
[2022-05-15 21:58:55,074] {taskinstance.py:1035} INFO - Dependencies all met for <TaskInstance: model_level_dbt_dag.dbt_run.model.jaffle_shop.stg_jaffle_shop__orders scheduled__2022-05-14T16:00:47.250021+00:00 [queued]>
[2022-05-15 21:58:55,076] {taskinstance.py:1241} INFO - 
--------------------------------------------------------------------------------
[2022-05-15 21:58:55,077] {taskinstance.py:1242} INFO - Starting attempt 4 of 4
[2022-05-15 21:58:55,078] {taskinstance.py:1243} INFO - 
--------------------------------------------------------------------------------
[2022-05-15 21:58:55,092] {taskinstance.py:1262} INFO - Executing <Task(BashOperator): dbt_run.model.jaffle_shop.stg_jaffle_shop__orders> on 2022-05-14 16:00:47.250021+00:00
[2022-05-15 21:58:55,097] {standard_task_runner.py:52} INFO - Started process 580 to run task
[2022-05-15 21:58:55,107] {standard_task_runner.py:76} INFO - Running: ['***', 'tasks', 'run', 'model_level_dbt_dag', 'dbt_run.model.jaffle_shop.stg_jaffle_shop__orders', 'scheduled__2022-05-14T16:00:47.250021+00:00', '--job-id', '283', '--raw', '--subdir', 'DAGS_FOLDER/model_level_dbt_dag.py', '--cfg-path', '/tmp/tmpwu754bce', '--error-file', '/tmp/tmpuf5dkm51']
[2022-05-15 21:58:55,110] {standard_task_runner.py:77} INFO - Job 283: Subtask dbt_run.model.jaffle_shop.stg_jaffle_shop__orders
[2022-05-15 21:58:55,186] {logging_mixin.py:109} INFO - Running <TaskInstance: model_level_dbt_dag.dbt_run.model.jaffle_shop.stg_jaffle_shop__orders scheduled__2022-05-14T16:00:47.250021+00:00 [running]> on host 9922a9d65d01
[2022-05-15 21:58:55,301] {taskinstance.py:1429} INFO - Exporting the following env vars:
AIRFLOW_CTX_DAG_OWNER=***
AIRFLOW_CTX_DAG_ID=model_level_dbt_dag
AIRFLOW_CTX_TASK_ID=dbt_run.model.jaffle_shop.stg_jaffle_shop__orders
AIRFLOW_CTX_EXECUTION_DATE=2022-05-14T16:00:47.250021+00:00
AIRFLOW_CTX_DAG_RUN_ID=scheduled__2022-05-14T16:00:47.250021+00:00
[2022-05-15 21:58:55,305] {subprocess.py:62} INFO - Tmp dir root location: 
 /tmp
[2022-05-15 21:58:55,311] {subprocess.py:74} INFO - Running command: ['bash', '-c', 'dbt --no-write-json run --target dev --models stg_jaffle_shop__orders --profiles-dir /opt/***/dags/jaffle_shop --project-dir /opt/***/dags/jaffle_shop']
[2022-05-15 21:58:55,338] {subprocess.py:85} INFO - Output:
[2022-05-15 21:58:58,917] {subprocess.py:89} INFO - 21:58:58  Running with dbt=1.1.0
[2022-05-15 21:58:59,052] {subprocess.py:89} INFO - 21:58:59  Unable to do partial parsing because config vars, config profile, or config target have changed
[2022-05-15 21:59:01,019] {subprocess.py:89} INFO - 21:59:01  Found 6 models, 13 tests, 0 snapshots, 0 analyses, 170 macros, 0 operations, 0 seed files, 3 sources, 0 exposures, 0 metrics
[2022-05-15 21:59:01,026] {subprocess.py:89} INFO - 21:59:01
[2022-05-15 21:59:01,194] {subprocess.py:89} INFO - 21:59:01  Concurrency: 1 threads (target='dev')
[2022-05-15 21:59:01,198] {subprocess.py:89} INFO - 21:59:01
[2022-05-15 21:59:01,215] {subprocess.py:89} INFO - 21:59:01  1 of 1 START view model dev.stg_jaffle_shop__orders ............................ [RUN]
[2022-05-15 21:59:01,428] {subprocess.py:89} INFO - 21:59:01  1 of 1 OK created view model dev.stg_jaffle_shop__orders ....................... [[32mCREATE VIEW[0m in 0.21s]
[2022-05-15 21:59:01,537] {subprocess.py:89} INFO - 21:59:01
[2022-05-15 21:59:01,539] {subprocess.py:89} INFO - 21:59:01  Finished running 1 view model in 0.51s.
[2022-05-15 21:59:01,544] {subprocess.py:89} INFO - 21:59:01
[2022-05-15 21:59:01,546] {subprocess.py:89} INFO - 21:59:01  [32mCompleted successfully[0m
[2022-05-15 21:59:01,548] {subprocess.py:89} INFO - 21:59:01
[2022-05-15 21:59:01,550] {subprocess.py:89} INFO - 21:59:01  Done. PASS=1 WARN=0 ERROR=0 SKIP=0 TOTAL=1
[2022-05-15 21:59:02,625] {subprocess.py:93} INFO - Command exited with return code 0
[2022-05-15 21:59:02,681] {taskinstance.py:1280} INFO - Marking task as SUCCESS. dag_id=model_level_dbt_dag, task_id=dbt_run.model.jaffle_shop.stg_jaffle_shop__orders, execution_date=20220514T160047, start_date=20220515T215855, end_date=20220515T215902
[2022-05-15 21:59:02,710] {local_task_job.py:154} INFO - Task exited with return code 0
[2022-05-15 21:59:02,763] {local_task_job.py:264} INFO - 0 downstream tasks scheduled from follow-on schedule check
