[2022-05-15 22:13:36,507] {taskinstance.py:1035} INFO - Dependencies all met for <TaskInstance: model_level_dbt_dag.dbt_run.model.jaffle_shop.stg_jaffle_shop__orders scheduled__2022-05-14T16:00:47.250021+00:00 [queued]>
[2022-05-15 22:13:36,525] {taskinstance.py:1035} INFO - Dependencies all met for <TaskInstance: model_level_dbt_dag.dbt_run.model.jaffle_shop.stg_jaffle_shop__orders scheduled__2022-05-14T16:00:47.250021+00:00 [queued]>
[2022-05-15 22:13:36,525] {taskinstance.py:1241} INFO - 
--------------------------------------------------------------------------------
[2022-05-15 22:13:36,526] {taskinstance.py:1242} INFO - Starting attempt 5 of 5
[2022-05-15 22:13:36,526] {taskinstance.py:1243} INFO - 
--------------------------------------------------------------------------------
[2022-05-15 22:13:36,553] {taskinstance.py:1262} INFO - Executing <Task(BashOperator): dbt_run.model.jaffle_shop.stg_jaffle_shop__orders> on 2022-05-14 16:00:47.250021+00:00
[2022-05-15 22:13:36,558] {standard_task_runner.py:52} INFO - Started process 1518 to run task
[2022-05-15 22:13:36,563] {standard_task_runner.py:76} INFO - Running: ['***', 'tasks', 'run', 'model_level_dbt_dag', 'dbt_run.model.jaffle_shop.stg_jaffle_shop__orders', 'scheduled__2022-05-14T16:00:47.250021+00:00', '--job-id', '304', '--raw', '--subdir', 'DAGS_FOLDER/model_level_dbt_dag.py', '--cfg-path', '/tmp/tmpf95nykcl', '--error-file', '/tmp/tmp01gudp38']
[2022-05-15 22:13:36,564] {standard_task_runner.py:77} INFO - Job 304: Subtask dbt_run.model.jaffle_shop.stg_jaffle_shop__orders
[2022-05-15 22:13:36,629] {logging_mixin.py:109} INFO - Running <TaskInstance: model_level_dbt_dag.dbt_run.model.jaffle_shop.stg_jaffle_shop__orders scheduled__2022-05-14T16:00:47.250021+00:00 [running]> on host 9922a9d65d01
[2022-05-15 22:13:36,692] {taskinstance.py:1429} INFO - Exporting the following env vars:
AIRFLOW_CTX_DAG_OWNER=***
AIRFLOW_CTX_DAG_ID=model_level_dbt_dag
AIRFLOW_CTX_TASK_ID=dbt_run.model.jaffle_shop.stg_jaffle_shop__orders
AIRFLOW_CTX_EXECUTION_DATE=2022-05-14T16:00:47.250021+00:00
AIRFLOW_CTX_DAG_RUN_ID=scheduled__2022-05-14T16:00:47.250021+00:00
[2022-05-15 22:13:36,694] {subprocess.py:62} INFO - Tmp dir root location: 
 /tmp
[2022-05-15 22:13:36,695] {subprocess.py:74} INFO - Running command: ['bash', '-c', 'dbt --no-write-json run --target dev --models stg_jaffle_shop__orders --profiles-dir /opt/***/dags/jaffle_shop --project-dir /opt/***/dags/jaffle_shop']
[2022-05-15 22:13:36,707] {subprocess.py:85} INFO - Output:
[2022-05-15 22:13:40,002] {subprocess.py:89} INFO - 22:13:40  Running with dbt=1.1.0
[2022-05-15 22:13:40,067] {subprocess.py:89} INFO - 22:13:40  Unable to do partial parsing because config vars, config profile, or config target have changed
[2022-05-15 22:13:41,369] {subprocess.py:89} INFO - 22:13:41  Found 5 models, 13 tests, 0 snapshots, 0 analyses, 170 macros, 0 operations, 0 seed files, 3 sources, 0 exposures, 0 metrics
[2022-05-15 22:13:41,376] {subprocess.py:89} INFO - 22:13:41
[2022-05-15 22:13:41,557] {subprocess.py:89} INFO - 22:13:41  Concurrency: 1 threads (target='dev')
[2022-05-15 22:13:41,561] {subprocess.py:89} INFO - 22:13:41
[2022-05-15 22:13:41,590] {subprocess.py:89} INFO - 22:13:41  1 of 1 START view model dev.stg_jaffle_shop__orders ............................ [RUN]
[2022-05-15 22:13:41,854] {subprocess.py:89} INFO - 22:13:41  1 of 1 OK created view model dev.stg_jaffle_shop__orders ....................... [[32mCREATE VIEW[0m in 0.26s]
[2022-05-15 22:13:41,921] {subprocess.py:89} INFO - 22:13:41
[2022-05-15 22:13:41,923] {subprocess.py:89} INFO - 22:13:41  Finished running 1 view model in 0.54s.
[2022-05-15 22:13:41,929] {subprocess.py:89} INFO - 22:13:41
[2022-05-15 22:13:41,931] {subprocess.py:89} INFO - 22:13:41  [32mCompleted successfully[0m
[2022-05-15 22:13:41,932] {subprocess.py:89} INFO - 22:13:41
[2022-05-15 22:13:41,933] {subprocess.py:89} INFO - 22:13:41  Done. PASS=1 WARN=0 ERROR=0 SKIP=0 TOTAL=1
[2022-05-15 22:13:43,046] {subprocess.py:93} INFO - Command exited with return code 0
[2022-05-15 22:13:43,084] {taskinstance.py:1280} INFO - Marking task as SUCCESS. dag_id=model_level_dbt_dag, task_id=dbt_run.model.jaffle_shop.stg_jaffle_shop__orders, execution_date=20220514T160047, start_date=20220515T221336, end_date=20220515T221343
[2022-05-15 22:13:43,173] {local_task_job.py:154} INFO - Task exited with return code 0
[2022-05-15 22:13:43,241] {local_task_job.py:264} INFO - 1 downstream tasks scheduled from follow-on schedule check
