[2022-05-15 22:20:22,820] {taskinstance.py:1035} INFO - Dependencies all met for <TaskInstance: model_level_dbt_dag.dbt_run.model.jaffle_shop.stg_jaffle_shop__orders scheduled__2022-05-14T16:00:47.250021+00:00 [queued]>
[2022-05-15 22:20:22,856] {taskinstance.py:1035} INFO - Dependencies all met for <TaskInstance: model_level_dbt_dag.dbt_run.model.jaffle_shop.stg_jaffle_shop__orders scheduled__2022-05-14T16:00:47.250021+00:00 [queued]>
[2022-05-15 22:20:22,857] {taskinstance.py:1241} INFO - 
--------------------------------------------------------------------------------
[2022-05-15 22:20:22,858] {taskinstance.py:1242} INFO - Starting attempt 6 of 6
[2022-05-15 22:20:22,858] {taskinstance.py:1243} INFO - 
--------------------------------------------------------------------------------
[2022-05-15 22:20:22,875] {taskinstance.py:1262} INFO - Executing <Task(BashOperator): dbt_run.model.jaffle_shop.stg_jaffle_shop__orders> on 2022-05-14 16:00:47.250021+00:00
[2022-05-15 22:20:22,882] {standard_task_runner.py:52} INFO - Started process 2062 to run task
[2022-05-15 22:20:22,892] {standard_task_runner.py:76} INFO - Running: ['***', 'tasks', 'run', 'model_level_dbt_dag', 'dbt_run.model.jaffle_shop.stg_jaffle_shop__orders', 'scheduled__2022-05-14T16:00:47.250021+00:00', '--job-id', '323', '--raw', '--subdir', 'DAGS_FOLDER/model_level_dbt_dag.py', '--cfg-path', '/tmp/tmpza8pygn5', '--error-file', '/tmp/tmpddvp18iq']
[2022-05-15 22:20:22,894] {standard_task_runner.py:77} INFO - Job 323: Subtask dbt_run.model.jaffle_shop.stg_jaffle_shop__orders
[2022-05-15 22:20:22,963] {logging_mixin.py:109} INFO - Running <TaskInstance: model_level_dbt_dag.dbt_run.model.jaffle_shop.stg_jaffle_shop__orders scheduled__2022-05-14T16:00:47.250021+00:00 [running]> on host 9922a9d65d01
[2022-05-15 22:20:23,063] {taskinstance.py:1429} INFO - Exporting the following env vars:
AIRFLOW_CTX_DAG_OWNER=***
AIRFLOW_CTX_DAG_ID=model_level_dbt_dag
AIRFLOW_CTX_TASK_ID=dbt_run.model.jaffle_shop.stg_jaffle_shop__orders
AIRFLOW_CTX_EXECUTION_DATE=2022-05-14T16:00:47.250021+00:00
AIRFLOW_CTX_DAG_RUN_ID=scheduled__2022-05-14T16:00:47.250021+00:00
[2022-05-15 22:20:23,065] {subprocess.py:62} INFO - Tmp dir root location: 
 /tmp
[2022-05-15 22:20:23,067] {subprocess.py:74} INFO - Running command: ['bash', '-c', 'dbt --no-write-json run --target dev --models stg_jaffle_shop__orders --profiles-dir /opt/***/dags/jaffle_shop --project-dir /opt/***/dags/jaffle_shop']
[2022-05-15 22:20:23,085] {subprocess.py:85} INFO - Output:
[2022-05-15 22:20:28,773] {subprocess.py:89} INFO - 22:20:28  Running with dbt=1.1.0
[2022-05-15 22:20:28,884] {subprocess.py:89} INFO - 22:20:28  Unable to do partial parsing because config vars, config profile, or config target have changed
[2022-05-15 22:20:30,170] {subprocess.py:89} INFO - 22:20:30  Found 6 models, 13 tests, 0 snapshots, 0 analyses, 170 macros, 0 operations, 0 seed files, 3 sources, 0 exposures, 0 metrics
[2022-05-15 22:20:30,176] {subprocess.py:89} INFO - 22:20:30
[2022-05-15 22:20:30,345] {subprocess.py:89} INFO - 22:20:30  Concurrency: 1 threads (target='dev')
[2022-05-15 22:20:30,348] {subprocess.py:89} INFO - 22:20:30
[2022-05-15 22:20:30,366] {subprocess.py:89} INFO - 22:20:30  1 of 1 START view model dev.stg_jaffle_shop__orders ............................ [RUN]
[2022-05-15 22:20:30,561] {subprocess.py:89} INFO - 22:20:30  1 of 1 OK created view model dev.stg_jaffle_shop__orders ....................... [[32mCREATE VIEW[0m in 0.19s]
[2022-05-15 22:20:30,591] {subprocess.py:89} INFO - 22:20:30
[2022-05-15 22:20:30,593] {subprocess.py:89} INFO - 22:20:30  Finished running 1 view model in 0.41s.
[2022-05-15 22:20:30,601] {subprocess.py:89} INFO - 22:20:30
[2022-05-15 22:20:30,603] {subprocess.py:89} INFO - 22:20:30  [32mCompleted successfully[0m
[2022-05-15 22:20:30,607] {subprocess.py:89} INFO - 22:20:30
[2022-05-15 22:20:30,608] {subprocess.py:89} INFO - 22:20:30  Done. PASS=1 WARN=0 ERROR=0 SKIP=0 TOTAL=1
[2022-05-15 22:20:31,792] {subprocess.py:93} INFO - Command exited with return code 0
[2022-05-15 22:20:31,851] {taskinstance.py:1280} INFO - Marking task as SUCCESS. dag_id=model_level_dbt_dag, task_id=dbt_run.model.jaffle_shop.stg_jaffle_shop__orders, execution_date=20220514T160047, start_date=20220515T222022, end_date=20220515T222031
[2022-05-15 22:20:31,883] {local_task_job.py:154} INFO - Task exited with return code 0
[2022-05-15 22:20:31,996] {local_task_job.py:264} INFO - 0 downstream tasks scheduled from follow-on schedule check
