[2022-05-18 22:21:04,487] {taskinstance.py:1035} INFO - Dependencies all met for <TaskInstance: model_level_dbt_great_expectations_dag.ge_sources.sources.jaffle_shop__customers scheduled__2022-05-17T22:12:00.138285+00:00 [queued]>
[2022-05-18 22:21:04,503] {taskinstance.py:1035} INFO - Dependencies all met for <TaskInstance: model_level_dbt_great_expectations_dag.ge_sources.sources.jaffle_shop__customers scheduled__2022-05-17T22:12:00.138285+00:00 [queued]>
[2022-05-18 22:21:04,505] {taskinstance.py:1241} INFO - 
--------------------------------------------------------------------------------
[2022-05-18 22:21:04,506] {taskinstance.py:1242} INFO - Starting attempt 5 of 8
[2022-05-18 22:21:04,507] {taskinstance.py:1243} INFO - 
--------------------------------------------------------------------------------
[2022-05-18 22:21:04,545] {taskinstance.py:1262} INFO - Executing <Task(GreatExpectationsOperator): ge_sources.sources.jaffle_shop__customers> on 2022-05-17 22:12:00.138285+00:00
[2022-05-18 22:21:04,569] {standard_task_runner.py:52} INFO - Started process 261 to run task
[2022-05-18 22:21:04,577] {standard_task_runner.py:76} INFO - Running: ['***', 'tasks', 'run', 'model_level_dbt_great_expectations_dag', 'ge_sources.sources.jaffle_shop__customers', 'scheduled__2022-05-17T22:12:00.138285+00:00', '--job-id', '47', '--raw', '--subdir', 'DAGS_FOLDER/model_level_dbt_great_expectations_dag.py', '--cfg-path', '/tmp/tmpbazvc0yb', '--error-file', '/tmp/tmp1jmpi2yn']
[2022-05-18 22:21:04,579] {standard_task_runner.py:77} INFO - Job 47: Subtask ge_sources.sources.jaffle_shop__customers
[2022-05-18 22:21:04,657] {logging_mixin.py:109} INFO - Running <TaskInstance: model_level_dbt_great_expectations_dag.ge_sources.sources.jaffle_shop__customers scheduled__2022-05-17T22:12:00.138285+00:00 [running]> on host 69bd44d8e2a2
[2022-05-18 22:21:04,793] {taskinstance.py:1429} INFO - Exporting the following env vars:
AIRFLOW_CTX_DAG_OWNER=luciano.naveiro
AIRFLOW_CTX_DAG_ID=model_level_dbt_great_expectations_dag
AIRFLOW_CTX_TASK_ID=ge_sources.sources.jaffle_shop__customers
AIRFLOW_CTX_EXECUTION_DATE=2022-05-17T22:12:00.138285+00:00
AIRFLOW_CTX_DAG_RUN_ID=scheduled__2022-05-17T22:12:00.138285+00:00
[2022-05-18 22:21:04,800] {great_expectations.py:122} INFO - Running validation with Great Expectations...
[2022-05-18 22:21:04,803] {great_expectations.py:125} INFO - Ensuring data context is valid...
[2022-05-18 22:21:04,807] {taskinstance.py:1703} ERROR - Task failed with exception
Traceback (most recent call last):
  File "/home/airflow/.local/lib/python3.7/site-packages/great_expectations/data_context/data_context/data_context.py", line 414, in _load_project_config
    with open(path_to_yml) as data:
FileNotFoundError: [Errno 2] No such file or directory: '/opt/great_expectations/great_expectations.yml'

During handling of the above exception, another exception occurred:

Traceback (most recent call last):
  File "/home/airflow/.local/lib/python3.7/site-packages/airflow/models/taskinstance.py", line 1332, in _run_raw_task
    self._execute_task_with_callbacks(context)
  File "/home/airflow/.local/lib/python3.7/site-packages/airflow/models/taskinstance.py", line 1458, in _execute_task_with_callbacks
    result = self._execute_task(context, self.task)
  File "/home/airflow/.local/lib/python3.7/site-packages/airflow/models/taskinstance.py", line 1514, in _execute_task
    result = execute_callable(context=context)
  File "/home/airflow/.local/lib/python3.7/site-packages/great_expectations_provider/operators/great_expectations.py", line 128, in execute
    context_root_dir=self.data_context_root_dir
  File "/home/airflow/.local/lib/python3.7/site-packages/great_expectations/data_context/data_context/data_context.py", line 352, in __init__
    project_config = self._load_project_config()
  File "/home/airflow/.local/lib/python3.7/site-packages/great_expectations/data_context/data_context/data_context.py", line 428, in _load_project_config
    raise ge_exceptions.ConfigNotFoundError()
great_expectations.exceptions.exceptions.ConfigNotFoundError: Error: No great_expectations directory was found here!
    - Please check that you are in the correct directory or have specified the correct directory.
    - If you have never run Great Expectations in this project, please run `great_expectations init` to get started.

[2022-05-18 22:21:04,853] {taskinstance.py:1280} INFO - Marking task as UP_FOR_RETRY. dag_id=model_level_dbt_great_expectations_dag, task_id=ge_sources.sources.jaffle_shop__customers, execution_date=20220517T221200, start_date=20220518T222104, end_date=20220518T222104
[2022-05-18 22:21:04,889] {standard_task_runner.py:91} ERROR - Failed to execute job 47 for task ge_sources.sources.jaffle_shop__customers
Traceback (most recent call last):
  File "/home/airflow/.local/lib/python3.7/site-packages/great_expectations/data_context/data_context/data_context.py", line 414, in _load_project_config
    with open(path_to_yml) as data:
FileNotFoundError: [Errno 2] No such file or directory: '/opt/great_expectations/great_expectations.yml'

During handling of the above exception, another exception occurred:

Traceback (most recent call last):
  File "/home/airflow/.local/lib/python3.7/site-packages/airflow/task/task_runner/standard_task_runner.py", line 85, in _start_by_fork
    args.func(args, dag=self.dag)
  File "/home/airflow/.local/lib/python3.7/site-packages/airflow/cli/cli_parser.py", line 48, in command
    return func(*args, **kwargs)
  File "/home/airflow/.local/lib/python3.7/site-packages/airflow/utils/cli.py", line 92, in wrapper
    return f(*args, **kwargs)
  File "/home/airflow/.local/lib/python3.7/site-packages/airflow/cli/commands/task_command.py", line 292, in task_run
    _run_task_by_selected_method(args, dag, ti)
  File "/home/airflow/.local/lib/python3.7/site-packages/airflow/cli/commands/task_command.py", line 107, in _run_task_by_selected_method
    _run_raw_task(args, ti)
  File "/home/airflow/.local/lib/python3.7/site-packages/airflow/cli/commands/task_command.py", line 184, in _run_raw_task
    error_file=args.error_file,
  File "/home/airflow/.local/lib/python3.7/site-packages/airflow/utils/session.py", line 70, in wrapper
    return func(*args, session=session, **kwargs)
  File "/home/airflow/.local/lib/python3.7/site-packages/airflow/models/taskinstance.py", line 1332, in _run_raw_task
    self._execute_task_with_callbacks(context)
  File "/home/airflow/.local/lib/python3.7/site-packages/airflow/models/taskinstance.py", line 1458, in _execute_task_with_callbacks
    result = self._execute_task(context, self.task)
  File "/home/airflow/.local/lib/python3.7/site-packages/airflow/models/taskinstance.py", line 1514, in _execute_task
    result = execute_callable(context=context)
  File "/home/airflow/.local/lib/python3.7/site-packages/great_expectations_provider/operators/great_expectations.py", line 128, in execute
    context_root_dir=self.data_context_root_dir
  File "/home/airflow/.local/lib/python3.7/site-packages/great_expectations/data_context/data_context/data_context.py", line 352, in __init__
    project_config = self._load_project_config()
  File "/home/airflow/.local/lib/python3.7/site-packages/great_expectations/data_context/data_context/data_context.py", line 428, in _load_project_config
    raise ge_exceptions.ConfigNotFoundError()
great_expectations.exceptions.exceptions.ConfigNotFoundError: Error: No great_expectations directory was found here!
    - Please check that you are in the correct directory or have specified the correct directory.
    - If you have never run Great Expectations in this project, please run `great_expectations init` to get started.

[2022-05-18 22:21:04,954] {local_task_job.py:154} INFO - Task exited with return code 1
[2022-05-18 22:21:05,185] {local_task_job.py:264} INFO - 0 downstream tasks scheduled from follow-on schedule check
