[2022-06-04 03:26:59,161] {taskinstance.py:1035} INFO - Dependencies all met for <TaskInstance: model_level_dbt_dag.dbt_run.model.jaffle_shop.stg_jaffle_shop__orders scheduled__2022-06-03T02:53:52.617168+00:00 [queued]>
[2022-06-04 03:26:59,219] {taskinstance.py:1035} INFO - Dependencies all met for <TaskInstance: model_level_dbt_dag.dbt_run.model.jaffle_shop.stg_jaffle_shop__orders scheduled__2022-06-03T02:53:52.617168+00:00 [queued]>
[2022-06-04 03:26:59,226] {taskinstance.py:1241} INFO - 
--------------------------------------------------------------------------------
[2022-06-04 03:26:59,228] {taskinstance.py:1242} INFO - Starting attempt 1 of 4
[2022-06-04 03:26:59,232] {taskinstance.py:1243} INFO - 
--------------------------------------------------------------------------------
[2022-06-04 03:26:59,285] {taskinstance.py:1262} INFO - Executing <Task(BashOperator): dbt_run.model.jaffle_shop.stg_jaffle_shop__orders> on 2022-06-03 02:53:52.617168+00:00
[2022-06-04 03:26:59,316] {standard_task_runner.py:52} INFO - Started process 2596 to run task
[2022-06-04 03:26:59,346] {standard_task_runner.py:76} INFO - Running: ['***', 'tasks', 'run', 'model_level_dbt_dag', 'dbt_run.model.jaffle_shop.stg_jaffle_shop__orders', 'scheduled__2022-06-03T02:53:52.617168+00:00', '--job-id', '226', '--raw', '--subdir', 'DAGS_FOLDER/model_level_dbt_dag.py', '--cfg-path', '/tmp/tmpz262_1hz', '--error-file', '/tmp/tmpum_ft1kp']
[2022-06-04 03:26:59,352] {standard_task_runner.py:77} INFO - Job 226: Subtask dbt_run.model.jaffle_shop.stg_jaffle_shop__orders
[2022-06-04 03:26:59,572] {logging_mixin.py:109} INFO - Running <TaskInstance: model_level_dbt_dag.dbt_run.model.jaffle_shop.stg_jaffle_shop__orders scheduled__2022-06-03T02:53:52.617168+00:00 [running]> on host 3d17a0db806e
[2022-06-04 03:26:59,851] {taskinstance.py:1429} INFO - Exporting the following env vars:
AIRFLOW_CTX_DAG_OWNER=luciano.naveiro
AIRFLOW_CTX_DAG_ID=model_level_dbt_dag
AIRFLOW_CTX_TASK_ID=dbt_run.model.jaffle_shop.stg_jaffle_shop__orders
AIRFLOW_CTX_EXECUTION_DATE=2022-06-03T02:53:52.617168+00:00
AIRFLOW_CTX_DAG_RUN_ID=scheduled__2022-06-03T02:53:52.617168+00:00
[2022-06-04 03:26:59,858] {subprocess.py:62} INFO - Tmp dir root location: 
 /tmp
[2022-06-04 03:26:59,865] {subprocess.py:74} INFO - Running command: ['bash', '-c', 'dbt --no-write-json run --target dev --models stg_jaffle_shop__orders --profiles-dir /opt/dbt/jaffle_shop --project-dir /opt/dbt/jaffle_shop--vars \'{"date": " 2022-06-03 " }\'']
[2022-06-04 03:26:59,902] {subprocess.py:85} INFO - Output:
[2022-06-04 03:27:06,185] {subprocess.py:89} INFO - usage: dbt [-h] [--version] [-r RECORD_TIMING_INFO] [-d]
[2022-06-04 03:27:06,186] {subprocess.py:89} INFO -            [--log-format {text,json,default}] [--no-write-json]
[2022-06-04 03:27:06,187] {subprocess.py:89} INFO -            [--use-colors | --no-use-colors] [--printer-width PRINTER_WIDTH]
[2022-06-04 03:27:06,187] {subprocess.py:89} INFO -            [--warn-error] [--no-version-check]
[2022-06-04 03:27:06,188] {subprocess.py:89} INFO -            [--partial-parse | --no-partial-parse] [--use-experimental-parser]
[2022-06-04 03:27:06,189] {subprocess.py:89} INFO -            [--no-static-parser] [--profiles-dir PROFILES_DIR]
[2022-06-04 03:27:06,190] {subprocess.py:89} INFO -            [--no-anonymous-usage-stats] [-x]
[2022-06-04 03:27:06,191] {subprocess.py:89} INFO -            [--event-buffer-size EVENT_BUFFER_SIZE] [-q] [--no-print]
[2022-06-04 03:27:06,191] {subprocess.py:89} INFO -            [--cache-selected-only | --no-cache-selected-only]
[2022-06-04 03:27:06,192] {subprocess.py:89} INFO -            {docs,source,init,clean,debug,deps,list,ls,build,snapshot,run,compile,parse,test,seed,run-operation}
[2022-06-04 03:27:06,193] {subprocess.py:89} INFO -            ...
[2022-06-04 03:27:06,194] {subprocess.py:89} INFO - dbt: error: unrecognized arguments: {"date": " 2022-06-03 " }
[2022-06-04 03:27:06,318] {subprocess.py:93} INFO - Command exited with return code 2
[2022-06-04 03:27:06,337] {taskinstance.py:1703} ERROR - Task failed with exception
Traceback (most recent call last):
  File "/home/airflow/.local/lib/python3.7/site-packages/airflow/models/taskinstance.py", line 1332, in _run_raw_task
    self._execute_task_with_callbacks(context)
  File "/home/airflow/.local/lib/python3.7/site-packages/airflow/models/taskinstance.py", line 1458, in _execute_task_with_callbacks
    result = self._execute_task(context, self.task)
  File "/home/airflow/.local/lib/python3.7/site-packages/airflow/models/taskinstance.py", line 1514, in _execute_task
    result = execute_callable(context=context)
  File "/home/airflow/.local/lib/python3.7/site-packages/airflow/operators/bash.py", line 188, in execute
    f'Bash command failed. The command returned a non-zero exit code {result.exit_code}.'
airflow.exceptions.AirflowException: Bash command failed. The command returned a non-zero exit code 2.
[2022-06-04 03:27:06,347] {taskinstance.py:1280} INFO - Marking task as UP_FOR_RETRY. dag_id=model_level_dbt_dag, task_id=dbt_run.model.jaffle_shop.stg_jaffle_shop__orders, execution_date=20220603T025352, start_date=20220604T032659, end_date=20220604T032706
[2022-06-04 03:27:06,366] {standard_task_runner.py:91} ERROR - Failed to execute job 226 for task dbt_run.model.jaffle_shop.stg_jaffle_shop__orders
Traceback (most recent call last):
  File "/home/airflow/.local/lib/python3.7/site-packages/airflow/task/task_runner/standard_task_runner.py", line 85, in _start_by_fork
    args.func(args, dag=self.dag)
  File "/home/airflow/.local/lib/python3.7/site-packages/airflow/cli/cli_parser.py", line 48, in command
    return func(*args, **kwargs)
  File "/home/airflow/.local/lib/python3.7/site-packages/airflow/utils/cli.py", line 92, in wrapper
    return f(*args, **kwargs)
  File "/home/airflow/.local/lib/python3.7/site-packages/airflow/cli/commands/task_command.py", line 292, in task_run
    _run_task_by_selected_method(args, dag, ti)
  File "/home/airflow/.local/lib/python3.7/site-packages/airflow/cli/commands/task_command.py", line 107, in _run_task_by_selected_method
    _run_raw_task(args, ti)
  File "/home/airflow/.local/lib/python3.7/site-packages/airflow/cli/commands/task_command.py", line 184, in _run_raw_task
    error_file=args.error_file,
  File "/home/airflow/.local/lib/python3.7/site-packages/airflow/utils/session.py", line 70, in wrapper
    return func(*args, session=session, **kwargs)
  File "/home/airflow/.local/lib/python3.7/site-packages/airflow/models/taskinstance.py", line 1332, in _run_raw_task
    self._execute_task_with_callbacks(context)
  File "/home/airflow/.local/lib/python3.7/site-packages/airflow/models/taskinstance.py", line 1458, in _execute_task_with_callbacks
    result = self._execute_task(context, self.task)
  File "/home/airflow/.local/lib/python3.7/site-packages/airflow/models/taskinstance.py", line 1514, in _execute_task
    result = execute_callable(context=context)
  File "/home/airflow/.local/lib/python3.7/site-packages/airflow/operators/bash.py", line 188, in execute
    f'Bash command failed. The command returned a non-zero exit code {result.exit_code}.'
airflow.exceptions.AirflowException: Bash command failed. The command returned a non-zero exit code 2.
[2022-06-04 03:27:06,396] {local_task_job.py:154} INFO - Task exited with return code 1
[2022-06-04 03:27:06,452] {local_task_job.py:264} INFO - 0 downstream tasks scheduled from follow-on schedule check
