[2022-06-04 20:28:29,208] {taskinstance.py:1035} INFO - Dependencies all met for <TaskInstance: model_level_dbt_dag.dbt_run.model.jaffle_shop.stg_jaffle_shop__orders scheduled__2022-06-03T02:53:52.617168+00:00 [queued]>
[2022-06-04 20:28:29,222] {taskinstance.py:1035} INFO - Dependencies all met for <TaskInstance: model_level_dbt_dag.dbt_run.model.jaffle_shop.stg_jaffle_shop__orders scheduled__2022-06-03T02:53:52.617168+00:00 [queued]>
[2022-06-04 20:28:29,224] {taskinstance.py:1241} INFO - 
--------------------------------------------------------------------------------
[2022-06-04 20:28:29,224] {taskinstance.py:1242} INFO - Starting attempt 4 of 7
[2022-06-04 20:28:29,225] {taskinstance.py:1243} INFO - 
--------------------------------------------------------------------------------
[2022-06-04 20:28:29,243] {taskinstance.py:1262} INFO - Executing <Task(BashOperator): dbt_run.model.jaffle_shop.stg_jaffle_shop__orders> on 2022-06-03 02:53:52.617168+00:00
[2022-06-04 20:28:29,248] {standard_task_runner.py:52} INFO - Started process 304 to run task
[2022-06-04 20:28:29,255] {standard_task_runner.py:76} INFO - Running: ['***', 'tasks', 'run', 'model_level_dbt_dag', 'dbt_run.model.jaffle_shop.stg_jaffle_shop__orders', 'scheduled__2022-06-03T02:53:52.617168+00:00', '--job-id', '277', '--raw', '--subdir', 'DAGS_FOLDER/model_level_dbt_dag.py', '--cfg-path', '/tmp/tmpgnjopjej', '--error-file', '/tmp/tmpazc81bo1']
[2022-06-04 20:28:29,257] {standard_task_runner.py:77} INFO - Job 277: Subtask dbt_run.model.jaffle_shop.stg_jaffle_shop__orders
[2022-06-04 20:28:29,419] {logging_mixin.py:109} INFO - Running <TaskInstance: model_level_dbt_dag.dbt_run.model.jaffle_shop.stg_jaffle_shop__orders scheduled__2022-06-03T02:53:52.617168+00:00 [running]> on host 0c1ca7618279
[2022-06-04 20:28:29,542] {taskinstance.py:1429} INFO - Exporting the following env vars:
AIRFLOW_CTX_DAG_OWNER=luciano.naveiro
AIRFLOW_CTX_DAG_ID=model_level_dbt_dag
AIRFLOW_CTX_TASK_ID=dbt_run.model.jaffle_shop.stg_jaffle_shop__orders
AIRFLOW_CTX_EXECUTION_DATE=2022-06-03T02:53:52.617168+00:00
AIRFLOW_CTX_DAG_RUN_ID=scheduled__2022-06-03T02:53:52.617168+00:00
[2022-06-04 20:28:29,545] {subprocess.py:62} INFO - Tmp dir root location: 
 /tmp
[2022-06-04 20:28:29,547] {subprocess.py:74} INFO - Running command: ['bash', '-c', 'dbt --no-write-json run --target dev --models stg_jaffle_shop__orders --profiles-dir /opt/dbt/jaffle_shop --project-dir /opt/dbt/jaffle_shop --vars \'{"date": " 2022-06-03 " }\'']
[2022-06-04 20:28:29,577] {subprocess.py:85} INFO - Output:
[2022-06-04 20:28:33,480] {subprocess.py:89} INFO - 20:28:33  Running with dbt=1.1.0
[2022-06-04 20:28:33,543] {subprocess.py:89} INFO - 20:28:33  Unable to do partial parsing because config vars, config profile, or config target have changed
[2022-06-04 20:28:35,086] {subprocess.py:89} INFO - 20:28:35  Found 5 models, 14 tests, 0 snapshots, 0 analyses, 170 macros, 0 operations, 0 seed files, 3 sources, 0 exposures, 0 metrics
[2022-06-04 20:28:35,091] {subprocess.py:89} INFO - 20:28:35
[2022-06-04 20:28:35,242] {subprocess.py:89} INFO - 20:28:35  Concurrency: 1 threads (target='dev')
[2022-06-04 20:28:35,243] {subprocess.py:89} INFO - 20:28:35
[2022-06-04 20:28:35,258] {subprocess.py:89} INFO - 20:28:35  1 of 1 START view model dev.stg_jaffle_shop__orders ............................ [RUN]
[2022-06-04 20:28:35,500] {subprocess.py:89} INFO - 20:28:35  1 of 1 OK created view model dev.stg_jaffle_shop__orders ....................... [[32mCREATE VIEW[0m in 0.23s]
[2022-06-04 20:28:35,603] {subprocess.py:89} INFO - 20:28:35
[2022-06-04 20:28:35,606] {subprocess.py:89} INFO - 20:28:35  Finished running 1 view model in 0.51s.
[2022-06-04 20:28:35,614] {subprocess.py:89} INFO - 20:28:35
[2022-06-04 20:28:35,617] {subprocess.py:89} INFO - 20:28:35  [32mCompleted successfully[0m
[2022-06-04 20:28:35,619] {subprocess.py:89} INFO - 20:28:35
[2022-06-04 20:28:35,621] {subprocess.py:89} INFO - 20:28:35  Done. PASS=1 WARN=0 ERROR=0 SKIP=0 TOTAL=1
[2022-06-04 20:28:36,795] {subprocess.py:93} INFO - Command exited with return code 0
[2022-06-04 20:28:36,848] {taskinstance.py:1280} INFO - Marking task as SUCCESS. dag_id=model_level_dbt_dag, task_id=dbt_run.model.jaffle_shop.stg_jaffle_shop__orders, execution_date=20220603T025352, start_date=20220604T202829, end_date=20220604T202836
[2022-06-04 20:28:36,906] {local_task_job.py:154} INFO - Task exited with return code 0
[2022-06-04 20:28:37,023] {local_task_job.py:264} INFO - 0 downstream tasks scheduled from follow-on schedule check
