[2022-06-04 20:37:22,276] {taskinstance.py:1035} INFO - Dependencies all met for <TaskInstance: model_level_dbt_great_expectations_dag.great_expectations_sources.sources.jaffle_shop__orders scheduled__2022-06-03T02:56:49.432006+00:00 [queued]>
[2022-06-04 20:37:22,301] {taskinstance.py:1035} INFO - Dependencies all met for <TaskInstance: model_level_dbt_great_expectations_dag.great_expectations_sources.sources.jaffle_shop__orders scheduled__2022-06-03T02:56:49.432006+00:00 [queued]>
[2022-06-04 20:37:22,302] {taskinstance.py:1241} INFO - 
--------------------------------------------------------------------------------
[2022-06-04 20:37:22,303] {taskinstance.py:1242} INFO - Starting attempt 2 of 5
[2022-06-04 20:37:22,305] {taskinstance.py:1243} INFO - 
--------------------------------------------------------------------------------
[2022-06-04 20:37:22,326] {taskinstance.py:1262} INFO - Executing <Task(GreatExpectationsOperator): great_expectations_sources.sources.jaffle_shop__orders> on 2022-06-03 02:56:49.432006+00:00
[2022-06-04 20:37:22,336] {standard_task_runner.py:52} INFO - Started process 973 to run task
[2022-06-04 20:37:22,348] {standard_task_runner.py:76} INFO - Running: ['***', 'tasks', 'run', 'model_level_dbt_great_expectations_dag', 'great_expectations_sources.sources.jaffle_shop__orders', 'scheduled__2022-06-03T02:56:49.432006+00:00', '--job-id', '301', '--raw', '--subdir', 'DAGS_FOLDER/model_level_dbt_great_expectations_dag.py', '--cfg-path', '/tmp/tmpbz8dyjm6', '--error-file', '/tmp/tmpocon_f6z']
[2022-06-04 20:37:22,351] {standard_task_runner.py:77} INFO - Job 301: Subtask great_expectations_sources.sources.jaffle_shop__orders
[2022-06-04 20:37:22,468] {logging_mixin.py:109} INFO - Running <TaskInstance: model_level_dbt_great_expectations_dag.great_expectations_sources.sources.jaffle_shop__orders scheduled__2022-06-03T02:56:49.432006+00:00 [running]> on host 0c1ca7618279
[2022-06-04 20:37:22,621] {taskinstance.py:1429} INFO - Exporting the following env vars:
AIRFLOW_CTX_DAG_OWNER=luciano.naveiro
AIRFLOW_CTX_DAG_ID=model_level_dbt_great_expectations_dag
AIRFLOW_CTX_TASK_ID=great_expectations_sources.sources.jaffle_shop__orders
AIRFLOW_CTX_EXECUTION_DATE=2022-06-03T02:56:49.432006+00:00
AIRFLOW_CTX_DAG_RUN_ID=scheduled__2022-06-03T02:56:49.432006+00:00
[2022-06-04 20:37:22,624] {great_expectations.py:122} INFO - Running validation with Great Expectations...
[2022-06-04 20:37:22,626] {great_expectations.py:125} INFO - Ensuring data context is valid...
[2022-06-04 20:37:24,337] {sqlalchemy_execution_engine.py:404} WARNING - schema_name specified creating a URL with schema is not supported. Set a default schema on the user connecting to your database.
[2022-06-04 20:37:24,342] {logging_mixin.py:109} WARNING - /home/***/.local/lib/python3.7/site-packages/great_expectations/datasource/data_connector/runtime_data_connector.py:135 DeprecationWarning: Specifying batch_identifiers as part of the RuntimeDataConnector config is deprecated as of v0.15.1 and will be removed by v0.18. Please configure batch_identifiers as part of Assets instead.
[2022-06-04 20:37:25,464] {validator.py:1669} INFO - 	15 expectation(s) included in expectation_suite.
[2022-06-04 20:37:25,649] {logging_mixin.py:109} WARNING - Calculating Metrics:   0%|          | 0/33 [00:00<?, ?it/s]
[2022-06-04 20:37:25,650] {logging_mixin.py:109} WARNING - Calculating Metrics:   0%|          | 0/33 [00:00<?, ?it/s]
[2022-06-04 20:37:25,672] {logging_mixin.py:109} WARNING - Calculating Metrics:   6%|6         | 2/33 [00:00<00:00, 94.61it/s]
[2022-06-04 20:37:25,716] {logging_mixin.py:109} WARNING - Calculating Metrics:  12%|#2        | 4/33 [00:00<00:00, 61.09it/s]
[2022-06-04 20:37:25,762] {logging_mixin.py:109} WARNING - Calculating Metrics:  36%|###6      | 12/33 [00:00<00:00, 107.76it/s]
[2022-06-04 20:37:25,763] {logging_mixin.py:109} WARNING - Calculating Metrics:  36%|###6      | 12/33 [00:00<00:00, 107.76it/s]
[2022-06-04 20:37:25,859] {logging_mixin.py:109} WARNING - Calculating Metrics:  82%|########1 | 27/33 [00:00<00:00, 107.76it/s]
[2022-06-04 20:37:25,923] {logging_mixin.py:109} WARNING - Calculating Metrics: 100%|##########| 33/33 [00:00<00:00, 122.86it/s]
[2022-06-04 20:37:25,925] {logging_mixin.py:109} WARNING - Calculating Metrics: 100%|##########| 33/33 [00:00<00:00, 122.86it/s]
[2022-06-04 20:37:25,967] {logging_mixin.py:109} WARNING - Calculating Metrics: 100%|##########| 33/33 [00:00<00:00, 122.86it/s]
[2022-06-04 20:37:25,968] {logging_mixin.py:109} WARNING - Calculating Metrics: 100%|##########| 33/33 [00:00<00:00, 103.77it/s]
[2022-06-04 20:37:25,970] {logging_mixin.py:109} WARNING - 
[2022-06-04 20:37:30,236] {great_expectations.py:197} INFO - Validation with Great Expectations successful.
[2022-06-04 20:37:30,275] {taskinstance.py:1280} INFO - Marking task as SUCCESS. dag_id=model_level_dbt_great_expectations_dag, task_id=great_expectations_sources.sources.jaffle_shop__orders, execution_date=20220603T025649, start_date=20220604T203722, end_date=20220604T203730
[2022-06-04 20:37:30,379] {local_task_job.py:154} INFO - Task exited with return code 0
[2022-06-04 20:37:30,441] {local_task_job.py:264} INFO - 0 downstream tasks scheduled from follow-on schedule check
