[2022-06-04 20:39:47,608] {taskinstance.py:1035} INFO - Dependencies all met for <TaskInstance: model_level_dbt_great_expectations_dag.dbt_run.model.jaffle_shop.int_orders scheduled__2022-06-03T02:56:49.432006+00:00 [queued]>
[2022-06-04 20:39:47,624] {taskinstance.py:1035} INFO - Dependencies all met for <TaskInstance: model_level_dbt_great_expectations_dag.dbt_run.model.jaffle_shop.int_orders scheduled__2022-06-03T02:56:49.432006+00:00 [queued]>
[2022-06-04 20:39:47,625] {taskinstance.py:1241} INFO - 
--------------------------------------------------------------------------------
[2022-06-04 20:39:47,626] {taskinstance.py:1242} INFO - Starting attempt 1 of 4
[2022-06-04 20:39:47,627] {taskinstance.py:1243} INFO - 
--------------------------------------------------------------------------------
[2022-06-04 20:39:47,642] {taskinstance.py:1262} INFO - Executing <Task(BashOperator): dbt_run.model.jaffle_shop.int_orders> on 2022-06-03 02:56:49.432006+00:00
[2022-06-04 20:39:47,653] {standard_task_runner.py:52} INFO - Started process 1202 to run task
[2022-06-04 20:39:47,662] {standard_task_runner.py:76} INFO - Running: ['***', 'tasks', 'run', 'model_level_dbt_great_expectations_dag', 'dbt_run.model.jaffle_shop.int_orders', 'scheduled__2022-06-03T02:56:49.432006+00:00', '--job-id', '309', '--raw', '--subdir', 'DAGS_FOLDER/model_level_dbt_great_expectations_dag.py', '--cfg-path', '/tmp/tmps6n60x6t', '--error-file', '/tmp/tmpse1frrlw']
[2022-06-04 20:39:47,664] {standard_task_runner.py:77} INFO - Job 309: Subtask dbt_run.model.jaffle_shop.int_orders
[2022-06-04 20:39:47,748] {logging_mixin.py:109} INFO - Running <TaskInstance: model_level_dbt_great_expectations_dag.dbt_run.model.jaffle_shop.int_orders scheduled__2022-06-03T02:56:49.432006+00:00 [running]> on host 0c1ca7618279
[2022-06-04 20:39:47,883] {taskinstance.py:1429} INFO - Exporting the following env vars:
AIRFLOW_CTX_DAG_OWNER=luciano.naveiro
AIRFLOW_CTX_DAG_ID=model_level_dbt_great_expectations_dag
AIRFLOW_CTX_TASK_ID=dbt_run.model.jaffle_shop.int_orders
AIRFLOW_CTX_EXECUTION_DATE=2022-06-03T02:56:49.432006+00:00
AIRFLOW_CTX_DAG_RUN_ID=scheduled__2022-06-03T02:56:49.432006+00:00
[2022-06-04 20:39:47,886] {subprocess.py:62} INFO - Tmp dir root location: 
 /tmp
[2022-06-04 20:39:47,888] {subprocess.py:74} INFO - Running command: ['bash', '-c', 'dbt --no-write-json run --target dev --models int_orders --profiles-dir /opt/dbt/jaffle_shop --project-dir /opt/dbt/jaffle_shop --vars \'{"date": " 2022-06-03 " }\'']
[2022-06-04 20:39:47,912] {subprocess.py:85} INFO - Output:
[2022-06-04 20:39:51,621] {subprocess.py:89} INFO - 20:39:51  Running with dbt=1.1.0
[2022-06-04 20:39:51,715] {subprocess.py:89} INFO - 20:39:51  Found 5 models, 14 tests, 0 snapshots, 0 analyses, 170 macros, 0 operations, 0 seed files, 3 sources, 0 exposures, 0 metrics
[2022-06-04 20:39:51,719] {subprocess.py:89} INFO - 20:39:51
[2022-06-04 20:39:51,836] {subprocess.py:89} INFO - 20:39:51  Concurrency: 1 threads (target='dev')
[2022-06-04 20:39:51,838] {subprocess.py:89} INFO - 20:39:51
[2022-06-04 20:39:51,848] {subprocess.py:89} INFO - 20:39:51  1 of 1 START view model dev.int_orders ......................................... [RUN]
[2022-06-04 20:39:51,990] {subprocess.py:89} INFO - 20:39:51  1 of 1 OK created view model dev.int_orders .................................... [[32mCREATE VIEW[0m in 0.14s]
[2022-06-04 20:39:52,069] {subprocess.py:89} INFO - 20:39:52
[2022-06-04 20:39:52,071] {subprocess.py:89} INFO - 20:39:52  Finished running 1 view model in 0.35s.
[2022-06-04 20:39:52,076] {subprocess.py:89} INFO - 20:39:52
[2022-06-04 20:39:52,078] {subprocess.py:89} INFO - 20:39:52  [32mCompleted successfully[0m
[2022-06-04 20:39:52,080] {subprocess.py:89} INFO - 20:39:52
[2022-06-04 20:39:52,082] {subprocess.py:89} INFO - 20:39:52  Done. PASS=1 WARN=0 ERROR=0 SKIP=0 TOTAL=1
[2022-06-04 20:39:53,178] {subprocess.py:93} INFO - Command exited with return code 0
[2022-06-04 20:39:53,209] {taskinstance.py:1280} INFO - Marking task as SUCCESS. dag_id=model_level_dbt_great_expectations_dag, task_id=dbt_run.model.jaffle_shop.int_orders, execution_date=20220603T025649, start_date=20220604T203947, end_date=20220604T203953
[2022-06-04 20:39:53,271] {local_task_job.py:154} INFO - Task exited with return code 0
[2022-06-04 20:39:53,337] {local_task_job.py:264} INFO - 0 downstream tasks scheduled from follow-on schedule check
