[2022-06-04 03:05:37,492] {taskinstance.py:1035} INFO - Dependencies all met for <TaskInstance: project_level_dbt_dag.dbt_run scheduled__2022-06-03T02:45:23.192192+00:00 [queued]>
[2022-06-04 03:05:37,505] {taskinstance.py:1035} INFO - Dependencies all met for <TaskInstance: project_level_dbt_dag.dbt_run scheduled__2022-06-03T02:45:23.192192+00:00 [queued]>
[2022-06-04 03:05:37,506] {taskinstance.py:1241} INFO - 
--------------------------------------------------------------------------------
[2022-06-04 03:05:37,506] {taskinstance.py:1242} INFO - Starting attempt 3 of 4
[2022-06-04 03:05:37,507] {taskinstance.py:1243} INFO - 
--------------------------------------------------------------------------------
[2022-06-04 03:05:37,521] {taskinstance.py:1262} INFO - Executing <Task(BashOperator): dbt_run> on 2022-06-03 02:45:23.192192+00:00
[2022-06-04 03:05:37,525] {standard_task_runner.py:52} INFO - Started process 1483 to run task
[2022-06-04 03:05:37,529] {standard_task_runner.py:76} INFO - Running: ['***', 'tasks', 'run', 'project_level_dbt_dag', 'dbt_run', 'scheduled__2022-06-03T02:45:23.192192+00:00', '--job-id', '212', '--raw', '--subdir', 'DAGS_FOLDER/project_level_dbt_dag.py', '--cfg-path', '/tmp/tmp55rfsm5m', '--error-file', '/tmp/tmpi3r42kwa']
[2022-06-04 03:05:37,529] {standard_task_runner.py:77} INFO - Job 212: Subtask dbt_run
[2022-06-04 03:05:37,578] {logging_mixin.py:109} INFO - Running <TaskInstance: project_level_dbt_dag.dbt_run scheduled__2022-06-03T02:45:23.192192+00:00 [running]> on host 3d17a0db806e
[2022-06-04 03:05:37,626] {taskinstance.py:1429} INFO - Exporting the following env vars:
AIRFLOW_CTX_DAG_OWNER=luciano.naveiro
AIRFLOW_CTX_DAG_ID=project_level_dbt_dag
AIRFLOW_CTX_TASK_ID=dbt_run
AIRFLOW_CTX_EXECUTION_DATE=2022-06-03T02:45:23.192192+00:00
AIRFLOW_CTX_DAG_RUN_ID=scheduled__2022-06-03T02:45:23.192192+00:00
[2022-06-04 03:05:37,628] {subprocess.py:62} INFO - Tmp dir root location: 
 /tmp
[2022-06-04 03:05:37,630] {subprocess.py:74} INFO - Running command: ['bash', '-c', '\n        dbt run --profiles-dir /opt/dbt/jaffle_shop --project-dir /opt/dbt/jaffle_shop\n        ']
[2022-06-04 03:05:37,640] {subprocess.py:85} INFO - Output:
[2022-06-04 03:05:40,773] {subprocess.py:89} INFO - 03:05:40  Running with dbt=1.1.0
[2022-06-04 03:05:40,829] {subprocess.py:89} INFO - 03:05:40  Unable to do partial parsing because config vars, config profile, or config target have changed
[2022-06-04 03:05:41,945] {subprocess.py:89} INFO - 03:05:41  Found 5 models, 14 tests, 0 snapshots, 0 analyses, 170 macros, 0 operations, 0 seed files, 3 sources, 0 exposures, 0 metrics
[2022-06-04 03:05:41,950] {subprocess.py:89} INFO - 03:05:41
[2022-06-04 03:05:42,103] {subprocess.py:89} INFO - 03:05:42  Concurrency: 1 threads (target='dev')
[2022-06-04 03:05:42,105] {subprocess.py:89} INFO - 03:05:42
[2022-06-04 03:05:42,116] {subprocess.py:89} INFO - 03:05:42  1 of 5 START view model dev.stg_jaffle_shop__customers ......................... [RUN]
[2022-06-04 03:05:42,249] {subprocess.py:89} INFO - 03:05:42  1 of 5 OK created view model dev.stg_jaffle_shop__customers .................... [[32mCREATE VIEW[0m in 0.13s]
[2022-06-04 03:05:42,255] {subprocess.py:89} INFO - 03:05:42  2 of 5 START view model dev.stg_jaffle_shop__orders ............................ [RUN]
[2022-06-04 03:05:42,487] {subprocess.py:89} INFO - 03:05:42  2 of 5 OK created view model dev.stg_jaffle_shop__orders ....................... [[32mCREATE VIEW[0m in 0.23s]
[2022-06-04 03:05:42,514] {subprocess.py:89} INFO - 03:05:42  3 of 5 START view model dev.stg_stripe__payments ............................... [RUN]
[2022-06-04 03:05:42,797] {subprocess.py:89} INFO - 03:05:42  3 of 5 OK created view model dev.stg_stripe__payments .......................... [[32mCREATE VIEW[0m in 0.28s]
[2022-06-04 03:05:42,807] {subprocess.py:89} INFO - 03:05:42  4 of 5 START view model dev.int_orders ......................................... [RUN]
[2022-06-04 03:05:42,923] {subprocess.py:89} INFO - 03:05:42  4 of 5 OK created view model dev.int_orders .................................... [[32mCREATE VIEW[0m in 0.11s]
[2022-06-04 03:05:42,930] {subprocess.py:89} INFO - 03:05:42  5 of 5 START table model dev.fct_customer_orders ............................... [RUN]
[2022-06-04 03:05:43,083] {subprocess.py:89} INFO - 03:05:43  5 of 5 OK created table model dev.fct_customer_orders .......................... [[32mSELECT 99[0m in 0.15s]
[2022-06-04 03:05:43,160] {subprocess.py:89} INFO - 03:05:43
[2022-06-04 03:05:43,164] {subprocess.py:89} INFO - 03:05:43  Finished running 4 view models, 1 table model in 1.21s.
[2022-06-04 03:05:43,187] {subprocess.py:89} INFO - 03:05:43
[2022-06-04 03:05:43,191] {subprocess.py:89} INFO - 03:05:43  [32mCompleted successfully[0m
[2022-06-04 03:05:43,194] {subprocess.py:89} INFO - 03:05:43
[2022-06-04 03:05:43,197] {subprocess.py:89} INFO - 03:05:43  Done. PASS=5 WARN=0 ERROR=0 SKIP=0 TOTAL=5
[2022-06-04 03:05:44,381] {subprocess.py:93} INFO - Command exited with return code 0
[2022-06-04 03:05:44,411] {taskinstance.py:1280} INFO - Marking task as SUCCESS. dag_id=project_level_dbt_dag, task_id=dbt_run, execution_date=20220603T024523, start_date=20220604T030537, end_date=20220604T030544
[2022-06-04 03:05:44,464] {local_task_job.py:154} INFO - Task exited with return code 0
[2022-06-04 03:05:44,509] {local_task_job.py:264} INFO - 1 downstream tasks scheduled from follow-on schedule check
