[2022-05-17 00:32:08,667] {taskinstance.py:1035} INFO - Dependencies all met for <TaskInstance: model_level_dbt_dag.dbt_run.model.jaffle_shop.stg_jaffle_shop__customers scheduled__2022-05-15T16:00:47.250021+00:00 [queued]>
[2022-05-17 00:32:08,690] {taskinstance.py:1035} INFO - Dependencies all met for <TaskInstance: model_level_dbt_dag.dbt_run.model.jaffle_shop.stg_jaffle_shop__customers scheduled__2022-05-15T16:00:47.250021+00:00 [queued]>
[2022-05-17 00:32:08,692] {taskinstance.py:1241} INFO - 
--------------------------------------------------------------------------------
[2022-05-17 00:32:08,695] {taskinstance.py:1242} INFO - Starting attempt 4 of 7
[2022-05-17 00:32:08,696] {taskinstance.py:1243} INFO - 
--------------------------------------------------------------------------------
[2022-05-17 00:32:08,723] {taskinstance.py:1262} INFO - Executing <Task(BashOperator): dbt_run.model.jaffle_shop.stg_jaffle_shop__customers> on 2022-05-15 16:00:47.250021+00:00
[2022-05-17 00:32:08,734] {standard_task_runner.py:52} INFO - Started process 1720 to run task
[2022-05-17 00:32:08,738] {standard_task_runner.py:76} INFO - Running: ['***', 'tasks', 'run', 'model_level_dbt_dag', 'dbt_run.model.jaffle_shop.stg_jaffle_shop__customers', 'scheduled__2022-05-15T16:00:47.250021+00:00', '--job-id', '478', '--raw', '--subdir', 'DAGS_FOLDER/model_level_dbt_dag.py', '--cfg-path', '/tmp/tmpgnxf5qbw', '--error-file', '/tmp/tmpocv7xfjz']
[2022-05-17 00:32:08,740] {standard_task_runner.py:77} INFO - Job 478: Subtask dbt_run.model.jaffle_shop.stg_jaffle_shop__customers
[2022-05-17 00:32:08,796] {logging_mixin.py:109} INFO - Running <TaskInstance: model_level_dbt_dag.dbt_run.model.jaffle_shop.stg_jaffle_shop__customers scheduled__2022-05-15T16:00:47.250021+00:00 [running]> on host a97e89df0c52
[2022-05-17 00:32:08,846] {taskinstance.py:1429} INFO - Exporting the following env vars:
AIRFLOW_CTX_DAG_OWNER=luciano.naveiro
AIRFLOW_CTX_DAG_ID=model_level_dbt_dag
AIRFLOW_CTX_TASK_ID=dbt_run.model.jaffle_shop.stg_jaffle_shop__customers
AIRFLOW_CTX_EXECUTION_DATE=2022-05-15T16:00:47.250021+00:00
AIRFLOW_CTX_DAG_RUN_ID=scheduled__2022-05-15T16:00:47.250021+00:00
[2022-05-17 00:32:08,848] {subprocess.py:62} INFO - Tmp dir root location: 
 /tmp
[2022-05-17 00:32:08,849] {subprocess.py:74} INFO - Running command: ['bash', '-c', 'dbt --no-write-json run --target dev --models stg_jaffle_shop__customers --profiles-dir /opt/dbt/jaffle_shop --project-dir /opt/dbt/jaffle_shop']
[2022-05-17 00:32:08,862] {subprocess.py:85} INFO - Output:
[2022-05-17 00:32:12,439] {subprocess.py:89} INFO - 00:32:12  Running with dbt=1.1.0
[2022-05-17 00:32:12,547] {subprocess.py:89} INFO - 00:32:12  Found 5 models, 13 tests, 0 snapshots, 0 analyses, 170 macros, 0 operations, 0 seed files, 3 sources, 0 exposures, 0 metrics
[2022-05-17 00:32:12,551] {subprocess.py:89} INFO - 00:32:12
[2022-05-17 00:32:12,666] {subprocess.py:89} INFO - 00:32:12  Concurrency: 1 threads (target='dev')
[2022-05-17 00:32:12,668] {subprocess.py:89} INFO - 00:32:12
[2022-05-17 00:32:12,676] {subprocess.py:89} INFO - 00:32:12  1 of 1 START view model dev.stg_jaffle_shop__customers ......................... [RUN]
[2022-05-17 00:32:12,811] {subprocess.py:89} INFO - 00:32:12  1 of 1 OK created view model dev.stg_jaffle_shop__customers .................... [[32mCREATE VIEW[0m in 0.13s]
[2022-05-17 00:32:12,906] {subprocess.py:89} INFO - 00:32:12
[2022-05-17 00:32:12,908] {subprocess.py:89} INFO - 00:32:12  Finished running 1 view model in 0.35s.
[2022-05-17 00:32:12,913] {subprocess.py:89} INFO - 00:32:12
[2022-05-17 00:32:12,915] {subprocess.py:89} INFO - 00:32:12  [32mCompleted successfully[0m
[2022-05-17 00:32:12,917] {subprocess.py:89} INFO - 00:32:12
[2022-05-17 00:32:12,919] {subprocess.py:89} INFO - 00:32:12  Done. PASS=1 WARN=0 ERROR=0 SKIP=0 TOTAL=1
[2022-05-17 00:32:14,161] {subprocess.py:93} INFO - Command exited with return code 0
[2022-05-17 00:32:14,190] {taskinstance.py:1280} INFO - Marking task as SUCCESS. dag_id=model_level_dbt_dag, task_id=dbt_run.model.jaffle_shop.stg_jaffle_shop__customers, execution_date=20220515T160047, start_date=20220517T003208, end_date=20220517T003214
[2022-05-17 00:32:14,228] {local_task_job.py:154} INFO - Task exited with return code 0
[2022-05-17 00:32:14,281] {local_task_job.py:264} INFO - 0 downstream tasks scheduled from follow-on schedule check
