[2022-05-17 00:42:09,405] {taskinstance.py:1035} INFO - Dependencies all met for <TaskInstance: model_level_dbt_dag.dbt_run.model.jaffle_shop.stg_jaffle_shop__customers scheduled__2022-05-15T16:00:47.250021+00:00 [queued]>
[2022-05-17 00:42:09,426] {taskinstance.py:1035} INFO - Dependencies all met for <TaskInstance: model_level_dbt_dag.dbt_run.model.jaffle_shop.stg_jaffle_shop__customers scheduled__2022-05-15T16:00:47.250021+00:00 [queued]>
[2022-05-17 00:42:09,427] {taskinstance.py:1241} INFO - 
--------------------------------------------------------------------------------
[2022-05-17 00:42:09,428] {taskinstance.py:1242} INFO - Starting attempt 5 of 8
[2022-05-17 00:42:09,429] {taskinstance.py:1243} INFO - 
--------------------------------------------------------------------------------
[2022-05-17 00:42:09,445] {taskinstance.py:1262} INFO - Executing <Task(BashOperator): dbt_run.model.jaffle_shop.stg_jaffle_shop__customers> on 2022-05-15 16:00:47.250021+00:00
[2022-05-17 00:42:09,451] {standard_task_runner.py:52} INFO - Started process 65 to run task
[2022-05-17 00:42:09,459] {standard_task_runner.py:76} INFO - Running: ['***', 'tasks', 'run', 'model_level_dbt_dag', 'dbt_run.model.jaffle_shop.stg_jaffle_shop__customers', 'scheduled__2022-05-15T16:00:47.250021+00:00', '--job-id', '488', '--raw', '--subdir', 'DAGS_FOLDER/model_level_dbt_dag.py', '--cfg-path', '/tmp/tmp8szx9aif', '--error-file', '/tmp/tmphxwbwi4s']
[2022-05-17 00:42:09,461] {standard_task_runner.py:77} INFO - Job 488: Subtask dbt_run.model.jaffle_shop.stg_jaffle_shop__customers
[2022-05-17 00:42:09,538] {logging_mixin.py:109} INFO - Running <TaskInstance: model_level_dbt_dag.dbt_run.model.jaffle_shop.stg_jaffle_shop__customers scheduled__2022-05-15T16:00:47.250021+00:00 [running]> on host 5b92c0eb864a
[2022-05-17 00:42:09,615] {taskinstance.py:1429} INFO - Exporting the following env vars:
AIRFLOW_CTX_DAG_OWNER=luciano.naveiro
AIRFLOW_CTX_DAG_ID=model_level_dbt_dag
AIRFLOW_CTX_TASK_ID=dbt_run.model.jaffle_shop.stg_jaffle_shop__customers
AIRFLOW_CTX_EXECUTION_DATE=2022-05-15T16:00:47.250021+00:00
AIRFLOW_CTX_DAG_RUN_ID=scheduled__2022-05-15T16:00:47.250021+00:00
[2022-05-17 00:42:09,617] {subprocess.py:62} INFO - Tmp dir root location: 
 /tmp
[2022-05-17 00:42:09,619] {subprocess.py:74} INFO - Running command: ['bash', '-c', 'dbt --no-write-json run --target dev --models stg_jaffle_shop__customers --profiles-dir /opt/dbt/jaffle_shop --project-dir /opt/dbt/jaffle_shop']
[2022-05-17 00:42:09,635] {subprocess.py:85} INFO - Output:
[2022-05-17 00:42:13,540] {subprocess.py:89} INFO - 00:42:13  Running with dbt=1.1.0
[2022-05-17 00:42:13,747] {subprocess.py:89} INFO - 00:42:13  Found 5 models, 13 tests, 0 snapshots, 0 analyses, 170 macros, 0 operations, 0 seed files, 3 sources, 0 exposures, 0 metrics
[2022-05-17 00:42:13,754] {subprocess.py:89} INFO - 00:42:13
[2022-05-17 00:42:14,017] {subprocess.py:89} INFO - 00:42:14  Concurrency: 1 threads (target='dev')
[2022-05-17 00:42:14,020] {subprocess.py:89} INFO - 00:42:14
[2022-05-17 00:42:14,040] {subprocess.py:89} INFO - 00:42:14  1 of 1 START view model dev.stg_jaffle_shop__customers ......................... [RUN]
[2022-05-17 00:42:14,212] {subprocess.py:89} INFO - 00:42:14  1 of 1 OK created view model dev.stg_jaffle_shop__customers .................... [[32mCREATE VIEW[0m in 0.16s]
[2022-05-17 00:42:14,278] {subprocess.py:89} INFO - 00:42:14
[2022-05-17 00:42:14,280] {subprocess.py:89} INFO - 00:42:14  Finished running 1 view model in 0.52s.
[2022-05-17 00:42:14,285] {subprocess.py:89} INFO - 00:42:14
[2022-05-17 00:42:14,287] {subprocess.py:89} INFO - 00:42:14  [32mCompleted successfully[0m
[2022-05-17 00:42:14,288] {subprocess.py:89} INFO - 00:42:14
[2022-05-17 00:42:14,290] {subprocess.py:89} INFO - 00:42:14  Done. PASS=1 WARN=0 ERROR=0 SKIP=0 TOTAL=1
[2022-05-17 00:42:15,610] {subprocess.py:93} INFO - Command exited with return code 0
[2022-05-17 00:42:15,654] {taskinstance.py:1280} INFO - Marking task as SUCCESS. dag_id=model_level_dbt_dag, task_id=dbt_run.model.jaffle_shop.stg_jaffle_shop__customers, execution_date=20220515T160047, start_date=20220517T004209, end_date=20220517T004215
[2022-05-17 00:42:15,710] {local_task_job.py:154} INFO - Task exited with return code 0
[2022-05-17 00:42:15,784] {local_task_job.py:264} INFO - 0 downstream tasks scheduled from follow-on schedule check
