[2022-05-17 00:42:59,501] {taskinstance.py:1035} INFO - Dependencies all met for <TaskInstance: model_level_dbt_dag.dbt_run.model.jaffle_shop.stg_jaffle_shop__customers scheduled__2022-05-15T16:00:47.250021+00:00 [queued]>
[2022-05-17 00:42:59,524] {taskinstance.py:1035} INFO - Dependencies all met for <TaskInstance: model_level_dbt_dag.dbt_run.model.jaffle_shop.stg_jaffle_shop__customers scheduled__2022-05-15T16:00:47.250021+00:00 [queued]>
[2022-05-17 00:42:59,525] {taskinstance.py:1241} INFO - 
--------------------------------------------------------------------------------
[2022-05-17 00:42:59,526] {taskinstance.py:1242} INFO - Starting attempt 6 of 9
[2022-05-17 00:42:59,527] {taskinstance.py:1243} INFO - 
--------------------------------------------------------------------------------
[2022-05-17 00:42:59,545] {taskinstance.py:1262} INFO - Executing <Task(BashOperator): dbt_run.model.jaffle_shop.stg_jaffle_shop__customers> on 2022-05-15 16:00:47.250021+00:00
[2022-05-17 00:42:59,554] {standard_task_runner.py:52} INFO - Started process 141 to run task
[2022-05-17 00:42:59,559] {standard_task_runner.py:76} INFO - Running: ['***', 'tasks', 'run', 'model_level_dbt_dag', 'dbt_run.model.jaffle_shop.stg_jaffle_shop__customers', 'scheduled__2022-05-15T16:00:47.250021+00:00', '--job-id', '492', '--raw', '--subdir', 'DAGS_FOLDER/model_level_dbt_dag.py', '--cfg-path', '/tmp/tmpym6ds8yb', '--error-file', '/tmp/tmp06bilwki']
[2022-05-17 00:42:59,560] {standard_task_runner.py:77} INFO - Job 492: Subtask dbt_run.model.jaffle_shop.stg_jaffle_shop__customers
[2022-05-17 00:42:59,626] {logging_mixin.py:109} INFO - Running <TaskInstance: model_level_dbt_dag.dbt_run.model.jaffle_shop.stg_jaffle_shop__customers scheduled__2022-05-15T16:00:47.250021+00:00 [running]> on host 5b92c0eb864a
[2022-05-17 00:42:59,701] {taskinstance.py:1429} INFO - Exporting the following env vars:
AIRFLOW_CTX_DAG_OWNER=luciano.naveiro
AIRFLOW_CTX_DAG_ID=model_level_dbt_dag
AIRFLOW_CTX_TASK_ID=dbt_run.model.jaffle_shop.stg_jaffle_shop__customers
AIRFLOW_CTX_EXECUTION_DATE=2022-05-15T16:00:47.250021+00:00
AIRFLOW_CTX_DAG_RUN_ID=scheduled__2022-05-15T16:00:47.250021+00:00
[2022-05-17 00:42:59,705] {subprocess.py:62} INFO - Tmp dir root location: 
 /tmp
[2022-05-17 00:42:59,707] {subprocess.py:74} INFO - Running command: ['bash', '-c', 'dbt --no-write-json run --target dev --models stg_jaffle_shop__customers --profiles-dir /opt/dbt/jaffle_shop --project-dir /opt/dbt/jaffle_shop']
[2022-05-17 00:42:59,721] {subprocess.py:85} INFO - Output:
[2022-05-17 00:43:03,526] {subprocess.py:89} INFO - 00:43:03  Running with dbt=1.1.0
[2022-05-17 00:43:03,774] {subprocess.py:89} INFO - 00:43:03  Found 5 models, 13 tests, 0 snapshots, 0 analyses, 170 macros, 0 operations, 0 seed files, 3 sources, 0 exposures, 0 metrics
[2022-05-17 00:43:03,781] {subprocess.py:89} INFO - 00:43:03
[2022-05-17 00:43:04,030] {subprocess.py:89} INFO - 00:43:04  Concurrency: 1 threads (target='dev')
[2022-05-17 00:43:04,035] {subprocess.py:89} INFO - 00:43:04
[2022-05-17 00:43:04,074] {subprocess.py:89} INFO - 00:43:04  1 of 1 START view model dev.stg_jaffle_shop__customers ......................... [RUN]
[2022-05-17 00:43:04,278] {subprocess.py:89} INFO - 00:43:04  1 of 1 OK created view model dev.stg_jaffle_shop__customers .................... [[32mCREATE VIEW[0m in 0.20s]
[2022-05-17 00:43:04,412] {subprocess.py:89} INFO - 00:43:04
[2022-05-17 00:43:04,414] {subprocess.py:89} INFO - 00:43:04  Finished running 1 view model in 0.63s.
[2022-05-17 00:43:04,420] {subprocess.py:89} INFO - 00:43:04
[2022-05-17 00:43:04,423] {subprocess.py:89} INFO - 00:43:04  [32mCompleted successfully[0m
[2022-05-17 00:43:04,425] {subprocess.py:89} INFO - 00:43:04
[2022-05-17 00:43:04,428] {subprocess.py:89} INFO - 00:43:04  Done. PASS=1 WARN=0 ERROR=0 SKIP=0 TOTAL=1
[2022-05-17 00:43:05,586] {subprocess.py:93} INFO - Command exited with return code 0
[2022-05-17 00:43:05,625] {taskinstance.py:1280} INFO - Marking task as SUCCESS. dag_id=model_level_dbt_dag, task_id=dbt_run.model.jaffle_shop.stg_jaffle_shop__customers, execution_date=20220515T160047, start_date=20220517T004259, end_date=20220517T004305
[2022-05-17 00:43:05,678] {local_task_job.py:154} INFO - Task exited with return code 0
[2022-05-17 00:43:05,746] {local_task_job.py:264} INFO - 0 downstream tasks scheduled from follow-on schedule check
