[2022-05-17 01:00:18,895] {taskinstance.py:1035} INFO - Dependencies all met for <TaskInstance: model_level_dbt_dag.dbt_run.model.jaffle_shop.stg_jaffle_shop__customers scheduled__2022-05-15T16:00:47.250021+00:00 [queued]>
[2022-05-17 01:00:18,909] {taskinstance.py:1035} INFO - Dependencies all met for <TaskInstance: model_level_dbt_dag.dbt_run.model.jaffle_shop.stg_jaffle_shop__customers scheduled__2022-05-15T16:00:47.250021+00:00 [queued]>
[2022-05-17 01:00:18,910] {taskinstance.py:1241} INFO - 
--------------------------------------------------------------------------------
[2022-05-17 01:00:18,912] {taskinstance.py:1242} INFO - Starting attempt 7 of 10
[2022-05-17 01:00:18,912] {taskinstance.py:1243} INFO - 
--------------------------------------------------------------------------------
[2022-05-17 01:00:18,928] {taskinstance.py:1262} INFO - Executing <Task(BashOperator): dbt_run.model.jaffle_shop.stg_jaffle_shop__customers> on 2022-05-15 16:00:47.250021+00:00
[2022-05-17 01:00:18,933] {standard_task_runner.py:52} INFO - Started process 1325 to run task
[2022-05-17 01:00:18,938] {standard_task_runner.py:76} INFO - Running: ['***', 'tasks', 'run', 'model_level_dbt_dag', 'dbt_run.model.jaffle_shop.stg_jaffle_shop__customers', 'scheduled__2022-05-15T16:00:47.250021+00:00', '--job-id', '525', '--raw', '--subdir', 'DAGS_FOLDER/model_level_dbt_dag.py', '--cfg-path', '/tmp/tmp847mob6r', '--error-file', '/tmp/tmps0dzpdhx']
[2022-05-17 01:00:18,940] {standard_task_runner.py:77} INFO - Job 525: Subtask dbt_run.model.jaffle_shop.stg_jaffle_shop__customers
[2022-05-17 01:00:18,993] {logging_mixin.py:109} INFO - Running <TaskInstance: model_level_dbt_dag.dbt_run.model.jaffle_shop.stg_jaffle_shop__customers scheduled__2022-05-15T16:00:47.250021+00:00 [running]> on host 5b92c0eb864a
[2022-05-17 01:00:19,064] {taskinstance.py:1429} INFO - Exporting the following env vars:
AIRFLOW_CTX_DAG_OWNER=luciano.naveiro
AIRFLOW_CTX_DAG_ID=model_level_dbt_dag
AIRFLOW_CTX_TASK_ID=dbt_run.model.jaffle_shop.stg_jaffle_shop__customers
AIRFLOW_CTX_EXECUTION_DATE=2022-05-15T16:00:47.250021+00:00
AIRFLOW_CTX_DAG_RUN_ID=scheduled__2022-05-15T16:00:47.250021+00:00
[2022-05-17 01:00:19,067] {subprocess.py:62} INFO - Tmp dir root location: 
 /tmp
[2022-05-17 01:00:19,069] {subprocess.py:74} INFO - Running command: ['bash', '-c', 'dbt --no-write-json run --target dev --models stg_jaffle_shop__customers --profiles-dir /opt/dbt/jaffle_shop --project-dir /opt/dbt/jaffle_shop']
[2022-05-17 01:00:19,083] {subprocess.py:85} INFO - Output:
[2022-05-17 01:00:22,551] {subprocess.py:89} INFO - 01:00:22  Running with dbt=1.1.0
[2022-05-17 01:00:22,642] {subprocess.py:89} INFO - 01:00:22  Found 5 models, 13 tests, 0 snapshots, 0 analyses, 170 macros, 0 operations, 0 seed files, 3 sources, 0 exposures, 0 metrics
[2022-05-17 01:00:22,647] {subprocess.py:89} INFO - 01:00:22
[2022-05-17 01:00:22,809] {subprocess.py:89} INFO - 01:00:22  Concurrency: 1 threads (target='dev')
[2022-05-17 01:00:22,811] {subprocess.py:89} INFO - 01:00:22
[2022-05-17 01:00:22,821] {subprocess.py:89} INFO - 01:00:22  1 of 1 START view model dev.stg_jaffle_shop__customers ......................... [RUN]
[2022-05-17 01:00:22,994] {subprocess.py:89} INFO - 01:00:22  1 of 1 OK created view model dev.stg_jaffle_shop__customers .................... [[32mCREATE VIEW[0m in 0.17s]
[2022-05-17 01:00:23,051] {subprocess.py:89} INFO - 01:00:23
[2022-05-17 01:00:23,054] {subprocess.py:89} INFO - 01:00:23  Finished running 1 view model in 0.40s.
[2022-05-17 01:00:23,063] {subprocess.py:89} INFO - 01:00:23
[2022-05-17 01:00:23,066] {subprocess.py:89} INFO - 01:00:23  [32mCompleted successfully[0m
[2022-05-17 01:00:23,068] {subprocess.py:89} INFO - 01:00:23
[2022-05-17 01:00:23,071] {subprocess.py:89} INFO - 01:00:23  Done. PASS=1 WARN=0 ERROR=0 SKIP=0 TOTAL=1
[2022-05-17 01:00:24,134] {subprocess.py:93} INFO - Command exited with return code 0
[2022-05-17 01:00:24,173] {taskinstance.py:1280} INFO - Marking task as SUCCESS. dag_id=model_level_dbt_dag, task_id=dbt_run.model.jaffle_shop.stg_jaffle_shop__customers, execution_date=20220515T160047, start_date=20220517T010018, end_date=20220517T010024
[2022-05-17 01:00:24,232] {local_task_job.py:154} INFO - Task exited with return code 0
[2022-05-17 01:00:24,286] {local_task_job.py:264} INFO - 0 downstream tasks scheduled from follow-on schedule check
