[2022-05-17 01:32:09,749] {taskinstance.py:1035} INFO - Dependencies all met for <TaskInstance: model_level_dbt_dag.dbt_run.model.jaffle_shop.stg_jaffle_shop__customers scheduled__2022-05-15T16:00:47.250021+00:00 [queued]>
[2022-05-17 01:32:09,772] {taskinstance.py:1035} INFO - Dependencies all met for <TaskInstance: model_level_dbt_dag.dbt_run.model.jaffle_shop.stg_jaffle_shop__customers scheduled__2022-05-15T16:00:47.250021+00:00 [queued]>
[2022-05-17 01:32:09,774] {taskinstance.py:1241} INFO - 
--------------------------------------------------------------------------------
[2022-05-17 01:32:09,776] {taskinstance.py:1242} INFO - Starting attempt 8 of 11
[2022-05-17 01:32:09,777] {taskinstance.py:1243} INFO - 
--------------------------------------------------------------------------------
[2022-05-17 01:32:09,806] {taskinstance.py:1262} INFO - Executing <Task(BashOperator): dbt_run.model.jaffle_shop.stg_jaffle_shop__customers> on 2022-05-15 16:00:47.250021+00:00
[2022-05-17 01:32:09,818] {standard_task_runner.py:52} INFO - Started process 214 to run task
[2022-05-17 01:32:09,832] {standard_task_runner.py:76} INFO - Running: ['***', 'tasks', 'run', 'model_level_dbt_dag', 'dbt_run.model.jaffle_shop.stg_jaffle_shop__customers', 'scheduled__2022-05-15T16:00:47.250021+00:00', '--job-id', '540', '--raw', '--subdir', 'DAGS_FOLDER/model_level_dbt_dag.py', '--cfg-path', '/tmp/tmp_z_g_xrl', '--error-file', '/tmp/tmpg793ug5i']
[2022-05-17 01:32:09,833] {standard_task_runner.py:77} INFO - Job 540: Subtask dbt_run.model.jaffle_shop.stg_jaffle_shop__customers
[2022-05-17 01:32:09,937] {logging_mixin.py:109} INFO - Running <TaskInstance: model_level_dbt_dag.dbt_run.model.jaffle_shop.stg_jaffle_shop__customers scheduled__2022-05-15T16:00:47.250021+00:00 [running]> on host 9d5de636d688
[2022-05-17 01:32:10,043] {taskinstance.py:1429} INFO - Exporting the following env vars:
AIRFLOW_CTX_DAG_OWNER=luciano.naveiro
AIRFLOW_CTX_DAG_ID=model_level_dbt_dag
AIRFLOW_CTX_TASK_ID=dbt_run.model.jaffle_shop.stg_jaffle_shop__customers
AIRFLOW_CTX_EXECUTION_DATE=2022-05-15T16:00:47.250021+00:00
AIRFLOW_CTX_DAG_RUN_ID=scheduled__2022-05-15T16:00:47.250021+00:00
[2022-05-17 01:32:10,045] {subprocess.py:62} INFO - Tmp dir root location: 
 /tmp
[2022-05-17 01:32:10,050] {subprocess.py:74} INFO - Running command: ['bash', '-c', 'dbt --no-write-json run --target dev --models stg_jaffle_shop__customers --profiles-dir /opt/dbt/jaffle_shop --project-dir /opt/dbt/jaffle_shop']
[2022-05-17 01:32:10,091] {subprocess.py:85} INFO - Output:
[2022-05-17 01:32:15,301] {subprocess.py:89} INFO - 01:32:15  Running with dbt=1.1.0
[2022-05-17 01:32:15,366] {subprocess.py:89} INFO - 01:32:15  Unable to do partial parsing because config vars, config profile, or config target have changed
[2022-05-17 01:32:17,125] {subprocess.py:89} INFO - 01:32:17  Found 5 models, 13 tests, 0 snapshots, 0 analyses, 170 macros, 0 operations, 0 seed files, 3 sources, 0 exposures, 0 metrics
[2022-05-17 01:32:17,129] {subprocess.py:89} INFO - 01:32:17
[2022-05-17 01:32:17,284] {subprocess.py:89} INFO - 01:32:17  Concurrency: 1 threads (target='dev')
[2022-05-17 01:32:17,286] {subprocess.py:89} INFO - 01:32:17
[2022-05-17 01:32:17,298] {subprocess.py:89} INFO - 01:32:17  1 of 1 START view model dev.stg_jaffle_shop__customers ......................... [RUN]
[2022-05-17 01:32:17,432] {subprocess.py:89} INFO - 01:32:17  1 of 1 OK created view model dev.stg_jaffle_shop__customers .................... [[32mCREATE VIEW[0m in 0.13s]
[2022-05-17 01:32:17,526] {subprocess.py:89} INFO - 01:32:17
[2022-05-17 01:32:17,528] {subprocess.py:89} INFO - 01:32:17  Finished running 1 view model in 0.39s.
[2022-05-17 01:32:17,535] {subprocess.py:89} INFO - 01:32:17
[2022-05-17 01:32:17,537] {subprocess.py:89} INFO - 01:32:17  [32mCompleted successfully[0m
[2022-05-17 01:32:17,540] {subprocess.py:89} INFO - 01:32:17
[2022-05-17 01:32:17,543] {subprocess.py:89} INFO - 01:32:17  Done. PASS=1 WARN=0 ERROR=0 SKIP=0 TOTAL=1
[2022-05-17 01:32:18,798] {subprocess.py:93} INFO - Command exited with return code 0
[2022-05-17 01:32:18,833] {taskinstance.py:1280} INFO - Marking task as SUCCESS. dag_id=model_level_dbt_dag, task_id=dbt_run.model.jaffle_shop.stg_jaffle_shop__customers, execution_date=20220515T160047, start_date=20220517T013209, end_date=20220517T013218
[2022-05-17 01:32:18,889] {local_task_job.py:154} INFO - Task exited with return code 0
[2022-05-17 01:32:18,957] {local_task_job.py:264} INFO - 0 downstream tasks scheduled from follow-on schedule check
