[2022-05-15 23:20:39,740] {taskinstance.py:1035} INFO - Dependencies all met for <TaskInstance: model_level_dbt_dag.dbt_run.model.jaffle_shop.stg_stripe__payments scheduled__2022-05-14T16:00:47.250021+00:00 [queued]>
[2022-05-15 23:20:39,767] {taskinstance.py:1035} INFO - Dependencies all met for <TaskInstance: model_level_dbt_dag.dbt_run.model.jaffle_shop.stg_stripe__payments scheduled__2022-05-14T16:00:47.250021+00:00 [queued]>
[2022-05-15 23:20:39,768] {taskinstance.py:1241} INFO - 
--------------------------------------------------------------------------------
[2022-05-15 23:20:39,769] {taskinstance.py:1242} INFO - Starting attempt 10 of 10
[2022-05-15 23:20:39,770] {taskinstance.py:1243} INFO - 
--------------------------------------------------------------------------------
[2022-05-15 23:20:39,799] {taskinstance.py:1262} INFO - Executing <Task(BashOperator): dbt_run.model.jaffle_shop.stg_stripe__payments> on 2022-05-14 16:00:47.250021+00:00
[2022-05-15 23:20:39,806] {standard_task_runner.py:52} INFO - Started process 126 to run task
[2022-05-15 23:20:39,812] {standard_task_runner.py:76} INFO - Running: ['***', 'tasks', 'run', 'model_level_dbt_dag', 'dbt_run.model.jaffle_shop.stg_stripe__payments', 'scheduled__2022-05-14T16:00:47.250021+00:00', '--job-id', '422', '--raw', '--subdir', 'DAGS_FOLDER/model_level_dbt_dag.py', '--cfg-path', '/tmp/tmpu536qfbd', '--error-file', '/tmp/tmpyka90m73']
[2022-05-15 23:20:39,814] {standard_task_runner.py:77} INFO - Job 422: Subtask dbt_run.model.jaffle_shop.stg_stripe__payments
[2022-05-15 23:20:39,905] {logging_mixin.py:109} INFO - Running <TaskInstance: model_level_dbt_dag.dbt_run.model.jaffle_shop.stg_stripe__payments scheduled__2022-05-14T16:00:47.250021+00:00 [running]> on host 6dd93b49102f
[2022-05-15 23:20:39,993] {taskinstance.py:1429} INFO - Exporting the following env vars:
AIRFLOW_CTX_DAG_OWNER=***
AIRFLOW_CTX_DAG_ID=model_level_dbt_dag
AIRFLOW_CTX_TASK_ID=dbt_run.model.jaffle_shop.stg_stripe__payments
AIRFLOW_CTX_EXECUTION_DATE=2022-05-14T16:00:47.250021+00:00
AIRFLOW_CTX_DAG_RUN_ID=scheduled__2022-05-14T16:00:47.250021+00:00
[2022-05-15 23:20:39,996] {subprocess.py:62} INFO - Tmp dir root location: 
 /tmp
[2022-05-15 23:20:39,998] {subprocess.py:74} INFO - Running command: ['bash', '-c', 'dbt --no-write-json run --target dev --models stg_stripe__payments --profiles-dir /opt/dbt/jaffle_shop --project-dir /opt/dbt/jaffle_shop']
[2022-05-15 23:20:40,013] {subprocess.py:85} INFO - Output:
[2022-05-15 23:20:43,647] {subprocess.py:89} INFO - 23:20:43  Running with dbt=1.1.0
[2022-05-15 23:20:43,748] {subprocess.py:89} INFO - 23:20:43  Unable to do partial parsing because config vars, config profile, or config target have changed
[2022-05-15 23:20:45,418] {subprocess.py:89} INFO - 23:20:45  Found 5 models, 13 tests, 0 snapshots, 0 analyses, 170 macros, 0 operations, 0 seed files, 3 sources, 0 exposures, 0 metrics
[2022-05-15 23:20:45,423] {subprocess.py:89} INFO - 23:20:45
[2022-05-15 23:20:45,720] {subprocess.py:89} INFO - 23:20:45  Concurrency: 1 threads (target='dev')
[2022-05-15 23:20:45,727] {subprocess.py:89} INFO - 23:20:45
[2022-05-15 23:20:45,758] {subprocess.py:89} INFO - 23:20:45  1 of 1 START view model dev.stg_stripe__payments ............................... [RUN]
[2022-05-15 23:20:46,042] {subprocess.py:89} INFO - 23:20:46  1 of 1 OK created view model dev.stg_stripe__payments .......................... [[32mCREATE VIEW[0m in 0.28s]
[2022-05-15 23:20:46,092] {subprocess.py:89} INFO - 23:20:46
[2022-05-15 23:20:46,094] {subprocess.py:89} INFO - 23:20:46  Finished running 1 view model in 0.67s.
[2022-05-15 23:20:46,100] {subprocess.py:89} INFO - 23:20:46
[2022-05-15 23:20:46,101] {subprocess.py:89} INFO - 23:20:46  [32mCompleted successfully[0m
[2022-05-15 23:20:46,105] {subprocess.py:89} INFO - 23:20:46
[2022-05-15 23:20:46,110] {subprocess.py:89} INFO - 23:20:46  Done. PASS=1 WARN=0 ERROR=0 SKIP=0 TOTAL=1
[2022-05-15 23:20:47,218] {subprocess.py:93} INFO - Command exited with return code 0
[2022-05-15 23:20:47,264] {taskinstance.py:1280} INFO - Marking task as SUCCESS. dag_id=model_level_dbt_dag, task_id=dbt_run.model.jaffle_shop.stg_stripe__payments, execution_date=20220514T160047, start_date=20220515T232039, end_date=20220515T232047
[2022-05-15 23:20:47,323] {local_task_job.py:154} INFO - Task exited with return code 0
[2022-05-15 23:20:47,418] {local_task_job.py:264} INFO - 0 downstream tasks scheduled from follow-on schedule check
