[2022-05-15 21:35:17,543] {taskinstance.py:1035} INFO - Dependencies all met for <TaskInstance: model_level_dbt_dag.dbt_run.model.jaffle_shop.stg_stripe__payments scheduled__2022-05-14T16:00:47.250021+00:00 [queued]>
[2022-05-15 21:35:17,563] {taskinstance.py:1035} INFO - Dependencies all met for <TaskInstance: model_level_dbt_dag.dbt_run.model.jaffle_shop.stg_stripe__payments scheduled__2022-05-14T16:00:47.250021+00:00 [queued]>
[2022-05-15 21:35:17,564] {taskinstance.py:1241} INFO - 
--------------------------------------------------------------------------------
[2022-05-15 21:35:17,565] {taskinstance.py:1242} INFO - Starting attempt 2 of 2
[2022-05-15 21:35:17,565] {taskinstance.py:1243} INFO - 
--------------------------------------------------------------------------------
[2022-05-15 21:35:17,593] {taskinstance.py:1262} INFO - Executing <Task(BashOperator): dbt_run.model.jaffle_shop.stg_stripe__payments> on 2022-05-14 16:00:47.250021+00:00
[2022-05-15 21:35:17,599] {standard_task_runner.py:52} INFO - Started process 168 to run task
[2022-05-15 21:35:17,608] {standard_task_runner.py:76} INFO - Running: ['***', 'tasks', 'run', 'model_level_dbt_dag', 'dbt_run.model.jaffle_shop.stg_stripe__payments', 'scheduled__2022-05-14T16:00:47.250021+00:00', '--job-id', '206', '--raw', '--subdir', 'DAGS_FOLDER/model_level_dbt_dag.py', '--cfg-path', '/tmp/tmpzym0wklx', '--error-file', '/tmp/tmpjcbu65b6']
[2022-05-15 21:35:17,610] {standard_task_runner.py:77} INFO - Job 206: Subtask dbt_run.model.jaffle_shop.stg_stripe__payments
[2022-05-15 21:35:17,674] {logging_mixin.py:109} INFO - Running <TaskInstance: model_level_dbt_dag.dbt_run.model.jaffle_shop.stg_stripe__payments scheduled__2022-05-14T16:00:47.250021+00:00 [running]> on host d197d9cd39af
[2022-05-15 21:35:17,755] {taskinstance.py:1429} INFO - Exporting the following env vars:
AIRFLOW_CTX_DAG_OWNER=***
AIRFLOW_CTX_DAG_ID=model_level_dbt_dag
AIRFLOW_CTX_TASK_ID=dbt_run.model.jaffle_shop.stg_stripe__payments
AIRFLOW_CTX_EXECUTION_DATE=2022-05-14T16:00:47.250021+00:00
AIRFLOW_CTX_DAG_RUN_ID=scheduled__2022-05-14T16:00:47.250021+00:00
[2022-05-15 21:35:17,757] {subprocess.py:62} INFO - Tmp dir root location: 
 /tmp
[2022-05-15 21:35:17,758] {subprocess.py:74} INFO - Running command: ['bash', '-c', 'dbt --no-write-json run --target dev --models stg_stripe__payments --profiles-dir /opt/***/dags/jaffle_shop --project-dir /opt/***/dags/jaffle_shop']
[2022-05-15 21:35:17,771] {subprocess.py:85} INFO - Output:
[2022-05-15 21:35:23,483] {subprocess.py:89} INFO - 21:35:23  Running with dbt=1.1.0
[2022-05-15 21:35:23,827] {subprocess.py:89} INFO - 21:35:23  Found 5 models, 13 tests, 0 snapshots, 0 analyses, 170 macros, 0 operations, 0 seed files, 3 sources, 0 exposures, 0 metrics
[2022-05-15 21:35:23,835] {subprocess.py:89} INFO - 21:35:23
[2022-05-15 21:35:24,164] {subprocess.py:89} INFO - 21:35:24  Concurrency: 1 threads (target='dev')
[2022-05-15 21:35:24,166] {subprocess.py:89} INFO - 21:35:24
[2022-05-15 21:35:24,186] {subprocess.py:89} INFO - 21:35:24  1 of 1 START view model dev.stg_stripe__payments ............................... [RUN]
[2022-05-15 21:35:24,346] {subprocess.py:89} INFO - 21:35:24  1 of 1 OK created view model dev.stg_stripe__payments .......................... [[32mCREATE VIEW[0m in 0.16s]
[2022-05-15 21:35:24,412] {subprocess.py:89} INFO - 21:35:24
[2022-05-15 21:35:24,415] {subprocess.py:89} INFO - 21:35:24  Finished running 1 view model in 0.57s.
[2022-05-15 21:35:24,423] {subprocess.py:89} INFO - 21:35:24
[2022-05-15 21:35:24,426] {subprocess.py:89} INFO - 21:35:24  [32mCompleted successfully[0m
[2022-05-15 21:35:24,428] {subprocess.py:89} INFO - 21:35:24
[2022-05-15 21:35:24,430] {subprocess.py:89} INFO - 21:35:24  Done. PASS=1 WARN=0 ERROR=0 SKIP=0 TOTAL=1
[2022-05-15 21:35:25,751] {subprocess.py:93} INFO - Command exited with return code 0
[2022-05-15 21:35:25,812] {taskinstance.py:1280} INFO - Marking task as SUCCESS. dag_id=model_level_dbt_dag, task_id=dbt_run.model.jaffle_shop.stg_stripe__payments, execution_date=20220514T160047, start_date=20220515T213517, end_date=20220515T213525
[2022-05-15 21:35:25,861] {local_task_job.py:154} INFO - Task exited with return code 0
[2022-05-15 21:35:25,944] {local_task_job.py:264} INFO - 1 downstream tasks scheduled from follow-on schedule check
