[2022-05-15 21:58:55,311] {taskinstance.py:1035} INFO - Dependencies all met for <TaskInstance: model_level_dbt_dag.dbt_run.model.jaffle_shop.stg_stripe__payments scheduled__2022-05-14T16:00:47.250021+00:00 [queued]>
[2022-05-15 21:58:55,331] {taskinstance.py:1035} INFO - Dependencies all met for <TaskInstance: model_level_dbt_dag.dbt_run.model.jaffle_shop.stg_stripe__payments scheduled__2022-05-14T16:00:47.250021+00:00 [queued]>
[2022-05-15 21:58:55,332] {taskinstance.py:1241} INFO - 
--------------------------------------------------------------------------------
[2022-05-15 21:58:55,333] {taskinstance.py:1242} INFO - Starting attempt 4 of 4
[2022-05-15 21:58:55,334] {taskinstance.py:1243} INFO - 
--------------------------------------------------------------------------------
[2022-05-15 21:58:55,358] {taskinstance.py:1262} INFO - Executing <Task(BashOperator): dbt_run.model.jaffle_shop.stg_stripe__payments> on 2022-05-14 16:00:47.250021+00:00
[2022-05-15 21:58:55,364] {standard_task_runner.py:52} INFO - Started process 583 to run task
[2022-05-15 21:58:55,372] {standard_task_runner.py:76} INFO - Running: ['***', 'tasks', 'run', 'model_level_dbt_dag', 'dbt_run.model.jaffle_shop.stg_stripe__payments', 'scheduled__2022-05-14T16:00:47.250021+00:00', '--job-id', '284', '--raw', '--subdir', 'DAGS_FOLDER/model_level_dbt_dag.py', '--cfg-path', '/tmp/tmpim47ttnm', '--error-file', '/tmp/tmp4zrc_211']
[2022-05-15 21:58:55,376] {standard_task_runner.py:77} INFO - Job 284: Subtask dbt_run.model.jaffle_shop.stg_stripe__payments
[2022-05-15 21:58:55,439] {logging_mixin.py:109} INFO - Running <TaskInstance: model_level_dbt_dag.dbt_run.model.jaffle_shop.stg_stripe__payments scheduled__2022-05-14T16:00:47.250021+00:00 [running]> on host 9922a9d65d01
[2022-05-15 21:58:55,545] {taskinstance.py:1429} INFO - Exporting the following env vars:
AIRFLOW_CTX_DAG_OWNER=***
AIRFLOW_CTX_DAG_ID=model_level_dbt_dag
AIRFLOW_CTX_TASK_ID=dbt_run.model.jaffle_shop.stg_stripe__payments
AIRFLOW_CTX_EXECUTION_DATE=2022-05-14T16:00:47.250021+00:00
AIRFLOW_CTX_DAG_RUN_ID=scheduled__2022-05-14T16:00:47.250021+00:00
[2022-05-15 21:58:55,550] {subprocess.py:62} INFO - Tmp dir root location: 
 /tmp
[2022-05-15 21:58:55,554] {subprocess.py:74} INFO - Running command: ['bash', '-c', 'dbt --no-write-json run --target dev --models stg_stripe__payments --profiles-dir /opt/***/dags/jaffle_shop --project-dir /opt/***/dags/jaffle_shop']
[2022-05-15 21:58:55,572] {subprocess.py:85} INFO - Output:
[2022-05-15 21:58:59,316] {subprocess.py:89} INFO - 21:58:59  Running with dbt=1.1.0
[2022-05-15 21:58:59,414] {subprocess.py:89} INFO - 21:58:59  Unable to do partial parsing because config vars, config profile, or config target have changed
[2022-05-15 21:59:01,200] {subprocess.py:89} INFO - 21:59:01  Found 6 models, 13 tests, 0 snapshots, 0 analyses, 170 macros, 0 operations, 0 seed files, 3 sources, 0 exposures, 0 metrics
[2022-05-15 21:59:01,207] {subprocess.py:89} INFO - 21:59:01
[2022-05-15 21:59:01,392] {subprocess.py:89} INFO - 21:59:01  Concurrency: 1 threads (target='dev')
[2022-05-15 21:59:01,396] {subprocess.py:89} INFO - 21:59:01
[2022-05-15 21:59:01,410] {subprocess.py:89} INFO - 21:59:01  1 of 1 START view model dev.stg_stripe__payments ............................... [RUN]
[2022-05-15 21:59:01,605] {subprocess.py:89} INFO - 21:59:01  1 of 1 OK created view model dev.stg_stripe__payments .......................... [[32mCREATE VIEW[0m in 0.19s]
[2022-05-15 21:59:01,728] {subprocess.py:89} INFO - 21:59:01
[2022-05-15 21:59:01,729] {subprocess.py:89} INFO - 21:59:01  Finished running 1 view model in 0.52s.
[2022-05-15 21:59:01,735] {subprocess.py:89} INFO - 21:59:01
[2022-05-15 21:59:01,737] {subprocess.py:89} INFO - 21:59:01  [32mCompleted successfully[0m
[2022-05-15 21:59:01,739] {subprocess.py:89} INFO - 21:59:01
[2022-05-15 21:59:01,741] {subprocess.py:89} INFO - 21:59:01  Done. PASS=1 WARN=0 ERROR=0 SKIP=0 TOTAL=1
[2022-05-15 21:59:02,811] {subprocess.py:93} INFO - Command exited with return code 0
[2022-05-15 21:59:02,843] {taskinstance.py:1280} INFO - Marking task as SUCCESS. dag_id=model_level_dbt_dag, task_id=dbt_run.model.jaffle_shop.stg_stripe__payments, execution_date=20220514T160047, start_date=20220515T215855, end_date=20220515T215902
[2022-05-15 21:59:02,869] {local_task_job.py:154} INFO - Task exited with return code 0
[2022-05-15 21:59:02,918] {local_task_job.py:264} INFO - 1 downstream tasks scheduled from follow-on schedule check
