[2022-05-15 23:15:04,790] {taskinstance.py:1035} INFO - Dependencies all met for <TaskInstance: model_level_dbt_dag.dbt_run.model.jaffle_shop.stg_stripe__payments scheduled__2022-05-14T16:00:47.250021+00:00 [queued]>
[2022-05-15 23:15:04,828] {taskinstance.py:1035} INFO - Dependencies all met for <TaskInstance: model_level_dbt_dag.dbt_run.model.jaffle_shop.stg_stripe__payments scheduled__2022-05-14T16:00:47.250021+00:00 [queued]>
[2022-05-15 23:15:04,830] {taskinstance.py:1241} INFO - 
--------------------------------------------------------------------------------
[2022-05-15 23:15:04,832] {taskinstance.py:1242} INFO - Starting attempt 9 of 9
[2022-05-15 23:15:04,836] {taskinstance.py:1243} INFO - 
--------------------------------------------------------------------------------
[2022-05-15 23:15:04,872] {taskinstance.py:1262} INFO - Executing <Task(BashOperator): dbt_run.model.jaffle_shop.stg_stripe__payments> on 2022-05-14 16:00:47.250021+00:00
[2022-05-15 23:15:04,885] {standard_task_runner.py:52} INFO - Started process 130 to run task
[2022-05-15 23:15:04,909] {standard_task_runner.py:76} INFO - Running: ['***', 'tasks', 'run', 'model_level_dbt_dag', 'dbt_run.model.jaffle_shop.stg_stripe__payments', 'scheduled__2022-05-14T16:00:47.250021+00:00', '--job-id', '389', '--raw', '--subdir', 'DAGS_FOLDER/model_level_dbt_dag.py', '--cfg-path', '/tmp/tmp34qd2tc4', '--error-file', '/tmp/tmpawtk4a2m']
[2022-05-15 23:15:04,915] {standard_task_runner.py:77} INFO - Job 389: Subtask dbt_run.model.jaffle_shop.stg_stripe__payments
[2022-05-15 23:15:05,062] {logging_mixin.py:109} INFO - Running <TaskInstance: model_level_dbt_dag.dbt_run.model.jaffle_shop.stg_stripe__payments scheduled__2022-05-14T16:00:47.250021+00:00 [running]> on host 55e332c363f9
[2022-05-15 23:15:05,217] {taskinstance.py:1429} INFO - Exporting the following env vars:
AIRFLOW_CTX_DAG_OWNER=***
AIRFLOW_CTX_DAG_ID=model_level_dbt_dag
AIRFLOW_CTX_TASK_ID=dbt_run.model.jaffle_shop.stg_stripe__payments
AIRFLOW_CTX_EXECUTION_DATE=2022-05-14T16:00:47.250021+00:00
AIRFLOW_CTX_DAG_RUN_ID=scheduled__2022-05-14T16:00:47.250021+00:00
[2022-05-15 23:15:05,222] {subprocess.py:62} INFO - Tmp dir root location: 
 /tmp
[2022-05-15 23:15:05,225] {subprocess.py:74} INFO - Running command: ['bash', '-c', 'dbt --no-write-json run --target dev --models stg_stripe__payments --profiles-dir /opt/dbt/jaffle_shop --project-dir /opt/dbt/jaffle_shop']
[2022-05-15 23:15:05,263] {subprocess.py:85} INFO - Output:
[2022-05-15 23:15:09,607] {subprocess.py:89} INFO - 23:15:09  Running with dbt=1.1.0
[2022-05-15 23:15:09,649] {subprocess.py:89} INFO - 23:15:09  Unable to do partial parsing because config vars, config profile, or config target have changed
[2022-05-15 23:15:11,018] {subprocess.py:89} INFO - 23:15:11  Found 5 models, 13 tests, 0 snapshots, 0 analyses, 170 macros, 0 operations, 0 seed files, 3 sources, 0 exposures, 0 metrics
[2022-05-15 23:15:11,027] {subprocess.py:89} INFO - 23:15:11
[2022-05-15 23:15:11,233] {subprocess.py:89} INFO - 23:15:11  Concurrency: 1 threads (target='dev')
[2022-05-15 23:15:11,236] {subprocess.py:89} INFO - 23:15:11
[2022-05-15 23:15:11,287] {subprocess.py:89} INFO - 23:15:11  1 of 1 START view model dev.stg_stripe__payments ............................... [RUN]
[2022-05-15 23:15:11,538] {subprocess.py:89} INFO - 23:15:11  1 of 1 OK created view model dev.stg_stripe__payments .......................... [[32mCREATE VIEW[0m in 0.24s]
[2022-05-15 23:15:11,665] {subprocess.py:89} INFO - 23:15:11
[2022-05-15 23:15:11,669] {subprocess.py:89} INFO - 23:15:11  Finished running 1 view model in 0.62s.
[2022-05-15 23:15:11,686] {subprocess.py:89} INFO - 23:15:11
[2022-05-15 23:15:11,691] {subprocess.py:89} INFO - 23:15:11  [32mCompleted successfully[0m
[2022-05-15 23:15:11,698] {subprocess.py:89} INFO - 23:15:11
[2022-05-15 23:15:11,706] {subprocess.py:89} INFO - 23:15:11  Done. PASS=1 WARN=0 ERROR=0 SKIP=0 TOTAL=1
[2022-05-15 23:15:12,834] {subprocess.py:93} INFO - Command exited with return code 0
[2022-05-15 23:15:12,904] {taskinstance.py:1280} INFO - Marking task as SUCCESS. dag_id=model_level_dbt_dag, task_id=dbt_run.model.jaffle_shop.stg_stripe__payments, execution_date=20220514T160047, start_date=20220515T231504, end_date=20220515T231512
[2022-05-15 23:15:12,979] {local_task_job.py:154} INFO - Task exited with return code 0
[2022-05-15 23:15:13,091] {local_task_job.py:264} INFO - 1 downstream tasks scheduled from follow-on schedule check
