[2022-05-15 21:55:46,009] {taskinstance.py:1035} INFO - Dependencies all met for <TaskInstance: model_level_dbt_dag.dbt_docs scheduled__2022-05-14T16:00:47.250021+00:00 [queued]>
[2022-05-15 21:55:46,044] {taskinstance.py:1035} INFO - Dependencies all met for <TaskInstance: model_level_dbt_dag.dbt_docs scheduled__2022-05-14T16:00:47.250021+00:00 [queued]>
[2022-05-15 21:55:46,047] {taskinstance.py:1241} INFO - 
--------------------------------------------------------------------------------
[2022-05-15 21:55:46,049] {taskinstance.py:1242} INFO - Starting attempt 1 of 1
[2022-05-15 21:55:46,051] {taskinstance.py:1243} INFO - 
--------------------------------------------------------------------------------
[2022-05-15 21:55:46,073] {taskinstance.py:1262} INFO - Executing <Task(BashOperator): dbt_docs> on 2022-05-14 16:00:47.250021+00:00
[2022-05-15 21:55:46,083] {standard_task_runner.py:52} INFO - Started process 139 to run task
[2022-05-15 21:55:46,095] {standard_task_runner.py:76} INFO - Running: ['***', 'tasks', 'run', 'model_level_dbt_dag', 'dbt_docs', 'scheduled__2022-05-14T16:00:47.250021+00:00', '--job-id', '257', '--raw', '--subdir', 'DAGS_FOLDER/model_level_dbt_dag.py', '--cfg-path', '/tmp/tmp1_x0kmo8', '--error-file', '/tmp/tmp5cn5sja0']
[2022-05-15 21:55:46,096] {standard_task_runner.py:77} INFO - Job 257: Subtask dbt_docs
[2022-05-15 21:55:46,206] {logging_mixin.py:109} INFO - Running <TaskInstance: model_level_dbt_dag.dbt_docs scheduled__2022-05-14T16:00:47.250021+00:00 [running]> on host 9922a9d65d01
[2022-05-15 21:55:46,346] {taskinstance.py:1429} INFO - Exporting the following env vars:
AIRFLOW_CTX_DAG_OWNER=***
AIRFLOW_CTX_DAG_ID=model_level_dbt_dag
AIRFLOW_CTX_TASK_ID=dbt_docs
AIRFLOW_CTX_EXECUTION_DATE=2022-05-14T16:00:47.250021+00:00
AIRFLOW_CTX_DAG_RUN_ID=scheduled__2022-05-14T16:00:47.250021+00:00
[2022-05-15 21:55:46,350] {subprocess.py:62} INFO - Tmp dir root location: 
 /tmp
[2022-05-15 21:55:46,353] {subprocess.py:74} INFO - Running command: ['bash', '-c', '\n        dbt docs generate --profiles-dir /opt/***/dags/jaffle_shop --project-dir /opt/***/dags/jaffle_shop\n        ']
[2022-05-15 21:55:46,377] {subprocess.py:85} INFO - Output:
[2022-05-15 21:55:50,753] {subprocess.py:89} INFO - 21:55:50  Running with dbt=1.1.0
[2022-05-15 21:55:50,859] {subprocess.py:89} INFO - 21:55:50  Unable to do partial parsing because config vars, config profile, or config target have changed
[2022-05-15 21:55:52,089] {subprocess.py:89} INFO - 21:55:52  Found 5 models, 13 tests, 0 snapshots, 0 analyses, 170 macros, 0 operations, 0 seed files, 3 sources, 0 exposures, 0 metrics
[2022-05-15 21:55:52,095] {subprocess.py:89} INFO - 21:55:52
[2022-05-15 21:55:52,176] {subprocess.py:89} INFO - 21:55:52  Concurrency: 1 threads (target='dev')
[2022-05-15 21:55:52,177] {subprocess.py:89} INFO - 21:55:52
[2022-05-15 21:55:52,691] {subprocess.py:89} INFO - 21:55:52  Done.
[2022-05-15 21:55:52,749] {subprocess.py:89} INFO - 21:55:52  Building catalog
[2022-05-15 21:55:52,819] {subprocess.py:89} INFO - 21:55:52  Catalog written to /opt/***/dags/jaffle_shop/target/catalog.json
[2022-05-15 21:55:53,930] {subprocess.py:93} INFO - Command exited with return code 0
[2022-05-15 21:55:53,958] {taskinstance.py:1280} INFO - Marking task as SUCCESS. dag_id=model_level_dbt_dag, task_id=dbt_docs, execution_date=20220514T160047, start_date=20220515T215546, end_date=20220515T215553
[2022-05-15 21:55:54,018] {local_task_job.py:154} INFO - Task exited with return code 0
[2022-05-15 21:55:54,049] {local_task_job.py:264} INFO - 0 downstream tasks scheduled from follow-on schedule check
[2022-05-15 21:55:54,073] {dagrun.py:625} WARNING - Failed to get task '<TaskInstance: model_level_dbt_dag.dbt_validate.dbt_debug scheduled__2022-05-14T16:00:47.250021+00:00 [removed]>' for dag 'model_level_dbt_dag'. Marking it as removed.
