[2022-05-15 21:59:40,934] {taskinstance.py:1035} INFO - Dependencies all met for <TaskInstance: model_level_dbt_dag.dbt_docs scheduled__2022-05-14T16:00:47.250021+00:00 [queued]>
[2022-05-15 21:59:40,953] {taskinstance.py:1035} INFO - Dependencies all met for <TaskInstance: model_level_dbt_dag.dbt_docs scheduled__2022-05-14T16:00:47.250021+00:00 [queued]>
[2022-05-15 21:59:40,955] {taskinstance.py:1241} INFO - 
--------------------------------------------------------------------------------
[2022-05-15 21:59:40,956] {taskinstance.py:1242} INFO - Starting attempt 3 of 3
[2022-05-15 21:59:40,959] {taskinstance.py:1243} INFO - 
--------------------------------------------------------------------------------
[2022-05-15 21:59:40,977] {taskinstance.py:1262} INFO - Executing <Task(BashOperator): dbt_docs> on 2022-05-14 16:00:47.250021+00:00
[2022-05-15 21:59:40,982] {standard_task_runner.py:52} INFO - Started process 833 to run task
[2022-05-15 21:59:40,987] {standard_task_runner.py:76} INFO - Running: ['***', 'tasks', 'run', 'model_level_dbt_dag', 'dbt_docs', 'scheduled__2022-05-14T16:00:47.250021+00:00', '--job-id', '301', '--raw', '--subdir', 'DAGS_FOLDER/model_level_dbt_dag.py', '--cfg-path', '/tmp/tmpuv7onggt', '--error-file', '/tmp/tmpj3aqs8ah']
[2022-05-15 21:59:40,988] {standard_task_runner.py:77} INFO - Job 301: Subtask dbt_docs
[2022-05-15 21:59:41,036] {logging_mixin.py:109} INFO - Running <TaskInstance: model_level_dbt_dag.dbt_docs scheduled__2022-05-14T16:00:47.250021+00:00 [running]> on host 9922a9d65d01
[2022-05-15 21:59:41,088] {taskinstance.py:1429} INFO - Exporting the following env vars:
AIRFLOW_CTX_DAG_OWNER=***
AIRFLOW_CTX_DAG_ID=model_level_dbt_dag
AIRFLOW_CTX_TASK_ID=dbt_docs
AIRFLOW_CTX_EXECUTION_DATE=2022-05-14T16:00:47.250021+00:00
AIRFLOW_CTX_DAG_RUN_ID=scheduled__2022-05-14T16:00:47.250021+00:00
[2022-05-15 21:59:41,089] {subprocess.py:62} INFO - Tmp dir root location: 
 /tmp
[2022-05-15 21:59:41,091] {subprocess.py:74} INFO - Running command: ['bash', '-c', '\n        dbt docs generate --profiles-dir /opt/***/dags/jaffle_shop --project-dir /opt/***/dags/jaffle_shop\n        ']
[2022-05-15 21:59:41,101] {subprocess.py:85} INFO - Output:
[2022-05-15 21:59:44,277] {subprocess.py:89} INFO - 21:59:44  Running with dbt=1.1.0
[2022-05-15 21:59:44,326] {subprocess.py:89} INFO - 21:59:44  Unable to do partial parsing because config vars, config profile, or config target have changed
[2022-05-15 21:59:45,599] {subprocess.py:89} INFO - 21:59:45  Found 6 models, 13 tests, 0 snapshots, 0 analyses, 170 macros, 0 operations, 0 seed files, 3 sources, 0 exposures, 0 metrics
[2022-05-15 21:59:45,611] {subprocess.py:89} INFO - 21:59:45
[2022-05-15 21:59:45,769] {subprocess.py:89} INFO - 21:59:45  Concurrency: 1 threads (target='dev')
[2022-05-15 21:59:45,771] {subprocess.py:89} INFO - 21:59:45
[2022-05-15 21:59:46,415] {subprocess.py:89} INFO - 21:59:46  Done.
[2022-05-15 21:59:46,518] {subprocess.py:89} INFO - 21:59:46  Building catalog
[2022-05-15 21:59:46,672] {subprocess.py:89} INFO - 21:59:46  Catalog written to /opt/***/dags/jaffle_shop/target/catalog.json
[2022-05-15 21:59:47,809] {subprocess.py:93} INFO - Command exited with return code 0
[2022-05-15 21:59:47,838] {taskinstance.py:1280} INFO - Marking task as SUCCESS. dag_id=model_level_dbt_dag, task_id=dbt_docs, execution_date=20220514T160047, start_date=20220515T215940, end_date=20220515T215947
[2022-05-15 21:59:47,899] {local_task_job.py:154} INFO - Task exited with return code 0
[2022-05-15 21:59:47,946] {local_task_job.py:264} INFO - 0 downstream tasks scheduled from follow-on schedule check
