[2022-05-15 22:15:00,004] {taskinstance.py:1035} INFO - Dependencies all met for <TaskInstance: model_level_dbt_dag.dbt_docs scheduled__2022-05-14T16:00:47.250021+00:00 [queued]>
[2022-05-15 22:15:00,019] {taskinstance.py:1035} INFO - Dependencies all met for <TaskInstance: model_level_dbt_dag.dbt_docs scheduled__2022-05-14T16:00:47.250021+00:00 [queued]>
[2022-05-15 22:15:00,020] {taskinstance.py:1241} INFO - 
--------------------------------------------------------------------------------
[2022-05-15 22:15:00,021] {taskinstance.py:1242} INFO - Starting attempt 4 of 4
[2022-05-15 22:15:00,021] {taskinstance.py:1243} INFO - 
--------------------------------------------------------------------------------
[2022-05-15 22:15:00,036] {taskinstance.py:1262} INFO - Executing <Task(BashOperator): dbt_docs> on 2022-05-14 16:00:47.250021+00:00
[2022-05-15 22:15:00,041] {standard_task_runner.py:52} INFO - Started process 1789 to run task
[2022-05-15 22:15:00,047] {standard_task_runner.py:76} INFO - Running: ['***', 'tasks', 'run', 'model_level_dbt_dag', 'dbt_docs', 'scheduled__2022-05-14T16:00:47.250021+00:00', '--job-id', '322', '--raw', '--subdir', 'DAGS_FOLDER/model_level_dbt_dag.py', '--cfg-path', '/tmp/tmpm08csa1s', '--error-file', '/tmp/tmpj4kxyr8e']
[2022-05-15 22:15:00,048] {standard_task_runner.py:77} INFO - Job 322: Subtask dbt_docs
[2022-05-15 22:15:00,101] {logging_mixin.py:109} INFO - Running <TaskInstance: model_level_dbt_dag.dbt_docs scheduled__2022-05-14T16:00:47.250021+00:00 [running]> on host 9922a9d65d01
[2022-05-15 22:15:00,158] {taskinstance.py:1429} INFO - Exporting the following env vars:
AIRFLOW_CTX_DAG_OWNER=***
AIRFLOW_CTX_DAG_ID=model_level_dbt_dag
AIRFLOW_CTX_TASK_ID=dbt_docs
AIRFLOW_CTX_EXECUTION_DATE=2022-05-14T16:00:47.250021+00:00
AIRFLOW_CTX_DAG_RUN_ID=scheduled__2022-05-14T16:00:47.250021+00:00
[2022-05-15 22:15:00,161] {subprocess.py:62} INFO - Tmp dir root location: 
 /tmp
[2022-05-15 22:15:00,162] {subprocess.py:74} INFO - Running command: ['bash', '-c', '\n        dbt docs generate --profiles-dir /opt/***/dags/jaffle_shop --project-dir /opt/***/dags/jaffle_shop\n        ']
[2022-05-15 22:15:00,181] {subprocess.py:85} INFO - Output:
[2022-05-15 22:15:03,598] {subprocess.py:89} INFO - 22:15:03  Running with dbt=1.1.0
[2022-05-15 22:15:03,686] {subprocess.py:89} INFO - 22:15:03  Unable to do partial parsing because config vars, config profile, or config target have changed
[2022-05-15 22:15:04,990] {subprocess.py:89} INFO - 22:15:04  Found 5 models, 13 tests, 0 snapshots, 0 analyses, 170 macros, 0 operations, 0 seed files, 3 sources, 0 exposures, 0 metrics
[2022-05-15 22:15:04,996] {subprocess.py:89} INFO - 22:15:04
[2022-05-15 22:15:05,102] {subprocess.py:89} INFO - 22:15:05  Concurrency: 1 threads (target='dev')
[2022-05-15 22:15:05,104] {subprocess.py:89} INFO - 22:15:05
[2022-05-15 22:15:05,647] {subprocess.py:89} INFO - 22:15:05  Done.
[2022-05-15 22:15:05,730] {subprocess.py:89} INFO - 22:15:05  Building catalog
[2022-05-15 22:15:05,820] {subprocess.py:89} INFO - 22:15:05  Catalog written to /opt/***/dags/jaffle_shop/target/catalog.json
[2022-05-15 22:15:06,887] {subprocess.py:93} INFO - Command exited with return code 0
[2022-05-15 22:15:06,914] {taskinstance.py:1280} INFO - Marking task as SUCCESS. dag_id=model_level_dbt_dag, task_id=dbt_docs, execution_date=20220514T160047, start_date=20220515T221500, end_date=20220515T221506
[2022-05-15 22:15:06,975] {local_task_job.py:154} INFO - Task exited with return code 0
[2022-05-15 22:15:07,009] {local_task_job.py:264} INFO - 1 downstream tasks scheduled from follow-on schedule check
