[2022-05-15 22:21:11,193] {taskinstance.py:1035} INFO - Dependencies all met for <TaskInstance: model_level_dbt_dag.dbt_docs scheduled__2022-05-14T16:00:47.250021+00:00 [queued]>
[2022-05-15 22:21:11,208] {taskinstance.py:1035} INFO - Dependencies all met for <TaskInstance: model_level_dbt_dag.dbt_docs scheduled__2022-05-14T16:00:47.250021+00:00 [queued]>
[2022-05-15 22:21:11,209] {taskinstance.py:1241} INFO - 
--------------------------------------------------------------------------------
[2022-05-15 22:21:11,210] {taskinstance.py:1242} INFO - Starting attempt 5 of 5
[2022-05-15 22:21:11,210] {taskinstance.py:1243} INFO - 
--------------------------------------------------------------------------------
[2022-05-15 22:21:11,225] {taskinstance.py:1262} INFO - Executing <Task(BashOperator): dbt_docs> on 2022-05-14 16:00:47.250021+00:00
[2022-05-15 22:21:11,230] {standard_task_runner.py:52} INFO - Started process 2306 to run task
[2022-05-15 22:21:11,235] {standard_task_runner.py:76} INFO - Running: ['***', 'tasks', 'run', 'model_level_dbt_dag', 'dbt_docs', 'scheduled__2022-05-14T16:00:47.250021+00:00', '--job-id', '341', '--raw', '--subdir', 'DAGS_FOLDER/model_level_dbt_dag.py', '--cfg-path', '/tmp/tmp6k_wltde', '--error-file', '/tmp/tmpfbshfq1_']
[2022-05-15 22:21:11,236] {standard_task_runner.py:77} INFO - Job 341: Subtask dbt_docs
[2022-05-15 22:21:11,292] {logging_mixin.py:109} INFO - Running <TaskInstance: model_level_dbt_dag.dbt_docs scheduled__2022-05-14T16:00:47.250021+00:00 [running]> on host 9922a9d65d01
[2022-05-15 22:21:11,346] {taskinstance.py:1429} INFO - Exporting the following env vars:
AIRFLOW_CTX_DAG_OWNER=***
AIRFLOW_CTX_DAG_ID=model_level_dbt_dag
AIRFLOW_CTX_TASK_ID=dbt_docs
AIRFLOW_CTX_EXECUTION_DATE=2022-05-14T16:00:47.250021+00:00
AIRFLOW_CTX_DAG_RUN_ID=scheduled__2022-05-14T16:00:47.250021+00:00
[2022-05-15 22:21:11,348] {subprocess.py:62} INFO - Tmp dir root location: 
 /tmp
[2022-05-15 22:21:11,350] {subprocess.py:74} INFO - Running command: ['bash', '-c', '\n        dbt docs generate --profiles-dir /opt/***/dags/jaffle_shop --project-dir /opt/***/dags/jaffle_shop\n        ']
[2022-05-15 22:21:11,362] {subprocess.py:85} INFO - Output:
[2022-05-15 22:21:14,734] {subprocess.py:89} INFO - 22:21:14  Running with dbt=1.1.0
[2022-05-15 22:21:14,785] {subprocess.py:89} INFO - 22:21:14  Unable to do partial parsing because config vars, config profile, or config target have changed
[2022-05-15 22:21:16,051] {subprocess.py:89} INFO - 22:21:16  Found 6 models, 13 tests, 0 snapshots, 0 analyses, 170 macros, 0 operations, 0 seed files, 3 sources, 0 exposures, 0 metrics
[2022-05-15 22:21:16,058] {subprocess.py:89} INFO - 22:21:16
[2022-05-15 22:21:16,177] {subprocess.py:89} INFO - 22:21:16  Concurrency: 1 threads (target='dev')
[2022-05-15 22:21:16,178] {subprocess.py:89} INFO - 22:21:16
[2022-05-15 22:21:16,721] {subprocess.py:89} INFO - 22:21:16  Done.
[2022-05-15 22:21:16,795] {subprocess.py:89} INFO - 22:21:16  Building catalog
[2022-05-15 22:21:16,883] {subprocess.py:89} INFO - 22:21:16  Catalog written to /opt/***/dags/jaffle_shop/target/catalog.json
[2022-05-15 22:21:17,974] {subprocess.py:93} INFO - Command exited with return code 0
[2022-05-15 22:21:18,012] {taskinstance.py:1280} INFO - Marking task as SUCCESS. dag_id=model_level_dbt_dag, task_id=dbt_docs, execution_date=20220514T160047, start_date=20220515T222111, end_date=20220515T222118
[2022-05-15 22:21:18,060] {local_task_job.py:154} INFO - Task exited with return code 0
[2022-05-15 22:21:18,104] {local_task_job.py:264} INFO - 1 downstream tasks scheduled from follow-on schedule check
