[2022-05-15 22:22:46,808] {taskinstance.py:1035} INFO - Dependencies all met for <TaskInstance: model_level_dbt_dag.dbt_docs scheduled__2022-05-14T16:00:47.250021+00:00 [queued]>
[2022-05-15 22:22:46,826] {taskinstance.py:1035} INFO - Dependencies all met for <TaskInstance: model_level_dbt_dag.dbt_docs scheduled__2022-05-14T16:00:47.250021+00:00 [queued]>
[2022-05-15 22:22:46,827] {taskinstance.py:1241} INFO - 
--------------------------------------------------------------------------------
[2022-05-15 22:22:46,828] {taskinstance.py:1242} INFO - Starting attempt 6 of 6
[2022-05-15 22:22:46,828] {taskinstance.py:1243} INFO - 
--------------------------------------------------------------------------------
[2022-05-15 22:22:46,840] {taskinstance.py:1262} INFO - Executing <Task(BashOperator): dbt_docs> on 2022-05-14 16:00:47.250021+00:00
[2022-05-15 22:22:46,844] {standard_task_runner.py:52} INFO - Started process 2630 to run task
[2022-05-15 22:22:46,848] {standard_task_runner.py:76} INFO - Running: ['***', 'tasks', 'run', 'model_level_dbt_dag', 'dbt_docs', 'scheduled__2022-05-14T16:00:47.250021+00:00', '--job-id', '363', '--raw', '--subdir', 'DAGS_FOLDER/model_level_dbt_dag.py', '--cfg-path', '/tmp/tmp8__kz6rs', '--error-file', '/tmp/tmp58rwvyv2']
[2022-05-15 22:22:46,849] {standard_task_runner.py:77} INFO - Job 363: Subtask dbt_docs
[2022-05-15 22:22:46,894] {logging_mixin.py:109} INFO - Running <TaskInstance: model_level_dbt_dag.dbt_docs scheduled__2022-05-14T16:00:47.250021+00:00 [running]> on host 9922a9d65d01
[2022-05-15 22:22:46,941] {taskinstance.py:1429} INFO - Exporting the following env vars:
AIRFLOW_CTX_DAG_OWNER=***
AIRFLOW_CTX_DAG_ID=model_level_dbt_dag
AIRFLOW_CTX_TASK_ID=dbt_docs
AIRFLOW_CTX_EXECUTION_DATE=2022-05-14T16:00:47.250021+00:00
AIRFLOW_CTX_DAG_RUN_ID=scheduled__2022-05-14T16:00:47.250021+00:00
[2022-05-15 22:22:46,944] {subprocess.py:62} INFO - Tmp dir root location: 
 /tmp
[2022-05-15 22:22:46,945] {subprocess.py:74} INFO - Running command: ['bash', '-c', '\n        dbt docs generate --profiles-dir /opt/***/dags/jaffle_shop --project-dir /opt/***/dags/jaffle_shop\n        ']
[2022-05-15 22:22:46,956] {subprocess.py:85} INFO - Output:
[2022-05-15 22:22:49,835] {subprocess.py:89} INFO - 22:22:49  Running with dbt=1.1.0
[2022-05-15 22:22:49,881] {subprocess.py:89} INFO - 22:22:49  Unable to do partial parsing because config vars, config profile, or config target have changed
[2022-05-15 22:22:50,938] {subprocess.py:89} INFO - 22:22:50  Found 6 models, 13 tests, 0 snapshots, 0 analyses, 170 macros, 0 operations, 0 seed files, 3 sources, 0 exposures, 0 metrics
[2022-05-15 22:22:50,944] {subprocess.py:89} INFO - 22:22:50
[2022-05-15 22:22:51,031] {subprocess.py:89} INFO - 22:22:51  Concurrency: 1 threads (target='dev')
[2022-05-15 22:22:51,032] {subprocess.py:89} INFO - 22:22:51
[2022-05-15 22:22:51,548] {subprocess.py:89} INFO - 22:22:51  Done.
[2022-05-15 22:22:51,626] {subprocess.py:89} INFO - 22:22:51  Building catalog
[2022-05-15 22:22:51,724] {subprocess.py:89} INFO - 22:22:51  Catalog written to /opt/***/dags/jaffle_shop/target/catalog.json
[2022-05-15 22:22:52,793] {subprocess.py:93} INFO - Command exited with return code 0
[2022-05-15 22:22:52,822] {taskinstance.py:1280} INFO - Marking task as SUCCESS. dag_id=model_level_dbt_dag, task_id=dbt_docs, execution_date=20220514T160047, start_date=20220515T222246, end_date=20220515T222252
[2022-05-15 22:22:52,888] {local_task_job.py:154} INFO - Task exited with return code 0
[2022-05-15 22:22:52,925] {local_task_job.py:264} INFO - 1 downstream tasks scheduled from follow-on schedule check
