[2022-05-15 22:24:39,724] {taskinstance.py:1035} INFO - Dependencies all met for <TaskInstance: model_level_dbt_dag.dbt_docs scheduled__2022-05-14T16:00:47.250021+00:00 [queued]>
[2022-05-15 22:24:39,737] {taskinstance.py:1035} INFO - Dependencies all met for <TaskInstance: model_level_dbt_dag.dbt_docs scheduled__2022-05-14T16:00:47.250021+00:00 [queued]>
[2022-05-15 22:24:39,737] {taskinstance.py:1241} INFO - 
--------------------------------------------------------------------------------
[2022-05-15 22:24:39,738] {taskinstance.py:1242} INFO - Starting attempt 7 of 7
[2022-05-15 22:24:39,739] {taskinstance.py:1243} INFO - 
--------------------------------------------------------------------------------
[2022-05-15 22:24:39,750] {taskinstance.py:1262} INFO - Executing <Task(BashOperator): dbt_docs> on 2022-05-14 16:00:47.250021+00:00
[2022-05-15 22:24:39,754] {standard_task_runner.py:52} INFO - Started process 2958 to run task
[2022-05-15 22:24:39,759] {standard_task_runner.py:76} INFO - Running: ['***', 'tasks', 'run', 'model_level_dbt_dag', 'dbt_docs', 'scheduled__2022-05-14T16:00:47.250021+00:00', '--job-id', '384', '--raw', '--subdir', 'DAGS_FOLDER/model_level_dbt_dag.py', '--cfg-path', '/tmp/tmpl9d3_kcd', '--error-file', '/tmp/tmp197ebe68']
[2022-05-15 22:24:39,760] {standard_task_runner.py:77} INFO - Job 384: Subtask dbt_docs
[2022-05-15 22:24:39,806] {logging_mixin.py:109} INFO - Running <TaskInstance: model_level_dbt_dag.dbt_docs scheduled__2022-05-14T16:00:47.250021+00:00 [running]> on host 9922a9d65d01
[2022-05-15 22:24:39,851] {taskinstance.py:1429} INFO - Exporting the following env vars:
AIRFLOW_CTX_DAG_OWNER=***
AIRFLOW_CTX_DAG_ID=model_level_dbt_dag
AIRFLOW_CTX_TASK_ID=dbt_docs
AIRFLOW_CTX_EXECUTION_DATE=2022-05-14T16:00:47.250021+00:00
AIRFLOW_CTX_DAG_RUN_ID=scheduled__2022-05-14T16:00:47.250021+00:00
[2022-05-15 22:24:39,853] {subprocess.py:62} INFO - Tmp dir root location: 
 /tmp
[2022-05-15 22:24:39,855] {subprocess.py:74} INFO - Running command: ['bash', '-c', '\n        dbt docs generate --profiles-dir /opt/***/dags/jaffle_shop --project-dir /opt/***/dags/jaffle_shop\n        ']
[2022-05-15 22:24:39,865] {subprocess.py:85} INFO - Output:
[2022-05-15 22:24:42,820] {subprocess.py:89} INFO - 22:24:42  Running with dbt=1.1.0
[2022-05-15 22:24:42,868] {subprocess.py:89} INFO - 22:24:42  Unable to do partial parsing because config vars, config profile, or config target have changed
[2022-05-15 22:24:43,919] {subprocess.py:89} INFO - 22:24:43  Found 5 models, 13 tests, 0 snapshots, 0 analyses, 170 macros, 0 operations, 0 seed files, 3 sources, 0 exposures, 0 metrics
[2022-05-15 22:24:43,925] {subprocess.py:89} INFO - 22:24:43
[2022-05-15 22:24:44,010] {subprocess.py:89} INFO - 22:24:44  Concurrency: 1 threads (target='dev')
[2022-05-15 22:24:44,011] {subprocess.py:89} INFO - 22:24:44
[2022-05-15 22:24:44,437] {subprocess.py:89} INFO - 22:24:44  Done.
[2022-05-15 22:24:44,493] {subprocess.py:89} INFO - 22:24:44  Building catalog
[2022-05-15 22:24:44,597] {subprocess.py:89} INFO - 22:24:44  Catalog written to /opt/***/dags/jaffle_shop/target/catalog.json
[2022-05-15 22:24:45,695] {subprocess.py:93} INFO - Command exited with return code 0
[2022-05-15 22:24:45,724] {taskinstance.py:1280} INFO - Marking task as SUCCESS. dag_id=model_level_dbt_dag, task_id=dbt_docs, execution_date=20220514T160047, start_date=20220515T222439, end_date=20220515T222445
[2022-05-15 22:24:45,753] {local_task_job.py:154} INFO - Task exited with return code 0
[2022-05-15 22:24:45,791] {local_task_job.py:264} INFO - 1 downstream tasks scheduled from follow-on schedule check
