[2022-05-15 23:15:54,043] {taskinstance.py:1035} INFO - Dependencies all met for <TaskInstance: model_level_dbt_dag.dbt_docs scheduled__2022-05-14T16:00:47.250021+00:00 [queued]>
[2022-05-15 23:15:54,057] {taskinstance.py:1035} INFO - Dependencies all met for <TaskInstance: model_level_dbt_dag.dbt_docs scheduled__2022-05-14T16:00:47.250021+00:00 [queued]>
[2022-05-15 23:15:54,058] {taskinstance.py:1241} INFO - 
--------------------------------------------------------------------------------
[2022-05-15 23:15:54,059] {taskinstance.py:1242} INFO - Starting attempt 8 of 8
[2022-05-15 23:15:54,059] {taskinstance.py:1243} INFO - 
--------------------------------------------------------------------------------
[2022-05-15 23:15:54,077] {taskinstance.py:1262} INFO - Executing <Task(BashOperator): dbt_docs> on 2022-05-14 16:00:47.250021+00:00
[2022-05-15 23:15:54,083] {standard_task_runner.py:52} INFO - Started process 373 to run task
[2022-05-15 23:15:54,088] {standard_task_runner.py:76} INFO - Running: ['***', 'tasks', 'run', 'model_level_dbt_dag', 'dbt_docs', 'scheduled__2022-05-14T16:00:47.250021+00:00', '--job-id', '407', '--raw', '--subdir', 'DAGS_FOLDER/model_level_dbt_dag.py', '--cfg-path', '/tmp/tmpyz31qw1h', '--error-file', '/tmp/tmph9zhw_bt']
[2022-05-15 23:15:54,089] {standard_task_runner.py:77} INFO - Job 407: Subtask dbt_docs
[2022-05-15 23:15:54,152] {logging_mixin.py:109} INFO - Running <TaskInstance: model_level_dbt_dag.dbt_docs scheduled__2022-05-14T16:00:47.250021+00:00 [running]> on host 55e332c363f9
[2022-05-15 23:15:54,216] {taskinstance.py:1429} INFO - Exporting the following env vars:
AIRFLOW_CTX_DAG_OWNER=***
AIRFLOW_CTX_DAG_ID=model_level_dbt_dag
AIRFLOW_CTX_TASK_ID=dbt_docs
AIRFLOW_CTX_EXECUTION_DATE=2022-05-14T16:00:47.250021+00:00
AIRFLOW_CTX_DAG_RUN_ID=scheduled__2022-05-14T16:00:47.250021+00:00
[2022-05-15 23:15:54,219] {subprocess.py:62} INFO - Tmp dir root location: 
 /tmp
[2022-05-15 23:15:54,221] {subprocess.py:74} INFO - Running command: ['bash', '-c', '\n        dbt docs generate --profiles-dir /opt/dbt/jaffle_shop --project-dir /opt/dbt/jaffle_shop\n        ']
[2022-05-15 23:15:54,243] {subprocess.py:85} INFO - Output:
[2022-05-15 23:15:57,905] {subprocess.py:89} INFO - 23:15:57  Running with dbt=1.1.0
[2022-05-15 23:15:57,960] {subprocess.py:89} INFO - 23:15:57  Unable to do partial parsing because config vars, config profile, or config target have changed
[2022-05-15 23:15:59,139] {subprocess.py:89} INFO - 23:15:59  Found 5 models, 13 tests, 0 snapshots, 0 analyses, 170 macros, 0 operations, 0 seed files, 3 sources, 0 exposures, 0 metrics
[2022-05-15 23:15:59,146] {subprocess.py:89} INFO - 23:15:59
[2022-05-15 23:15:59,247] {subprocess.py:89} INFO - 23:15:59  Concurrency: 1 threads (target='dev')
[2022-05-15 23:15:59,250] {subprocess.py:89} INFO - 23:15:59
[2022-05-15 23:15:59,784] {subprocess.py:89} INFO - 23:15:59  Done.
[2022-05-15 23:15:59,969] {subprocess.py:89} INFO - 23:15:59  Building catalog
[2022-05-15 23:16:00,050] {subprocess.py:89} INFO - 23:16:00  Catalog written to /opt/dbt/jaffle_shop/target/catalog.json
[2022-05-15 23:16:01,137] {subprocess.py:93} INFO - Command exited with return code 0
[2022-05-15 23:16:01,169] {taskinstance.py:1280} INFO - Marking task as SUCCESS. dag_id=model_level_dbt_dag, task_id=dbt_docs, execution_date=20220514T160047, start_date=20220515T231554, end_date=20220515T231601
[2022-05-15 23:16:01,195] {local_task_job.py:154} INFO - Task exited with return code 0
[2022-05-15 23:16:01,232] {local_task_job.py:264} INFO - 1 downstream tasks scheduled from follow-on schedule check
