[2022-05-15 23:21:28,267] {taskinstance.py:1035} INFO - Dependencies all met for <TaskInstance: model_level_dbt_dag.dbt_docs scheduled__2022-05-14T16:00:47.250021+00:00 [queued]>
[2022-05-15 23:21:28,283] {taskinstance.py:1035} INFO - Dependencies all met for <TaskInstance: model_level_dbt_dag.dbt_docs scheduled__2022-05-14T16:00:47.250021+00:00 [queued]>
[2022-05-15 23:21:28,284] {taskinstance.py:1241} INFO - 
--------------------------------------------------------------------------------
[2022-05-15 23:21:28,285] {taskinstance.py:1242} INFO - Starting attempt 9 of 9
[2022-05-15 23:21:28,286] {taskinstance.py:1243} INFO - 
--------------------------------------------------------------------------------
[2022-05-15 23:21:28,307] {taskinstance.py:1262} INFO - Executing <Task(BashOperator): dbt_docs> on 2022-05-14 16:00:47.250021+00:00
[2022-05-15 23:21:28,314] {standard_task_runner.py:52} INFO - Started process 377 to run task
[2022-05-15 23:21:28,334] {standard_task_runner.py:76} INFO - Running: ['***', 'tasks', 'run', 'model_level_dbt_dag', 'dbt_docs', 'scheduled__2022-05-14T16:00:47.250021+00:00', '--job-id', '440', '--raw', '--subdir', 'DAGS_FOLDER/model_level_dbt_dag.py', '--cfg-path', '/tmp/tmp7_dtvnvo', '--error-file', '/tmp/tmp8faygxlf']
[2022-05-15 23:21:28,335] {standard_task_runner.py:77} INFO - Job 440: Subtask dbt_docs
[2022-05-15 23:21:28,415] {logging_mixin.py:109} INFO - Running <TaskInstance: model_level_dbt_dag.dbt_docs scheduled__2022-05-14T16:00:47.250021+00:00 [running]> on host 6dd93b49102f
[2022-05-15 23:21:28,473] {taskinstance.py:1429} INFO - Exporting the following env vars:
AIRFLOW_CTX_DAG_OWNER=***
AIRFLOW_CTX_DAG_ID=model_level_dbt_dag
AIRFLOW_CTX_TASK_ID=dbt_docs
AIRFLOW_CTX_EXECUTION_DATE=2022-05-14T16:00:47.250021+00:00
AIRFLOW_CTX_DAG_RUN_ID=scheduled__2022-05-14T16:00:47.250021+00:00
[2022-05-15 23:21:28,475] {subprocess.py:62} INFO - Tmp dir root location: 
 /tmp
[2022-05-15 23:21:28,477] {subprocess.py:74} INFO - Running command: ['bash', '-c', '\n        dbt docs generate --profiles-dir /opt/dbt/jaffle_shop --project-dir /opt/dbt/jaffle_shop\n        ']
[2022-05-15 23:21:28,489] {subprocess.py:85} INFO - Output:
[2022-05-15 23:21:31,733] {subprocess.py:89} INFO - 23:21:31  Running with dbt=1.1.0
[2022-05-15 23:21:31,774] {subprocess.py:89} INFO - 23:21:31  Unable to do partial parsing because config vars, config profile, or config target have changed
[2022-05-15 23:21:32,766] {subprocess.py:89} INFO - 23:21:32  Found 5 models, 13 tests, 0 snapshots, 0 analyses, 170 macros, 0 operations, 0 seed files, 3 sources, 0 exposures, 0 metrics
[2022-05-15 23:21:32,772] {subprocess.py:89} INFO - 23:21:32
[2022-05-15 23:21:32,870] {subprocess.py:89} INFO - 23:21:32  Concurrency: 1 threads (target='dev')
[2022-05-15 23:21:32,872] {subprocess.py:89} INFO - 23:21:32
[2022-05-15 23:21:33,305] {subprocess.py:89} INFO - 23:21:33  Done.
[2022-05-15 23:21:33,374] {subprocess.py:89} INFO - 23:21:33  Building catalog
[2022-05-15 23:21:33,448] {subprocess.py:89} INFO - 23:21:33  Catalog written to /opt/dbt/jaffle_shop/target/catalog.json
[2022-05-15 23:21:34,539] {subprocess.py:93} INFO - Command exited with return code 0
[2022-05-15 23:21:34,567] {taskinstance.py:1280} INFO - Marking task as SUCCESS. dag_id=model_level_dbt_dag, task_id=dbt_docs, execution_date=20220514T160047, start_date=20220515T232128, end_date=20220515T232134
[2022-05-15 23:21:34,619] {local_task_job.py:154} INFO - Task exited with return code 0
[2022-05-15 23:21:34,659] {local_task_job.py:264} INFO - 1 downstream tasks scheduled from follow-on schedule check
