[2022-05-15 15:16:48,527] {taskinstance.py:1035} INFO - Dependencies all met for <TaskInstance: models_dbt_dag.dbt_run.model.jaffle_shop.fct_customer_orders scheduled__2022-05-14T15:15:58.068711+00:00 [queued]>
[2022-05-15 15:16:48,541] {taskinstance.py:1035} INFO - Dependencies all met for <TaskInstance: models_dbt_dag.dbt_run.model.jaffle_shop.fct_customer_orders scheduled__2022-05-14T15:15:58.068711+00:00 [queued]>
[2022-05-15 15:16:48,542] {taskinstance.py:1241} INFO - 
--------------------------------------------------------------------------------
[2022-05-15 15:16:48,543] {taskinstance.py:1242} INFO - Starting attempt 1 of 1
[2022-05-15 15:16:48,544] {taskinstance.py:1243} INFO - 
--------------------------------------------------------------------------------
[2022-05-15 15:16:48,563] {taskinstance.py:1262} INFO - Executing <Task(BashOperator): dbt_run.model.jaffle_shop.fct_customer_orders> on 2022-05-14 15:15:58.068711+00:00
[2022-05-15 15:16:48,568] {standard_task_runner.py:52} INFO - Started process 9282 to run task
[2022-05-15 15:16:48,573] {standard_task_runner.py:76} INFO - Running: ['***', 'tasks', 'run', 'models_dbt_dag', 'dbt_run.model.jaffle_shop.fct_customer_orders', 'scheduled__2022-05-14T15:15:58.068711+00:00', '--job-id', '147', '--raw', '--subdir', 'DAGS_FOLDER/models_dbt_dag.py', '--cfg-path', '/tmp/tmpt2m77723', '--error-file', '/tmp/tmpmft_l69a']
[2022-05-15 15:16:48,574] {standard_task_runner.py:77} INFO - Job 147: Subtask dbt_run.model.jaffle_shop.fct_customer_orders
[2022-05-15 15:16:48,633] {logging_mixin.py:109} INFO - Running <TaskInstance: models_dbt_dag.dbt_run.model.jaffle_shop.fct_customer_orders scheduled__2022-05-14T15:15:58.068711+00:00 [running]> on host b0833397c3cf
[2022-05-15 15:16:48,694] {taskinstance.py:1429} INFO - Exporting the following env vars:
AIRFLOW_CTX_DAG_OWNER=***
AIRFLOW_CTX_DAG_ID=models_dbt_dag
AIRFLOW_CTX_TASK_ID=dbt_run.model.jaffle_shop.fct_customer_orders
AIRFLOW_CTX_EXECUTION_DATE=2022-05-14T15:15:58.068711+00:00
AIRFLOW_CTX_DAG_RUN_ID=scheduled__2022-05-14T15:15:58.068711+00:00
[2022-05-15 15:16:48,696] {subprocess.py:62} INFO - Tmp dir root location: 
 /tmp
[2022-05-15 15:16:48,698] {subprocess.py:74} INFO - Running command: ['bash', '-c', 'dbt --no-write-json run --target dev --models fct_customer_orders --profiles-dir /opt/***/dags/jaffle_shop --project-dir /opt/***/dags/jaffle_shop']
[2022-05-15 15:16:48,711] {subprocess.py:85} INFO - Output:
[2022-05-15 15:16:51,986] {subprocess.py:89} INFO - 15:16:51  Running with dbt=1.1.0
[2022-05-15 15:16:52,135] {subprocess.py:89} INFO - 15:16:52  Found 5 models, 11 tests, 0 snapshots, 0 analyses, 170 macros, 0 operations, 0 seed files, 3 sources, 0 exposures, 0 metrics
[2022-05-15 15:16:52,143] {subprocess.py:89} INFO - 15:16:52
[2022-05-15 15:16:52,309] {subprocess.py:89} INFO - 15:16:52  Concurrency: 1 threads (target='dev')
[2022-05-15 15:16:52,311] {subprocess.py:89} INFO - 15:16:52
[2022-05-15 15:16:52,324] {subprocess.py:89} INFO - 15:16:52  1 of 1 START table model dev.fct_customer_orders ............................... [RUN]
[2022-05-15 15:16:52,543] {subprocess.py:89} INFO - 15:16:52  1 of 1 OK created table model dev.fct_customer_orders .......................... [[32mSELECT 99[0m in 0.21s]
[2022-05-15 15:16:52,649] {subprocess.py:89} INFO - 15:16:52
[2022-05-15 15:16:52,651] {subprocess.py:89} INFO - 15:16:52  Finished running 1 table model in 0.50s.
[2022-05-15 15:16:52,657] {subprocess.py:89} INFO - 15:16:52
[2022-05-15 15:16:52,660] {subprocess.py:89} INFO - 15:16:52  [32mCompleted successfully[0m
[2022-05-15 15:16:52,662] {subprocess.py:89} INFO - 15:16:52
[2022-05-15 15:16:52,664] {subprocess.py:89} INFO - 15:16:52  Done. PASS=1 WARN=0 ERROR=0 SKIP=0 TOTAL=1
[2022-05-15 15:16:53,789] {subprocess.py:93} INFO - Command exited with return code 0
[2022-05-15 15:16:53,826] {taskinstance.py:1280} INFO - Marking task as SUCCESS. dag_id=models_dbt_dag, task_id=dbt_run.model.jaffle_shop.fct_customer_orders, execution_date=20220514T151558, start_date=20220515T151648, end_date=20220515T151653
[2022-05-15 15:16:53,886] {local_task_job.py:154} INFO - Task exited with return code 0
[2022-05-15 15:16:53,943] {local_task_job.py:264} INFO - 13 downstream tasks scheduled from follow-on schedule check
