[2022-05-18 23:52:19,145] {taskinstance.py:1035} INFO - Dependencies all met for <TaskInstance: model_level_dbt_great_expectations_dag.great_expectations_sources.sources.jaffle_shop__customers scheduled__2022-05-17T23:51:54.527642+00:00 [queued]>
[2022-05-18 23:52:19,166] {taskinstance.py:1035} INFO - Dependencies all met for <TaskInstance: model_level_dbt_great_expectations_dag.great_expectations_sources.sources.jaffle_shop__customers scheduled__2022-05-17T23:51:54.527642+00:00 [queued]>
[2022-05-18 23:52:19,167] {taskinstance.py:1241} INFO - 
--------------------------------------------------------------------------------
[2022-05-18 23:52:19,168] {taskinstance.py:1242} INFO - Starting attempt 1 of 4
[2022-05-18 23:52:19,174] {taskinstance.py:1243} INFO - 
--------------------------------------------------------------------------------
[2022-05-18 23:52:19,199] {taskinstance.py:1262} INFO - Executing <Task(GreatExpectationsOperator): great_expectations_sources.sources.jaffle_shop__customers> on 2022-05-17 23:51:54.527642+00:00
[2022-05-18 23:52:19,223] {standard_task_runner.py:52} INFO - Started process 261 to run task
[2022-05-18 23:52:19,253] {standard_task_runner.py:76} INFO - Running: ['***', 'tasks', 'run', 'model_level_dbt_great_expectations_dag', 'great_expectations_sources.sources.jaffle_shop__customers', 'scheduled__2022-05-17T23:51:54.527642+00:00', '--job-id', '249', '--raw', '--subdir', 'DAGS_FOLDER/model_level_dbt_great_expectations_dag.py', '--cfg-path', '/tmp/tmpio8zo7p9', '--error-file', '/tmp/tmp404syida']
[2022-05-18 23:52:19,255] {standard_task_runner.py:77} INFO - Job 249: Subtask great_expectations_sources.sources.jaffle_shop__customers
[2022-05-18 23:52:19,380] {logging_mixin.py:109} INFO - Running <TaskInstance: model_level_dbt_great_expectations_dag.great_expectations_sources.sources.jaffle_shop__customers scheduled__2022-05-17T23:51:54.527642+00:00 [running]> on host 41cba24e2fbb
[2022-05-18 23:52:19,530] {taskinstance.py:1429} INFO - Exporting the following env vars:
AIRFLOW_CTX_DAG_OWNER=luciano.naveiro
AIRFLOW_CTX_DAG_ID=model_level_dbt_great_expectations_dag
AIRFLOW_CTX_TASK_ID=great_expectations_sources.sources.jaffle_shop__customers
AIRFLOW_CTX_EXECUTION_DATE=2022-05-17T23:51:54.527642+00:00
AIRFLOW_CTX_DAG_RUN_ID=scheduled__2022-05-17T23:51:54.527642+00:00
[2022-05-18 23:52:19,534] {great_expectations.py:122} INFO - Running validation with Great Expectations...
[2022-05-18 23:52:19,538] {great_expectations.py:125} INFO - Ensuring data context is valid...
[2022-05-18 23:52:22,192] {sqlalchemy_execution_engine.py:404} WARNING - schema_name specified creating a URL with schema is not supported. Set a default schema on the user connecting to your database.
[2022-05-18 23:52:22,198] {logging_mixin.py:109} WARNING - /home/***/.local/lib/python3.7/site-packages/great_expectations/datasource/data_connector/runtime_data_connector.py:135 DeprecationWarning: Specifying batch_identifiers as part of the RuntimeDataConnector config is deprecated as of v0.15.1 and will be removed by v0.18. Please configure batch_identifiers as part of Assets instead.
[2022-05-18 23:52:23,847] {validator.py:1669} INFO - 	13 expectation(s) included in expectation_suite.
[2022-05-18 23:52:24,220] {logging_mixin.py:109} WARNING - Calculating Metrics:   0%|          | 0/30 [00:00<?, ?it/s]
[2022-05-18 23:52:24,223] {logging_mixin.py:109} WARNING - Calculating Metrics:   0%|          | 0/30 [00:00<?, ?it/s]
[2022-05-18 23:52:24,281] {logging_mixin.py:109} WARNING - Calculating Metrics:   7%|6         | 2/30 [00:00<00:00, 34.44it/s]
[2022-05-18 23:52:24,336] {logging_mixin.py:109} WARNING - Calculating Metrics:  13%|#3        | 4/30 [00:00<00:00, 35.46it/s]
[2022-05-18 23:52:24,337] {logging_mixin.py:109} WARNING - Calculating Metrics:  13%|#3        | 4/30 [00:00<00:00, 35.46it/s]
[2022-05-18 23:52:24,380] {logging_mixin.py:109} WARNING - Calculating Metrics:  40%|####      | 12/30 [00:00<00:00, 35.46it/s]
[2022-05-18 23:52:24,485] {logging_mixin.py:109} WARNING - Calculating Metrics:  80%|########  | 24/30 [00:00<00:00, 99.97it/s]
[2022-05-18 23:52:24,488] {logging_mixin.py:109} WARNING - Calculating Metrics:  80%|########  | 24/30 [00:00<00:00, 99.97it/s]
[2022-05-18 23:52:24,593] {logging_mixin.py:109} WARNING - Calculating Metrics:  93%|#########3| 28/30 [00:00<00:00, 99.97it/s]
[2022-05-18 23:52:24,675] {logging_mixin.py:109} WARNING - Calculating Metrics:  97%|#########6| 29/30 [00:00<00:00, 99.97it/s]
[2022-05-18 23:52:24,746] {logging_mixin.py:109} WARNING - Calculating Metrics: 100%|##########| 30/30 [00:00<00:00, 99.97it/s]
[2022-05-18 23:52:24,797] {logging_mixin.py:109} WARNING - Calculating Metrics: 100%|##########| 30/30 [00:00<00:00, 99.97it/s]
[2022-05-18 23:52:24,804] {logging_mixin.py:109} WARNING - Calculating Metrics: 100%|##########| 30/30 [00:00<00:00, 51.64it/s]
[2022-05-18 23:52:24,809] {logging_mixin.py:109} WARNING - 
[2022-05-18 23:52:30,870] {great_expectations.py:197} INFO - Validation with Great Expectations successful.
[2022-05-18 23:52:30,946] {taskinstance.py:1280} INFO - Marking task as SUCCESS. dag_id=model_level_dbt_great_expectations_dag, task_id=great_expectations_sources.sources.jaffle_shop__customers, execution_date=20220517T235154, start_date=20220518T235219, end_date=20220518T235230
[2022-05-18 23:52:31,100] {local_task_job.py:154} INFO - Task exited with return code 0
[2022-05-18 23:52:31,217] {local_task_job.py:264} INFO - 0 downstream tasks scheduled from follow-on schedule check
