[2022-05-17 01:01:05,617] {taskinstance.py:1035} INFO - Dependencies all met for <TaskInstance: project_level_dbt_dag.dbt_run scheduled__2022-05-16T01:00:47.727461+00:00 [queued]>
[2022-05-17 01:01:05,653] {taskinstance.py:1035} INFO - Dependencies all met for <TaskInstance: project_level_dbt_dag.dbt_run scheduled__2022-05-16T01:00:47.727461+00:00 [queued]>
[2022-05-17 01:01:05,654] {taskinstance.py:1241} INFO - 
--------------------------------------------------------------------------------
[2022-05-17 01:01:05,658] {taskinstance.py:1242} INFO - Starting attempt 1 of 4
[2022-05-17 01:01:05,660] {taskinstance.py:1243} INFO - 
--------------------------------------------------------------------------------
[2022-05-17 01:01:05,684] {taskinstance.py:1262} INFO - Executing <Task(BashOperator): dbt_run> on 2022-05-16 01:00:47.727461+00:00
[2022-05-17 01:01:05,691] {standard_task_runner.py:52} INFO - Started process 1379 to run task
[2022-05-17 01:01:05,696] {standard_task_runner.py:76} INFO - Running: ['***', 'tasks', 'run', 'project_level_dbt_dag', 'dbt_run', 'scheduled__2022-05-16T01:00:47.727461+00:00', '--job-id', '526', '--raw', '--subdir', 'DAGS_FOLDER/project_level_dbt_dag.py', '--cfg-path', '/tmp/tmpk6qfhu1t', '--error-file', '/tmp/tmpmetggix3']
[2022-05-17 01:01:05,699] {standard_task_runner.py:77} INFO - Job 526: Subtask dbt_run
[2022-05-17 01:01:05,786] {logging_mixin.py:109} INFO - Running <TaskInstance: project_level_dbt_dag.dbt_run scheduled__2022-05-16T01:00:47.727461+00:00 [running]> on host 5b92c0eb864a
[2022-05-17 01:01:05,855] {taskinstance.py:1429} INFO - Exporting the following env vars:
AIRFLOW_CTX_DAG_OWNER=luciano.naveiro
AIRFLOW_CTX_DAG_ID=project_level_dbt_dag
AIRFLOW_CTX_TASK_ID=dbt_run
AIRFLOW_CTX_EXECUTION_DATE=2022-05-16T01:00:47.727461+00:00
AIRFLOW_CTX_DAG_RUN_ID=scheduled__2022-05-16T01:00:47.727461+00:00
[2022-05-17 01:01:05,858] {subprocess.py:62} INFO - Tmp dir root location: 
 /tmp
[2022-05-17 01:01:05,859] {subprocess.py:74} INFO - Running command: ['bash', '-c', '\n        cd /opt/dbt/jaffle_shop\n        dbt run --profiles-dir .\n        ']
[2022-05-17 01:01:05,873] {subprocess.py:85} INFO - Output:
[2022-05-17 01:01:09,378] {subprocess.py:89} INFO - 01:01:09  Running with dbt=1.1.0
[2022-05-17 01:01:09,469] {subprocess.py:89} INFO - 01:01:09  Unable to do partial parsing because config vars, config profile, or config target have changed
[2022-05-17 01:01:10,593] {subprocess.py:89} INFO - 01:01:10  Found 5 models, 13 tests, 0 snapshots, 0 analyses, 170 macros, 0 operations, 0 seed files, 3 sources, 0 exposures, 0 metrics
[2022-05-17 01:01:10,598] {subprocess.py:89} INFO - 01:01:10
[2022-05-17 01:01:10,752] {subprocess.py:89} INFO - 01:01:10  Concurrency: 1 threads (target='dev')
[2022-05-17 01:01:10,756] {subprocess.py:89} INFO - 01:01:10
[2022-05-17 01:01:10,786] {subprocess.py:89} INFO - 01:01:10  1 of 5 START view model dev.stg_jaffle_shop__customers ......................... [RUN]
[2022-05-17 01:01:10,960] {subprocess.py:89} INFO - 01:01:10  1 of 5 OK created view model dev.stg_jaffle_shop__customers .................... [[32mCREATE VIEW[0m in 0.17s]
[2022-05-17 01:01:10,965] {subprocess.py:89} INFO - 01:01:10  2 of 5 START view model dev.stg_jaffle_shop__orders ............................ [RUN]
[2022-05-17 01:01:11,032] {subprocess.py:89} INFO - 01:01:11  2 of 5 OK created view model dev.stg_jaffle_shop__orders ....................... [[32mCREATE VIEW[0m in 0.06s]
[2022-05-17 01:01:11,038] {subprocess.py:89} INFO - 01:01:11  3 of 5 START view model dev.stg_stripe__payments ............................... [RUN]
[2022-05-17 01:01:11,126] {subprocess.py:89} INFO - 01:01:11  3 of 5 OK created view model dev.stg_stripe__payments .......................... [[32mCREATE VIEW[0m in 0.08s]
[2022-05-17 01:01:11,135] {subprocess.py:89} INFO - 01:01:11  4 of 5 START view model dev.int_orders ......................................... [RUN]
[2022-05-17 01:01:11,242] {subprocess.py:89} INFO - 01:01:11  4 of 5 OK created view model dev.int_orders .................................... [[32mCREATE VIEW[0m in 0.10s]
[2022-05-17 01:01:11,250] {subprocess.py:89} INFO - 01:01:11  5 of 5 START table model dev.fct_customer_orders ............................... [RUN]
[2022-05-17 01:01:11,398] {subprocess.py:89} INFO - 01:01:11  5 of 5 OK created table model dev.fct_customer_orders .......................... [[32mSELECT 99[0m in 0.14s]
[2022-05-17 01:01:11,516] {subprocess.py:89} INFO - 01:01:11
[2022-05-17 01:01:11,520] {subprocess.py:89} INFO - 01:01:11  Finished running 4 view models, 1 table model in 0.91s.
[2022-05-17 01:01:11,553] {subprocess.py:89} INFO - 01:01:11
[2022-05-17 01:01:11,563] {subprocess.py:89} INFO - 01:01:11  [32mCompleted successfully[0m
[2022-05-17 01:01:11,566] {subprocess.py:89} INFO - 01:01:11
[2022-05-17 01:01:11,569] {subprocess.py:89} INFO - 01:01:11  Done. PASS=5 WARN=0 ERROR=0 SKIP=0 TOTAL=5
[2022-05-17 01:01:12,902] {subprocess.py:93} INFO - Command exited with return code 0
[2022-05-17 01:01:12,933] {taskinstance.py:1280} INFO - Marking task as SUCCESS. dag_id=project_level_dbt_dag, task_id=dbt_run, execution_date=20220516T010047, start_date=20220517T010105, end_date=20220517T010112
[2022-05-17 01:01:12,967] {local_task_job.py:154} INFO - Task exited with return code 0
[2022-05-17 01:01:13,004] {local_task_job.py:264} INFO - 1 downstream tasks scheduled from follow-on schedule check
