[2022-05-17 01:01:59,298] {taskinstance.py:1035} INFO - Dependencies all met for <TaskInstance: project_level_dbt_dag.dbt_run scheduled__2022-05-16T01:00:47.727461+00:00 [queued]>
[2022-05-17 01:01:59,325] {taskinstance.py:1035} INFO - Dependencies all met for <TaskInstance: project_level_dbt_dag.dbt_run scheduled__2022-05-16T01:00:47.727461+00:00 [queued]>
[2022-05-17 01:01:59,326] {taskinstance.py:1241} INFO - 
--------------------------------------------------------------------------------
[2022-05-17 01:01:59,327] {taskinstance.py:1242} INFO - Starting attempt 2 of 5
[2022-05-17 01:01:59,328] {taskinstance.py:1243} INFO - 
--------------------------------------------------------------------------------
[2022-05-17 01:01:59,352] {taskinstance.py:1262} INFO - Executing <Task(BashOperator): dbt_run> on 2022-05-16 01:00:47.727461+00:00
[2022-05-17 01:01:59,362] {standard_task_runner.py:52} INFO - Started process 1445 to run task
[2022-05-17 01:01:59,366] {standard_task_runner.py:76} INFO - Running: ['***', 'tasks', 'run', 'project_level_dbt_dag', 'dbt_run', 'scheduled__2022-05-16T01:00:47.727461+00:00', '--job-id', '528', '--raw', '--subdir', 'DAGS_FOLDER/project_level_dbt_dag.py', '--cfg-path', '/tmp/tmp8xt84uo3', '--error-file', '/tmp/tmpivhpje_e']
[2022-05-17 01:01:59,367] {standard_task_runner.py:77} INFO - Job 528: Subtask dbt_run
[2022-05-17 01:01:59,450] {logging_mixin.py:109} INFO - Running <TaskInstance: project_level_dbt_dag.dbt_run scheduled__2022-05-16T01:00:47.727461+00:00 [running]> on host 5b92c0eb864a
[2022-05-17 01:01:59,541] {taskinstance.py:1429} INFO - Exporting the following env vars:
AIRFLOW_CTX_DAG_OWNER=luciano.naveiro
AIRFLOW_CTX_DAG_ID=project_level_dbt_dag
AIRFLOW_CTX_TASK_ID=dbt_run
AIRFLOW_CTX_EXECUTION_DATE=2022-05-16T01:00:47.727461+00:00
AIRFLOW_CTX_DAG_RUN_ID=scheduled__2022-05-16T01:00:47.727461+00:00
[2022-05-17 01:01:59,545] {subprocess.py:62} INFO - Tmp dir root location: 
 /tmp
[2022-05-17 01:01:59,549] {subprocess.py:74} INFO - Running command: ['bash', '-c', '\n        cd /opt/dbt/jaffle_shop\n        dbt run --profiles-dir .\n        ']
[2022-05-17 01:01:59,566] {subprocess.py:85} INFO - Output:
[2022-05-17 01:02:02,642] {subprocess.py:89} INFO - 01:02:02  Running with dbt=1.1.0
[2022-05-17 01:02:02,812] {subprocess.py:89} INFO - 01:02:02  Found 5 models, 13 tests, 0 snapshots, 0 analyses, 170 macros, 0 operations, 0 seed files, 3 sources, 0 exposures, 0 metrics
[2022-05-17 01:02:02,818] {subprocess.py:89} INFO - 01:02:02
[2022-05-17 01:02:02,998] {subprocess.py:89} INFO - 01:02:02  Concurrency: 1 threads (target='dev')
[2022-05-17 01:02:03,002] {subprocess.py:89} INFO - 01:02:03
[2022-05-17 01:02:03,019] {subprocess.py:89} INFO - 01:02:03  1 of 5 START view model dev.stg_jaffle_shop__customers ......................... [RUN]
[2022-05-17 01:02:03,161] {subprocess.py:89} INFO - 01:02:03  1 of 5 OK created view model dev.stg_jaffle_shop__customers .................... [[32mCREATE VIEW[0m in 0.14s]
[2022-05-17 01:02:03,168] {subprocess.py:89} INFO - 01:02:03  2 of 5 START view model dev.stg_jaffle_shop__orders ............................ [RUN]
[2022-05-17 01:02:03,253] {subprocess.py:89} INFO - 01:02:03  2 of 5 OK created view model dev.stg_jaffle_shop__orders ....................... [[32mCREATE VIEW[0m in 0.08s]
[2022-05-17 01:02:03,259] {subprocess.py:89} INFO - 01:02:03  3 of 5 START view model dev.stg_stripe__payments ............................... [RUN]
[2022-05-17 01:02:03,357] {subprocess.py:89} INFO - 01:02:03  3 of 5 OK created view model dev.stg_stripe__payments .......................... [[32mCREATE VIEW[0m in 0.09s]
[2022-05-17 01:02:03,367] {subprocess.py:89} INFO - 01:02:03  4 of 5 START view model dev.int_orders ......................................... [RUN]
[2022-05-17 01:02:03,460] {subprocess.py:89} INFO - 01:02:03  4 of 5 OK created view model dev.int_orders .................................... [[32mCREATE VIEW[0m in 0.08s]
[2022-05-17 01:02:03,469] {subprocess.py:89} INFO - 01:02:03  5 of 5 START table model dev.fct_customer_orders ............................... [RUN]
[2022-05-17 01:02:03,571] {subprocess.py:89} INFO - 01:02:03  5 of 5 OK created table model dev.fct_customer_orders .......................... [[32mSELECT 99[0m in 0.10s]
[2022-05-17 01:02:03,643] {subprocess.py:89} INFO - 01:02:03
[2022-05-17 01:02:03,645] {subprocess.py:89} INFO - 01:02:03  Finished running 4 view models, 1 table model in 0.82s.
[2022-05-17 01:02:03,664] {subprocess.py:89} INFO - 01:02:03
[2022-05-17 01:02:03,666] {subprocess.py:89} INFO - 01:02:03  [32mCompleted successfully[0m
[2022-05-17 01:02:03,668] {subprocess.py:89} INFO - 01:02:03
[2022-05-17 01:02:03,670] {subprocess.py:89} INFO - 01:02:03  Done. PASS=5 WARN=0 ERROR=0 SKIP=0 TOTAL=5
[2022-05-17 01:02:04,753] {subprocess.py:93} INFO - Command exited with return code 0
[2022-05-17 01:02:04,783] {taskinstance.py:1280} INFO - Marking task as SUCCESS. dag_id=project_level_dbt_dag, task_id=dbt_run, execution_date=20220516T010047, start_date=20220517T010159, end_date=20220517T010204
[2022-05-17 01:02:04,838] {local_task_job.py:154} INFO - Task exited with return code 0
[2022-05-17 01:02:04,873] {local_task_job.py:264} INFO - 1 downstream tasks scheduled from follow-on schedule check
