[2022-06-04 02:46:20,252] {taskinstance.py:1035} INFO - Dependencies all met for <TaskInstance: model_level_dbt_great_expectations_dag.great_expectations_sources.sources.jaffle_shop__customers scheduled__2022-05-19T15:55:44.156802+00:00 [queued]>
[2022-06-04 02:46:20,286] {taskinstance.py:1035} INFO - Dependencies all met for <TaskInstance: model_level_dbt_great_expectations_dag.great_expectations_sources.sources.jaffle_shop__customers scheduled__2022-05-19T15:55:44.156802+00:00 [queued]>
[2022-06-04 02:46:20,288] {taskinstance.py:1241} INFO - 
--------------------------------------------------------------------------------
[2022-06-04 02:46:20,292] {taskinstance.py:1242} INFO - Starting attempt 1 of 4
[2022-06-04 02:46:20,293] {taskinstance.py:1243} INFO - 
--------------------------------------------------------------------------------
[2022-06-04 02:46:20,356] {taskinstance.py:1262} INFO - Executing <Task(GreatExpectationsOperator): great_expectations_sources.sources.jaffle_shop__customers> on 2022-05-19 15:55:44.156802+00:00
[2022-06-04 02:46:20,376] {standard_task_runner.py:52} INFO - Started process 110 to run task
[2022-06-04 02:46:20,389] {standard_task_runner.py:76} INFO - Running: ['***', 'tasks', 'run', 'model_level_dbt_great_expectations_dag', 'great_expectations_sources.sources.jaffle_shop__customers', 'scheduled__2022-05-19T15:55:44.156802+00:00', '--job-id', '168', '--raw', '--subdir', 'DAGS_FOLDER/model_level_dbt_great_expectations_dag.py', '--cfg-path', '/tmp/tmpekr9j5a1', '--error-file', '/tmp/tmp5auoz973']
[2022-06-04 02:46:20,391] {standard_task_runner.py:77} INFO - Job 168: Subtask great_expectations_sources.sources.jaffle_shop__customers
[2022-06-04 02:46:20,507] {logging_mixin.py:109} INFO - Running <TaskInstance: model_level_dbt_great_expectations_dag.great_expectations_sources.sources.jaffle_shop__customers scheduled__2022-05-19T15:55:44.156802+00:00 [running]> on host 3d17a0db806e
[2022-06-04 02:46:20,625] {taskinstance.py:1429} INFO - Exporting the following env vars:
AIRFLOW_CTX_DAG_OWNER=luciano.naveiro
AIRFLOW_CTX_DAG_ID=model_level_dbt_great_expectations_dag
AIRFLOW_CTX_TASK_ID=great_expectations_sources.sources.jaffle_shop__customers
AIRFLOW_CTX_EXECUTION_DATE=2022-05-19T15:55:44.156802+00:00
AIRFLOW_CTX_DAG_RUN_ID=scheduled__2022-05-19T15:55:44.156802+00:00
[2022-06-04 02:46:20,626] {great_expectations.py:122} INFO - Running validation with Great Expectations...
[2022-06-04 02:46:20,627] {great_expectations.py:125} INFO - Ensuring data context is valid...
[2022-06-04 02:46:23,478] {sqlalchemy_execution_engine.py:404} WARNING - schema_name specified creating a URL with schema is not supported. Set a default schema on the user connecting to your database.
[2022-06-04 02:46:23,487] {logging_mixin.py:109} WARNING - /home/***/.local/lib/python3.7/site-packages/great_expectations/datasource/data_connector/runtime_data_connector.py:135 DeprecationWarning: Specifying batch_identifiers as part of the RuntimeDataConnector config is deprecated as of v0.15.1 and will be removed by v0.18. Please configure batch_identifiers as part of Assets instead.
[2022-06-04 02:46:30,591] {validator.py:1669} INFO - 	13 expectation(s) included in expectation_suite.
[2022-06-04 02:46:31,916] {logging_mixin.py:109} WARNING - Calculating Metrics:   0%|          | 0/30 [00:00<?, ?it/s]
[2022-06-04 02:46:31,917] {logging_mixin.py:109} WARNING - Calculating Metrics:   0%|          | 0/30 [00:00<?, ?it/s]
[2022-06-04 02:46:31,940] {logging_mixin.py:109} WARNING - Calculating Metrics:   7%|6         | 2/30 [00:00<00:00, 87.38it/s]
[2022-06-04 02:46:32,132] {logging_mixin.py:109} WARNING - Calculating Metrics:  13%|#3        | 4/30 [00:00<00:01, 18.62it/s]
[2022-06-04 02:46:32,135] {logging_mixin.py:109} WARNING - Calculating Metrics:  13%|#3        | 4/30 [00:00<00:01, 18.62it/s]
[2022-06-04 02:46:32,389] {logging_mixin.py:109} WARNING - Calculating Metrics:  40%|####      | 12/30 [00:00<00:00, 26.52it/s]
[2022-06-04 02:46:32,402] {logging_mixin.py:109} WARNING - Calculating Metrics:  40%|####      | 12/30 [00:00<00:00, 26.52it/s]
[2022-06-04 02:46:32,911] {logging_mixin.py:109} WARNING - Calculating Metrics:  80%|########  | 24/30 [00:00<00:00, 24.27it/s]
[2022-06-04 02:46:32,913] {logging_mixin.py:109} WARNING - Calculating Metrics:  80%|########  | 24/30 [00:00<00:00, 24.27it/s]
[2022-06-04 02:46:33,133] {logging_mixin.py:109} WARNING - Calculating Metrics:  93%|#########3| 28/30 [00:01<00:00, 22.61it/s]
[2022-06-04 02:46:33,143] {logging_mixin.py:109} WARNING - Calculating Metrics:  93%|#########3| 28/30 [00:01<00:00, 22.61it/s]
[2022-06-04 02:46:33,376] {logging_mixin.py:109} WARNING - Calculating Metrics:  97%|#########6| 29/30 [00:01<00:00, 22.61it/s]
[2022-06-04 02:46:33,504] {logging_mixin.py:109} WARNING - Calculating Metrics: 100%|##########| 30/30 [00:01<00:00, 22.61it/s]
[2022-06-04 02:46:33,657] {logging_mixin.py:109} WARNING - Calculating Metrics: 100%|##########| 30/30 [00:01<00:00, 22.61it/s]
[2022-06-04 02:46:33,662] {logging_mixin.py:109} WARNING - Calculating Metrics: 100%|##########| 30/30 [00:01<00:00, 17.21it/s]
[2022-06-04 02:46:33,667] {logging_mixin.py:109} WARNING - 
[2022-06-04 02:46:40,093] {great_expectations.py:197} INFO - Validation with Great Expectations successful.
[2022-06-04 02:46:40,164] {taskinstance.py:1280} INFO - Marking task as SUCCESS. dag_id=model_level_dbt_great_expectations_dag, task_id=great_expectations_sources.sources.jaffle_shop__customers, execution_date=20220519T155544, start_date=20220604T024620, end_date=20220604T024640
[2022-06-04 02:46:40,300] {local_task_job.py:154} INFO - Task exited with return code 0
[2022-06-04 02:46:40,535] {local_task_job.py:264} INFO - 0 downstream tasks scheduled from follow-on schedule check
