[2022-05-18 23:55:46,897] {taskinstance.py:1035} INFO - Dependencies all met for <TaskInstance: model_level_dbt_great_expectations_dag.dbt_run.model.jaffle_shop.int_orders scheduled__2022-05-17T23:51:54.527642+00:00 [queued]>
[2022-05-18 23:55:46,923] {taskinstance.py:1035} INFO - Dependencies all met for <TaskInstance: model_level_dbt_great_expectations_dag.dbt_run.model.jaffle_shop.int_orders scheduled__2022-05-17T23:51:54.527642+00:00 [queued]>
[2022-05-18 23:55:46,924] {taskinstance.py:1241} INFO - 
--------------------------------------------------------------------------------
[2022-05-18 23:55:46,926] {taskinstance.py:1242} INFO - Starting attempt 1 of 4
[2022-05-18 23:55:46,927] {taskinstance.py:1243} INFO - 
--------------------------------------------------------------------------------
[2022-05-18 23:55:46,950] {taskinstance.py:1262} INFO - Executing <Task(BashOperator): dbt_run.model.jaffle_shop.int_orders> on 2022-05-17 23:51:54.527642+00:00
[2022-05-18 23:55:46,974] {standard_task_runner.py:52} INFO - Started process 507 to run task
[2022-05-18 23:55:46,980] {standard_task_runner.py:76} INFO - Running: ['***', 'tasks', 'run', 'model_level_dbt_great_expectations_dag', 'dbt_run.model.jaffle_shop.int_orders', 'scheduled__2022-05-17T23:51:54.527642+00:00', '--job-id', '255', '--raw', '--subdir', 'DAGS_FOLDER/model_level_dbt_great_expectations_dag.py', '--cfg-path', '/tmp/tmpramf8w4g', '--error-file', '/tmp/tmpd0xzfosx']
[2022-05-18 23:55:46,982] {standard_task_runner.py:77} INFO - Job 255: Subtask dbt_run.model.jaffle_shop.int_orders
[2022-05-18 23:55:47,085] {logging_mixin.py:109} INFO - Running <TaskInstance: model_level_dbt_great_expectations_dag.dbt_run.model.jaffle_shop.int_orders scheduled__2022-05-17T23:51:54.527642+00:00 [running]> on host 41cba24e2fbb
[2022-05-18 23:55:47,161] {taskinstance.py:1429} INFO - Exporting the following env vars:
AIRFLOW_CTX_DAG_OWNER=luciano.naveiro
AIRFLOW_CTX_DAG_ID=model_level_dbt_great_expectations_dag
AIRFLOW_CTX_TASK_ID=dbt_run.model.jaffle_shop.int_orders
AIRFLOW_CTX_EXECUTION_DATE=2022-05-17T23:51:54.527642+00:00
AIRFLOW_CTX_DAG_RUN_ID=scheduled__2022-05-17T23:51:54.527642+00:00
[2022-05-18 23:55:47,163] {subprocess.py:62} INFO - Tmp dir root location: 
 /tmp
[2022-05-18 23:55:47,165] {subprocess.py:74} INFO - Running command: ['bash', '-c', 'dbt --no-write-json run --target dev --models int_orders --profiles-dir /opt/dbt/jaffle_shop --project-dir /opt/dbt/jaffle_shop']
[2022-05-18 23:55:47,189] {subprocess.py:85} INFO - Output:
[2022-05-18 23:55:58,248] {subprocess.py:89} INFO - 23:55:58  Running with dbt=1.1.0
[2022-05-18 23:55:58,717] {subprocess.py:89} INFO - 23:55:58  Found 5 models, 13 tests, 0 snapshots, 0 analyses, 170 macros, 0 operations, 0 seed files, 3 sources, 0 exposures, 0 metrics
[2022-05-18 23:55:58,738] {subprocess.py:89} INFO - 23:55:58
[2022-05-18 23:55:59,471] {subprocess.py:89} INFO - 23:55:59  Concurrency: 1 threads (target='dev')
[2022-05-18 23:55:59,478] {subprocess.py:89} INFO - 23:55:59
[2022-05-18 23:55:59,528] {subprocess.py:89} INFO - 23:55:59  1 of 1 START view model dev.int_orders ......................................... [RUN]
[2022-05-18 23:56:00,378] {subprocess.py:89} INFO - 23:56:00  1 of 1 OK created view model dev.int_orders .................................... [[32mCREATE VIEW[0m in 0.84s]
[2022-05-18 23:56:00,458] {subprocess.py:89} INFO - 23:56:00
[2022-05-18 23:56:00,465] {subprocess.py:89} INFO - 23:56:00  Finished running 1 view model in 1.72s.
[2022-05-18 23:56:00,485] {subprocess.py:89} INFO - 23:56:00
[2022-05-18 23:56:00,490] {subprocess.py:89} INFO - 23:56:00  [32mCompleted successfully[0m
[2022-05-18 23:56:00,494] {subprocess.py:89} INFO - 23:56:00
[2022-05-18 23:56:00,501] {subprocess.py:89} INFO - 23:56:00  Done. PASS=1 WARN=0 ERROR=0 SKIP=0 TOTAL=1
[2022-05-18 23:56:01,865] {subprocess.py:93} INFO - Command exited with return code 0
[2022-05-18 23:56:01,984] {taskinstance.py:1280} INFO - Marking task as SUCCESS. dag_id=model_level_dbt_great_expectations_dag, task_id=dbt_run.model.jaffle_shop.int_orders, execution_date=20220517T235154, start_date=20220518T235546, end_date=20220518T235601
[2022-05-18 23:56:02,154] {local_task_job.py:154} INFO - Task exited with return code 0
[2022-05-18 23:56:02,307] {local_task_job.py:264} INFO - 0 downstream tasks scheduled from follow-on schedule check
