[2022-05-19 01:16:30,642] {taskinstance.py:1035} INFO - Dependencies all met for <TaskInstance: model_level_dbt_great_expectations_dag.dbt_run.model.jaffle_shop.stg_jaffle_shop__customers scheduled__2022-05-17T23:51:54.527642+00:00 [queued]>
[2022-05-19 01:16:30,657] {taskinstance.py:1035} INFO - Dependencies all met for <TaskInstance: model_level_dbt_great_expectations_dag.dbt_run.model.jaffle_shop.stg_jaffle_shop__customers scheduled__2022-05-17T23:51:54.527642+00:00 [queued]>
[2022-05-19 01:16:30,658] {taskinstance.py:1241} INFO - 
--------------------------------------------------------------------------------
[2022-05-19 01:16:30,659] {taskinstance.py:1242} INFO - Starting attempt 3 of 6
[2022-05-19 01:16:30,660] {taskinstance.py:1243} INFO - 
--------------------------------------------------------------------------------
[2022-05-19 01:16:30,683] {taskinstance.py:1262} INFO - Executing <Task(BashOperator): dbt_run.model.jaffle_shop.stg_jaffle_shop__customers> on 2022-05-17 23:51:54.527642+00:00
[2022-05-19 01:16:30,694] {standard_task_runner.py:52} INFO - Started process 451 to run task
[2022-05-19 01:16:30,699] {standard_task_runner.py:76} INFO - Running: ['***', 'tasks', 'run', 'model_level_dbt_great_expectations_dag', 'dbt_run.model.jaffle_shop.stg_jaffle_shop__customers', 'scheduled__2022-05-17T23:51:54.527642+00:00', '--job-id', '279', '--raw', '--subdir', 'DAGS_FOLDER/model_level_dbt_great_expectations_dag.py', '--cfg-path', '/tmp/tmp3ouadz08', '--error-file', '/tmp/tmpa93wsv_4']
[2022-05-19 01:16:30,700] {standard_task_runner.py:77} INFO - Job 279: Subtask dbt_run.model.jaffle_shop.stg_jaffle_shop__customers
[2022-05-19 01:16:30,766] {logging_mixin.py:109} INFO - Running <TaskInstance: model_level_dbt_great_expectations_dag.dbt_run.model.jaffle_shop.stg_jaffle_shop__customers scheduled__2022-05-17T23:51:54.527642+00:00 [running]> on host 41cba24e2fbb
[2022-05-19 01:16:30,850] {taskinstance.py:1429} INFO - Exporting the following env vars:
AIRFLOW_CTX_DAG_OWNER=luciano.naveiro
AIRFLOW_CTX_DAG_ID=model_level_dbt_great_expectations_dag
AIRFLOW_CTX_TASK_ID=dbt_run.model.jaffle_shop.stg_jaffle_shop__customers
AIRFLOW_CTX_EXECUTION_DATE=2022-05-17T23:51:54.527642+00:00
AIRFLOW_CTX_DAG_RUN_ID=scheduled__2022-05-17T23:51:54.527642+00:00
[2022-05-19 01:16:30,853] {subprocess.py:62} INFO - Tmp dir root location: 
 /tmp
[2022-05-19 01:16:30,856] {subprocess.py:74} INFO - Running command: ['bash', '-c', 'dbt --no-write-json run --target dev --models stg_jaffle_shop__customers --profiles-dir /opt/dbt/jaffle_shop --project-dir /opt/dbt/jaffle_shop']
[2022-05-19 01:16:30,885] {subprocess.py:85} INFO - Output:
[2022-05-19 01:16:35,901] {subprocess.py:89} INFO - 01:16:35  Running with dbt=1.1.0
[2022-05-19 01:16:36,055] {subprocess.py:89} INFO - 01:16:36  Unable to do partial parsing because config vars, config profile, or config target have changed
[2022-05-19 01:16:37,283] {subprocess.py:89} INFO - 01:16:37  Found 5 models, 13 tests, 0 snapshots, 0 analyses, 170 macros, 0 operations, 0 seed files, 3 sources, 0 exposures, 0 metrics
[2022-05-19 01:16:37,287] {subprocess.py:89} INFO - 01:16:37
[2022-05-19 01:16:37,441] {subprocess.py:89} INFO - 01:16:37  Concurrency: 1 threads (target='dev')
[2022-05-19 01:16:37,443] {subprocess.py:89} INFO - 01:16:37
[2022-05-19 01:16:37,453] {subprocess.py:89} INFO - 01:16:37  1 of 1 START view model dev.stg_jaffle_shop__customers ......................... [RUN]
[2022-05-19 01:16:37,622] {subprocess.py:89} INFO - 01:16:37  1 of 1 OK created view model dev.stg_jaffle_shop__customers .................... [[32mCREATE VIEW[0m in 0.16s]
[2022-05-19 01:16:37,685] {subprocess.py:89} INFO - 01:16:37
[2022-05-19 01:16:37,688] {subprocess.py:89} INFO - 01:16:37  Finished running 1 view model in 0.39s.
[2022-05-19 01:16:37,696] {subprocess.py:89} INFO - 01:16:37
[2022-05-19 01:16:37,699] {subprocess.py:89} INFO - 01:16:37  [32mCompleted successfully[0m
[2022-05-19 01:16:37,703] {subprocess.py:89} INFO - 01:16:37
[2022-05-19 01:16:37,706] {subprocess.py:89} INFO - 01:16:37  Done. PASS=1 WARN=0 ERROR=0 SKIP=0 TOTAL=1
[2022-05-19 01:16:39,061] {subprocess.py:93} INFO - Command exited with return code 0
[2022-05-19 01:16:39,110] {taskinstance.py:1280} INFO - Marking task as SUCCESS. dag_id=model_level_dbt_great_expectations_dag, task_id=dbt_run.model.jaffle_shop.stg_jaffle_shop__customers, execution_date=20220517T235154, start_date=20220519T011630, end_date=20220519T011639
[2022-05-19 01:16:39,178] {local_task_job.py:154} INFO - Task exited with return code 0
[2022-05-19 01:16:39,231] {local_task_job.py:264} INFO - 0 downstream tasks scheduled from follow-on schedule check
