[2022-05-15 03:30:40,955] {taskinstance.py:1035} INFO - Dependencies all met for <TaskInstance: dbt_advanced_dag_utility.dbt_run.model.jaffle_shop.stg_jaffle_shop__orders scheduled__2022-05-14T03:30:38.730607+00:00 [queued]>
[2022-05-15 03:30:40,974] {taskinstance.py:1035} INFO - Dependencies all met for <TaskInstance: dbt_advanced_dag_utility.dbt_run.model.jaffle_shop.stg_jaffle_shop__orders scheduled__2022-05-14T03:30:38.730607+00:00 [queued]>
[2022-05-15 03:30:40,975] {taskinstance.py:1241} INFO - 
--------------------------------------------------------------------------------
[2022-05-15 03:30:40,976] {taskinstance.py:1242} INFO - Starting attempt 1 of 1
[2022-05-15 03:30:40,977] {taskinstance.py:1243} INFO - 
--------------------------------------------------------------------------------
[2022-05-15 03:30:40,993] {taskinstance.py:1262} INFO - Executing <Task(BashOperator): dbt_run.model.jaffle_shop.stg_jaffle_shop__orders> on 2022-05-14 03:30:38.730607+00:00
[2022-05-15 03:30:40,999] {standard_task_runner.py:52} INFO - Started process 5190 to run task
[2022-05-15 03:30:41,012] {standard_task_runner.py:76} INFO - Running: ['***', 'tasks', 'run', 'dbt_advanced_dag_utility', 'dbt_run.model.jaffle_shop.stg_jaffle_shop__orders', 'scheduled__2022-05-14T03:30:38.730607+00:00', '--job-id', '92', '--raw', '--subdir', 'DAGS_FOLDER/dbt_dag.py', '--cfg-path', '/tmp/tmpbv0cjztl', '--error-file', '/tmp/tmpn0pgf2nx']
[2022-05-15 03:30:41,013] {standard_task_runner.py:77} INFO - Job 92: Subtask dbt_run.model.jaffle_shop.stg_jaffle_shop__orders
[2022-05-15 03:30:41,076] {logging_mixin.py:109} INFO - Running <TaskInstance: dbt_advanced_dag_utility.dbt_run.model.jaffle_shop.stg_jaffle_shop__orders scheduled__2022-05-14T03:30:38.730607+00:00 [running]> on host b0833397c3cf
[2022-05-15 03:30:41,159] {taskinstance.py:1429} INFO - Exporting the following env vars:
AIRFLOW_CTX_DAG_OWNER=***
AIRFLOW_CTX_DAG_ID=dbt_advanced_dag_utility
AIRFLOW_CTX_TASK_ID=dbt_run.model.jaffle_shop.stg_jaffle_shop__orders
AIRFLOW_CTX_EXECUTION_DATE=2022-05-14T03:30:38.730607+00:00
AIRFLOW_CTX_DAG_RUN_ID=scheduled__2022-05-14T03:30:38.730607+00:00
[2022-05-15 03:30:41,163] {subprocess.py:62} INFO - Tmp dir root location: 
 /tmp
[2022-05-15 03:30:41,169] {subprocess.py:74} INFO - Running command: ['bash', '-c', 'dbt --no-write-json run --target dev --models stg_jaffle_shop__orders --profiles-dir /opt/***/dags/jaffle_shop --project-dir /opt/***/dags/jaffle_shop']
[2022-05-15 03:30:41,197] {subprocess.py:85} INFO - Output:
[2022-05-15 03:30:46,066] {subprocess.py:89} INFO - 03:30:46  Running with dbt=1.1.0
[2022-05-15 03:30:46,206] {subprocess.py:89} INFO - 03:30:46  Unable to do partial parsing because config vars, config profile, or config target have changed
[2022-05-15 03:30:47,746] {subprocess.py:89} INFO - 03:30:47  [[33mWARNING[0m]: Did not find matching node for patch with name 'stg_customers' in the 'models' section of file 'models/staging/jaffle_shop/stg_jaffle_shop.yml'
[2022-05-15 03:30:47,750] {subprocess.py:89} INFO - 03:30:47  [[33mWARNING[0m]: Did not find matching node for patch with name 'stg_orders' in the 'models' section of file 'models/staging/jaffle_shop/stg_jaffle_shop.yml'
[2022-05-15 03:30:47,861] {subprocess.py:89} INFO - 03:30:47  [[33mWARNING[0m]: Test 'test.jaffle_shop.assert_positive_total_for_payments' (tests/assert_positive_total_for_payments.sql) depends on a node named 'stg_payments' which was not found
[2022-05-15 03:30:47,862] {subprocess.py:89} INFO - 03:30:47  [[33mWARNING[0m]: Test 'test.jaffle_shop.unique_stg_customers_customer_id.c7614daada' (models/staging/jaffle_shop/stg_jaffle_shop.yml) depends on a node named 'stg_customers' which was not found
[2022-05-15 03:30:47,866] {subprocess.py:89} INFO - 03:30:47  [[33mWARNING[0m]: Test 'test.jaffle_shop.not_null_stg_customers_customer_id.e2cfb1f9aa' (models/staging/jaffle_shop/stg_jaffle_shop.yml) depends on a node named 'stg_customers' which was not found
[2022-05-15 03:30:47,868] {subprocess.py:89} INFO - 03:30:47  [[33mWARNING[0m]: Test 'test.jaffle_shop.unique_stg_orders_order_id.e3b841c71a' (models/staging/jaffle_shop/stg_jaffle_shop.yml) depends on a node named 'stg_orders' which was not found
[2022-05-15 03:30:47,870] {subprocess.py:89} INFO - 03:30:47  [[33mWARNING[0m]: Test 'test.jaffle_shop.not_null_stg_orders_order_id.81cfe2fe64' (models/staging/jaffle_shop/stg_jaffle_shop.yml) depends on a node named 'stg_orders' which was not found
[2022-05-15 03:30:47,873] {subprocess.py:89} INFO - 03:30:47  [[33mWARNING[0m]: Test 'test.jaffle_shop.accepted_values_stg_orders_status__completed__shipped__returned__return_pending__placed.89a0a7d5f1' (models/staging/jaffle_shop/stg_jaffle_shop.yml) depends on a node named 'stg_orders' which was not found
[2022-05-15 03:30:47,876] {subprocess.py:89} INFO - 03:30:47  [[33mWARNING[0m]: Test 'test.jaffle_shop.relationships_stg_orders_customer_id__customer_id__ref_stg_customers_.430bf21500' (models/staging/jaffle_shop/stg_jaffle_shop.yml) depends on a node named 'stg_customers' which was not found
[2022-05-15 03:30:47,878] {subprocess.py:89} INFO - 03:30:47  [[33mWARNING[0m]: Test 'test.jaffle_shop.relationships_stg_orders_customer_id__customer_id__ref_stg_customers_.430bf21500' (models/staging/jaffle_shop/stg_jaffle_shop.yml) depends on a node named 'stg_orders' which was not found
[2022-05-15 03:30:47,927] {subprocess.py:89} INFO - 03:30:47  Found 5 models, 4 tests, 0 snapshots, 0 analyses, 170 macros, 0 operations, 0 seed files, 3 sources, 0 exposures, 0 metrics
[2022-05-15 03:30:47,933] {subprocess.py:89} INFO - 03:30:47
[2022-05-15 03:30:48,106] {subprocess.py:89} INFO - 03:30:48  Concurrency: 1 threads (target='dev')
[2022-05-15 03:30:48,110] {subprocess.py:89} INFO - 03:30:48
[2022-05-15 03:30:48,143] {subprocess.py:89} INFO - 03:30:48  1 of 1 START view model dev.stg_jaffle_shop__orders ............................ [RUN]
[2022-05-15 03:30:48,932] {subprocess.py:89} INFO - 03:30:48  1 of 1 OK created view model dev.stg_jaffle_shop__orders ....................... [[32mCREATE VIEW[0m in 0.78s]
[2022-05-15 03:30:49,045] {subprocess.py:89} INFO - 03:30:49
[2022-05-15 03:30:49,049] {subprocess.py:89} INFO - 03:30:49  Finished running 1 view model in 1.11s.
[2022-05-15 03:30:49,067] {subprocess.py:89} INFO - 03:30:49
[2022-05-15 03:30:49,070] {subprocess.py:89} INFO - 03:30:49  [32mCompleted successfully[0m
[2022-05-15 03:30:49,073] {subprocess.py:89} INFO - 03:30:49
[2022-05-15 03:30:49,087] {subprocess.py:89} INFO - 03:30:49  Done. PASS=1 WARN=0 ERROR=0 SKIP=0 TOTAL=1
[2022-05-15 03:30:50,563] {subprocess.py:93} INFO - Command exited with return code 0
[2022-05-15 03:30:50,665] {taskinstance.py:1280} INFO - Marking task as SUCCESS. dag_id=dbt_advanced_dag_utility, task_id=dbt_run.model.jaffle_shop.stg_jaffle_shop__orders, execution_date=20220514T033038, start_date=20220515T033040, end_date=20220515T033050
[2022-05-15 03:30:50,750] {local_task_job.py:154} INFO - Task exited with return code 0
[2022-05-15 03:30:50,956] {local_task_job.py:264} INFO - 0 downstream tasks scheduled from follow-on schedule check
