[2022-05-15 03:37:24,595] {taskinstance.py:1035} INFO - Dependencies all met for <TaskInstance: dbt_advanced_dag_utility.dbt_run.model.jaffle_shop.stg_jaffle_shop__orders scheduled__2022-05-14T03:30:38.730607+00:00 [queued]>
[2022-05-15 03:37:24,619] {taskinstance.py:1035} INFO - Dependencies all met for <TaskInstance: dbt_advanced_dag_utility.dbt_run.model.jaffle_shop.stg_jaffle_shop__orders scheduled__2022-05-14T03:30:38.730607+00:00 [queued]>
[2022-05-15 03:37:24,620] {taskinstance.py:1241} INFO - 
--------------------------------------------------------------------------------
[2022-05-15 03:37:24,621] {taskinstance.py:1242} INFO - Starting attempt 2 of 2
[2022-05-15 03:37:24,622] {taskinstance.py:1243} INFO - 
--------------------------------------------------------------------------------
[2022-05-15 03:37:24,643] {taskinstance.py:1262} INFO - Executing <Task(BashOperator): dbt_run.model.jaffle_shop.stg_jaffle_shop__orders> on 2022-05-14 03:30:38.730607+00:00
[2022-05-15 03:37:24,650] {standard_task_runner.py:52} INFO - Started process 5612 to run task
[2022-05-15 03:37:24,660] {standard_task_runner.py:76} INFO - Running: ['***', 'tasks', 'run', 'dbt_advanced_dag_utility', 'dbt_run.model.jaffle_shop.stg_jaffle_shop__orders', 'scheduled__2022-05-14T03:30:38.730607+00:00', '--job-id', '101', '--raw', '--subdir', 'DAGS_FOLDER/dbt_dag.py', '--cfg-path', '/tmp/tmpgjkfsaus', '--error-file', '/tmp/tmpg37i6b1z']
[2022-05-15 03:37:24,661] {standard_task_runner.py:77} INFO - Job 101: Subtask dbt_run.model.jaffle_shop.stg_jaffle_shop__orders
[2022-05-15 03:37:24,747] {logging_mixin.py:109} INFO - Running <TaskInstance: dbt_advanced_dag_utility.dbt_run.model.jaffle_shop.stg_jaffle_shop__orders scheduled__2022-05-14T03:30:38.730607+00:00 [running]> on host b0833397c3cf
[2022-05-15 03:37:24,865] {taskinstance.py:1429} INFO - Exporting the following env vars:
AIRFLOW_CTX_DAG_OWNER=***
AIRFLOW_CTX_DAG_ID=dbt_advanced_dag_utility
AIRFLOW_CTX_TASK_ID=dbt_run.model.jaffle_shop.stg_jaffle_shop__orders
AIRFLOW_CTX_EXECUTION_DATE=2022-05-14T03:30:38.730607+00:00
AIRFLOW_CTX_DAG_RUN_ID=scheduled__2022-05-14T03:30:38.730607+00:00
[2022-05-15 03:37:24,871] {subprocess.py:62} INFO - Tmp dir root location: 
 /tmp
[2022-05-15 03:37:24,875] {subprocess.py:74} INFO - Running command: ['bash', '-c', 'dbt --no-write-json run --target dev --models stg_jaffle_shop__orders --profiles-dir /opt/***/dags/jaffle_shop --project-dir /opt/***/dags/jaffle_shop']
[2022-05-15 03:37:24,907] {subprocess.py:85} INFO - Output:
[2022-05-15 03:37:31,145] {subprocess.py:89} INFO - 03:37:31  Running with dbt=1.1.0
[2022-05-15 03:37:31,371] {subprocess.py:89} INFO - 03:37:31  Found 5 models, 4 tests, 0 snapshots, 0 analyses, 170 macros, 0 operations, 0 seed files, 3 sources, 0 exposures, 0 metrics
[2022-05-15 03:37:31,380] {subprocess.py:89} INFO - 03:37:31
[2022-05-15 03:37:31,585] {subprocess.py:89} INFO - 03:37:31  Concurrency: 1 threads (target='dev')
[2022-05-15 03:37:31,589] {subprocess.py:89} INFO - 03:37:31
[2022-05-15 03:37:31,618] {subprocess.py:89} INFO - 03:37:31  1 of 1 START view model dev.stg_jaffle_shop__orders ............................ [RUN]
[2022-05-15 03:37:31,814] {subprocess.py:89} INFO - 03:37:31  1 of 1 OK created view model dev.stg_jaffle_shop__orders ....................... [[32mCREATE VIEW[0m in 0.19s]
[2022-05-15 03:37:31,936] {subprocess.py:89} INFO - 03:37:31
[2022-05-15 03:37:31,938] {subprocess.py:89} INFO - 03:37:31  Finished running 1 view model in 0.55s.
[2022-05-15 03:37:31,943] {subprocess.py:89} INFO - 03:37:31
[2022-05-15 03:37:31,946] {subprocess.py:89} INFO - 03:37:31  [32mCompleted successfully[0m
[2022-05-15 03:37:31,948] {subprocess.py:89} INFO - 03:37:31
[2022-05-15 03:37:31,951] {subprocess.py:89} INFO - 03:37:31  Done. PASS=1 WARN=0 ERROR=0 SKIP=0 TOTAL=1
[2022-05-15 03:37:33,431] {subprocess.py:93} INFO - Command exited with return code 0
[2022-05-15 03:37:33,465] {taskinstance.py:1280} INFO - Marking task as SUCCESS. dag_id=dbt_advanced_dag_utility, task_id=dbt_run.model.jaffle_shop.stg_jaffle_shop__orders, execution_date=20220514T033038, start_date=20220515T033724, end_date=20220515T033733
[2022-05-15 03:37:33,497] {local_task_job.py:154} INFO - Task exited with return code 0
[2022-05-15 03:37:33,546] {local_task_job.py:264} INFO - 0 downstream tasks scheduled from follow-on schedule check
