[2022-05-15 04:29:41,330] {taskinstance.py:1035} INFO - Dependencies all met for <TaskInstance: dbt_advanced_dag_utility.dbt_run.model.jaffle_shop.stg_jaffle_shop__orders scheduled__2022-05-14T03:30:38.730607+00:00 [queued]>
[2022-05-15 04:29:41,352] {taskinstance.py:1035} INFO - Dependencies all met for <TaskInstance: dbt_advanced_dag_utility.dbt_run.model.jaffle_shop.stg_jaffle_shop__orders scheduled__2022-05-14T03:30:38.730607+00:00 [queued]>
[2022-05-15 04:29:41,354] {taskinstance.py:1241} INFO - 
--------------------------------------------------------------------------------
[2022-05-15 04:29:41,354] {taskinstance.py:1242} INFO - Starting attempt 3 of 3
[2022-05-15 04:29:41,355] {taskinstance.py:1243} INFO - 
--------------------------------------------------------------------------------
[2022-05-15 04:29:41,370] {taskinstance.py:1262} INFO - Executing <Task(BashOperator): dbt_run.model.jaffle_shop.stg_jaffle_shop__orders> on 2022-05-14 03:30:38.730607+00:00
[2022-05-15 04:29:41,378] {standard_task_runner.py:52} INFO - Started process 6731 to run task
[2022-05-15 04:29:41,391] {standard_task_runner.py:76} INFO - Running: ['***', 'tasks', 'run', 'dbt_advanced_dag_utility', 'dbt_run.model.jaffle_shop.stg_jaffle_shop__orders', 'scheduled__2022-05-14T03:30:38.730607+00:00', '--job-id', '116', '--raw', '--subdir', 'DAGS_FOLDER/dbt_dag.py', '--cfg-path', '/tmp/tmp_2s_icmi', '--error-file', '/tmp/tmpww_ix6ej']
[2022-05-15 04:29:41,393] {standard_task_runner.py:77} INFO - Job 116: Subtask dbt_run.model.jaffle_shop.stg_jaffle_shop__orders
[2022-05-15 04:29:41,465] {logging_mixin.py:109} INFO - Running <TaskInstance: dbt_advanced_dag_utility.dbt_run.model.jaffle_shop.stg_jaffle_shop__orders scheduled__2022-05-14T03:30:38.730607+00:00 [running]> on host b0833397c3cf
[2022-05-15 04:29:41,554] {taskinstance.py:1429} INFO - Exporting the following env vars:
AIRFLOW_CTX_DAG_OWNER=***
AIRFLOW_CTX_DAG_ID=dbt_advanced_dag_utility
AIRFLOW_CTX_TASK_ID=dbt_run.model.jaffle_shop.stg_jaffle_shop__orders
AIRFLOW_CTX_EXECUTION_DATE=2022-05-14T03:30:38.730607+00:00
AIRFLOW_CTX_DAG_RUN_ID=scheduled__2022-05-14T03:30:38.730607+00:00
[2022-05-15 04:29:41,556] {subprocess.py:62} INFO - Tmp dir root location: 
 /tmp
[2022-05-15 04:29:41,559] {subprocess.py:74} INFO - Running command: ['bash', '-c', 'dbt --no-write-json run --target dev --models stg_jaffle_shop__orders --profiles-dir /opt/***/dags/jaffle_shop --project-dir /opt/***/dags/jaffle_shop']
[2022-05-15 04:29:41,574] {subprocess.py:85} INFO - Output:
[2022-05-15 04:29:47,101] {subprocess.py:89} INFO - 04:29:47  Running with dbt=1.1.0
[2022-05-15 04:29:47,200] {subprocess.py:89} INFO - 04:29:47  Unable to do partial parsing because config vars, config profile, or config target have changed
[2022-05-15 04:29:49,557] {subprocess.py:89} INFO - 04:29:49  [[33mWARNING[0m]: Test 'test.jaffle_shop.assert_positive_total_for_payments' (tests/assert_positive_total_for_payments.sql) depends on a node named 'stg_payments' which was not found
[2022-05-15 04:29:49,558] {subprocess.py:89} INFO - 04:29:49  [[33mWARNING[0m]: Test 'test.jaffle_shop.relationships_stg_jaffle_shop__orders_customer_id__customer_id__ref_stg_customers_.a37476cdbb' (models/staging/jaffle_shop/stg_jaffle_shop.yml) depends on a node named 'stg_customers' which was not found
[2022-05-15 04:29:49,602] {subprocess.py:89} INFO - 04:29:49  Found 5 models, 11 tests, 0 snapshots, 0 analyses, 170 macros, 0 operations, 0 seed files, 3 sources, 0 exposures, 0 metrics
[2022-05-15 04:29:49,606] {subprocess.py:89} INFO - 04:29:49
[2022-05-15 04:29:49,752] {subprocess.py:89} INFO - 04:29:49  Concurrency: 1 threads (target='dev')
[2022-05-15 04:29:49,754] {subprocess.py:89} INFO - 04:29:49
[2022-05-15 04:29:49,767] {subprocess.py:89} INFO - 04:29:49  1 of 1 START view model dev.stg_jaffle_shop__orders ............................ [RUN]
[2022-05-15 04:29:49,916] {subprocess.py:89} INFO - 04:29:49  1 of 1 OK created view model dev.stg_jaffle_shop__orders ....................... [[32mCREATE VIEW[0m in 0.15s]
[2022-05-15 04:29:49,998] {subprocess.py:89} INFO - 04:29:49
[2022-05-15 04:29:49,999] {subprocess.py:89} INFO - 04:29:49  Finished running 1 view model in 0.39s.
[2022-05-15 04:29:50,003] {subprocess.py:89} INFO - 04:29:50
[2022-05-15 04:29:50,005] {subprocess.py:89} INFO - 04:29:50  [32mCompleted successfully[0m
[2022-05-15 04:29:50,007] {subprocess.py:89} INFO - 04:29:50
[2022-05-15 04:29:50,008] {subprocess.py:89} INFO - 04:29:50  Done. PASS=1 WARN=0 ERROR=0 SKIP=0 TOTAL=1
[2022-05-15 04:29:51,170] {subprocess.py:93} INFO - Command exited with return code 0
[2022-05-15 04:29:51,215] {taskinstance.py:1280} INFO - Marking task as SUCCESS. dag_id=dbt_advanced_dag_utility, task_id=dbt_run.model.jaffle_shop.stg_jaffle_shop__orders, execution_date=20220514T033038, start_date=20220515T042941, end_date=20220515T042951
[2022-05-15 04:29:51,272] {local_task_job.py:154} INFO - Task exited with return code 0
[2022-05-15 04:29:51,329] {local_task_job.py:264} INFO - 1 downstream tasks scheduled from follow-on schedule check
