[2022-05-15 04:40:56,781] {taskinstance.py:1035} INFO - Dependencies all met for <TaskInstance: dbt_advanced_dag_utility.dbt_run.model.jaffle_shop.stg_jaffle_shop__orders scheduled__2022-05-14T03:30:38.730607+00:00 [queued]>
[2022-05-15 04:40:56,797] {taskinstance.py:1035} INFO - Dependencies all met for <TaskInstance: dbt_advanced_dag_utility.dbt_run.model.jaffle_shop.stg_jaffle_shop__orders scheduled__2022-05-14T03:30:38.730607+00:00 [queued]>
[2022-05-15 04:40:56,798] {taskinstance.py:1241} INFO - 
--------------------------------------------------------------------------------
[2022-05-15 04:40:56,799] {taskinstance.py:1242} INFO - Starting attempt 4 of 4
[2022-05-15 04:40:56,799] {taskinstance.py:1243} INFO - 
--------------------------------------------------------------------------------
[2022-05-15 04:40:56,818] {taskinstance.py:1262} INFO - Executing <Task(BashOperator): dbt_run.model.jaffle_shop.stg_jaffle_shop__orders> on 2022-05-14 03:30:38.730607+00:00
[2022-05-15 04:40:56,826] {standard_task_runner.py:52} INFO - Started process 7350 to run task
[2022-05-15 04:40:56,836] {standard_task_runner.py:76} INFO - Running: ['***', 'tasks', 'run', 'dbt_advanced_dag_utility', 'dbt_run.model.jaffle_shop.stg_jaffle_shop__orders', 'scheduled__2022-05-14T03:30:38.730607+00:00', '--job-id', '126', '--raw', '--subdir', 'DAGS_FOLDER/dbt_dag.py', '--cfg-path', '/tmp/tmpf3s8hmxq', '--error-file', '/tmp/tmpbkbr_ko2']
[2022-05-15 04:40:56,838] {standard_task_runner.py:77} INFO - Job 126: Subtask dbt_run.model.jaffle_shop.stg_jaffle_shop__orders
[2022-05-15 04:40:56,939] {logging_mixin.py:109} INFO - Running <TaskInstance: dbt_advanced_dag_utility.dbt_run.model.jaffle_shop.stg_jaffle_shop__orders scheduled__2022-05-14T03:30:38.730607+00:00 [running]> on host b0833397c3cf
[2022-05-15 04:40:57,048] {taskinstance.py:1429} INFO - Exporting the following env vars:
AIRFLOW_CTX_DAG_OWNER=***
AIRFLOW_CTX_DAG_ID=dbt_advanced_dag_utility
AIRFLOW_CTX_TASK_ID=dbt_run.model.jaffle_shop.stg_jaffle_shop__orders
AIRFLOW_CTX_EXECUTION_DATE=2022-05-14T03:30:38.730607+00:00
AIRFLOW_CTX_DAG_RUN_ID=scheduled__2022-05-14T03:30:38.730607+00:00
[2022-05-15 04:40:57,050] {subprocess.py:62} INFO - Tmp dir root location: 
 /tmp
[2022-05-15 04:40:57,052] {subprocess.py:74} INFO - Running command: ['bash', '-c', 'dbt --no-write-json run --target dev --models stg_jaffle_shop__orders --profiles-dir /opt/***/dags/jaffle_shop --project-dir /opt/***/dags/jaffle_shop']
[2022-05-15 04:40:57,066] {subprocess.py:85} INFO - Output:
[2022-05-15 04:41:01,266] {subprocess.py:89} INFO - 04:41:01  Running with dbt=1.1.0
[2022-05-15 04:41:01,467] {subprocess.py:89} INFO - 04:41:01  Found 5 models, 11 tests, 0 snapshots, 0 analyses, 170 macros, 0 operations, 0 seed files, 3 sources, 0 exposures, 0 metrics
[2022-05-15 04:41:01,473] {subprocess.py:89} INFO - 04:41:01
[2022-05-15 04:41:01,787] {subprocess.py:89} INFO - 04:41:01  Concurrency: 1 threads (target='dev')
[2022-05-15 04:41:01,789] {subprocess.py:89} INFO - 04:41:01
[2022-05-15 04:41:01,810] {subprocess.py:89} INFO - 04:41:01  1 of 1 START view model dev.stg_jaffle_shop__orders ............................ [RUN]
[2022-05-15 04:41:01,982] {subprocess.py:89} INFO - 04:41:01  1 of 1 OK created view model dev.stg_jaffle_shop__orders ....................... [[32mCREATE VIEW[0m in 0.17s]
[2022-05-15 04:41:02,033] {subprocess.py:89} INFO - 04:41:02
[2022-05-15 04:41:02,035] {subprocess.py:89} INFO - 04:41:02  Finished running 1 view model in 0.56s.
[2022-05-15 04:41:02,041] {subprocess.py:89} INFO - 04:41:02
[2022-05-15 04:41:02,043] {subprocess.py:89} INFO - 04:41:02  [32mCompleted successfully[0m
[2022-05-15 04:41:02,046] {subprocess.py:89} INFO - 04:41:02
[2022-05-15 04:41:02,048] {subprocess.py:89} INFO - 04:41:02  Done. PASS=1 WARN=0 ERROR=0 SKIP=0 TOTAL=1
[2022-05-15 04:41:03,218] {subprocess.py:93} INFO - Command exited with return code 0
[2022-05-15 04:41:03,275] {taskinstance.py:1280} INFO - Marking task as SUCCESS. dag_id=dbt_advanced_dag_utility, task_id=dbt_run.model.jaffle_shop.stg_jaffle_shop__orders, execution_date=20220514T033038, start_date=20220515T044056, end_date=20220515T044103
[2022-05-15 04:41:03,311] {local_task_job.py:154} INFO - Task exited with return code 0
[2022-05-15 04:41:03,409] {local_task_job.py:264} INFO - 1 downstream tasks scheduled from follow-on schedule check
