[2022-06-04 20:39:55,210] {taskinstance.py:1035} INFO - Dependencies all met for <TaskInstance: model_level_dbt_great_expectations_dag.dbt_run.model.jaffle_shop.fct_customer_orders scheduled__2022-06-03T02:56:49.432006+00:00 [queued]>
[2022-06-04 20:39:55,222] {taskinstance.py:1035} INFO - Dependencies all met for <TaskInstance: model_level_dbt_great_expectations_dag.dbt_run.model.jaffle_shop.fct_customer_orders scheduled__2022-06-03T02:56:49.432006+00:00 [queued]>
[2022-06-04 20:39:55,223] {taskinstance.py:1241} INFO - 
--------------------------------------------------------------------------------
[2022-06-04 20:39:55,223] {taskinstance.py:1242} INFO - Starting attempt 1 of 4
[2022-06-04 20:39:55,224] {taskinstance.py:1243} INFO - 
--------------------------------------------------------------------------------
[2022-06-04 20:39:55,235] {taskinstance.py:1262} INFO - Executing <Task(BashOperator): dbt_run.model.jaffle_shop.fct_customer_orders> on 2022-06-03 02:56:49.432006+00:00
[2022-06-04 20:39:55,242] {standard_task_runner.py:52} INFO - Started process 1226 to run task
[2022-06-04 20:39:55,246] {standard_task_runner.py:76} INFO - Running: ['***', 'tasks', 'run', 'model_level_dbt_great_expectations_dag', 'dbt_run.model.jaffle_shop.fct_customer_orders', 'scheduled__2022-06-03T02:56:49.432006+00:00', '--job-id', '310', '--raw', '--subdir', 'DAGS_FOLDER/model_level_dbt_great_expectations_dag.py', '--cfg-path', '/tmp/tmpr1puitua', '--error-file', '/tmp/tmp6nk2_2o3']
[2022-06-04 20:39:55,247] {standard_task_runner.py:77} INFO - Job 310: Subtask dbt_run.model.jaffle_shop.fct_customer_orders
[2022-06-04 20:39:55,291] {logging_mixin.py:109} INFO - Running <TaskInstance: model_level_dbt_great_expectations_dag.dbt_run.model.jaffle_shop.fct_customer_orders scheduled__2022-06-03T02:56:49.432006+00:00 [running]> on host 0c1ca7618279
[2022-06-04 20:39:55,345] {taskinstance.py:1429} INFO - Exporting the following env vars:
AIRFLOW_CTX_DAG_OWNER=luciano.naveiro
AIRFLOW_CTX_DAG_ID=model_level_dbt_great_expectations_dag
AIRFLOW_CTX_TASK_ID=dbt_run.model.jaffle_shop.fct_customer_orders
AIRFLOW_CTX_EXECUTION_DATE=2022-06-03T02:56:49.432006+00:00
AIRFLOW_CTX_DAG_RUN_ID=scheduled__2022-06-03T02:56:49.432006+00:00
[2022-06-04 20:39:55,347] {subprocess.py:62} INFO - Tmp dir root location: 
 /tmp
[2022-06-04 20:39:55,349] {subprocess.py:74} INFO - Running command: ['bash', '-c', 'dbt --no-write-json run --target dev --models fct_customer_orders --profiles-dir /opt/dbt/jaffle_shop --project-dir /opt/dbt/jaffle_shop --vars \'{"date": " 2022-06-03 " }\'']
[2022-06-04 20:39:55,370] {subprocess.py:85} INFO - Output:
[2022-06-04 20:39:58,842] {subprocess.py:89} INFO - 20:39:58  Running with dbt=1.1.0
[2022-06-04 20:39:58,956] {subprocess.py:89} INFO - 20:39:58  Found 5 models, 14 tests, 0 snapshots, 0 analyses, 170 macros, 0 operations, 0 seed files, 3 sources, 0 exposures, 0 metrics
[2022-06-04 20:39:58,961] {subprocess.py:89} INFO - 20:39:58
[2022-06-04 20:39:59,091] {subprocess.py:89} INFO - 20:39:59  Concurrency: 1 threads (target='dev')
[2022-06-04 20:39:59,093] {subprocess.py:89} INFO - 20:39:59
[2022-06-04 20:39:59,105] {subprocess.py:89} INFO - 20:39:59  1 of 1 START table model dev.fct_customer_orders ............................... [RUN]
[2022-06-04 20:39:59,272] {subprocess.py:89} INFO - 20:39:59  1 of 1 OK created table model dev.fct_customer_orders .......................... [[32mSELECT 99[0m in 0.16s]
[2022-06-04 20:39:59,335] {subprocess.py:89} INFO - 20:39:59
[2022-06-04 20:39:59,337] {subprocess.py:89} INFO - 20:39:59  Finished running 1 table model in 0.37s.
[2022-06-04 20:39:59,344] {subprocess.py:89} INFO - 20:39:59
[2022-06-04 20:39:59,346] {subprocess.py:89} INFO - 20:39:59  [32mCompleted successfully[0m
[2022-06-04 20:39:59,349] {subprocess.py:89} INFO - 20:39:59
[2022-06-04 20:39:59,352] {subprocess.py:89} INFO - 20:39:59  Done. PASS=1 WARN=0 ERROR=0 SKIP=0 TOTAL=1
[2022-06-04 20:40:00,501] {subprocess.py:93} INFO - Command exited with return code 0
[2022-06-04 20:40:00,534] {taskinstance.py:1280} INFO - Marking task as SUCCESS. dag_id=model_level_dbt_great_expectations_dag, task_id=dbt_run.model.jaffle_shop.fct_customer_orders, execution_date=20220603T025649, start_date=20220604T203955, end_date=20220604T204000
[2022-06-04 20:40:00,601] {local_task_job.py:154} INFO - Task exited with return code 0
[2022-06-04 20:40:00,659] {local_task_job.py:264} INFO - 1 downstream tasks scheduled from follow-on schedule check
