[2022-05-15 21:35:17,486] {taskinstance.py:1035} INFO - Dependencies all met for <TaskInstance: model_level_dbt_dag.dbt_run.model.jaffle_shop.stg_jaffle_shop__customers scheduled__2022-05-14T16:00:47.250021+00:00 [queued]>
[2022-05-15 21:35:17,504] {taskinstance.py:1035} INFO - Dependencies all met for <TaskInstance: model_level_dbt_dag.dbt_run.model.jaffle_shop.stg_jaffle_shop__customers scheduled__2022-05-14T16:00:47.250021+00:00 [queued]>
[2022-05-15 21:35:17,506] {taskinstance.py:1241} INFO - 
--------------------------------------------------------------------------------
[2022-05-15 21:35:17,506] {taskinstance.py:1242} INFO - Starting attempt 2 of 2
[2022-05-15 21:35:17,507] {taskinstance.py:1243} INFO - 
--------------------------------------------------------------------------------
[2022-05-15 21:35:17,531] {taskinstance.py:1262} INFO - Executing <Task(BashOperator): dbt_run.model.jaffle_shop.stg_jaffle_shop__customers> on 2022-05-14 16:00:47.250021+00:00
[2022-05-15 21:35:17,540] {standard_task_runner.py:52} INFO - Started process 167 to run task
[2022-05-15 21:35:17,560] {standard_task_runner.py:76} INFO - Running: ['***', 'tasks', 'run', 'model_level_dbt_dag', 'dbt_run.model.jaffle_shop.stg_jaffle_shop__customers', 'scheduled__2022-05-14T16:00:47.250021+00:00', '--job-id', '205', '--raw', '--subdir', 'DAGS_FOLDER/model_level_dbt_dag.py', '--cfg-path', '/tmp/tmpdjf_5_zv', '--error-file', '/tmp/tmp3h1ja5zq']
[2022-05-15 21:35:17,561] {standard_task_runner.py:77} INFO - Job 205: Subtask dbt_run.model.jaffle_shop.stg_jaffle_shop__customers
[2022-05-15 21:35:17,645] {logging_mixin.py:109} INFO - Running <TaskInstance: model_level_dbt_dag.dbt_run.model.jaffle_shop.stg_jaffle_shop__customers scheduled__2022-05-14T16:00:47.250021+00:00 [running]> on host d197d9cd39af
[2022-05-15 21:35:17,728] {taskinstance.py:1429} INFO - Exporting the following env vars:
AIRFLOW_CTX_DAG_OWNER=***
AIRFLOW_CTX_DAG_ID=model_level_dbt_dag
AIRFLOW_CTX_TASK_ID=dbt_run.model.jaffle_shop.stg_jaffle_shop__customers
AIRFLOW_CTX_EXECUTION_DATE=2022-05-14T16:00:47.250021+00:00
AIRFLOW_CTX_DAG_RUN_ID=scheduled__2022-05-14T16:00:47.250021+00:00
[2022-05-15 21:35:17,731] {subprocess.py:62} INFO - Tmp dir root location: 
 /tmp
[2022-05-15 21:35:17,733] {subprocess.py:74} INFO - Running command: ['bash', '-c', 'dbt --no-write-json run --target dev --models stg_jaffle_shop__customers --profiles-dir /opt/***/dags/jaffle_shop --project-dir /opt/***/dags/jaffle_shop']
[2022-05-15 21:35:17,748] {subprocess.py:85} INFO - Output:
[2022-05-15 21:35:23,323] {subprocess.py:89} INFO - 21:35:23  Running with dbt=1.1.0
[2022-05-15 21:35:23,758] {subprocess.py:89} INFO - 21:35:23  Found 5 models, 13 tests, 0 snapshots, 0 analyses, 170 macros, 0 operations, 0 seed files, 3 sources, 0 exposures, 0 metrics
[2022-05-15 21:35:23,780] {subprocess.py:89} INFO - 21:35:23
[2022-05-15 21:35:24,130] {subprocess.py:89} INFO - 21:35:24  Concurrency: 1 threads (target='dev')
[2022-05-15 21:35:24,134] {subprocess.py:89} INFO - 21:35:24
[2022-05-15 21:35:24,157] {subprocess.py:89} INFO - 21:35:24  1 of 1 START view model dev.stg_jaffle_shop__customers ......................... [RUN]
[2022-05-15 21:35:24,332] {subprocess.py:89} INFO - 21:35:24  1 of 1 OK created view model dev.stg_jaffle_shop__customers .................... [[32mCREATE VIEW[0m in 0.17s]
[2022-05-15 21:35:24,374] {subprocess.py:89} INFO - 21:35:24
[2022-05-15 21:35:24,376] {subprocess.py:89} INFO - 21:35:24  Finished running 1 view model in 0.60s.
[2022-05-15 21:35:24,382] {subprocess.py:89} INFO - 21:35:24
[2022-05-15 21:35:24,384] {subprocess.py:89} INFO - 21:35:24  [32mCompleted successfully[0m
[2022-05-15 21:35:24,386] {subprocess.py:89} INFO - 21:35:24
[2022-05-15 21:35:24,388] {subprocess.py:89} INFO - 21:35:24  Done. PASS=1 WARN=0 ERROR=0 SKIP=0 TOTAL=1
[2022-05-15 21:35:25,749] {subprocess.py:93} INFO - Command exited with return code 0
[2022-05-15 21:35:25,794] {taskinstance.py:1280} INFO - Marking task as SUCCESS. dag_id=model_level_dbt_dag, task_id=dbt_run.model.jaffle_shop.stg_jaffle_shop__customers, execution_date=20220514T160047, start_date=20220515T213517, end_date=20220515T213525
[2022-05-15 21:35:25,826] {local_task_job.py:154} INFO - Task exited with return code 0
[2022-05-15 21:35:25,885] {local_task_job.py:264} INFO - 0 downstream tasks scheduled from follow-on schedule check
