[2022-05-15 21:56:31,679] {taskinstance.py:1035} INFO - Dependencies all met for <TaskInstance: model_level_dbt_dag.dbt_run.model.jaffle_shop.stg_jaffle_shop__customers scheduled__2022-05-14T16:00:47.250021+00:00 [queued]>
[2022-05-15 21:56:31,695] {taskinstance.py:1035} INFO - Dependencies all met for <TaskInstance: model_level_dbt_dag.dbt_run.model.jaffle_shop.stg_jaffle_shop__customers scheduled__2022-05-14T16:00:47.250021+00:00 [queued]>
[2022-05-15 21:56:31,695] {taskinstance.py:1241} INFO - 
--------------------------------------------------------------------------------
[2022-05-15 21:56:31,696] {taskinstance.py:1242} INFO - Starting attempt 3 of 3
[2022-05-15 21:56:31,697] {taskinstance.py:1243} INFO - 
--------------------------------------------------------------------------------
[2022-05-15 21:56:31,720] {taskinstance.py:1262} INFO - Executing <Task(BashOperator): dbt_run.model.jaffle_shop.stg_jaffle_shop__customers> on 2022-05-14 16:00:47.250021+00:00
[2022-05-15 21:56:31,725] {standard_task_runner.py:52} INFO - Started process 227 to run task
[2022-05-15 21:56:31,731] {standard_task_runner.py:76} INFO - Running: ['***', 'tasks', 'run', 'model_level_dbt_dag', 'dbt_run.model.jaffle_shop.stg_jaffle_shop__customers', 'scheduled__2022-05-14T16:00:47.250021+00:00', '--job-id', '263', '--raw', '--subdir', 'DAGS_FOLDER/model_level_dbt_dag.py', '--cfg-path', '/tmp/tmplf58c1yy', '--error-file', '/tmp/tmptrxgk8kw']
[2022-05-15 21:56:31,732] {standard_task_runner.py:77} INFO - Job 263: Subtask dbt_run.model.jaffle_shop.stg_jaffle_shop__customers
[2022-05-15 21:56:31,793] {logging_mixin.py:109} INFO - Running <TaskInstance: model_level_dbt_dag.dbt_run.model.jaffle_shop.stg_jaffle_shop__customers scheduled__2022-05-14T16:00:47.250021+00:00 [running]> on host 9922a9d65d01
[2022-05-15 21:56:31,867] {taskinstance.py:1429} INFO - Exporting the following env vars:
AIRFLOW_CTX_DAG_OWNER=***
AIRFLOW_CTX_DAG_ID=model_level_dbt_dag
AIRFLOW_CTX_TASK_ID=dbt_run.model.jaffle_shop.stg_jaffle_shop__customers
AIRFLOW_CTX_EXECUTION_DATE=2022-05-14T16:00:47.250021+00:00
AIRFLOW_CTX_DAG_RUN_ID=scheduled__2022-05-14T16:00:47.250021+00:00
[2022-05-15 21:56:31,869] {subprocess.py:62} INFO - Tmp dir root location: 
 /tmp
[2022-05-15 21:56:31,871] {subprocess.py:74} INFO - Running command: ['bash', '-c', 'dbt --no-write-json run --target dev --models stg_jaffle_shop__customers --profiles-dir /opt/***/dags/jaffle_shop --project-dir /opt/***/dags/jaffle_shop']
[2022-05-15 21:56:31,884] {subprocess.py:85} INFO - Output:
[2022-05-15 21:56:35,523] {subprocess.py:89} INFO - 21:56:35  Running with dbt=1.1.0
[2022-05-15 21:56:35,622] {subprocess.py:89} INFO - 21:56:35  Unable to do partial parsing because config vars, config profile, or config target have changed
[2022-05-15 21:56:37,934] {subprocess.py:89} INFO - 21:56:37  Found 5 models, 13 tests, 0 snapshots, 0 analyses, 170 macros, 0 operations, 0 seed files, 3 sources, 0 exposures, 0 metrics
[2022-05-15 21:56:37,944] {subprocess.py:89} INFO - 21:56:37
[2022-05-15 21:56:38,163] {subprocess.py:89} INFO - 21:56:38  Concurrency: 1 threads (target='dev')
[2022-05-15 21:56:38,168] {subprocess.py:89} INFO - 21:56:38
[2022-05-15 21:56:38,180] {subprocess.py:89} INFO - 21:56:38  1 of 1 START view model dev.stg_jaffle_shop__customers ......................... [RUN]
[2022-05-15 21:56:38,354] {subprocess.py:89} INFO - 21:56:38  1 of 1 OK created view model dev.stg_jaffle_shop__customers .................... [[32mCREATE VIEW[0m in 0.17s]
[2022-05-15 21:56:38,401] {subprocess.py:89} INFO - 21:56:38
[2022-05-15 21:56:38,402] {subprocess.py:89} INFO - 21:56:38  Finished running 1 view model in 0.45s.
[2022-05-15 21:56:38,406] {subprocess.py:89} INFO - 21:56:38
[2022-05-15 21:56:38,408] {subprocess.py:89} INFO - 21:56:38  [32mCompleted successfully[0m
[2022-05-15 21:56:38,409] {subprocess.py:89} INFO - 21:56:38
[2022-05-15 21:56:38,411] {subprocess.py:89} INFO - 21:56:38  Done. PASS=1 WARN=0 ERROR=0 SKIP=0 TOTAL=1
[2022-05-15 21:56:39,482] {subprocess.py:93} INFO - Command exited with return code 0
[2022-05-15 21:56:39,517] {taskinstance.py:1280} INFO - Marking task as SUCCESS. dag_id=model_level_dbt_dag, task_id=dbt_run.model.jaffle_shop.stg_jaffle_shop__customers, execution_date=20220514T160047, start_date=20220515T215631, end_date=20220515T215639
[2022-05-15 21:56:39,578] {local_task_job.py:154} INFO - Task exited with return code 0
[2022-05-15 21:56:39,702] {local_task_job.py:264} INFO - 0 downstream tasks scheduled from follow-on schedule check
