[2022-05-15 21:58:54,969] {taskinstance.py:1035} INFO - Dependencies all met for <TaskInstance: model_level_dbt_dag.dbt_run.model.jaffle_shop.stg_jaffle_shop__customers scheduled__2022-05-14T16:00:47.250021+00:00 [queued]>
[2022-05-15 21:58:55,015] {taskinstance.py:1035} INFO - Dependencies all met for <TaskInstance: model_level_dbt_dag.dbt_run.model.jaffle_shop.stg_jaffle_shop__customers scheduled__2022-05-14T16:00:47.250021+00:00 [queued]>
[2022-05-15 21:58:55,017] {taskinstance.py:1241} INFO - 
--------------------------------------------------------------------------------
[2022-05-15 21:58:55,018] {taskinstance.py:1242} INFO - Starting attempt 4 of 4
[2022-05-15 21:58:55,020] {taskinstance.py:1243} INFO - 
--------------------------------------------------------------------------------
[2022-05-15 21:58:55,040] {taskinstance.py:1262} INFO - Executing <Task(BashOperator): dbt_run.model.jaffle_shop.stg_jaffle_shop__customers> on 2022-05-14 16:00:47.250021+00:00
[2022-05-15 21:58:55,048] {standard_task_runner.py:52} INFO - Started process 579 to run task
[2022-05-15 21:58:55,065] {standard_task_runner.py:76} INFO - Running: ['***', 'tasks', 'run', 'model_level_dbt_dag', 'dbt_run.model.jaffle_shop.stg_jaffle_shop__customers', 'scheduled__2022-05-14T16:00:47.250021+00:00', '--job-id', '282', '--raw', '--subdir', 'DAGS_FOLDER/model_level_dbt_dag.py', '--cfg-path', '/tmp/tmp7wtx51o_', '--error-file', '/tmp/tmp1dhitrr5']
[2022-05-15 21:58:55,068] {standard_task_runner.py:77} INFO - Job 282: Subtask dbt_run.model.jaffle_shop.stg_jaffle_shop__customers
[2022-05-15 21:58:55,148] {logging_mixin.py:109} INFO - Running <TaskInstance: model_level_dbt_dag.dbt_run.model.jaffle_shop.stg_jaffle_shop__customers scheduled__2022-05-14T16:00:47.250021+00:00 [running]> on host 9922a9d65d01
[2022-05-15 21:58:55,216] {taskinstance.py:1429} INFO - Exporting the following env vars:
AIRFLOW_CTX_DAG_OWNER=***
AIRFLOW_CTX_DAG_ID=model_level_dbt_dag
AIRFLOW_CTX_TASK_ID=dbt_run.model.jaffle_shop.stg_jaffle_shop__customers
AIRFLOW_CTX_EXECUTION_DATE=2022-05-14T16:00:47.250021+00:00
AIRFLOW_CTX_DAG_RUN_ID=scheduled__2022-05-14T16:00:47.250021+00:00
[2022-05-15 21:58:55,218] {subprocess.py:62} INFO - Tmp dir root location: 
 /tmp
[2022-05-15 21:58:55,220] {subprocess.py:74} INFO - Running command: ['bash', '-c', 'dbt --no-write-json run --target dev --models stg_jaffle_shop__customers --profiles-dir /opt/***/dags/jaffle_shop --project-dir /opt/***/dags/jaffle_shop']
[2022-05-15 21:58:55,232] {subprocess.py:85} INFO - Output:
[2022-05-15 21:58:58,845] {subprocess.py:89} INFO - 21:58:58  Running with dbt=1.1.0
[2022-05-15 21:58:58,952] {subprocess.py:89} INFO - 21:58:58  Unable to do partial parsing because config vars, config profile, or config target have changed
[2022-05-15 21:59:00,939] {subprocess.py:89} INFO - 21:59:00  Found 6 models, 13 tests, 0 snapshots, 0 analyses, 170 macros, 0 operations, 0 seed files, 3 sources, 0 exposures, 0 metrics
[2022-05-15 21:59:00,947] {subprocess.py:89} INFO - 21:59:00
[2022-05-15 21:59:01,132] {subprocess.py:89} INFO - 21:59:01  Concurrency: 1 threads (target='dev')
[2022-05-15 21:59:01,135] {subprocess.py:89} INFO - 21:59:01
[2022-05-15 21:59:01,165] {subprocess.py:89} INFO - 21:59:01  1 of 1 START view model dev.stg_jaffle_shop__customers ......................... [RUN]
[2022-05-15 21:59:01,363] {subprocess.py:89} INFO - 21:59:01  1 of 1 OK created view model dev.stg_jaffle_shop__customers .................... [[32mCREATE VIEW[0m in 0.20s]
[2022-05-15 21:59:01,481] {subprocess.py:89} INFO - 21:59:01
[2022-05-15 21:59:01,483] {subprocess.py:89} INFO - 21:59:01  Finished running 1 view model in 0.53s.
[2022-05-15 21:59:01,491] {subprocess.py:89} INFO - 21:59:01
[2022-05-15 21:59:01,495] {subprocess.py:89} INFO - 21:59:01  [32mCompleted successfully[0m
[2022-05-15 21:59:01,496] {subprocess.py:89} INFO - 21:59:01
[2022-05-15 21:59:01,498] {subprocess.py:89} INFO - 21:59:01  Done. PASS=1 WARN=0 ERROR=0 SKIP=0 TOTAL=1
[2022-05-15 21:59:02,609] {subprocess.py:93} INFO - Command exited with return code 0
[2022-05-15 21:59:02,650] {taskinstance.py:1280} INFO - Marking task as SUCCESS. dag_id=model_level_dbt_dag, task_id=dbt_run.model.jaffle_shop.stg_jaffle_shop__customers, execution_date=20220514T160047, start_date=20220515T215854, end_date=20220515T215902
[2022-05-15 21:59:02,709] {local_task_job.py:154} INFO - Task exited with return code 0
[2022-05-15 21:59:02,808] {local_task_job.py:264} INFO - 0 downstream tasks scheduled from follow-on schedule check
