[2022-05-15 22:13:36,449] {taskinstance.py:1035} INFO - Dependencies all met for <TaskInstance: model_level_dbt_dag.dbt_run.model.jaffle_shop.stg_jaffle_shop__customers scheduled__2022-05-14T16:00:47.250021+00:00 [queued]>
[2022-05-15 22:13:36,479] {taskinstance.py:1035} INFO - Dependencies all met for <TaskInstance: model_level_dbt_dag.dbt_run.model.jaffle_shop.stg_jaffle_shop__customers scheduled__2022-05-14T16:00:47.250021+00:00 [queued]>
[2022-05-15 22:13:36,480] {taskinstance.py:1241} INFO - 
--------------------------------------------------------------------------------
[2022-05-15 22:13:36,481] {taskinstance.py:1242} INFO - Starting attempt 5 of 5
[2022-05-15 22:13:36,481] {taskinstance.py:1243} INFO - 
--------------------------------------------------------------------------------
[2022-05-15 22:13:36,500] {taskinstance.py:1262} INFO - Executing <Task(BashOperator): dbt_run.model.jaffle_shop.stg_jaffle_shop__customers> on 2022-05-14 16:00:47.250021+00:00
[2022-05-15 22:13:36,508] {standard_task_runner.py:52} INFO - Started process 1517 to run task
[2022-05-15 22:13:36,514] {standard_task_runner.py:76} INFO - Running: ['***', 'tasks', 'run', 'model_level_dbt_dag', 'dbt_run.model.jaffle_shop.stg_jaffle_shop__customers', 'scheduled__2022-05-14T16:00:47.250021+00:00', '--job-id', '305', '--raw', '--subdir', 'DAGS_FOLDER/model_level_dbt_dag.py', '--cfg-path', '/tmp/tmpjm3_fs5l', '--error-file', '/tmp/tmpwukb0w2o']
[2022-05-15 22:13:36,515] {standard_task_runner.py:77} INFO - Job 305: Subtask dbt_run.model.jaffle_shop.stg_jaffle_shop__customers
[2022-05-15 22:13:36,584] {logging_mixin.py:109} INFO - Running <TaskInstance: model_level_dbt_dag.dbt_run.model.jaffle_shop.stg_jaffle_shop__customers scheduled__2022-05-14T16:00:47.250021+00:00 [running]> on host 9922a9d65d01
[2022-05-15 22:13:36,652] {taskinstance.py:1429} INFO - Exporting the following env vars:
AIRFLOW_CTX_DAG_OWNER=***
AIRFLOW_CTX_DAG_ID=model_level_dbt_dag
AIRFLOW_CTX_TASK_ID=dbt_run.model.jaffle_shop.stg_jaffle_shop__customers
AIRFLOW_CTX_EXECUTION_DATE=2022-05-14T16:00:47.250021+00:00
AIRFLOW_CTX_DAG_RUN_ID=scheduled__2022-05-14T16:00:47.250021+00:00
[2022-05-15 22:13:36,654] {subprocess.py:62} INFO - Tmp dir root location: 
 /tmp
[2022-05-15 22:13:36,657] {subprocess.py:74} INFO - Running command: ['bash', '-c', 'dbt --no-write-json run --target dev --models stg_jaffle_shop__customers --profiles-dir /opt/***/dags/jaffle_shop --project-dir /opt/***/dags/jaffle_shop']
[2022-05-15 22:13:36,676] {subprocess.py:85} INFO - Output:
[2022-05-15 22:13:40,246] {subprocess.py:89} INFO - 22:13:40  Running with dbt=1.1.0
[2022-05-15 22:13:40,317] {subprocess.py:89} INFO - 22:13:40  Unable to do partial parsing because config vars, config profile, or config target have changed
[2022-05-15 22:13:41,556] {subprocess.py:89} INFO - 22:13:41  Found 5 models, 13 tests, 0 snapshots, 0 analyses, 170 macros, 0 operations, 0 seed files, 3 sources, 0 exposures, 0 metrics
[2022-05-15 22:13:41,580] {subprocess.py:89} INFO - 22:13:41
[2022-05-15 22:13:41,810] {subprocess.py:89} INFO - 22:13:41  Concurrency: 1 threads (target='dev')
[2022-05-15 22:13:41,812] {subprocess.py:89} INFO - 22:13:41
[2022-05-15 22:13:41,829] {subprocess.py:89} INFO - 22:13:41  1 of 1 START view model dev.stg_jaffle_shop__customers ......................... [RUN]
[2022-05-15 22:13:41,982] {subprocess.py:89} INFO - 22:13:41  1 of 1 OK created view model dev.stg_jaffle_shop__customers .................... [[32mCREATE VIEW[0m in 0.15s]
[2022-05-15 22:13:42,051] {subprocess.py:89} INFO - 22:13:42
[2022-05-15 22:13:42,053] {subprocess.py:89} INFO - 22:13:42  Finished running 1 view model in 0.47s.
[2022-05-15 22:13:42,057] {subprocess.py:89} INFO - 22:13:42
[2022-05-15 22:13:42,059] {subprocess.py:89} INFO - 22:13:42  [32mCompleted successfully[0m
[2022-05-15 22:13:42,061] {subprocess.py:89} INFO - 22:13:42
[2022-05-15 22:13:42,064] {subprocess.py:89} INFO - 22:13:42  Done. PASS=1 WARN=0 ERROR=0 SKIP=0 TOTAL=1
[2022-05-15 22:13:43,186] {subprocess.py:93} INFO - Command exited with return code 0
[2022-05-15 22:13:43,240] {taskinstance.py:1280} INFO - Marking task as SUCCESS. dag_id=model_level_dbt_dag, task_id=dbt_run.model.jaffle_shop.stg_jaffle_shop__customers, execution_date=20220514T160047, start_date=20220515T221336, end_date=20220515T221343
[2022-05-15 22:13:43,281] {local_task_job.py:154} INFO - Task exited with return code 0
[2022-05-15 22:13:43,342] {local_task_job.py:264} INFO - 0 downstream tasks scheduled from follow-on schedule check
