[2022-05-15 22:23:46,996] {taskinstance.py:1035} INFO - Dependencies all met for <TaskInstance: model_level_dbt_dag.dbt_run.model.jaffle_shop.stg_jaffle_shop__customers scheduled__2022-05-14T16:00:47.250021+00:00 [queued]>
[2022-05-15 22:23:47,010] {taskinstance.py:1035} INFO - Dependencies all met for <TaskInstance: model_level_dbt_dag.dbt_run.model.jaffle_shop.stg_jaffle_shop__customers scheduled__2022-05-14T16:00:47.250021+00:00 [queued]>
[2022-05-15 22:23:47,010] {taskinstance.py:1241} INFO - 
--------------------------------------------------------------------------------
[2022-05-15 22:23:47,011] {taskinstance.py:1242} INFO - Starting attempt 8 of 8
[2022-05-15 22:23:47,012] {taskinstance.py:1243} INFO - 
--------------------------------------------------------------------------------
[2022-05-15 22:23:47,028] {taskinstance.py:1262} INFO - Executing <Task(BashOperator): dbt_run.model.jaffle_shop.stg_jaffle_shop__customers> on 2022-05-14 16:00:47.250021+00:00
[2022-05-15 22:23:47,033] {standard_task_runner.py:52} INFO - Started process 2716 to run task
[2022-05-15 22:23:47,047] {standard_task_runner.py:76} INFO - Running: ['***', 'tasks', 'run', 'model_level_dbt_dag', 'dbt_run.model.jaffle_shop.stg_jaffle_shop__customers', 'scheduled__2022-05-14T16:00:47.250021+00:00', '--job-id', '368', '--raw', '--subdir', 'DAGS_FOLDER/model_level_dbt_dag.py', '--cfg-path', '/tmp/tmprnpxtoxn', '--error-file', '/tmp/tmpfuwx81ua']
[2022-05-15 22:23:47,051] {standard_task_runner.py:77} INFO - Job 368: Subtask dbt_run.model.jaffle_shop.stg_jaffle_shop__customers
[2022-05-15 22:23:47,127] {logging_mixin.py:109} INFO - Running <TaskInstance: model_level_dbt_dag.dbt_run.model.jaffle_shop.stg_jaffle_shop__customers scheduled__2022-05-14T16:00:47.250021+00:00 [running]> on host 9922a9d65d01
[2022-05-15 22:23:47,223] {taskinstance.py:1429} INFO - Exporting the following env vars:
AIRFLOW_CTX_DAG_OWNER=***
AIRFLOW_CTX_DAG_ID=model_level_dbt_dag
AIRFLOW_CTX_TASK_ID=dbt_run.model.jaffle_shop.stg_jaffle_shop__customers
AIRFLOW_CTX_EXECUTION_DATE=2022-05-14T16:00:47.250021+00:00
AIRFLOW_CTX_DAG_RUN_ID=scheduled__2022-05-14T16:00:47.250021+00:00
[2022-05-15 22:23:47,225] {subprocess.py:62} INFO - Tmp dir root location: 
 /tmp
[2022-05-15 22:23:47,229] {subprocess.py:74} INFO - Running command: ['bash', '-c', 'dbt --no-write-json run --target dev --models stg_jaffle_shop__customers --profiles-dir /opt/***/dags/jaffle_shop --project-dir /opt/***/dags/jaffle_shop']
[2022-05-15 22:23:47,256] {subprocess.py:85} INFO - Output:
[2022-05-15 22:23:51,392] {subprocess.py:89} INFO - 22:23:51  Running with dbt=1.1.0
[2022-05-15 22:23:51,484] {subprocess.py:89} INFO - 22:23:51  Unable to do partial parsing because config vars, config profile, or config target have changed
[2022-05-15 22:23:52,764] {subprocess.py:89} INFO - 22:23:52  Found 5 models, 13 tests, 0 snapshots, 0 analyses, 170 macros, 0 operations, 0 seed files, 3 sources, 0 exposures, 0 metrics
[2022-05-15 22:23:52,770] {subprocess.py:89} INFO - 22:23:52
[2022-05-15 22:23:52,987] {subprocess.py:89} INFO - 22:23:52  Concurrency: 1 threads (target='dev')
[2022-05-15 22:23:52,989] {subprocess.py:89} INFO - 22:23:52
[2022-05-15 22:23:53,002] {subprocess.py:89} INFO - 22:23:53  1 of 1 START view model dev.stg_jaffle_shop__customers ......................... [RUN]
[2022-05-15 22:23:53,222] {subprocess.py:89} INFO - 22:23:53  1 of 1 OK created view model dev.stg_jaffle_shop__customers .................... [[32mCREATE VIEW[0m in 0.22s]
[2022-05-15 22:23:53,333] {subprocess.py:89} INFO - 22:23:53
[2022-05-15 22:23:53,335] {subprocess.py:89} INFO - 22:23:53  Finished running 1 view model in 0.56s.
[2022-05-15 22:23:53,343] {subprocess.py:89} INFO - 22:23:53
[2022-05-15 22:23:53,347] {subprocess.py:89} INFO - 22:23:53  [32mCompleted successfully[0m
[2022-05-15 22:23:53,349] {subprocess.py:89} INFO - 22:23:53
[2022-05-15 22:23:53,350] {subprocess.py:89} INFO - 22:23:53  Done. PASS=1 WARN=0 ERROR=0 SKIP=0 TOTAL=1
[2022-05-15 22:23:54,449] {subprocess.py:93} INFO - Command exited with return code 0
[2022-05-15 22:23:54,481] {taskinstance.py:1280} INFO - Marking task as SUCCESS. dag_id=model_level_dbt_dag, task_id=dbt_run.model.jaffle_shop.stg_jaffle_shop__customers, execution_date=20220514T160047, start_date=20220515T222346, end_date=20220515T222354
[2022-05-15 22:23:54,521] {local_task_job.py:154} INFO - Task exited with return code 0
[2022-05-15 22:23:54,618] {local_task_job.py:264} INFO - 0 downstream tasks scheduled from follow-on schedule check
