[2022-05-15 23:15:04,902] {taskinstance.py:1035} INFO - Dependencies all met for <TaskInstance: model_level_dbt_dag.dbt_run.model.jaffle_shop.stg_jaffle_shop__customers scheduled__2022-05-14T16:00:47.250021+00:00 [queued]>
[2022-05-15 23:15:04,922] {taskinstance.py:1035} INFO - Dependencies all met for <TaskInstance: model_level_dbt_dag.dbt_run.model.jaffle_shop.stg_jaffle_shop__customers scheduled__2022-05-14T16:00:47.250021+00:00 [queued]>
[2022-05-15 23:15:04,923] {taskinstance.py:1241} INFO - 
--------------------------------------------------------------------------------
[2022-05-15 23:15:04,925] {taskinstance.py:1242} INFO - Starting attempt 9 of 9
[2022-05-15 23:15:04,929] {taskinstance.py:1243} INFO - 
--------------------------------------------------------------------------------
[2022-05-15 23:15:04,958] {taskinstance.py:1262} INFO - Executing <Task(BashOperator): dbt_run.model.jaffle_shop.stg_jaffle_shop__customers> on 2022-05-14 16:00:47.250021+00:00
[2022-05-15 23:15:04,970] {standard_task_runner.py:52} INFO - Started process 131 to run task
[2022-05-15 23:15:04,991] {standard_task_runner.py:76} INFO - Running: ['***', 'tasks', 'run', 'model_level_dbt_dag', 'dbt_run.model.jaffle_shop.stg_jaffle_shop__customers', 'scheduled__2022-05-14T16:00:47.250021+00:00', '--job-id', '390', '--raw', '--subdir', 'DAGS_FOLDER/model_level_dbt_dag.py', '--cfg-path', '/tmp/tmpq48ifljs', '--error-file', '/tmp/tmp_tkpqmas']
[2022-05-15 23:15:04,993] {standard_task_runner.py:77} INFO - Job 390: Subtask dbt_run.model.jaffle_shop.stg_jaffle_shop__customers
[2022-05-15 23:15:05,116] {logging_mixin.py:109} INFO - Running <TaskInstance: model_level_dbt_dag.dbt_run.model.jaffle_shop.stg_jaffle_shop__customers scheduled__2022-05-14T16:00:47.250021+00:00 [running]> on host 55e332c363f9
[2022-05-15 23:15:05,247] {taskinstance.py:1429} INFO - Exporting the following env vars:
AIRFLOW_CTX_DAG_OWNER=***
AIRFLOW_CTX_DAG_ID=model_level_dbt_dag
AIRFLOW_CTX_TASK_ID=dbt_run.model.jaffle_shop.stg_jaffle_shop__customers
AIRFLOW_CTX_EXECUTION_DATE=2022-05-14T16:00:47.250021+00:00
AIRFLOW_CTX_DAG_RUN_ID=scheduled__2022-05-14T16:00:47.250021+00:00
[2022-05-15 23:15:05,251] {subprocess.py:62} INFO - Tmp dir root location: 
 /tmp
[2022-05-15 23:15:05,253] {subprocess.py:74} INFO - Running command: ['bash', '-c', 'dbt --no-write-json run --target dev --models stg_jaffle_shop__customers --profiles-dir /opt/dbt/jaffle_shop --project-dir /opt/dbt/jaffle_shop']
[2022-05-15 23:15:05,297] {subprocess.py:85} INFO - Output:
[2022-05-15 23:15:09,449] {subprocess.py:89} INFO - 23:15:09  Running with dbt=1.1.0
[2022-05-15 23:15:09,509] {subprocess.py:89} INFO - 23:15:09  Unable to do partial parsing because config vars, config profile, or config target have changed
[2022-05-15 23:15:10,915] {subprocess.py:89} INFO - 23:15:10  Found 5 models, 13 tests, 0 snapshots, 0 analyses, 170 macros, 0 operations, 0 seed files, 3 sources, 0 exposures, 0 metrics
[2022-05-15 23:15:10,931] {subprocess.py:89} INFO - 23:15:10
[2022-05-15 23:15:11,209] {subprocess.py:89} INFO - 23:15:11  Concurrency: 1 threads (target='dev')
[2022-05-15 23:15:11,219] {subprocess.py:89} INFO - 23:15:11
[2022-05-15 23:15:11,253] {subprocess.py:89} INFO - 23:15:11  1 of 1 START view model dev.stg_jaffle_shop__customers ......................... [RUN]
[2022-05-15 23:15:11,529] {subprocess.py:89} INFO - 23:15:11  1 of 1 OK created view model dev.stg_jaffle_shop__customers .................... [[32mCREATE VIEW[0m in 0.27s]
[2022-05-15 23:15:11,586] {subprocess.py:89} INFO - 23:15:11
[2022-05-15 23:15:11,588] {subprocess.py:89} INFO - 23:15:11  Finished running 1 view model in 0.65s.
[2022-05-15 23:15:11,615] {subprocess.py:89} INFO - 23:15:11
[2022-05-15 23:15:11,621] {subprocess.py:89} INFO - 23:15:11  [32mCompleted successfully[0m
[2022-05-15 23:15:11,636] {subprocess.py:89} INFO - 23:15:11
[2022-05-15 23:15:11,652] {subprocess.py:89} INFO - 23:15:11  Done. PASS=1 WARN=0 ERROR=0 SKIP=0 TOTAL=1
[2022-05-15 23:15:13,022] {subprocess.py:93} INFO - Command exited with return code 0
[2022-05-15 23:15:13,096] {taskinstance.py:1280} INFO - Marking task as SUCCESS. dag_id=model_level_dbt_dag, task_id=dbt_run.model.jaffle_shop.stg_jaffle_shop__customers, execution_date=20220514T160047, start_date=20220515T231504, end_date=20220515T231513
[2022-05-15 23:15:13,149] {local_task_job.py:154} INFO - Task exited with return code 0
[2022-05-15 23:15:13,321] {local_task_job.py:264} INFO - 0 downstream tasks scheduled from follow-on schedule check
