[2022-05-15 21:59:10,817] {taskinstance.py:1035} INFO - Dependencies all met for <TaskInstance: model_level_dbt_dag.dbt_run.model.jaffle_shop.fct_customer_orders_new scheduled__2022-05-14T16:00:47.250021+00:00 [queued]>
[2022-05-15 21:59:10,828] {taskinstance.py:1035} INFO - Dependencies all met for <TaskInstance: model_level_dbt_dag.dbt_run.model.jaffle_shop.fct_customer_orders_new scheduled__2022-05-14T16:00:47.250021+00:00 [queued]>
[2022-05-15 21:59:10,829] {taskinstance.py:1241} INFO - 
--------------------------------------------------------------------------------
[2022-05-15 21:59:10,830] {taskinstance.py:1242} INFO - Starting attempt 1 of 1
[2022-05-15 21:59:10,830] {taskinstance.py:1243} INFO - 
--------------------------------------------------------------------------------
[2022-05-15 21:59:10,843] {taskinstance.py:1262} INFO - Executing <Task(BashOperator): dbt_run.model.jaffle_shop.fct_customer_orders_new> on 2022-05-14 16:00:47.250021+00:00
[2022-05-15 21:59:10,848] {standard_task_runner.py:52} INFO - Started process 650 to run task
[2022-05-15 21:59:10,852] {standard_task_runner.py:76} INFO - Running: ['***', 'tasks', 'run', 'model_level_dbt_dag', 'dbt_run.model.jaffle_shop.fct_customer_orders_new', 'scheduled__2022-05-14T16:00:47.250021+00:00', '--job-id', '287', '--raw', '--subdir', 'DAGS_FOLDER/model_level_dbt_dag.py', '--cfg-path', '/tmp/tmpy7lkax9h', '--error-file', '/tmp/tmphf6tsx90']
[2022-05-15 21:59:10,853] {standard_task_runner.py:77} INFO - Job 287: Subtask dbt_run.model.jaffle_shop.fct_customer_orders_new
[2022-05-15 21:59:10,914] {logging_mixin.py:109} INFO - Running <TaskInstance: model_level_dbt_dag.dbt_run.model.jaffle_shop.fct_customer_orders_new scheduled__2022-05-14T16:00:47.250021+00:00 [running]> on host 9922a9d65d01
[2022-05-15 21:59:10,995] {taskinstance.py:1429} INFO - Exporting the following env vars:
AIRFLOW_CTX_DAG_OWNER=***
AIRFLOW_CTX_DAG_ID=model_level_dbt_dag
AIRFLOW_CTX_TASK_ID=dbt_run.model.jaffle_shop.fct_customer_orders_new
AIRFLOW_CTX_EXECUTION_DATE=2022-05-14T16:00:47.250021+00:00
AIRFLOW_CTX_DAG_RUN_ID=scheduled__2022-05-14T16:00:47.250021+00:00
[2022-05-15 21:59:10,997] {subprocess.py:62} INFO - Tmp dir root location: 
 /tmp
[2022-05-15 21:59:10,998] {subprocess.py:74} INFO - Running command: ['bash', '-c', 'dbt --no-write-json run --target dev --models fct_customer_orders_new --profiles-dir /opt/***/dags/jaffle_shop --project-dir /opt/***/dags/jaffle_shop']
[2022-05-15 21:59:11,009] {subprocess.py:85} INFO - Output:
[2022-05-15 21:59:14,452] {subprocess.py:89} INFO - 21:59:14  Running with dbt=1.1.0
[2022-05-15 21:59:14,557] {subprocess.py:89} INFO - 21:59:14  Found 6 models, 13 tests, 0 snapshots, 0 analyses, 170 macros, 0 operations, 0 seed files, 3 sources, 0 exposures, 0 metrics
[2022-05-15 21:59:14,562] {subprocess.py:89} INFO - 21:59:14
[2022-05-15 21:59:14,696] {subprocess.py:89} INFO - 21:59:14  Concurrency: 1 threads (target='dev')
[2022-05-15 21:59:14,699] {subprocess.py:89} INFO - 21:59:14
[2022-05-15 21:59:14,714] {subprocess.py:89} INFO - 21:59:14  1 of 1 START table model dev.fct_customer_orders_new ........................... [RUN]
[2022-05-15 21:59:14,869] {subprocess.py:89} INFO - 21:59:14  1 of 1 OK created table model dev.fct_customer_orders_new ...................... [[32mSELECT 99[0m in 0.15s]
[2022-05-15 21:59:14,940] {subprocess.py:89} INFO - 21:59:14
[2022-05-15 21:59:14,943] {subprocess.py:89} INFO - 21:59:14  Finished running 1 table model in 0.38s.
[2022-05-15 21:59:14,947] {subprocess.py:89} INFO - 21:59:14
[2022-05-15 21:59:14,949] {subprocess.py:89} INFO - 21:59:14  [32mCompleted successfully[0m
[2022-05-15 21:59:14,951] {subprocess.py:89} INFO - 21:59:14
[2022-05-15 21:59:14,953] {subprocess.py:89} INFO - 21:59:14  Done. PASS=1 WARN=0 ERROR=0 SKIP=0 TOTAL=1
[2022-05-15 21:59:16,014] {subprocess.py:93} INFO - Command exited with return code 0
[2022-05-15 21:59:16,041] {taskinstance.py:1280} INFO - Marking task as SUCCESS. dag_id=model_level_dbt_dag, task_id=dbt_run.model.jaffle_shop.fct_customer_orders_new, execution_date=20220514T160047, start_date=20220515T215910, end_date=20220515T215916
[2022-05-15 21:59:16,084] {local_task_job.py:154} INFO - Task exited with return code 0
[2022-05-15 21:59:16,134] {local_task_job.py:264} INFO - 1 downstream tasks scheduled from follow-on schedule check
