[2022-05-18 23:55:34,493] {taskinstance.py:1035} INFO - Dependencies all met for <TaskInstance: model_level_dbt_great_expectations_dag.dbt_run.model.jaffle_shop.stg_jaffle_shop__orders scheduled__2022-05-17T23:51:54.527642+00:00 [queued]>
[2022-05-18 23:55:34,513] {taskinstance.py:1035} INFO - Dependencies all met for <TaskInstance: model_level_dbt_great_expectations_dag.dbt_run.model.jaffle_shop.stg_jaffle_shop__orders scheduled__2022-05-17T23:51:54.527642+00:00 [queued]>
[2022-05-18 23:55:34,514] {taskinstance.py:1241} INFO - 
--------------------------------------------------------------------------------
[2022-05-18 23:55:34,516] {taskinstance.py:1242} INFO - Starting attempt 2 of 4
[2022-05-18 23:55:34,517] {taskinstance.py:1243} INFO - 
--------------------------------------------------------------------------------
[2022-05-18 23:55:34,539] {taskinstance.py:1262} INFO - Executing <Task(BashOperator): dbt_run.model.jaffle_shop.stg_jaffle_shop__orders> on 2022-05-17 23:51:54.527642+00:00
[2022-05-18 23:55:34,551] {standard_task_runner.py:52} INFO - Started process 470 to run task
[2022-05-18 23:55:34,557] {standard_task_runner.py:76} INFO - Running: ['***', 'tasks', 'run', 'model_level_dbt_great_expectations_dag', 'dbt_run.model.jaffle_shop.stg_jaffle_shop__orders', 'scheduled__2022-05-17T23:51:54.527642+00:00', '--job-id', '254', '--raw', '--subdir', 'DAGS_FOLDER/model_level_dbt_great_expectations_dag.py', '--cfg-path', '/tmp/tmpvt4dns9n', '--error-file', '/tmp/tmp8yg3kwn8']
[2022-05-18 23:55:34,559] {standard_task_runner.py:77} INFO - Job 254: Subtask dbt_run.model.jaffle_shop.stg_jaffle_shop__orders
[2022-05-18 23:55:34,633] {logging_mixin.py:109} INFO - Running <TaskInstance: model_level_dbt_great_expectations_dag.dbt_run.model.jaffle_shop.stg_jaffle_shop__orders scheduled__2022-05-17T23:51:54.527642+00:00 [running]> on host 41cba24e2fbb
[2022-05-18 23:55:34,718] {taskinstance.py:1429} INFO - Exporting the following env vars:
AIRFLOW_CTX_DAG_OWNER=luciano.naveiro
AIRFLOW_CTX_DAG_ID=model_level_dbt_great_expectations_dag
AIRFLOW_CTX_TASK_ID=dbt_run.model.jaffle_shop.stg_jaffle_shop__orders
AIRFLOW_CTX_EXECUTION_DATE=2022-05-17T23:51:54.527642+00:00
AIRFLOW_CTX_DAG_RUN_ID=scheduled__2022-05-17T23:51:54.527642+00:00
[2022-05-18 23:55:34,723] {subprocess.py:62} INFO - Tmp dir root location: 
 /tmp
[2022-05-18 23:55:34,728] {subprocess.py:74} INFO - Running command: ['bash', '-c', 'dbt --no-write-json run --target dev --models stg_jaffle_shop__orders --profiles-dir /opt/dbt/jaffle_shop --project-dir /opt/dbt/jaffle_shop']
[2022-05-18 23:55:34,763] {subprocess.py:85} INFO - Output:
[2022-05-18 23:55:39,125] {subprocess.py:89} INFO - 23:55:39  Running with dbt=1.1.0
[2022-05-18 23:55:39,292] {subprocess.py:89} INFO - 23:55:39  Found 5 models, 13 tests, 0 snapshots, 0 analyses, 170 macros, 0 operations, 0 seed files, 3 sources, 0 exposures, 0 metrics
[2022-05-18 23:55:39,299] {subprocess.py:89} INFO - 23:55:39
[2022-05-18 23:55:39,600] {subprocess.py:89} INFO - 23:55:39  Concurrency: 1 threads (target='dev')
[2022-05-18 23:55:39,605] {subprocess.py:89} INFO - 23:55:39
[2022-05-18 23:55:39,653] {subprocess.py:89} INFO - 23:55:39  1 of 1 START view model dev.stg_jaffle_shop__orders ............................ [RUN]
[2022-05-18 23:55:40,107] {subprocess.py:89} INFO - 23:55:40  1 of 1 OK created view model dev.stg_jaffle_shop__orders ....................... [[32mCREATE VIEW[0m in 0.45s]
[2022-05-18 23:55:40,201] {subprocess.py:89} INFO - 23:55:40
[2022-05-18 23:55:40,206] {subprocess.py:89} INFO - 23:55:40  Finished running 1 view model in 0.90s.
[2022-05-18 23:55:40,218] {subprocess.py:89} INFO - 23:55:40
[2022-05-18 23:55:40,221] {subprocess.py:89} INFO - 23:55:40  [32mCompleted successfully[0m
[2022-05-18 23:55:40,229] {subprocess.py:89} INFO - 23:55:40
[2022-05-18 23:55:40,235] {subprocess.py:89} INFO - 23:55:40  Done. PASS=1 WARN=0 ERROR=0 SKIP=0 TOTAL=1
[2022-05-18 23:55:41,435] {subprocess.py:93} INFO - Command exited with return code 0
[2022-05-18 23:55:41,590] {taskinstance.py:1280} INFO - Marking task as SUCCESS. dag_id=model_level_dbt_great_expectations_dag, task_id=dbt_run.model.jaffle_shop.stg_jaffle_shop__orders, execution_date=20220517T235154, start_date=20220518T235534, end_date=20220518T235541
[2022-05-18 23:55:41,668] {local_task_job.py:154} INFO - Task exited with return code 0
[2022-05-18 23:55:41,787] {local_task_job.py:264} INFO - 1 downstream tasks scheduled from follow-on schedule check
