[2022-05-19 15:57:26,931] {taskinstance.py:1035} INFO - Dependencies all met for <TaskInstance: model_level_dbt_great_expectations_dag.dbt_run.model.jaffle_shop.fct_customer_orders scheduled__2022-05-18T15:55:44.156802+00:00 [queued]>
[2022-05-19 15:57:26,948] {taskinstance.py:1035} INFO - Dependencies all met for <TaskInstance: model_level_dbt_great_expectations_dag.dbt_run.model.jaffle_shop.fct_customer_orders scheduled__2022-05-18T15:55:44.156802+00:00 [queued]>
[2022-05-19 15:57:26,949] {taskinstance.py:1241} INFO - 
--------------------------------------------------------------------------------
[2022-05-19 15:57:26,949] {taskinstance.py:1242} INFO - Starting attempt 1 of 4
[2022-05-19 15:57:26,950] {taskinstance.py:1243} INFO - 
--------------------------------------------------------------------------------
[2022-05-19 15:57:26,961] {taskinstance.py:1262} INFO - Executing <Task(BashOperator): dbt_run.model.jaffle_shop.fct_customer_orders> on 2022-05-18 15:55:44.156802+00:00
[2022-05-19 15:57:26,970] {standard_task_runner.py:52} INFO - Started process 677 to run task
[2022-05-19 15:57:26,974] {standard_task_runner.py:76} INFO - Running: ['***', 'tasks', 'run', 'model_level_dbt_great_expectations_dag', 'dbt_run.model.jaffle_shop.fct_customer_orders', 'scheduled__2022-05-18T15:55:44.156802+00:00', '--job-id', '137', '--raw', '--subdir', 'DAGS_FOLDER/model_level_dbt_great_expectations_dag.py', '--cfg-path', '/tmp/tmp7x73lkly', '--error-file', '/tmp/tmpplvfir44']
[2022-05-19 15:57:26,976] {standard_task_runner.py:77} INFO - Job 137: Subtask dbt_run.model.jaffle_shop.fct_customer_orders
[2022-05-19 15:57:27,036] {logging_mixin.py:109} INFO - Running <TaskInstance: model_level_dbt_great_expectations_dag.dbt_run.model.jaffle_shop.fct_customer_orders scheduled__2022-05-18T15:55:44.156802+00:00 [running]> on host 34ae02bc0b96
[2022-05-19 15:57:27,104] {taskinstance.py:1429} INFO - Exporting the following env vars:
AIRFLOW_CTX_DAG_OWNER=luciano.naveiro
AIRFLOW_CTX_DAG_ID=model_level_dbt_great_expectations_dag
AIRFLOW_CTX_TASK_ID=dbt_run.model.jaffle_shop.fct_customer_orders
AIRFLOW_CTX_EXECUTION_DATE=2022-05-18T15:55:44.156802+00:00
AIRFLOW_CTX_DAG_RUN_ID=scheduled__2022-05-18T15:55:44.156802+00:00
[2022-05-19 15:57:27,107] {subprocess.py:62} INFO - Tmp dir root location: 
 /tmp
[2022-05-19 15:57:27,109] {subprocess.py:74} INFO - Running command: ['bash', '-c', 'dbt --no-write-json run --target dev --models fct_customer_orders --profiles-dir /opt/dbt/jaffle_shop --project-dir /opt/dbt/jaffle_shop']
[2022-05-19 15:57:27,133] {subprocess.py:85} INFO - Output:
[2022-05-19 15:57:35,312] {subprocess.py:89} INFO - 15:57:35  Running with dbt=1.1.0
[2022-05-19 15:57:35,455] {subprocess.py:89} INFO - 15:57:35  Found 5 models, 13 tests, 0 snapshots, 0 analyses, 170 macros, 0 operations, 0 seed files, 3 sources, 0 exposures, 0 metrics
[2022-05-19 15:57:35,462] {subprocess.py:89} INFO - 15:57:35
[2022-05-19 15:57:35,622] {subprocess.py:89} INFO - 15:57:35  Concurrency: 1 threads (target='dev')
[2022-05-19 15:57:35,625] {subprocess.py:89} INFO - 15:57:35
[2022-05-19 15:57:35,638] {subprocess.py:89} INFO - 15:57:35  1 of 1 START table model dev.fct_customer_orders ............................... [RUN]
[2022-05-19 15:57:35,823] {subprocess.py:89} INFO - 15:57:35  1 of 1 OK created table model dev.fct_customer_orders .......................... [[32mSELECT 99[0m in 0.18s]
[2022-05-19 15:57:35,865] {subprocess.py:89} INFO - 15:57:35
[2022-05-19 15:57:35,868] {subprocess.py:89} INFO - 15:57:35  Finished running 1 table model in 0.40s.
[2022-05-19 15:57:35,873] {subprocess.py:89} INFO - 15:57:35
[2022-05-19 15:57:35,876] {subprocess.py:89} INFO - 15:57:35  [32mCompleted successfully[0m
[2022-05-19 15:57:35,878] {subprocess.py:89} INFO - 15:57:35
[2022-05-19 15:57:35,880] {subprocess.py:89} INFO - 15:57:35  Done. PASS=1 WARN=0 ERROR=0 SKIP=0 TOTAL=1
[2022-05-19 15:57:37,018] {subprocess.py:93} INFO - Command exited with return code 0
[2022-05-19 15:57:37,050] {taskinstance.py:1280} INFO - Marking task as SUCCESS. dag_id=model_level_dbt_great_expectations_dag, task_id=dbt_run.model.jaffle_shop.fct_customer_orders, execution_date=20220518T155544, start_date=20220519T155726, end_date=20220519T155737
[2022-05-19 15:57:37,100] {local_task_job.py:154} INFO - Task exited with return code 0
[2022-05-19 15:57:37,152] {local_task_job.py:264} INFO - 1 downstream tasks scheduled from follow-on schedule check
