[2022-06-04 02:46:49,678] {taskinstance.py:1035} INFO - Dependencies all met for <TaskInstance: model_level_dbt_great_expectations_dag.great_expectations_sources.sources.jaffle_shop__orders scheduled__2022-06-03T02:45:22.930448+00:00 [queued]>
[2022-06-04 02:46:49,723] {taskinstance.py:1035} INFO - Dependencies all met for <TaskInstance: model_level_dbt_great_expectations_dag.great_expectations_sources.sources.jaffle_shop__orders scheduled__2022-06-03T02:45:22.930448+00:00 [queued]>
[2022-06-04 02:46:49,724] {taskinstance.py:1241} INFO - 
--------------------------------------------------------------------------------
[2022-06-04 02:46:49,729] {taskinstance.py:1242} INFO - Starting attempt 1 of 4
[2022-06-04 02:46:49,732] {taskinstance.py:1243} INFO - 
--------------------------------------------------------------------------------
[2022-06-04 02:46:49,802] {taskinstance.py:1262} INFO - Executing <Task(GreatExpectationsOperator): great_expectations_sources.sources.jaffle_shop__orders> on 2022-06-03 02:45:22.930448+00:00
[2022-06-04 02:46:49,828] {standard_task_runner.py:52} INFO - Started process 191 to run task
[2022-06-04 02:46:49,858] {standard_task_runner.py:76} INFO - Running: ['***', 'tasks', 'run', 'model_level_dbt_great_expectations_dag', 'great_expectations_sources.sources.jaffle_shop__orders', 'scheduled__2022-06-03T02:45:22.930448+00:00', '--job-id', '172', '--raw', '--subdir', 'DAGS_FOLDER/model_level_dbt_great_expectations_dag.py', '--cfg-path', '/tmp/tmp7loquur0', '--error-file', '/tmp/tmpeovfdw5s']
[2022-06-04 02:46:49,861] {standard_task_runner.py:77} INFO - Job 172: Subtask great_expectations_sources.sources.jaffle_shop__orders
[2022-06-04 02:46:50,146] {logging_mixin.py:109} INFO - Running <TaskInstance: model_level_dbt_great_expectations_dag.great_expectations_sources.sources.jaffle_shop__orders scheduled__2022-06-03T02:45:22.930448+00:00 [running]> on host 3d17a0db806e
[2022-06-04 02:46:50,298] {taskinstance.py:1429} INFO - Exporting the following env vars:
AIRFLOW_CTX_DAG_OWNER=luciano.naveiro
AIRFLOW_CTX_DAG_ID=model_level_dbt_great_expectations_dag
AIRFLOW_CTX_TASK_ID=great_expectations_sources.sources.jaffle_shop__orders
AIRFLOW_CTX_EXECUTION_DATE=2022-06-03T02:45:22.930448+00:00
AIRFLOW_CTX_DAG_RUN_ID=scheduled__2022-06-03T02:45:22.930448+00:00
[2022-06-04 02:46:50,300] {great_expectations.py:122} INFO - Running validation with Great Expectations...
[2022-06-04 02:46:50,301] {great_expectations.py:125} INFO - Ensuring data context is valid...
[2022-06-04 02:46:51,631] {sqlalchemy_execution_engine.py:404} WARNING - schema_name specified creating a URL with schema is not supported. Set a default schema on the user connecting to your database.
[2022-06-04 02:46:51,639] {logging_mixin.py:109} WARNING - /home/***/.local/lib/python3.7/site-packages/great_expectations/datasource/data_connector/runtime_data_connector.py:135 DeprecationWarning: Specifying batch_identifiers as part of the RuntimeDataConnector config is deprecated as of v0.15.1 and will be removed by v0.18. Please configure batch_identifiers as part of Assets instead.
[2022-06-04 02:46:55,565] {validator.py:1669} INFO - 	15 expectation(s) included in expectation_suite.
[2022-06-04 02:46:56,104] {logging_mixin.py:109} WARNING - Calculating Metrics:   0%|          | 0/33 [00:00<?, ?it/s]
[2022-06-04 02:46:56,105] {logging_mixin.py:109} WARNING - Calculating Metrics:   0%|          | 0/33 [00:00<?, ?it/s]
[2022-06-04 02:46:56,122] {logging_mixin.py:109} WARNING - Calculating Metrics:   6%|6         | 2/33 [00:00<00:00, 117.85it/s]
[2022-06-04 02:46:56,515] {logging_mixin.py:109} WARNING - Calculating Metrics:  12%|#2        | 4/33 [00:00<00:02,  9.79it/s] 
[2022-06-04 02:46:56,518] {logging_mixin.py:109} WARNING - Calculating Metrics:  12%|#2        | 4/33 [00:00<00:02,  9.79it/s]
[2022-06-04 02:46:56,800] {logging_mixin.py:109} WARNING - Calculating Metrics:  36%|###6      | 12/33 [00:00<00:01, 18.87it/s]
[2022-06-04 02:46:56,810] {logging_mixin.py:109} WARNING - Calculating Metrics:  36%|###6      | 12/33 [00:00<00:01, 18.87it/s]
[2022-06-04 02:46:57,029] {logging_mixin.py:109} WARNING - Calculating Metrics:  82%|########1 | 27/33 [00:00<00:00, 35.83it/s]
[2022-06-04 02:46:57,030] {logging_mixin.py:109} WARNING - Calculating Metrics:  82%|########1 | 27/33 [00:00<00:00, 35.83it/s]
[2022-06-04 02:46:57,108] {logging_mixin.py:109} WARNING - Calculating Metrics: 100%|##########| 33/33 [00:01<00:00, 35.83it/s]
[2022-06-04 02:46:57,175] {logging_mixin.py:109} WARNING - Calculating Metrics: 100%|##########| 33/33 [00:01<00:00, 37.10it/s]
[2022-06-04 02:46:57,177] {logging_mixin.py:109} WARNING - Calculating Metrics: 100%|##########| 33/33 [00:01<00:00, 37.10it/s]
[2022-06-04 02:46:57,178] {logging_mixin.py:109} WARNING - Calculating Metrics: 100%|##########| 33/33 [00:01<00:00, 30.74it/s]
[2022-06-04 02:46:57,179] {logging_mixin.py:109} WARNING - 
[2022-06-04 02:47:00,828] {great_expectations.py:197} INFO - Validation with Great Expectations successful.
[2022-06-04 02:47:00,880] {taskinstance.py:1280} INFO - Marking task as SUCCESS. dag_id=model_level_dbt_great_expectations_dag, task_id=great_expectations_sources.sources.jaffle_shop__orders, execution_date=20220603T024522, start_date=20220604T024649, end_date=20220604T024700
[2022-06-04 02:47:00,945] {local_task_job.py:154} INFO - Task exited with return code 0
[2022-06-04 02:47:01,050] {local_task_job.py:264} INFO - 0 downstream tasks scheduled from follow-on schedule check
