[2022-05-18 22:38:12,637] {taskinstance.py:1035} INFO - Dependencies all met for <TaskInstance: model_level_dbt_great_expectations_dag.dbt_docs scheduled__2022-05-17T22:12:00.138285+00:00 [queued]>
[2022-05-18 22:38:12,664] {taskinstance.py:1035} INFO - Dependencies all met for <TaskInstance: model_level_dbt_great_expectations_dag.dbt_docs scheduled__2022-05-17T22:12:00.138285+00:00 [queued]>
[2022-05-18 22:38:12,670] {taskinstance.py:1241} INFO - 
--------------------------------------------------------------------------------
[2022-05-18 22:38:12,678] {taskinstance.py:1242} INFO - Starting attempt 1 of 4
[2022-05-18 22:38:12,682] {taskinstance.py:1243} INFO - 
--------------------------------------------------------------------------------
[2022-05-18 22:38:12,706] {taskinstance.py:1262} INFO - Executing <Task(BashOperator): dbt_docs> on 2022-05-17 22:12:00.138285+00:00
[2022-05-18 22:38:12,727] {standard_task_runner.py:52} INFO - Started process 658 to run task
[2022-05-18 22:38:12,739] {standard_task_runner.py:76} INFO - Running: ['***', 'tasks', 'run', 'model_level_dbt_great_expectations_dag', 'dbt_docs', 'scheduled__2022-05-17T22:12:00.138285+00:00', '--job-id', '122', '--raw', '--subdir', 'DAGS_FOLDER/model_level_dbt_great_expectations_dag.py', '--cfg-path', '/tmp/tmp_q7rgt4e', '--error-file', '/tmp/tmpie8h0ak5']
[2022-05-18 22:38:12,742] {standard_task_runner.py:77} INFO - Job 122: Subtask dbt_docs
[2022-05-18 22:38:12,841] {logging_mixin.py:109} INFO - Running <TaskInstance: model_level_dbt_great_expectations_dag.dbt_docs scheduled__2022-05-17T22:12:00.138285+00:00 [running]> on host 3db539bd1596
[2022-05-18 22:38:13,012] {taskinstance.py:1429} INFO - Exporting the following env vars:
AIRFLOW_CTX_DAG_OWNER=luciano.naveiro
AIRFLOW_CTX_DAG_ID=model_level_dbt_great_expectations_dag
AIRFLOW_CTX_TASK_ID=dbt_docs
AIRFLOW_CTX_EXECUTION_DATE=2022-05-17T22:12:00.138285+00:00
AIRFLOW_CTX_DAG_RUN_ID=scheduled__2022-05-17T22:12:00.138285+00:00
[2022-05-18 22:38:13,015] {subprocess.py:62} INFO - Tmp dir root location: 
 /tmp
[2022-05-18 22:38:13,017] {subprocess.py:74} INFO - Running command: ['bash', '-c', '\n        dbt docs generate --profiles-dir /opt/dbt/jaffle_shop --project-dir /opt/dbt/jaffle_shop\n        ']
[2022-05-18 22:38:13,051] {subprocess.py:85} INFO - Output:
[2022-05-18 22:38:18,712] {subprocess.py:89} INFO - 22:38:18  Running with dbt=1.1.0
[2022-05-18 22:38:18,765] {subprocess.py:89} INFO - 22:38:18  Unable to do partial parsing because config vars, config profile, or config target have changed
[2022-05-18 22:38:20,208] {subprocess.py:89} INFO - 22:38:20  Found 5 models, 13 tests, 0 snapshots, 0 analyses, 170 macros, 0 operations, 0 seed files, 3 sources, 0 exposures, 0 metrics
[2022-05-18 22:38:20,224] {subprocess.py:89} INFO - 22:38:20
[2022-05-18 22:38:20,392] {subprocess.py:89} INFO - 22:38:20  Concurrency: 1 threads (target='dev')
[2022-05-18 22:38:20,395] {subprocess.py:89} INFO - 22:38:20
[2022-05-18 22:38:21,038] {subprocess.py:89} INFO - 22:38:21  Done.
[2022-05-18 22:38:21,162] {subprocess.py:89} INFO - 22:38:21  Building catalog
[2022-05-18 22:38:21,314] {subprocess.py:89} INFO - 22:38:21  Catalog written to /opt/dbt/jaffle_shop/target/catalog.json
[2022-05-18 22:38:22,410] {subprocess.py:93} INFO - Command exited with return code 0
[2022-05-18 22:38:22,450] {taskinstance.py:1280} INFO - Marking task as SUCCESS. dag_id=model_level_dbt_great_expectations_dag, task_id=dbt_docs, execution_date=20220517T221200, start_date=20220518T223812, end_date=20220518T223822
[2022-05-18 22:38:22,530] {local_task_job.py:154} INFO - Task exited with return code 0
[2022-05-18 22:38:22,603] {local_task_job.py:264} INFO - 1 downstream tasks scheduled from follow-on schedule check
