[2022-05-19 15:56:17,077] {taskinstance.py:1035} INFO - Dependencies all met for <TaskInstance: model_level_dbt_great_expectations_dag.great_expectations_sources.sources.stripe__payment scheduled__2022-05-18T15:55:44.156802+00:00 [queued]>
[2022-05-19 15:56:17,140] {taskinstance.py:1035} INFO - Dependencies all met for <TaskInstance: model_level_dbt_great_expectations_dag.great_expectations_sources.sources.stripe__payment scheduled__2022-05-18T15:55:44.156802+00:00 [queued]>
[2022-05-19 15:56:17,141] {taskinstance.py:1241} INFO - 
--------------------------------------------------------------------------------
[2022-05-19 15:56:17,142] {taskinstance.py:1242} INFO - Starting attempt 1 of 4
[2022-05-19 15:56:17,144] {taskinstance.py:1243} INFO - 
--------------------------------------------------------------------------------
[2022-05-19 15:56:17,173] {taskinstance.py:1262} INFO - Executing <Task(GreatExpectationsOperator): great_expectations_sources.sources.stripe__payment> on 2022-05-18 15:55:44.156802+00:00
[2022-05-19 15:56:17,191] {standard_task_runner.py:52} INFO - Started process 508 to run task
[2022-05-19 15:56:17,207] {standard_task_runner.py:76} INFO - Running: ['***', 'tasks', 'run', 'model_level_dbt_great_expectations_dag', 'great_expectations_sources.sources.stripe__payment', 'scheduled__2022-05-18T15:55:44.156802+00:00', '--job-id', '129', '--raw', '--subdir', 'DAGS_FOLDER/model_level_dbt_great_expectations_dag.py', '--cfg-path', '/tmp/tmp15ofwrsd', '--error-file', '/tmp/tmpb2icy_98']
[2022-05-19 15:56:17,209] {standard_task_runner.py:77} INFO - Job 129: Subtask great_expectations_sources.sources.stripe__payment
[2022-05-19 15:56:17,340] {logging_mixin.py:109} INFO - Running <TaskInstance: model_level_dbt_great_expectations_dag.great_expectations_sources.sources.stripe__payment scheduled__2022-05-18T15:55:44.156802+00:00 [running]> on host 34ae02bc0b96
[2022-05-19 15:56:17,617] {taskinstance.py:1429} INFO - Exporting the following env vars:
AIRFLOW_CTX_DAG_OWNER=luciano.naveiro
AIRFLOW_CTX_DAG_ID=model_level_dbt_great_expectations_dag
AIRFLOW_CTX_TASK_ID=great_expectations_sources.sources.stripe__payment
AIRFLOW_CTX_EXECUTION_DATE=2022-05-18T15:55:44.156802+00:00
AIRFLOW_CTX_DAG_RUN_ID=scheduled__2022-05-18T15:55:44.156802+00:00
[2022-05-19 15:56:17,620] {great_expectations.py:122} INFO - Running validation with Great Expectations...
[2022-05-19 15:56:17,621] {great_expectations.py:125} INFO - Ensuring data context is valid...
[2022-05-19 15:56:19,737] {sqlalchemy_execution_engine.py:404} WARNING - schema_name specified creating a URL with schema is not supported. Set a default schema on the user connecting to your database.
[2022-05-19 15:56:19,743] {logging_mixin.py:109} WARNING - /home/***/.local/lib/python3.7/site-packages/great_expectations/datasource/data_connector/runtime_data_connector.py:135 DeprecationWarning: Specifying batch_identifiers as part of the RuntimeDataConnector config is deprecated as of v0.15.1 and will be removed by v0.18. Please configure batch_identifiers as part of Assets instead.
[2022-05-19 15:56:20,907] {validator.py:1669} INFO - 	24 expectation(s) included in expectation_suite.
[2022-05-19 15:56:21,206] {logging_mixin.py:109} WARNING - Calculating Metrics:   0%|          | 0/55 [00:00<?, ?it/s]
[2022-05-19 15:56:21,207] {logging_mixin.py:109} WARNING - Calculating Metrics:   0%|          | 0/55 [00:00<?, ?it/s]
[2022-05-19 15:56:21,221] {logging_mixin.py:109} WARNING - Calculating Metrics:   4%|3         | 2/55 [00:00<00:00, 141.01it/s]
[2022-05-19 15:56:21,297] {logging_mixin.py:109} WARNING - Calculating Metrics:   7%|7         | 4/55 [00:00<00:01, 44.74it/s] 
[2022-05-19 15:56:21,373] {logging_mixin.py:109} WARNING - Calculating Metrics:  35%|###4      | 19/55 [00:00<00:00, 114.87it/s]
[2022-05-19 15:56:21,374] {logging_mixin.py:109} WARNING - Calculating Metrics:  35%|###4      | 19/55 [00:00<00:00, 114.87it/s]
[2022-05-19 15:56:21,446] {util.py:247} WARNING - Using lossy conversion for decimal 1469.1666666666666667 to float object to support serialization.
[2022-05-19 15:56:21,447] {logging_mixin.py:109} WARNING - Calculating Metrics:  78%|#######8  | 43/55 [00:00<00:00, 114.87it/s]
[2022-05-19 15:56:21,494] {logging_mixin.py:109} WARNING - Calculating Metrics:  96%|#########6| 53/55 [00:00<00:00, 199.75it/s]
[2022-05-19 15:56:21,495] {logging_mixin.py:109} WARNING - Calculating Metrics:  96%|#########6| 53/55 [00:00<00:00, 199.75it/s]
[2022-05-19 15:56:21,541] {logging_mixin.py:109} WARNING - Calculating Metrics:  98%|#########8| 54/55 [00:00<00:00, 199.75it/s]
[2022-05-19 15:56:21,607] {logging_mixin.py:109} WARNING - Calculating Metrics: 100%|##########| 55/55 [00:00<00:00, 199.75it/s]
[2022-05-19 15:56:21,663] {logging_mixin.py:109} WARNING - Calculating Metrics: 100%|##########| 55/55 [00:00<00:00, 199.75it/s]
[2022-05-19 15:56:21,664] {logging_mixin.py:109} WARNING - Calculating Metrics: 100%|##########| 55/55 [00:00<00:00, 120.46it/s]
[2022-05-19 15:56:21,664] {logging_mixin.py:109} WARNING - 
[2022-05-19 15:56:25,031] {great_expectations.py:197} INFO - Validation with Great Expectations successful.
[2022-05-19 15:56:25,095] {taskinstance.py:1280} INFO - Marking task as SUCCESS. dag_id=model_level_dbt_great_expectations_dag, task_id=great_expectations_sources.sources.stripe__payment, execution_date=20220518T155544, start_date=20220519T155617, end_date=20220519T155625
[2022-05-19 15:56:25,179] {local_task_job.py:154} INFO - Task exited with return code 0
[2022-05-19 15:56:25,329] {local_task_job.py:264} INFO - 0 downstream tasks scheduled from follow-on schedule check
