[2022-05-19 15:56:16,981] {taskinstance.py:1035} INFO - Dependencies all met for <TaskInstance: model_level_dbt_great_expectations_dag.great_expectations_sources.sources.jaffle_shop__orders scheduled__2022-05-18T15:55:44.156802+00:00 [queued]>
[2022-05-19 15:56:17,013] {taskinstance.py:1035} INFO - Dependencies all met for <TaskInstance: model_level_dbt_great_expectations_dag.great_expectations_sources.sources.jaffle_shop__orders scheduled__2022-05-18T15:55:44.156802+00:00 [queued]>
[2022-05-19 15:56:17,015] {taskinstance.py:1241} INFO - 
--------------------------------------------------------------------------------
[2022-05-19 15:56:17,017] {taskinstance.py:1242} INFO - Starting attempt 1 of 4
[2022-05-19 15:56:17,018] {taskinstance.py:1243} INFO - 
--------------------------------------------------------------------------------
[2022-05-19 15:56:17,066] {taskinstance.py:1262} INFO - Executing <Task(GreatExpectationsOperator): great_expectations_sources.sources.jaffle_shop__orders> on 2022-05-18 15:55:44.156802+00:00
[2022-05-19 15:56:17,123] {standard_task_runner.py:52} INFO - Started process 507 to run task
[2022-05-19 15:56:17,139] {standard_task_runner.py:76} INFO - Running: ['***', 'tasks', 'run', 'model_level_dbt_great_expectations_dag', 'great_expectations_sources.sources.jaffle_shop__orders', 'scheduled__2022-05-18T15:55:44.156802+00:00', '--job-id', '128', '--raw', '--subdir', 'DAGS_FOLDER/model_level_dbt_great_expectations_dag.py', '--cfg-path', '/tmp/tmpdpty8ha5', '--error-file', '/tmp/tmpafcdjeaq']
[2022-05-19 15:56:17,142] {standard_task_runner.py:77} INFO - Job 128: Subtask great_expectations_sources.sources.jaffle_shop__orders
[2022-05-19 15:56:17,309] {logging_mixin.py:109} INFO - Running <TaskInstance: model_level_dbt_great_expectations_dag.great_expectations_sources.sources.jaffle_shop__orders scheduled__2022-05-18T15:55:44.156802+00:00 [running]> on host 34ae02bc0b96
[2022-05-19 15:56:17,509] {taskinstance.py:1429} INFO - Exporting the following env vars:
AIRFLOW_CTX_DAG_OWNER=luciano.naveiro
AIRFLOW_CTX_DAG_ID=model_level_dbt_great_expectations_dag
AIRFLOW_CTX_TASK_ID=great_expectations_sources.sources.jaffle_shop__orders
AIRFLOW_CTX_EXECUTION_DATE=2022-05-18T15:55:44.156802+00:00
AIRFLOW_CTX_DAG_RUN_ID=scheduled__2022-05-18T15:55:44.156802+00:00
[2022-05-19 15:56:17,510] {great_expectations.py:122} INFO - Running validation with Great Expectations...
[2022-05-19 15:56:17,512] {great_expectations.py:125} INFO - Ensuring data context is valid...
[2022-05-19 15:56:19,912] {sqlalchemy_execution_engine.py:404} WARNING - schema_name specified creating a URL with schema is not supported. Set a default schema on the user connecting to your database.
[2022-05-19 15:56:19,927] {logging_mixin.py:109} WARNING - /home/***/.local/lib/python3.7/site-packages/great_expectations/datasource/data_connector/runtime_data_connector.py:135 DeprecationWarning: Specifying batch_identifiers as part of the RuntimeDataConnector config is deprecated as of v0.15.1 and will be removed by v0.18. Please configure batch_identifiers as part of Assets instead.
[2022-05-19 15:56:20,928] {validator.py:1669} INFO - 	15 expectation(s) included in expectation_suite.
[2022-05-19 15:56:21,249] {logging_mixin.py:109} WARNING - Calculating Metrics:   0%|          | 0/33 [00:00<?, ?it/s]
[2022-05-19 15:56:21,251] {logging_mixin.py:109} WARNING - Calculating Metrics:   0%|          | 0/33 [00:00<?, ?it/s]
[2022-05-19 15:56:21,265] {logging_mixin.py:109} WARNING - Calculating Metrics:   6%|6         | 2/33 [00:00<00:00, 146.08it/s]
[2022-05-19 15:56:21,305] {logging_mixin.py:109} WARNING - Calculating Metrics:  12%|#2        | 4/33 [00:00<00:00, 73.72it/s] 
[2022-05-19 15:56:21,340] {logging_mixin.py:109} WARNING - Calculating Metrics:  36%|###6      | 12/33 [00:00<00:00, 134.34it/s]
[2022-05-19 15:56:21,397] {logging_mixin.py:109} WARNING - Calculating Metrics:  82%|########1 | 27/33 [00:00<00:00, 184.51it/s]
[2022-05-19 15:56:21,398] {logging_mixin.py:109} WARNING - Calculating Metrics:  82%|########1 | 27/33 [00:00<00:00, 184.51it/s]
[2022-05-19 15:56:21,429] {logging_mixin.py:109} WARNING - Calculating Metrics: 100%|##########| 33/33 [00:00<00:00, 184.51it/s]
[2022-05-19 15:56:21,456] {logging_mixin.py:109} WARNING - Calculating Metrics: 100%|##########| 33/33 [00:00<00:00, 184.51it/s]
[2022-05-19 15:56:21,457] {logging_mixin.py:109} WARNING - Calculating Metrics: 100%|##########| 33/33 [00:00<00:00, 160.34it/s]
[2022-05-19 15:56:21,457] {logging_mixin.py:109} WARNING - 
[2022-05-19 15:56:25,207] {great_expectations.py:197} INFO - Validation with Great Expectations successful.
[2022-05-19 15:56:25,305] {taskinstance.py:1280} INFO - Marking task as SUCCESS. dag_id=model_level_dbt_great_expectations_dag, task_id=great_expectations_sources.sources.jaffle_shop__orders, execution_date=20220518T155544, start_date=20220519T155616, end_date=20220519T155625
[2022-05-19 15:56:25,554] {local_task_job.py:154} INFO - Task exited with return code 0
[2022-05-19 15:56:25,730] {local_task_job.py:264} INFO - 1 downstream tasks scheduled from follow-on schedule check
