[2022-05-15 03:11:25,859] {taskinstance.py:1035} INFO - Dependencies all met for <TaskInstance: dbt_dag.model.jaffle_shop.int_orders manual__2022-05-15T03:11:14.036092+00:00 [queued]>
[2022-05-15 03:11:25,887] {taskinstance.py:1035} INFO - Dependencies all met for <TaskInstance: dbt_dag.model.jaffle_shop.int_orders manual__2022-05-15T03:11:14.036092+00:00 [queued]>
[2022-05-15 03:11:25,888] {taskinstance.py:1241} INFO - 
--------------------------------------------------------------------------------
[2022-05-15 03:11:25,889] {taskinstance.py:1242} INFO - Starting attempt 1 of 1
[2022-05-15 03:11:25,890] {taskinstance.py:1243} INFO - 
--------------------------------------------------------------------------------
[2022-05-15 03:11:25,912] {taskinstance.py:1262} INFO - Executing <Task(BashOperator): model.jaffle_shop.int_orders> on 2022-05-15 03:11:14.036092+00:00
[2022-05-15 03:11:25,919] {standard_task_runner.py:52} INFO - Started process 4250 to run task
[2022-05-15 03:11:25,937] {standard_task_runner.py:76} INFO - Running: ['***', 'tasks', 'run', 'dbt_dag', 'model.jaffle_shop.int_orders', 'manual__2022-05-15T03:11:14.036092+00:00', '--job-id', '85', '--raw', '--subdir', 'DAGS_FOLDER/dbt_dag.py', '--cfg-path', '/tmp/tmplwlpr8xb', '--error-file', '/tmp/tmp4yd3s1qy']
[2022-05-15 03:11:25,939] {standard_task_runner.py:77} INFO - Job 85: Subtask model.jaffle_shop.int_orders
[2022-05-15 03:11:26,021] {logging_mixin.py:109} INFO - Running <TaskInstance: dbt_dag.model.jaffle_shop.int_orders manual__2022-05-15T03:11:14.036092+00:00 [running]> on host b0833397c3cf
[2022-05-15 03:11:26,107] {taskinstance.py:1429} INFO - Exporting the following env vars:
AIRFLOW_CTX_DAG_OWNER=***
AIRFLOW_CTX_DAG_ID=dbt_dag
AIRFLOW_CTX_TASK_ID=model.jaffle_shop.int_orders
AIRFLOW_CTX_EXECUTION_DATE=2022-05-15T03:11:14.036092+00:00
AIRFLOW_CTX_DAG_RUN_ID=manual__2022-05-15T03:11:14.036092+00:00
[2022-05-15 03:11:26,109] {subprocess.py:62} INFO - Tmp dir root location: 
 /tmp
[2022-05-15 03:11:26,112] {subprocess.py:74} INFO - Running command: ['bash', '-c', '\n            cd /opt/***/dags/jaffle_shop &&\n            dbt --no-write-json run --target prod --models int_orders --profiles-dir .\n            ']
[2022-05-15 03:11:26,127] {subprocess.py:85} INFO - Output:
[2022-05-15 03:11:30,855] {subprocess.py:89} INFO - 03:11:30  Running with dbt=1.1.0
[2022-05-15 03:11:31,181] {subprocess.py:89} INFO - 03:11:31  Found 5 models, 4 tests, 0 snapshots, 0 analyses, 170 macros, 0 operations, 0 seed files, 3 sources, 0 exposures, 0 metrics
[2022-05-15 03:11:31,188] {subprocess.py:89} INFO - 03:11:31
[2022-05-15 03:11:31,389] {subprocess.py:89} INFO - 03:11:31  Concurrency: 1 threads (target='prod')
[2022-05-15 03:11:31,393] {subprocess.py:89} INFO - 03:11:31
[2022-05-15 03:11:31,459] {subprocess.py:89} INFO - 03:11:31  1 of 1 START view model analytics.int_orders ................................... [RUN]
[2022-05-15 03:11:31,713] {subprocess.py:89} INFO - 03:11:31  1 of 1 OK created view model analytics.int_orders .............................. [[32mCREATE VIEW[0m in 0.25s]
[2022-05-15 03:11:31,781] {subprocess.py:89} INFO - 03:11:31
[2022-05-15 03:11:31,783] {subprocess.py:89} INFO - 03:11:31  Finished running 1 view model in 0.59s.
[2022-05-15 03:11:31,788] {subprocess.py:89} INFO - 03:11:31
[2022-05-15 03:11:31,792] {subprocess.py:89} INFO - 03:11:31  [32mCompleted successfully[0m
[2022-05-15 03:11:31,794] {subprocess.py:89} INFO - 03:11:31
[2022-05-15 03:11:31,796] {subprocess.py:89} INFO - 03:11:31  Done. PASS=1 WARN=0 ERROR=0 SKIP=0 TOTAL=1
[2022-05-15 03:11:32,892] {subprocess.py:93} INFO - Command exited with return code 0
[2022-05-15 03:11:32,925] {taskinstance.py:1280} INFO - Marking task as SUCCESS. dag_id=dbt_dag, task_id=model.jaffle_shop.int_orders, execution_date=20220515T031114, start_date=20220515T031125, end_date=20220515T031132
[2022-05-15 03:11:32,971] {local_task_job.py:154} INFO - Task exited with return code 0
[2022-05-15 03:11:33,018] {local_task_job.py:264} INFO - 2 downstream tasks scheduled from follow-on schedule check
