[2022-05-18 22:33:14,503] {taskinstance.py:1035} INFO - Dependencies all met for <TaskInstance: model_level_dbt_great_expectations_dag.dbt_run.model.jaffle_shop.stg_jaffle_shop__orders scheduled__2022-05-17T22:12:00.138285+00:00 [queued]>
[2022-05-18 22:33:14,602] {taskinstance.py:1035} INFO - Dependencies all met for <TaskInstance: model_level_dbt_great_expectations_dag.dbt_run.model.jaffle_shop.stg_jaffle_shop__orders scheduled__2022-05-17T22:12:00.138285+00:00 [queued]>
[2022-05-18 22:33:14,610] {taskinstance.py:1241} INFO - 
--------------------------------------------------------------------------------
[2022-05-18 22:33:14,611] {taskinstance.py:1242} INFO - Starting attempt 1 of 4
[2022-05-18 22:33:14,614] {taskinstance.py:1243} INFO - 
--------------------------------------------------------------------------------
[2022-05-18 22:33:14,753] {taskinstance.py:1262} INFO - Executing <Task(BashOperator): dbt_run.model.jaffle_shop.stg_jaffle_shop__orders> on 2022-05-17 22:12:00.138285+00:00
[2022-05-18 22:33:14,763] {standard_task_runner.py:52} INFO - Started process 166 to run task
[2022-05-18 22:33:14,783] {standard_task_runner.py:76} INFO - Running: ['***', 'tasks', 'run', 'model_level_dbt_great_expectations_dag', 'dbt_run.model.jaffle_shop.stg_jaffle_shop__orders', 'scheduled__2022-05-17T22:12:00.138285+00:00', '--job-id', '102', '--raw', '--subdir', 'DAGS_FOLDER/model_level_dbt_great_expectations_dag.py', '--cfg-path', '/tmp/tmpq3dyj_dw', '--error-file', '/tmp/tmpzqi2jm6w']
[2022-05-18 22:33:14,793] {standard_task_runner.py:77} INFO - Job 102: Subtask dbt_run.model.jaffle_shop.stg_jaffle_shop__orders
[2022-05-18 22:33:14,976] {logging_mixin.py:109} INFO - Running <TaskInstance: model_level_dbt_great_expectations_dag.dbt_run.model.jaffle_shop.stg_jaffle_shop__orders scheduled__2022-05-17T22:12:00.138285+00:00 [running]> on host 3db539bd1596
[2022-05-18 22:33:15,203] {taskinstance.py:1429} INFO - Exporting the following env vars:
AIRFLOW_CTX_DAG_OWNER=luciano.naveiro
AIRFLOW_CTX_DAG_ID=model_level_dbt_great_expectations_dag
AIRFLOW_CTX_TASK_ID=dbt_run.model.jaffle_shop.stg_jaffle_shop__orders
AIRFLOW_CTX_EXECUTION_DATE=2022-05-17T22:12:00.138285+00:00
AIRFLOW_CTX_DAG_RUN_ID=scheduled__2022-05-17T22:12:00.138285+00:00
[2022-05-18 22:33:15,254] {subprocess.py:62} INFO - Tmp dir root location: 
 /tmp
[2022-05-18 22:33:15,264] {subprocess.py:74} INFO - Running command: ['bash', '-c', 'dbt --no-write-json run --target dev --models stg_jaffle_shop__orders --profiles-dir /opt/dbt/jaffle_shop --project-dir /opt/dbt/jaffle_shop']
[2022-05-18 22:33:15,443] {subprocess.py:85} INFO - Output:
[2022-05-18 22:33:22,215] {subprocess.py:89} INFO - 22:33:22  Running with dbt=1.1.0
[2022-05-18 22:33:22,393] {subprocess.py:89} INFO - 22:33:22  Unable to do partial parsing because config vars, config profile, or config target have changed
[2022-05-18 22:33:24,375] {subprocess.py:89} INFO - 22:33:24  Found 5 models, 13 tests, 0 snapshots, 0 analyses, 170 macros, 0 operations, 0 seed files, 3 sources, 0 exposures, 0 metrics
[2022-05-18 22:33:24,383] {subprocess.py:89} INFO - 22:33:24
[2022-05-18 22:33:24,737] {subprocess.py:89} INFO - 22:33:24  Concurrency: 1 threads (target='dev')
[2022-05-18 22:33:24,745] {subprocess.py:89} INFO - 22:33:24
[2022-05-18 22:33:24,807] {subprocess.py:89} INFO - 22:33:24  1 of 1 START view model dev.stg_jaffle_shop__orders ............................ [RUN]
[2022-05-18 22:33:25,062] {subprocess.py:89} INFO - 22:33:25  1 of 1 OK created view model dev.stg_jaffle_shop__orders ....................... [[32mCREATE VIEW[0m in 0.25s]
[2022-05-18 22:33:25,107] {subprocess.py:89} INFO - 22:33:25
[2022-05-18 22:33:25,110] {subprocess.py:89} INFO - 22:33:25  Finished running 1 view model in 0.72s.
[2022-05-18 22:33:25,118] {subprocess.py:89} INFO - 22:33:25
[2022-05-18 22:33:25,121] {subprocess.py:89} INFO - 22:33:25  [32mCompleted successfully[0m
[2022-05-18 22:33:25,128] {subprocess.py:89} INFO - 22:33:25
[2022-05-18 22:33:25,133] {subprocess.py:89} INFO - 22:33:25  Done. PASS=1 WARN=0 ERROR=0 SKIP=0 TOTAL=1
[2022-05-18 22:33:26,323] {subprocess.py:93} INFO - Command exited with return code 0
[2022-05-18 22:33:26,394] {taskinstance.py:1280} INFO - Marking task as SUCCESS. dag_id=model_level_dbt_great_expectations_dag, task_id=dbt_run.model.jaffle_shop.stg_jaffle_shop__orders, execution_date=20220517T221200, start_date=20220518T223314, end_date=20220518T223326
[2022-05-18 22:33:26,445] {local_task_job.py:154} INFO - Task exited with return code 0
[2022-05-18 22:33:26,514] {local_task_job.py:264} INFO - 0 downstream tasks scheduled from follow-on schedule check
