[2022-05-18 23:31:49,497] {taskinstance.py:1035} INFO - Dependencies all met for <TaskInstance: model_level_dbt_great_expectations_dag.dbt_run.model.jaffle_shop.stg_jaffle_shop__orders scheduled__2022-05-17T22:12:00.138285+00:00 [queued]>
[2022-05-18 23:31:49,522] {taskinstance.py:1035} INFO - Dependencies all met for <TaskInstance: model_level_dbt_great_expectations_dag.dbt_run.model.jaffle_shop.stg_jaffle_shop__orders scheduled__2022-05-17T22:12:00.138285+00:00 [queued]>
[2022-05-18 23:31:49,524] {taskinstance.py:1241} INFO - 
--------------------------------------------------------------------------------
[2022-05-18 23:31:49,527] {taskinstance.py:1242} INFO - Starting attempt 3 of 6
[2022-05-18 23:31:49,528] {taskinstance.py:1243} INFO - 
--------------------------------------------------------------------------------
[2022-05-18 23:31:49,546] {taskinstance.py:1262} INFO - Executing <Task(BashOperator): dbt_run.model.jaffle_shop.stg_jaffle_shop__orders> on 2022-05-17 22:12:00.138285+00:00
[2022-05-18 23:31:49,561] {standard_task_runner.py:52} INFO - Started process 242 to run task
[2022-05-18 23:31:49,570] {standard_task_runner.py:76} INFO - Running: ['***', 'tasks', 'run', 'model_level_dbt_great_expectations_dag', 'dbt_run.model.jaffle_shop.stg_jaffle_shop__orders', 'scheduled__2022-05-17T22:12:00.138285+00:00', '--job-id', '163', '--raw', '--subdir', 'DAGS_FOLDER/model_level_dbt_great_expectations_dag.py', '--cfg-path', '/tmp/tmpyup8lz7f', '--error-file', '/tmp/tmpm1z9ix2x']
[2022-05-18 23:31:49,571] {standard_task_runner.py:77} INFO - Job 163: Subtask dbt_run.model.jaffle_shop.stg_jaffle_shop__orders
[2022-05-18 23:31:49,660] {logging_mixin.py:109} INFO - Running <TaskInstance: model_level_dbt_great_expectations_dag.dbt_run.model.jaffle_shop.stg_jaffle_shop__orders scheduled__2022-05-17T22:12:00.138285+00:00 [running]> on host d4b673e28191
[2022-05-18 23:31:49,772] {taskinstance.py:1429} INFO - Exporting the following env vars:
AIRFLOW_CTX_DAG_OWNER=luciano.naveiro
AIRFLOW_CTX_DAG_ID=model_level_dbt_great_expectations_dag
AIRFLOW_CTX_TASK_ID=dbt_run.model.jaffle_shop.stg_jaffle_shop__orders
AIRFLOW_CTX_EXECUTION_DATE=2022-05-17T22:12:00.138285+00:00
AIRFLOW_CTX_DAG_RUN_ID=scheduled__2022-05-17T22:12:00.138285+00:00
[2022-05-18 23:31:49,779] {subprocess.py:62} INFO - Tmp dir root location: 
 /tmp
[2022-05-18 23:31:49,781] {subprocess.py:74} INFO - Running command: ['bash', '-c', 'dbt --no-write-json run --target dev --models stg_jaffle_shop__orders --profiles-dir /opt/dbt/jaffle_shop --project-dir /opt/dbt/jaffle_shop']
[2022-05-18 23:31:49,809] {subprocess.py:85} INFO - Output:
[2022-05-18 23:31:56,293] {subprocess.py:89} INFO - 23:31:56  Running with dbt=1.1.0
[2022-05-18 23:31:56,405] {subprocess.py:89} INFO - 23:31:56  Unable to do partial parsing because config vars, config profile, or config target have changed
[2022-05-18 23:32:01,126] {subprocess.py:89} INFO - 23:32:01  Found 5 models, 13 tests, 0 snapshots, 0 analyses, 170 macros, 0 operations, 0 seed files, 3 sources, 0 exposures, 0 metrics
[2022-05-18 23:32:01,143] {subprocess.py:89} INFO - 23:32:01
[2022-05-18 23:32:01,384] {subprocess.py:89} INFO - 23:32:01  Concurrency: 1 threads (target='dev')
[2022-05-18 23:32:01,387] {subprocess.py:89} INFO - 23:32:01
[2022-05-18 23:32:01,453] {subprocess.py:89} INFO - 23:32:01  1 of 1 START view model dev.stg_jaffle_shop__orders ............................ [RUN]
[2022-05-18 23:32:01,848] {subprocess.py:89} INFO - 23:32:01  1 of 1 OK created view model dev.stg_jaffle_shop__orders ....................... [[32mCREATE VIEW[0m in 0.36s]
[2022-05-18 23:32:02,025] {subprocess.py:89} INFO - 23:32:02
[2022-05-18 23:32:02,035] {subprocess.py:89} INFO - 23:32:02  Finished running 1 view model in 0.87s.
[2022-05-18 23:32:02,054] {subprocess.py:89} INFO - 23:32:02
[2022-05-18 23:32:02,059] {subprocess.py:89} INFO - 23:32:02  [32mCompleted successfully[0m
[2022-05-18 23:32:02,068] {subprocess.py:89} INFO - 23:32:02
[2022-05-18 23:32:02,073] {subprocess.py:89} INFO - 23:32:02  Done. PASS=1 WARN=0 ERROR=0 SKIP=0 TOTAL=1
[2022-05-18 23:32:03,361] {subprocess.py:93} INFO - Command exited with return code 0
[2022-05-18 23:32:03,437] {taskinstance.py:1280} INFO - Marking task as SUCCESS. dag_id=model_level_dbt_great_expectations_dag, task_id=dbt_run.model.jaffle_shop.stg_jaffle_shop__orders, execution_date=20220517T221200, start_date=20220518T233149, end_date=20220518T233203
[2022-05-18 23:32:03,504] {local_task_job.py:154} INFO - Task exited with return code 0
[2022-05-18 23:32:03,643] {local_task_job.py:264} INFO - 0 downstream tasks scheduled from follow-on schedule check
