[2022-06-04 03:30:00,265] {taskinstance.py:1035} INFO - Dependencies all met for <TaskInstance: model_level_dbt_dag.dbt_run.model.jaffle_shop.fct_customer_orders scheduled__2022-06-03T02:53:52.617168+00:00 [queued]>
[2022-06-04 03:30:00,282] {taskinstance.py:1035} INFO - Dependencies all met for <TaskInstance: model_level_dbt_dag.dbt_run.model.jaffle_shop.fct_customer_orders scheduled__2022-06-03T02:53:52.617168+00:00 [queued]>
[2022-06-04 03:30:00,283] {taskinstance.py:1241} INFO - 
--------------------------------------------------------------------------------
[2022-06-04 03:30:00,284] {taskinstance.py:1242} INFO - Starting attempt 1 of 4
[2022-06-04 03:30:00,286] {taskinstance.py:1243} INFO - 
--------------------------------------------------------------------------------
[2022-06-04 03:30:00,302] {taskinstance.py:1262} INFO - Executing <Task(BashOperator): dbt_run.model.jaffle_shop.fct_customer_orders> on 2022-06-03 02:53:52.617168+00:00
[2022-06-04 03:30:00,309] {standard_task_runner.py:52} INFO - Started process 2827 to run task
[2022-06-04 03:30:00,313] {standard_task_runner.py:76} INFO - Running: ['***', 'tasks', 'run', 'model_level_dbt_dag', 'dbt_run.model.jaffle_shop.fct_customer_orders', 'scheduled__2022-06-03T02:53:52.617168+00:00', '--job-id', '237', '--raw', '--subdir', 'DAGS_FOLDER/model_level_dbt_dag.py', '--cfg-path', '/tmp/tmpfh0vntnm', '--error-file', '/tmp/tmpf7jj_rj4']
[2022-06-04 03:30:00,315] {standard_task_runner.py:77} INFO - Job 237: Subtask dbt_run.model.jaffle_shop.fct_customer_orders
[2022-06-04 03:30:00,373] {logging_mixin.py:109} INFO - Running <TaskInstance: model_level_dbt_dag.dbt_run.model.jaffle_shop.fct_customer_orders scheduled__2022-06-03T02:53:52.617168+00:00 [running]> on host 3d17a0db806e
[2022-06-04 03:30:00,461] {taskinstance.py:1429} INFO - Exporting the following env vars:
AIRFLOW_CTX_DAG_OWNER=luciano.naveiro
AIRFLOW_CTX_DAG_ID=model_level_dbt_dag
AIRFLOW_CTX_TASK_ID=dbt_run.model.jaffle_shop.fct_customer_orders
AIRFLOW_CTX_EXECUTION_DATE=2022-06-03T02:53:52.617168+00:00
AIRFLOW_CTX_DAG_RUN_ID=scheduled__2022-06-03T02:53:52.617168+00:00
[2022-06-04 03:30:00,463] {subprocess.py:62} INFO - Tmp dir root location: 
 /tmp
[2022-06-04 03:30:00,465] {subprocess.py:74} INFO - Running command: ['bash', '-c', 'dbt --no-write-json run --target dev --models fct_customer_orders --profiles-dir /opt/dbt/jaffle_shop --project-dir /opt/dbt/jaffle_shop --vars \'{"date": " 2022-06-03 " }\'']
[2022-06-04 03:30:00,484] {subprocess.py:85} INFO - Output:
[2022-06-04 03:30:05,398] {subprocess.py:89} INFO - 03:30:05  Running with dbt=1.1.0
[2022-06-04 03:30:05,504] {subprocess.py:89} INFO - 03:30:05  Found 5 models, 14 tests, 0 snapshots, 0 analyses, 170 macros, 0 operations, 0 seed files, 3 sources, 0 exposures, 0 metrics
[2022-06-04 03:30:05,513] {subprocess.py:89} INFO - 03:30:05
[2022-06-04 03:30:05,831] {subprocess.py:89} INFO - 03:30:05  Concurrency: 1 threads (target='dev')
[2022-06-04 03:30:05,833] {subprocess.py:89} INFO - 03:30:05
[2022-06-04 03:30:05,848] {subprocess.py:89} INFO - 03:30:05  1 of 1 START table model dev.fct_customer_orders ............................... [RUN]
[2022-06-04 03:30:06,276] {subprocess.py:89} INFO - 03:30:06  1 of 1 OK created table model dev.fct_customer_orders .......................... [[32mSELECT 99[0m in 0.42s]
[2022-06-04 03:30:06,392] {subprocess.py:89} INFO - 03:30:06
[2022-06-04 03:30:06,394] {subprocess.py:89} INFO - 03:30:06  Finished running 1 table model in 0.87s.
[2022-06-04 03:30:06,401] {subprocess.py:89} INFO - 03:30:06
[2022-06-04 03:30:06,404] {subprocess.py:89} INFO - 03:30:06  [32mCompleted successfully[0m
[2022-06-04 03:30:06,407] {subprocess.py:89} INFO - 03:30:06
[2022-06-04 03:30:06,410] {subprocess.py:89} INFO - 03:30:06  Done. PASS=1 WARN=0 ERROR=0 SKIP=0 TOTAL=1
[2022-06-04 03:30:07,725] {subprocess.py:93} INFO - Command exited with return code 0
[2022-06-04 03:30:07,777] {taskinstance.py:1280} INFO - Marking task as SUCCESS. dag_id=model_level_dbt_dag, task_id=dbt_run.model.jaffle_shop.fct_customer_orders, execution_date=20220603T025352, start_date=20220604T033000, end_date=20220604T033007
[2022-06-04 03:30:07,848] {local_task_job.py:154} INFO - Task exited with return code 0
[2022-06-04 03:30:07,911] {local_task_job.py:264} INFO - 1 downstream tasks scheduled from follow-on schedule check
