[2022-05-20 00:47:07,541] {taskinstance.py:1035} INFO - Dependencies all met for <TaskInstance: project_level_dbt_dag.dbt_run scheduled__2022-05-19T00:46:38.594894+00:00 [queued]>
[2022-05-20 00:47:07,559] {taskinstance.py:1035} INFO - Dependencies all met for <TaskInstance: project_level_dbt_dag.dbt_run scheduled__2022-05-19T00:46:38.594894+00:00 [queued]>
[2022-05-20 00:47:07,560] {taskinstance.py:1241} INFO - 
--------------------------------------------------------------------------------
[2022-05-20 00:47:07,560] {taskinstance.py:1242} INFO - Starting attempt 1 of 4
[2022-05-20 00:47:07,561] {taskinstance.py:1243} INFO - 
--------------------------------------------------------------------------------
[2022-05-20 00:47:07,578] {taskinstance.py:1262} INFO - Executing <Task(BashOperator): dbt_run> on 2022-05-19 00:46:38.594894+00:00
[2022-05-20 00:47:07,583] {standard_task_runner.py:52} INFO - Started process 133 to run task
[2022-05-20 00:47:07,601] {standard_task_runner.py:76} INFO - Running: ['***', 'tasks', 'run', 'project_level_dbt_dag', 'dbt_run', 'scheduled__2022-05-19T00:46:38.594894+00:00', '--job-id', '157', '--raw', '--subdir', 'DAGS_FOLDER/project_level_dbt_dag.py', '--cfg-path', '/tmp/tmpyyry0yuw', '--error-file', '/tmp/tmpbs904gmb']
[2022-05-20 00:47:07,607] {standard_task_runner.py:77} INFO - Job 157: Subtask dbt_run
[2022-05-20 00:47:07,682] {logging_mixin.py:109} INFO - Running <TaskInstance: project_level_dbt_dag.dbt_run scheduled__2022-05-19T00:46:38.594894+00:00 [running]> on host 94a786a9307a
[2022-05-20 00:47:07,750] {taskinstance.py:1429} INFO - Exporting the following env vars:
AIRFLOW_CTX_DAG_OWNER=luciano.naveiro
AIRFLOW_CTX_DAG_ID=project_level_dbt_dag
AIRFLOW_CTX_TASK_ID=dbt_run
AIRFLOW_CTX_EXECUTION_DATE=2022-05-19T00:46:38.594894+00:00
AIRFLOW_CTX_DAG_RUN_ID=scheduled__2022-05-19T00:46:38.594894+00:00
[2022-05-20 00:47:07,754] {subprocess.py:62} INFO - Tmp dir root location: 
 /tmp
[2022-05-20 00:47:07,756] {subprocess.py:74} INFO - Running command: ['bash', '-c', '\n        dbt run --profiles-dir /opt/dbt/jaffle_shop --project-dir /opt/dbt/jaffle_shop\n        ']
[2022-05-20 00:47:07,772] {subprocess.py:85} INFO - Output:
[2022-05-20 00:47:11,940] {subprocess.py:89} INFO - 00:47:11  Running with dbt=1.1.0
[2022-05-20 00:47:12,116] {subprocess.py:89} INFO - 00:47:12  Found 5 models, 13 tests, 0 snapshots, 0 analyses, 170 macros, 0 operations, 0 seed files, 3 sources, 0 exposures, 0 metrics
[2022-05-20 00:47:12,120] {subprocess.py:89} INFO - 00:47:12
[2022-05-20 00:47:12,269] {subprocess.py:89} INFO - 00:47:12  Concurrency: 1 threads (target='dev')
[2022-05-20 00:47:12,271] {subprocess.py:89} INFO - 00:47:12
[2022-05-20 00:47:12,280] {subprocess.py:89} INFO - 00:47:12  1 of 5 START view model dev.stg_jaffle_shop__customers ......................... [RUN]
[2022-05-20 00:47:12,395] {subprocess.py:89} INFO - 00:47:12  1 of 5 OK created view model dev.stg_jaffle_shop__customers .................... [[32mCREATE VIEW[0m in 0.11s]
[2022-05-20 00:47:12,398] {subprocess.py:89} INFO - 00:47:12  2 of 5 START view model dev.stg_jaffle_shop__orders ............................ [RUN]
[2022-05-20 00:47:12,459] {subprocess.py:89} INFO - 00:47:12  2 of 5 OK created view model dev.stg_jaffle_shop__orders ....................... [[32mCREATE VIEW[0m in 0.06s]
[2022-05-20 00:47:12,464] {subprocess.py:89} INFO - 00:47:12  3 of 5 START view model dev.stg_stripe__payments ............................... [RUN]
[2022-05-20 00:47:12,576] {subprocess.py:89} INFO - 00:47:12  3 of 5 OK created view model dev.stg_stripe__payments .......................... [[32mCREATE VIEW[0m in 0.10s]
[2022-05-20 00:47:12,588] {subprocess.py:89} INFO - 00:47:12  4 of 5 START view model dev.int_orders ......................................... [RUN]
[2022-05-20 00:47:12,711] {subprocess.py:89} INFO - 00:47:12  4 of 5 OK created view model dev.int_orders .................................... [[32mCREATE VIEW[0m in 0.11s]
[2022-05-20 00:47:12,720] {subprocess.py:89} INFO - 00:47:12  5 of 5 START table model dev.fct_customer_orders ............................... [RUN]
[2022-05-20 00:47:12,843] {subprocess.py:89} INFO - 00:47:12  5 of 5 OK created table model dev.fct_customer_orders .......................... [[32mSELECT 99[0m in 0.12s]
[2022-05-20 00:47:12,898] {subprocess.py:89} INFO - 00:47:12
[2022-05-20 00:47:12,900] {subprocess.py:89} INFO - 00:47:12  Finished running 4 view models, 1 table model in 0.78s.
[2022-05-20 00:47:12,925] {subprocess.py:89} INFO - 00:47:12
[2022-05-20 00:47:12,927] {subprocess.py:89} INFO - 00:47:12  [32mCompleted successfully[0m
[2022-05-20 00:47:12,928] {subprocess.py:89} INFO - 00:47:12
[2022-05-20 00:47:12,930] {subprocess.py:89} INFO - 00:47:12  Done. PASS=5 WARN=0 ERROR=0 SKIP=0 TOTAL=5
[2022-05-20 00:47:14,095] {subprocess.py:93} INFO - Command exited with return code 0
[2022-05-20 00:47:14,120] {taskinstance.py:1280} INFO - Marking task as SUCCESS. dag_id=project_level_dbt_dag, task_id=dbt_run, execution_date=20220519T004638, start_date=20220520T004707, end_date=20220520T004714
[2022-05-20 00:47:14,167] {local_task_job.py:154} INFO - Task exited with return code 0
[2022-05-20 00:47:14,193] {local_task_job.py:264} INFO - 1 downstream tasks scheduled from follow-on schedule check
