[2022-05-18 23:56:07,680] {taskinstance.py:1035} INFO - Dependencies all met for <TaskInstance: model_level_dbt_great_expectations_dag.dbt_run.model.jaffle_shop.fct_customer_orders scheduled__2022-05-17T23:51:54.527642+00:00 [queued]>
[2022-05-18 23:56:07,706] {taskinstance.py:1035} INFO - Dependencies all met for <TaskInstance: model_level_dbt_great_expectations_dag.dbt_run.model.jaffle_shop.fct_customer_orders scheduled__2022-05-17T23:51:54.527642+00:00 [queued]>
[2022-05-18 23:56:07,708] {taskinstance.py:1241} INFO - 
--------------------------------------------------------------------------------
[2022-05-18 23:56:07,716] {taskinstance.py:1242} INFO - Starting attempt 1 of 4
[2022-05-18 23:56:07,717] {taskinstance.py:1243} INFO - 
--------------------------------------------------------------------------------
[2022-05-18 23:56:07,751] {taskinstance.py:1262} INFO - Executing <Task(BashOperator): dbt_run.model.jaffle_shop.fct_customer_orders> on 2022-05-17 23:51:54.527642+00:00
[2022-05-18 23:56:07,765] {standard_task_runner.py:52} INFO - Started process 532 to run task
[2022-05-18 23:56:07,773] {standard_task_runner.py:76} INFO - Running: ['***', 'tasks', 'run', 'model_level_dbt_great_expectations_dag', 'dbt_run.model.jaffle_shop.fct_customer_orders', 'scheduled__2022-05-17T23:51:54.527642+00:00', '--job-id', '256', '--raw', '--subdir', 'DAGS_FOLDER/model_level_dbt_great_expectations_dag.py', '--cfg-path', '/tmp/tmpeatixgty', '--error-file', '/tmp/tmpywby58dl']
[2022-05-18 23:56:07,775] {standard_task_runner.py:77} INFO - Job 256: Subtask dbt_run.model.jaffle_shop.fct_customer_orders
[2022-05-18 23:56:07,860] {logging_mixin.py:109} INFO - Running <TaskInstance: model_level_dbt_great_expectations_dag.dbt_run.model.jaffle_shop.fct_customer_orders scheduled__2022-05-17T23:51:54.527642+00:00 [running]> on host 41cba24e2fbb
[2022-05-18 23:56:07,963] {taskinstance.py:1429} INFO - Exporting the following env vars:
AIRFLOW_CTX_DAG_OWNER=luciano.naveiro
AIRFLOW_CTX_DAG_ID=model_level_dbt_great_expectations_dag
AIRFLOW_CTX_TASK_ID=dbt_run.model.jaffle_shop.fct_customer_orders
AIRFLOW_CTX_EXECUTION_DATE=2022-05-17T23:51:54.527642+00:00
AIRFLOW_CTX_DAG_RUN_ID=scheduled__2022-05-17T23:51:54.527642+00:00
[2022-05-18 23:56:07,966] {subprocess.py:62} INFO - Tmp dir root location: 
 /tmp
[2022-05-18 23:56:07,968] {subprocess.py:74} INFO - Running command: ['bash', '-c', 'dbt --no-write-json run --target dev --models fct_customer_orders --profiles-dir /opt/dbt/jaffle_shop --project-dir /opt/dbt/jaffle_shop']
[2022-05-18 23:56:07,998] {subprocess.py:85} INFO - Output:
[2022-05-18 23:56:12,346] {subprocess.py:89} INFO - 23:56:12  Running with dbt=1.1.0
[2022-05-18 23:56:12,503] {subprocess.py:89} INFO - 23:56:12  Found 5 models, 13 tests, 0 snapshots, 0 analyses, 170 macros, 0 operations, 0 seed files, 3 sources, 0 exposures, 0 metrics
[2022-05-18 23:56:12,514] {subprocess.py:89} INFO - 23:56:12
[2022-05-18 23:56:12,679] {subprocess.py:89} INFO - 23:56:12  Concurrency: 1 threads (target='dev')
[2022-05-18 23:56:12,681] {subprocess.py:89} INFO - 23:56:12
[2022-05-18 23:56:12,695] {subprocess.py:89} INFO - 23:56:12  1 of 1 START table model dev.fct_customer_orders ............................... [RUN]
[2022-05-18 23:56:12,910] {subprocess.py:89} INFO - 23:56:12  1 of 1 OK created table model dev.fct_customer_orders .......................... [[32mSELECT 99[0m in 0.21s]
[2022-05-18 23:56:13,023] {subprocess.py:89} INFO - 23:56:13
[2022-05-18 23:56:13,024] {subprocess.py:89} INFO - 23:56:13  Finished running 1 table model in 0.51s.
[2022-05-18 23:56:13,030] {subprocess.py:89} INFO - 23:56:13
[2022-05-18 23:56:13,035] {subprocess.py:89} INFO - 23:56:13  [32mCompleted successfully[0m
[2022-05-18 23:56:13,038] {subprocess.py:89} INFO - 23:56:13
[2022-05-18 23:56:13,042] {subprocess.py:89} INFO - 23:56:13  Done. PASS=1 WARN=0 ERROR=0 SKIP=0 TOTAL=1
[2022-05-18 23:56:14,217] {subprocess.py:93} INFO - Command exited with return code 0
[2022-05-18 23:56:14,279] {taskinstance.py:1280} INFO - Marking task as SUCCESS. dag_id=model_level_dbt_great_expectations_dag, task_id=dbt_run.model.jaffle_shop.fct_customer_orders, execution_date=20220517T235154, start_date=20220518T235607, end_date=20220518T235614
[2022-05-18 23:56:14,324] {local_task_job.py:154} INFO - Task exited with return code 0
[2022-05-18 23:56:14,385] {local_task_job.py:264} INFO - 1 downstream tasks scheduled from follow-on schedule check
