[2022-05-15 03:11:33,564] {taskinstance.py:1035} INFO - Dependencies all met for <TaskInstance: dbt_dag.model.jaffle_shop.fct_customer_orders manual__2022-05-15T03:11:14.036092+00:00 [queued]>
[2022-05-15 03:11:33,596] {taskinstance.py:1035} INFO - Dependencies all met for <TaskInstance: dbt_dag.model.jaffle_shop.fct_customer_orders manual__2022-05-15T03:11:14.036092+00:00 [queued]>
[2022-05-15 03:11:33,598] {taskinstance.py:1241} INFO - 
--------------------------------------------------------------------------------
[2022-05-15 03:11:33,598] {taskinstance.py:1242} INFO - Starting attempt 1 of 1
[2022-05-15 03:11:33,599] {taskinstance.py:1243} INFO - 
--------------------------------------------------------------------------------
[2022-05-15 03:11:33,620] {taskinstance.py:1262} INFO - Executing <Task(BashOperator): model.jaffle_shop.fct_customer_orders> on 2022-05-15 03:11:14.036092+00:00
[2022-05-15 03:11:33,641] {standard_task_runner.py:52} INFO - Started process 4292 to run task
[2022-05-15 03:11:33,654] {standard_task_runner.py:76} INFO - Running: ['***', 'tasks', 'run', 'dbt_dag', 'model.jaffle_shop.fct_customer_orders', 'manual__2022-05-15T03:11:14.036092+00:00', '--job-id', '87', '--raw', '--subdir', 'DAGS_FOLDER/dbt_dag.py', '--cfg-path', '/tmp/tmp4jnvuagi', '--error-file', '/tmp/tmp3uiuirn5']
[2022-05-15 03:11:33,655] {standard_task_runner.py:77} INFO - Job 87: Subtask model.jaffle_shop.fct_customer_orders
[2022-05-15 03:11:33,759] {logging_mixin.py:109} INFO - Running <TaskInstance: dbt_dag.model.jaffle_shop.fct_customer_orders manual__2022-05-15T03:11:14.036092+00:00 [running]> on host b0833397c3cf
[2022-05-15 03:11:33,887] {taskinstance.py:1429} INFO - Exporting the following env vars:
AIRFLOW_CTX_DAG_OWNER=***
AIRFLOW_CTX_DAG_ID=dbt_dag
AIRFLOW_CTX_TASK_ID=model.jaffle_shop.fct_customer_orders
AIRFLOW_CTX_EXECUTION_DATE=2022-05-15T03:11:14.036092+00:00
AIRFLOW_CTX_DAG_RUN_ID=manual__2022-05-15T03:11:14.036092+00:00
[2022-05-15 03:11:33,889] {subprocess.py:62} INFO - Tmp dir root location: 
 /tmp
[2022-05-15 03:11:33,891] {subprocess.py:74} INFO - Running command: ['bash', '-c', '\n            cd /opt/***/dags/jaffle_shop &&\n            dbt --no-write-json run --target prod --models fct_customer_orders --profiles-dir .\n            ']
[2022-05-15 03:11:33,910] {subprocess.py:85} INFO - Output:
[2022-05-15 03:11:37,625] {subprocess.py:89} INFO - 03:11:37  Running with dbt=1.1.0
[2022-05-15 03:11:37,778] {subprocess.py:89} INFO - 03:11:37  Found 5 models, 4 tests, 0 snapshots, 0 analyses, 170 macros, 0 operations, 0 seed files, 3 sources, 0 exposures, 0 metrics
[2022-05-15 03:11:37,784] {subprocess.py:89} INFO - 03:11:37
[2022-05-15 03:11:37,931] {subprocess.py:89} INFO - 03:11:37  Concurrency: 1 threads (target='prod')
[2022-05-15 03:11:37,933] {subprocess.py:89} INFO - 03:11:37
[2022-05-15 03:11:37,944] {subprocess.py:89} INFO - 03:11:37  1 of 1 START table model analytics.fct_customer_orders ......................... [RUN]
[2022-05-15 03:11:38,137] {subprocess.py:89} INFO - 03:11:38  1 of 1 OK created table model analytics.fct_customer_orders .................... [[32mSELECT 99[0m in 0.19s]
[2022-05-15 03:11:38,271] {subprocess.py:89} INFO - 03:11:38
[2022-05-15 03:11:38,273] {subprocess.py:89} INFO - 03:11:38  Finished running 1 table model in 0.48s.
[2022-05-15 03:11:38,279] {subprocess.py:89} INFO - 03:11:38
[2022-05-15 03:11:38,281] {subprocess.py:89} INFO - 03:11:38  [32mCompleted successfully[0m
[2022-05-15 03:11:38,283] {subprocess.py:89} INFO - 03:11:38
[2022-05-15 03:11:38,285] {subprocess.py:89} INFO - 03:11:38  Done. PASS=1 WARN=0 ERROR=0 SKIP=0 TOTAL=1
[2022-05-15 03:11:39,365] {subprocess.py:93} INFO - Command exited with return code 0
[2022-05-15 03:11:39,405] {taskinstance.py:1280} INFO - Marking task as SUCCESS. dag_id=dbt_dag, task_id=model.jaffle_shop.fct_customer_orders, execution_date=20220515T031114, start_date=20220515T031133, end_date=20220515T031139
[2022-05-15 03:11:39,446] {local_task_job.py:154} INFO - Task exited with return code 0
[2022-05-15 03:11:39,490] {local_task_job.py:264} INFO - 1 downstream tasks scheduled from follow-on schedule check
