[2022-05-19 15:57:17,204] {taskinstance.py:1035} INFO - Dependencies all met for <TaskInstance: model_level_dbt_great_expectations_dag.dbt_run.model.jaffle_shop.int_orders scheduled__2022-05-18T15:55:44.156802+00:00 [queued]>
[2022-05-19 15:57:17,219] {taskinstance.py:1035} INFO - Dependencies all met for <TaskInstance: model_level_dbt_great_expectations_dag.dbt_run.model.jaffle_shop.int_orders scheduled__2022-05-18T15:55:44.156802+00:00 [queued]>
[2022-05-19 15:57:17,220] {taskinstance.py:1241} INFO - 
--------------------------------------------------------------------------------
[2022-05-19 15:57:17,221] {taskinstance.py:1242} INFO - Starting attempt 1 of 4
[2022-05-19 15:57:17,222] {taskinstance.py:1243} INFO - 
--------------------------------------------------------------------------------
[2022-05-19 15:57:17,236] {taskinstance.py:1262} INFO - Executing <Task(BashOperator): dbt_run.model.jaffle_shop.int_orders> on 2022-05-18 15:55:44.156802+00:00
[2022-05-19 15:57:17,245] {standard_task_runner.py:52} INFO - Started process 650 to run task
[2022-05-19 15:57:17,255] {standard_task_runner.py:76} INFO - Running: ['***', 'tasks', 'run', 'model_level_dbt_great_expectations_dag', 'dbt_run.model.jaffle_shop.int_orders', 'scheduled__2022-05-18T15:55:44.156802+00:00', '--job-id', '136', '--raw', '--subdir', 'DAGS_FOLDER/model_level_dbt_great_expectations_dag.py', '--cfg-path', '/tmp/tmpuvuniir0', '--error-file', '/tmp/tmp23wwkrdn']
[2022-05-19 15:57:17,257] {standard_task_runner.py:77} INFO - Job 136: Subtask dbt_run.model.jaffle_shop.int_orders
[2022-05-19 15:57:17,314] {logging_mixin.py:109} INFO - Running <TaskInstance: model_level_dbt_great_expectations_dag.dbt_run.model.jaffle_shop.int_orders scheduled__2022-05-18T15:55:44.156802+00:00 [running]> on host 34ae02bc0b96
[2022-05-19 15:57:17,387] {taskinstance.py:1429} INFO - Exporting the following env vars:
AIRFLOW_CTX_DAG_OWNER=luciano.naveiro
AIRFLOW_CTX_DAG_ID=model_level_dbt_great_expectations_dag
AIRFLOW_CTX_TASK_ID=dbt_run.model.jaffle_shop.int_orders
AIRFLOW_CTX_EXECUTION_DATE=2022-05-18T15:55:44.156802+00:00
AIRFLOW_CTX_DAG_RUN_ID=scheduled__2022-05-18T15:55:44.156802+00:00
[2022-05-19 15:57:17,391] {subprocess.py:62} INFO - Tmp dir root location: 
 /tmp
[2022-05-19 15:57:17,393] {subprocess.py:74} INFO - Running command: ['bash', '-c', 'dbt --no-write-json run --target dev --models int_orders --profiles-dir /opt/dbt/jaffle_shop --project-dir /opt/dbt/jaffle_shop']
[2022-05-19 15:57:17,420] {subprocess.py:85} INFO - Output:
[2022-05-19 15:57:22,070] {subprocess.py:89} INFO - 15:57:22  Running with dbt=1.1.0
[2022-05-19 15:57:22,197] {subprocess.py:89} INFO - 15:57:22  Found 5 models, 13 tests, 0 snapshots, 0 analyses, 170 macros, 0 operations, 0 seed files, 3 sources, 0 exposures, 0 metrics
[2022-05-19 15:57:22,203] {subprocess.py:89} INFO - 15:57:22
[2022-05-19 15:57:22,357] {subprocess.py:89} INFO - 15:57:22  Concurrency: 1 threads (target='dev')
[2022-05-19 15:57:22,360] {subprocess.py:89} INFO - 15:57:22
[2022-05-19 15:57:22,374] {subprocess.py:89} INFO - 15:57:22  1 of 1 START view model dev.int_orders ......................................... [RUN]
[2022-05-19 15:57:22,541] {subprocess.py:89} INFO - 15:57:22  1 of 1 OK created view model dev.int_orders .................................... [[32mCREATE VIEW[0m in 0.16s]
[2022-05-19 15:57:22,616] {subprocess.py:89} INFO - 15:57:22
[2022-05-19 15:57:22,619] {subprocess.py:89} INFO - 15:57:22  Finished running 1 view model in 0.41s.
[2022-05-19 15:57:22,633] {subprocess.py:89} INFO - 15:57:22
[2022-05-19 15:57:22,639] {subprocess.py:89} INFO - 15:57:22  [32mCompleted successfully[0m
[2022-05-19 15:57:22,641] {subprocess.py:89} INFO - 15:57:22
[2022-05-19 15:57:22,643] {subprocess.py:89} INFO - 15:57:22  Done. PASS=1 WARN=0 ERROR=0 SKIP=0 TOTAL=1
[2022-05-19 15:57:23,724] {subprocess.py:93} INFO - Command exited with return code 0
[2022-05-19 15:57:23,751] {taskinstance.py:1280} INFO - Marking task as SUCCESS. dag_id=model_level_dbt_great_expectations_dag, task_id=dbt_run.model.jaffle_shop.int_orders, execution_date=20220518T155544, start_date=20220519T155717, end_date=20220519T155723
[2022-05-19 15:57:23,807] {local_task_job.py:154} INFO - Task exited with return code 0
[2022-05-19 15:57:23,860] {local_task_job.py:264} INFO - 1 downstream tasks scheduled from follow-on schedule check
